[K[Kcopying path '/nix/store/dax78flrvcdir20swzlcm64va09nh5x8-source' from 'https://cache.nixos.org'...
copying path '/nix/store/brjzz8wv5k09bq0yrvhc1j4hd8677k21-source' from 'https://cache.nixos.org'...
copying path '/nix/store/x9wnkly3k1gkq580m90jjn32q9f05q2v-source' from 'https://cache.nixos.org'...
copying path '/nix/store/yq3hi63knlj4sgzl9hi6hnzrjmz9swkb-source' from 'https://cache.nixos.org'...
copying path '/nix/store/rzdjxxf4jkv3qdsjxkg54fxbma5zr05k-gnu-config-2024-01-01' from 'https://cache.nixos.org'...
copying path '/nix/store/f39n04f53gaq597r5vbl36j2470jdc37-nixpkgs-package-embeddings-unstable-2024-01-05' from 'https://vibenix.cachix.org'...
copying path '/nix/store/lxkyjky1aprqsd4g62bps6k1lzp6ls6d-noogle-function-names' from 'https://vibenix.cachix.org'...
copying path '/nix/store/wrna5hk5vyb3gvzfanbva7x4iazhlzjx-aiohappyeyeballs-2.6.1' from 'https://vibenix.cachix.org'...
copying path '/nix/store/77srrzrgwvkjif2p3brpzjc1ih85a0il-aiohttp-3.12.13' from 'https://vibenix.cachix.org'...
copying path '/nix/store/93zy1ihqi6xvxajdvx6kks1g78vbnkmn-aiosignal-1.4.0' from 'https://vibenix.cachix.org'...
copying path '/nix/store/1pzivymc3760p75s4mkf3krj36ga46y4-annotated-types-0.7.0' from 'https://vibenix.cachix.org'...
copying path '/nix/store/icl0rbsym6fws9v6lrbnbjh4df70g6qw-anyio-4.9.0' from 'https://vibenix.cachix.org'...
copying path '/nix/store/dbs44h4n71285l5a411aq5q145hiklq6-attrs-25.3.0' from 'https://vibenix.cachix.org'...
copying path '/nix/store/a0ksff5nh822mgff92ag1378vnncdyyy-beautifulsoup4-4.13.4' from 'https://vibenix.cachix.org'...
copying path '/nix/store/2j9967a0w69g2zyb0f4gxkv9a4nidix2-cffi-1.17.1' from 'https://vibenix.cachix.org'...
copying path '/nix/store/q9aa899myqq983cs3h0hm3mrmjbzz9rx-certifi-2025.6.15' from 'https://vibenix.cachix.org'...
copying path '/nix/store/b4yns4w7x5hcqxl0snvcs2aaqdy5wcy7-click-8.2.1' from 'https://vibenix.cachix.org'...
copying path '/nix/store/7y35xx2z1avbyzaawjpayvp92k126y50-filelock-3.18.0' from 'https://vibenix.cachix.org'...
copying path '/nix/store/pn6fb0zaxjml7y5bqdvm8c80allwdqg6-diskcache-5.6.3' from 'https://vibenix.cachix.org'...
copying path '/nix/store/jpl4s53112dzl04rsx02plkc42kag541-flatbuffers-25.2.10' from 'https://vibenix.cachix.org'...
copying path '/nix/store/afacgi173j35xdc3rih1i2iadx8k68vr-abseil-cpp-20250127.1' from 'https://cache.nixos.org'...
copying path '/nix/store/974a51073v6cb7cr5j0dazanxzmk9bxg-binutils-2.44-lib' from 'https://cache.nixos.org'...
copying path '/nix/store/1abbyfv3bpxalfjfgpmwg8jcy931bf76-bzip2-1.0.8-bin' from 'https://cache.nixos.org'...
copying path '/nix/store/ajb370ch8fqr4m2zlgf5k6k9bj66qk3m-c-ares-1.34.5' from 'https://cache.nixos.org'...
copying path '/nix/store/3hkppj1kz6wa72ydac0w3qazbsndgk9j-cryptography-45.0.5' from 'https://vibenix.cachix.org'...
copying path '/nix/store/w762xfdg6qkyamncs8s33m182n45nmma-dav1d-1.5.1' from 'https://cache.nixos.org'...
copying path '/nix/store/2x51wvk10m9l014lyrfdskc3b360ifjp-ed-1.21.1' from 'https://cache.nixos.org'...
copying path '/nix/store/p9k7bd23v5yvmap9594f9x7hpvacdh32-expand-response-params' from 'https://cache.nixos.org'...
copying path '/nix/store/j0bzxly2rvcym1zkhn393adiqcwn8np6-expat-2.7.1' from 'https://cache.nixos.org'...
copying path '/nix/store/imhzyxqr7swq08ip81az5kfa07r07kg0-file-5.46' from 'https://cache.nixos.org'...
copying path '/nix/store/719j8zd8g3pa5605b7a6w5csln323b1x-fribidi-1.0.16' from 'https://cache.nixos.org'...
copying path '/nix/store/ljlh1fbr3ym68dxjp3ck86if57wh8lqw-frozenlist-1.7.0' from 'https://vibenix.cachix.org'...
copying path '/nix/store/w448kjr7ng37ppka5gimnabg6avwpzys-fsspec-2025.5.1' from 'https://vibenix.cachix.org'...
copying path '/nix/store/fcyn0dqszgfysiasdmkv1jh3syncajay-gawk-5.3.2' from 'https://cache.nixos.org'...
copying path '/nix/store/qkzkz12l4q06lzbji0ifgynzrd44bpjs-gdbm-1.25-lib' from 'https://cache.nixos.org'...
copying path '/nix/store/rzq0z5r673131pgvnghyyk5ccpgivpy3-gfortran-14.2.1.20250322-libgcc' from 'https://cache.nixos.org'...
copying path '/nix/store/sdqvwr8gc74ms9cgf56yvy409xvl8hsf-gettext-0.22.5' from 'https://cache.nixos.org'...
copying path '/nix/store/d9x4blp2xwsbamz8az3c54x7la08j6ln-giflib-5.2.2' from 'https://cache.nixos.org'...
copying path '/nix/store/5cw0l0z6wr19ra9shv9hwkq4chvi526g-gitdb-4.0.12' from 'https://vibenix.cachix.org'...
copying path '/nix/store/9vd0bjq0y30d80f4yfrg4wj9xpqbyzhk-gitpython-3.1.44' from 'https://vibenix.cachix.org'...
copying path '/nix/store/303islqk386z1w2g1ngvxnkl4glfpgrs-glibc-2.40-66-bin' from 'https://cache.nixos.org'...
copying path '/nix/store/dwwc14ppzkl0yphcgsz25xvi24c9d1zm-gmp-6.3.0' from 'https://cache.nixos.org'...
copying path '/nix/store/y7g9g1gfg1f6y3gm2h02i7hmjzv10f9q-dav1d-1.5.1-dev' from 'https://cache.nixos.org'...
copying path '/nix/store/v63bxfiacw082c7ijshf60alvvrpfxsq-binutils-2.44' from 'https://cache.nixos.org'...
copying path '/nix/store/n04sxidn013wvhqp0d2sx6w052w8b9w5-gfortran-14.2.1.20250322-lib' from 'https://cache.nixos.org'...
copying path '/nix/store/nzg6zqsijbv7yc95wlfcdswx6bg69srq-gmp-with-cxx-6.3.0' from 'https://cache.nixos.org'...
copying path '/nix/store/gqmr3gixlddz3667ba1iyqck3c0dkpvd-gnugrep-3.11' from 'https://cache.nixos.org'...
copying path '/nix/store/kv10h4pidkmx8cjs2sw2pi9rlcnighbc-gnumake-4.4.1' from 'https://cache.nixos.org'...
copying path '/nix/store/clbb2cvigynr235ab5zgi18dyavznlk2-gnused-4.9' from 'https://cache.nixos.org'...
copying path '/nix/store/wrxvqj822kz8746608lgns7h8mkpn79f-gnutar-1.35' from 'https://cache.nixos.org'...
copying path '/nix/store/088li1j480s9yv1736wiz7a26bxi405w-graphite2-1.3.14' from 'https://cache.nixos.org'...
copying path '/nix/store/afhkqb5a94zlwjxigsnwsfwkf38h21dk-gzip-1.14' from 'https://cache.nixos.org'...
copying path '/nix/store/1rvcmxd71scqgmhgnh7337l5hhvaa44c-h11-0.16.0' from 'https://vibenix.cachix.org'...
copying path '/nix/store/dd13p1v3bvdwq9nhi2bm5g0v0k6l61g1-hf-xet-1.1.5' from 'https://vibenix.cachix.org'...
copying path '/nix/store/q7lfcy39jch8nyjsg6kx2nczyv8rnb0b-httpcore-1.0.9' from 'https://vibenix.cachix.org'...
copying path '/nix/store/87fck6hm17chxjq7badb11mq036zbyv9-coreutils-9.7' from 'https://cache.nixos.org'...
copying path '/nix/store/j4gc8fk7wazgn2hqnh0m8b12xx6m1n75-iana-etc-20250108' from 'https://cache.nixos.org'...
copying path '/nix/store/i4lj3w4yd9x9jbi7a1xhjqsr7bg8jq7p-icu4c-76.1' from 'https://cache.nixos.org'...
copying path '/nix/store/zbm5siak8g8283v5khxdb6m45dcwfnar-idna-3.10' from 'https://vibenix.cachix.org'...
copying path '/nix/store/kyk1y2j235h7i4a4xgx9a9nbj08z8ays-importlib-metadata-8.7.0' from 'https://vibenix.cachix.org'...
copying path '/nix/store/r60202mjd9fp7k89fnqxxn00rvf9m2hy-iniconfig-2.1.0' from 'https://vibenix.cachix.org'...
copying path '/nix/store/5r792iwci69gfmjgy2xdq9n5a2a9y3gb-index-x86_64-linux' from 'https://vibenix.cachix.org'...
copying path '/nix/store/aq5b44b37zp5dfwz5330pxqm699gs4g3-isl-0.20' from 'https://cache.nixos.org'...
copying path '/nix/store/045saa4khs89hwn607qzm90flvb6snis-jaraco-classes-3.4.0' from 'https://vibenix.cachix.org'...
copying path '/nix/store/yg1rza690hqxqhp89v601838lg270vix-jaraco-context-6.0.1' from 'https://vibenix.cachix.org'...
copying path '/nix/store/154hkcw6lzj0i2wnz0q01h8898jii5mw-jaraco-functools-4.2.1' from 'https://vibenix.cachix.org'...
copying path '/nix/store/jqc80d13ikbicwyxnz4lbmh30ah4a0vz-jeepney-0.9.0' from 'https://vibenix.cachix.org'...
copying path '/nix/store/96mqmcl32fjzb0zv9qdy9vpd2vcdqlaq-jinja2-3.1.6' from 'https://vibenix.cachix.org'...
copying path '/nix/store/7h0sard22wnbz0jyz07w8y9y0fcs795r-diffutils-3.12' from 'https://cache.nixos.org'...
copying path '/nix/store/7y59hzi3svdj1xjddjn2k7km96pifcyl-findutils-4.10.0' from 'https://cache.nixos.org'...
copying path '/nix/store/pn5mw7yrgkhsnbhxjv9mxgka0xgh8ljg-jiter-0.10.0' from 'https://vibenix.cachix.org'...
copying path '/nix/store/0gvxd6zy4krr24qpz6pj922wkklhm5ia-joblib-1.5.1' from 'https://vibenix.cachix.org'...
copying path '/nix/store/9r8xfhfxbabvqh0c63fqg9ryd8xcf4d3-jsonschema-specifications-2025.4.1' from 'https://vibenix.cachix.org'...
copying path '/nix/store/lxwz7p71fayz9j2if91w7v83jk4zwnyp-keyrings-alt-5.0.2' from 'https://vibenix.cachix.org'...
copying path '/nix/store/bqpjpzxr0x2pdgxydxp3zh7npkx77nlf-lcms2-2.17' from 'https://cache.nixos.org'...
copying path '/nix/store/jgxvk139zdfxi1wgdi9pjj1yhhgwvrff-lerc-4.0.0' from 'https://cache.nixos.org'...
copying path '/nix/store/psjc7gv2314bxncywpvsg76gvbk2dn00-libXau-1.0.12' from 'https://cache.nixos.org'...
copying path '/nix/store/hx0kbryivbs7qccnvpmr17y6x818dhxc-libXdmcp-1.1.5' from 'https://cache.nixos.org'...
copying path '/nix/store/amy9kqbm05wv18z5z66a3kprc2ccp390-libdeflate-1.23' from 'https://cache.nixos.org'...
copying path '/nix/store/5hnl9a0hzm249a5cfvfif4ynbdmlx94l-libimagequant-4.3.4' from 'https://cache.nixos.org'...
copying path '/nix/store/9f6bvnw1hxy79shw6lva854ck3cmi43j-libjpeg-turbo-3.0.4' from 'https://cache.nixos.org'...
copying path '/nix/store/y3x4m9wy3a731ibvgvs194j10znc392m-libpng-apng-1.6.46' from 'https://cache.nixos.org'...
copying path '/nix/store/ybd0aamz6dwc51x1ab62b7qycccqb0z0-libselinux-3.8.1' from 'https://cache.nixos.org'...
copying path '/nix/store/sh1rrkag3x04p0gs80723iwfdwlysxf8-libvmaf-3.0.0' from 'https://cache.nixos.org'...
copying path '/nix/store/qizipyz9y17nr4w4gmxvwd3x4k0bp2rh-libxcrypt-4.4.38' from 'https://cache.nixos.org'...
copying path '/nix/store/cyayc07z8d9h6i5ndadbljwlc9wcrf0k-libyaml-0.2.5' from 'https://cache.nixos.org'...
copying path '/nix/store/0g8h2g6wa8pwxg7bxh0mv8bhp4shpxam-linkify-it-py-2.0.3' from 'https://vibenix.cachix.org'...
copying path '/nix/store/hxrjrzngydk24ah8b5n8cl777n39y08b-linux-headers-6.12.7' from 'https://cache.nixos.org'...
copying path '/nix/store/42nhh7d9j9p1wmlzihqml4rpiryqgd08-logfire-api-3.22.0' from 'https://vibenix.cachix.org'...
copying path '/nix/store/d9clanc984j3lx1rip0lyhi7c0p1k19q-loguru-0.7.3' from 'https://vibenix.cachix.org'...
copying path '/nix/store/qn01pv62sbpzbsy0a6m0q23syrmkk3bv-libxcb-1.17.0' from 'https://cache.nixos.org'...
copying path '/nix/store/w9i4n036vi7dyc7n8y4yc988h2ynpmfd-magentic-0.40.0' from 'https://vibenix.cachix.org'...
copying path '/nix/store/1jj2lq1kzys105rqq5n1a2r4v59arz43-mailcap-2.1.54' from 'https://cache.nixos.org'...
copying path '/nix/store/mbp6x1r4wws70jh84czs9fv2jss87jiv-markupsafe-3.0.2' from 'https://vibenix.cachix.org'...
copying path '/nix/store/8gbhq49935jx632fl02vhz1d42v6qa1s-mdit-py-plugins-0.4.2' from 'https://vibenix.cachix.org'...
copying path '/nix/store/5i64l61if26whc3r9lzq6ycxpd2xnlgm-freetype-2.13.3' from 'https://cache.nixos.org'...
copying path '/nix/store/3y1f22xcs2nqllz002h4amyx8n4x84qf-mdurl-0.1.2' from 'https://vibenix.cachix.org'...
copying path '/nix/store/zr0hlr1hybxs08j44l38b8na1m8xpkms-libwebp-1.5.0' from 'https://cache.nixos.org'...
copying path '/nix/store/9nn8vbf2n55zkb7dh6ldxckbis3pkh30-libaom-3.11.0' from 'https://cache.nixos.org'...
copying path '/nix/store/029cprg174i7c4gvn1lwmnm4vdl6k8df-libvmaf-3.0.0-dev' from 'https://cache.nixos.org'...
copying path '/nix/store/39zbg3zrp77ima6ih51ihzlzmm1yj5vh-libyuv-1908' from 'https://cache.nixos.org'...
copying path '/nix/store/ramdzynrf7qb7yhvlmalj6rwikh8ibq9-more-itertools-10.7.0' from 'https://vibenix.cachix.org'...
copying path '/nix/store/wyf93cvh25b2xg82mkjcpmwgcspk0ggr-mpdecimal-4.0.0' from 'https://cache.nixos.org'...
copying path '/nix/store/n52k1dccv0mipz1s4gkk45x64cmmcvrf-mpfr-4.2.2' from 'https://cache.nixos.org'...
copying path '/nix/store/l26cy7r5prl2614bnn8l7wrnxg7allz8-mpmath-1.3.0' from 'https://vibenix.cachix.org'...
copying path '/nix/store/qzk9gj8jdl37xqiccxa98g442byp3rrq-libtiff-4.7.0' from 'https://cache.nixos.org'...
copying path '/nix/store/hafn02z8ac6sb6bhyh96w30vxqpmfpzv-multidict-6.6.3' from 'https://vibenix.cachix.org'...
copying path '/nix/store/r25srliigrrv5q3n7y8ms6z10spvjcd9-glibc-2.40-66-dev' from 'https://cache.nixos.org'...
copying path '/nix/store/93p8lzm2pajznwjanciiq3zggqndykyy-ninja-1.12.1' from 'https://cache.nixos.org'...
copying path '/nix/store/sxwsvx77nzml6brk0ad7j35ja72482az-nix-2.28.3-man' from 'https://cache.nixos.org'...
copying path '/nix/store/82n465240j5a8ap7c60gqy3a6kwqv1rs-numactl-2.0.18' from 'https://cache.nixos.org'...
copying path '/nix/store/i48zw14qnz1z9ky9yyw803pr9bxiwhc4-nix-index-0.1.8' from 'https://cache.nixos.org'...
copying path '/nix/store/6fv8ayzjvgyl3rdhxp924zdhwvhz2iq6-nss-cacert-3.111' from 'https://cache.nixos.org'...
copying path '/nix/store/z8rlklqfzxq7azbzyp30938x7wh5zf3c-oniguruma-6.9.10-lib' from 'https://cache.nixos.org'...
copying path '/nix/store/zcmiz1a7wic7qyimhj9bb1k9iryafb0s-openblas-0.3.29' from 'https://cache.nixos.org'...
copying path '/nix/store/5gk4cmjyygwdgx1my78lrz9w7hvzwwnf-openjpeg-2.5.2' from 'https://cache.nixos.org'...
copying path '/nix/store/mb407pssv7zc7pfb4d910k6fshfagm6j-libmpc-1.3.1' from 'https://cache.nixos.org'...
copying path '/nix/store/jj5bpbmlv2kmvmgp9ncz48z1n60cnwq6-packaging-25.0' from 'https://vibenix.cachix.org'...
copying path '/nix/store/x0kaspzb5jqvgp357bj27z6iq24ximfg-patch-2.7.6' from 'https://cache.nixos.org'...
copying path '/nix/store/2jc1jmzis19adawjwhl8qhdvh7vlbk0q-patchelf-0.15.0' from 'https://cache.nixos.org'...
copying path '/nix/store/1079gwyr9mrzrr5sk4fgdzv872pcp1lv-platformdirs-4.3.8' from 'https://vibenix.cachix.org'...
copying path '/nix/store/cpagn52jr616azfh6g50xiymwsma6pia-pluggy-1.6.0' from 'https://vibenix.cachix.org'...
copying path '/nix/store/pi7vpdqikh160rj4vyfh58x0z2hksgj7-libaom-3.11.0-bin' from 'https://cache.nixos.org'...
copying path '/nix/store/xnaqq0zhh7nfsnd9c6k9s2x9yqx0ii0k-propcache-0.3.2' from 'https://vibenix.cachix.org'...
copying path '/nix/store/sdqzcyfy52y0vf10nfsxy3mhv9b2vmkv-jq-1.7.1' from 'https://cache.nixos.org'...
copying path '/nix/store/88ma4lbybcpdg0z8745nw9mvj5anb7mq-protobuf-30.2' from 'https://cache.nixos.org'...
copying path '/nix/store/gwxwbrzzlvw1pr2d72ia9hnjpjh4amip-nix-2.28.3' from 'https://cache.nixos.org'...
copying path '/nix/store/hhfm5fkvb1alg1np5a69m2qlcjqhr062-binutils-wrapper-2.44' from 'https://cache.nixos.org'...
copying path '/nix/store/fy2v599vrnar1r68vna537h0hhqsjlwf-protobuf-6.31.1' from 'https://vibenix.cachix.org'...
copying path '/nix/store/9ds850ifd4jwcccpp3v14818kk74ldf2-gcc-14.2.1.20250322' from 'https://cache.nixos.org'...
copying path '/nix/store/lwkwn26kkgzvhkh7bcm1ijpxiy6x9rpi-pycparser-2.22' from 'https://vibenix.cachix.org'...
copying path '/nix/store/n9ch6ggimi6ri5vx62mqmzgrrkb3qfwg-jq-1.7.1-bin' from 'https://cache.nixos.org'...
copying path '/nix/store/s1z54qfxvbwjvkzh7d1jfkcjcniq30n3-pydantic-2.11.7' from 'https://vibenix.cachix.org'...
copying path '/nix/store/z88zb5wamza6irc3lkz6aj52ga3q5sl3-libaom-3.11.0-dev' from 'https://cache.nixos.org'...
copying path '/nix/store/0vyyjdmi03my0z67h7s77sssybfvqx18-pydantic-core-2.33.2' from 'https://vibenix.cachix.org'...
copying path '/nix/store/knncjnfx5lniwxvf6d8gwny1qdfmfk8r-pydantic-settings-2.10.1' from 'https://vibenix.cachix.org'...
copying path '/nix/store/dlryxzgbpd52r2ql3i0zb946dbxl1cdq-python3.12-grpcio-1.71.0' from 'https://cache.nixos.org'...
copying path '/nix/store/2k33j90d2arc2cywzk7ax530m28miqh4-pyyaml-6.0.2' from 'https://vibenix.cachix.org'...
copying path '/nix/store/qz7hvb0ljkq06gsz2cpiy8v32fa2k110-re2-2024-07-02' from 'https://cache.nixos.org'...
copying path '/nix/store/971mpk4nqhqcxggx0yi60w9y1ya570bj-readline-8.2p13' from 'https://cache.nixos.org'...
copying path '/nix/store/pz4w39j977dgfvdh6r7q5wka9wknn3i5-blas-3' from 'https://cache.nixos.org'...
copying path '/nix/store/87wzgzb3yrn4kbw2b1hslhmk11drzjgi-lapack-3' from 'https://cache.nixos.org'...
copying path '/nix/store/y4jd65pvgmbnfl81xp9slh8r82yn5vhn-python3.12-torch-2.7.0-lib' from 'https://cache.nixos.org'...
copying path '/nix/store/jq5l1bf0jf1d8kajz2ha6a26f4mvmh7c-referencing-0.36.2' from 'https://vibenix.cachix.org'...
copying path '/nix/store/jwpab2zvxii91x0vlly7ydzwfls3k5mn-regex-2024.11.6' from 'https://vibenix.cachix.org'...
copying path '/nix/store/b6hvzz9inq1v51029xvdqbc9aldnr0dr-requests-2.32.4' from 'https://vibenix.cachix.org'...
copying path '/nix/store/7zyldkwr9w9ajh62n38kys55fi0v5jxc-rich-14.0.0' from 'https://vibenix.cachix.org'...
copying path '/nix/store/b9a4bfrb23fv03ysmqwybqcsc7iw97jf-ripgrep-14.1.1' from 'https://cache.nixos.org'...
copying path '/nix/store/kgqarpnisknp1s2vmi8c9bbgi4ylr0vq-rpds-py-0.26.0' from 'https://vibenix.cachix.org'...
copying path '/nix/store/w006sa7ak2s8gl2g5y8pi8baksx3i5hw-scikit-learn-1.7.0' from 'https://vibenix.cachix.org'...
copying path '/nix/store/1q9lw4r2mbap8rsr8cja46nap6wvrw2p-bash-interactive-5.2p37' from 'https://cache.nixos.org'...
copying path '/nix/store/lf3qlmx56gb8zmzz6jy3cixinikvs15f-bc-1.08.1' from 'https://cache.nixos.org'...
copying path '/nix/store/j36kxcvkp6k7mna5qxx5k9nv3w2hi5ba-scipy-1.16.0' from 'https://vibenix.cachix.org'...
copying path '/nix/store/1sbbvam2ph64bl7jywgvndg3a5zs4k03-secretstorage-3.3.3' from 'https://vibenix.cachix.org'...
copying path '/nix/store/rsybdn3hqhggpdwm17xn72pbv40y3b1w-setuptools-80.9.0' from 'https://vibenix.cachix.org'...
copying path '/nix/store/4mdwgy9a400f9lwm0waz0xbnw4pgas1w-smmap-5.0.2' from 'https://vibenix.cachix.org'...
copying path '/nix/store/0bi2jvyklizz9jxnjpcrp8nq5vi7fzpb-sniffio-1.3.1' from 'https://vibenix.cachix.org'...
copying path '/nix/store/r5gwyr8bfw19xg9qa58g6l8rikmgrfb7-soupsieve-2.7' from 'https://vibenix.cachix.org'...
copying path '/nix/store/nh3rw4hvwwgxdk3xpyvmvsp5axr3szf1-textual-3.5.0' from 'https://vibenix.cachix.org'...
copying path '/nix/store/zdy0a0kgc2fjfvdp8021q2simvs85pah-threadpoolctl-3.6.0' from 'https://vibenix.cachix.org'...
copying path '/nix/store/wxwi52s9i2lg2xhwzswhv41pih8hpha3-tiktoken-0.9.0' from 'https://vibenix.cachix.org'...
copying path '/nix/store/j34r3f6fd9w3x7ya764xbnd096gr7nhx-tokenizers-0.21.2' from 'https://vibenix.cachix.org'...
copying path '/nix/store/0vksb7zq0j6m5w5zgqbzxs5ppa11jjh2-blas-3-dev' from 'https://cache.nixos.org'...
copying path '/nix/store/y6qv0jryh86dd9qcdr9mkzk5m5dqddzc-typing-inspection-0.4.1' from 'https://vibenix.cachix.org'...
copying path '/nix/store/alrjbv8p42dc0gy3fd89mzfyc0blf35z-typing-extensions-4.14.1' from 'https://vibenix.cachix.org'...
copying path '/nix/store/qyihkwbhd70ynz380whj3bsxk1d2lyc4-tzdata-2025b' from 'https://cache.nixos.org'...
copying path '/nix/store/8g2iaf60wc1cjifz8g67r42sq5a98x5p-uc-micro-py-1.0.3' from 'https://vibenix.cachix.org'...
copying path '/nix/store/2jvh1rys6qn4nkafrhyzzjvz5r9na5ri-lapack-3-dev' from 'https://cache.nixos.org'...
copying path '/nix/store/lmc7x75jvrca79fc2r2j1frmklzvh04h-update-autotools-gnu-config-scripts-hook' from 'https://cache.nixos.org'...
copying path '/nix/store/8g5phs9nlrlrnmfk9npapi2pfyirq236-urllib3-2.5.0' from 'https://vibenix.cachix.org'...
copying path '/nix/store/98zamhd8d0jq3skqwz28dlgph94mrqir-xz-5.8.1-bin' from 'https://cache.nixos.org'...
copying path '/nix/store/r03ly1w54924k8fag1dhjl3yrllj6czd-util-linux-minimal-2.41-lib' from 'https://cache.nixos.org'...
copying path '/nix/store/q2qjmy5skajgs01fgc6kzkn8klfpp3p7-yarl-1.20.1' from 'https://vibenix.cachix.org'...
copying path '/nix/store/81pn8jsbn26hwvm0hasjr8sdg17xy3fh-zipp-3.23.0' from 'https://vibenix.cachix.org'...
copying path '/nix/store/k8asbblj2xn748rslklcll68b4ygh2am-zlib-ng-2.2.4' from 'https://cache.nixos.org'...
copying path '/nix/store/z3ayhjslz72ldiwrv3mn5n7rs96p2g8a-fzf-0.62.0' from 'https://cache.nixos.org'...
copying path '/nix/store/bkpj51fz88rbyjd60i6lrp0xdax1b24g-glib-2.84.1' from 'https://cache.nixos.org'...
copying path '/nix/store/8w718rm43x7z73xhw9d6vh8s4snrq67h-python3-3.12.10' from 'https://cache.nixos.org'...
copying path '/nix/store/fwdymc6gxjiwxz54jac0nk97jn8hmavj-git-minimal-2.49.0' from 'https://cache.nixos.org'...
copying path '/nix/store/cdr8agx3ffy086z30wiysnclrc5m8x69-gdk-pixbuf-2.42.12' from 'https://cache.nixos.org'...
copying path '/nix/store/8bsl1vrab2pwj8ilpzfn2iwzbrps8jgq-harfbuzz-10.2.0' from 'https://cache.nixos.org'...
copying path '/nix/store/808xr68djvk0x3r754mi81yvm2yr9ppq-libavif-1.2.1' from 'https://cache.nixos.org'...
copying path '/nix/store/x3vwgqsbidc45d3363z2yvzk1h55anjj-nix-index-database' from 'https://vibenix.cachix.org'...
copying path '/nix/store/sqlg8w7j330fvjxn956i5jkq91nk748r-libraqm-0.10.2' from 'https://cache.nixos.org'...
copying path '/nix/store/k01pnvls1v00i7w5rmzcap79db1yhwwk-nix-index-with-full-db-0.1.8' from 'https://vibenix.cachix.org'...
copying path '/nix/store/0fsnicvfpf55nkza12cjnad0w84d6ba7-gcc-wrapper-14.2.1.20250322' from 'https://cache.nixos.org'...
copying path '/nix/store/nivcx63drxqzm6pic6vm2wbkxl368w83-stdenv-linux' from 'https://cache.nixos.org'...
copying path '/nix/store/9j2875z04vxc34q8pz01ldqjhqin3css-charset-normalizer-3.4.2' from 'https://vibenix.cachix.org'...
copying path '/nix/store/ry4kqysxhdnp2kfwq8n0wkvcikndwg7v-coloredlogs-15.0.1' from 'https://vibenix.cachix.org'...
copying path '/nix/store/m41pgmnpbfqbq560pln9c85pjxzgh6cq-ddgr-2.2' from 'https://vibenix.cachix.org'...
copying path '/nix/store/84ly44vs2jm8127flmr0avynzajjpz3c-httpx-0.28.1' from 'https://vibenix.cachix.org'...
copying path '/nix/store/2wwx9i6py4kbibq3wi54ffxfil2g6qzf-humanfriendly-10.0' from 'https://vibenix.cachix.org'...
copying path '/nix/store/wg4dzy4lg2j8c768cb57vcypl23wjg89-huggingface-hub-0.33.2' from 'https://vibenix.cachix.org'...
copying path '/nix/store/9zrai6nk7g73zx6i9cfwdzdaripbbg8s-distro-1.9.0' from 'https://vibenix.cachix.org'...
copying path '/nix/store/wkl534vq4c68nixkghb40nj2lj6cnsyq-filetype-1.2.0' from 'https://vibenix.cachix.org'...
copying path '/nix/store/45yqflc8raykvykq4d3b0qsgnmvlrl3s-litellm-1.74.0' from 'https://vibenix.cachix.org'...
copying path '/nix/store/qky9wwswfplx5ymvlvg0vpdlzd21j47g-keyring-25.6.0' from 'https://vibenix.cachix.org'...
copying path '/nix/store/60jk7d4pddjjx4k0gc3gk5qq03x865qs-magika-0.6.2' from 'https://vibenix.cachix.org'...
copying path '/nix/store/cg72vq36pzc2rikxp4kbgrv5042vi1rm-numpy-2.3.1' from 'https://vibenix.cachix.org'...
copying path '/nix/store/2r57wks3zhlll9v99a9qa9sazq1idd54-jsonschema-4.24.0' from 'https://vibenix.cachix.org'...
copying path '/nix/store/fikws91k32ymb2ksdvaazm68j0aaz7md-onnxruntime-1.22.0' from 'https://vibenix.cachix.org'...
copying path '/nix/store/w1hss92azmgh16ga26xni8sgcmx7f7y3-markdown-it-py-3.0.0' from 'https://vibenix.cachix.org'...
copying path '/nix/store/9x13r5v5x6ahv1ykfnx4yhwr2ccxhd8h-openai-1.93.0' from 'https://vibenix.cachix.org'...
copying path '/nix/store/0q5p8ljp776g4jzz4y6df75f5ckf8q2l-pybind11-setup-hook' from 'https://cache.nixos.org'...
copying path '/nix/store/jy7c45g6ycbidyqjzqk9z6wm13qpnzgn-pygments-2.19.2' from 'https://vibenix.cachix.org'...
copying path '/nix/store/q77wzbxvv0dw72599xa1nbgi9yybcw79-pytest-8.4.1' from 'https://vibenix.cachix.org'...
copying path '/nix/store/lvdgcm3adxf8715h3la0s0y55fnaw4jd-python-dotenv-1.1.1' from 'https://vibenix.cachix.org'...
copying path '/nix/store/sh5ppi942j3skshdbg5mpdji2n0x91nf-python3.12-absl-py-2.2.1' from 'https://cache.nixos.org'...
copying path '/nix/store/blsxhz45in0asxiq6frv665aq8vzvnx7-python3.12-attrs-25.3.0' from 'https://cache.nixos.org'...
copying path '/nix/store/y85rrr4sx62x27fka04sncbbd7g8g59j-python3.12-certifi-2025.01.31' from 'https://cache.nixos.org'...
copying path '/nix/store/azbbrwb8glahagaqqsaa4akv20903lm3-python3.12-charset-normalizer-3.4.1' from 'https://cache.nixos.org'...
copying path '/nix/store/rivxng6n93azs8pdzw43vz8alk5vxyj0-python3.12-expecttest-0.2.1' from 'https://cache.nixos.org'...
copying path '/nix/store/j3al9fa175ksfwnl9bmmzc0f2vwc62v8-python3.12-fb-re2-1.0.7' from 'https://cache.nixos.org'...
copying path '/nix/store/s6x7g6258l9adjfb3cps7l4lcc1xwx60-python3.12-filelock-3.18.0' from 'https://cache.nixos.org'...
copying path '/nix/store/2xb3wp0g97b8ss29z30vx77hazj71yvw-python3.12-fsspec-2025.3.1' from 'https://cache.nixos.org'...
copying path '/nix/store/n0v27hx3n5sc51z833jbmkgi4sm086qg-python3.12-idna-3.10' from 'https://cache.nixos.org'...
copying path '/nix/store/6nsicakxgz51c7r2qpaccl0ghlg5g27c-python3.12-lz4-4.4.3' from 'https://cache.nixos.org'...
copying path '/nix/store/s2aybac1kppf97sqv9x0zk4v7b8v1j2j-python3.12-markdown-3.7' from 'https://cache.nixos.org'...
copying path '/nix/store/crf6plx9zazgp46qgix129sc6dhy48sk-mercurial-6.9.4' from 'https://cache.nixos.org'...
copying path '/nix/store/x7nyn4jv80amafdya2xgm1a07m0hinap-python3.12-markupsafe-3.0.2' from 'https://cache.nixos.org'...
copying path '/nix/store/x03l9qdgi46jsbk8h7d0cc2zrabiqa11-python3.12-mpmath-1.3.0' from 'https://cache.nixos.org'...
copying path '/nix/store/417i818f9mgfn7dwvp1041xqrb0plxds-python3.12-networkx-3.4.2' from 'https://cache.nixos.org'...
copying path '/nix/store/6bbj89a47jis86iawfaqpi3w4av9w3bf-python3.12-ninja-1.12.1' from 'https://cache.nixos.org'...
copying path '/nix/store/kn0svpfjpbx8zl1rp0f0rzh2ray0c2xs-python3.12-jinja2-3.1.6' from 'https://cache.nixos.org'...
copying path '/nix/store/gcjg4a0nlrwfd0s4gs35cndspw3l94sc-python3.12-numpy-2.2.5' from 'https://cache.nixos.org'...
copying path '/nix/store/2c08h1gknkfgi3nizd4f9az3b0j4prvx-python3.12-packaging-24.2' from 'https://cache.nixos.org'...
copying path '/nix/store/wmjdijhvbxz83rrgwrqfgpxsv0k2bmqr-python3.12-pillow-11.2.1' from 'https://cache.nixos.org'...
copying path '/nix/store/5zw4h7r99cbnybl3vljcr7w8qg7q3brn-python3.12-protobuf-6.30.2' from 'https://cache.nixos.org'...
copying path '/nix/store/ny3v2j2cxx3flyd2gfbvgkcb0v84wf67-python3.12-psutil-7.0.0' from 'https://cache.nixos.org'...
copying path '/nix/store/csxa2mxxalv24kqn4x60ih3hbwv0fj5k-python3.12-pybind11-2.13.6' from 'https://cache.nixos.org'...
copying path '/nix/store/31639aa7g91847pds9bs1mb3gadw8wgy-python3.12-pyyaml-6.0.2' from 'https://cache.nixos.org'...
copying path '/nix/store/vc4iibpkijp2xdj6ykysjqi51jvrxjlv-python3.12-regex-2024.11.6' from 'https://cache.nixos.org'...
copying path '/nix/store/3ipcrk3apw4s10snc1c7wxsg5kb4rwgg-python3.12-safetensors-0.5.2' from 'https://cache.nixos.org'...
copying path '/nix/store/mzkzsbrp7vy4sx09ggqsa8i5v4gp50nc-python3.12-setuptools-78.1.0' from 'https://cache.nixos.org'...
copying path '/nix/store/d4l0fhhf2l62lqylrszcd1iqxc2cfa7a-python3.12-six-1.17.0' from 'https://cache.nixos.org'...
copying path '/nix/store/r9isfgb0dgval5gfwdcfz7r9993jhrvs-python3.12-sortedcontainers-2.4.0' from 'https://cache.nixos.org'...
copying path '/nix/store/gz9b9b9a5cmcckrv23rw5y7fr6s9pahs-python3.12-grpcio-1.71.0-dev' from 'https://cache.nixos.org'...
copying path '/nix/store/1d68zi3fxx54xzkdxwhqm8w82d483gd2-python3.12-sympy-1.13.3' from 'https://cache.nixos.org'...
copying path '/nix/store/s7f2zkrp6c3wy7d4w63637lwc8yhrcjq-nurl-0.3.13' from 'https://cache.nixos.org'...
copying path '/nix/store/v7yaxv2yvrpnlsak367pg37bxgfgnmlx-python3.12-tensorboard-data-server-0.7.2' from 'https://cache.nixos.org'...
copying path '/nix/store/1rlv1g1ppd6j53i2ybfhvphn5dqpsq42-python3.12-threadpoolctl-3.6.0' from 'https://cache.nixos.org'...
copying path '/nix/store/k0l12lai016cl758145rzg8gghhmsxls-python3.12-torch-2.7.0' from 'https://cache.nixos.org'...
copying path '/nix/store/y5fslgbwfjvkczl1g3ynkd0pp95j3rwg-python3.12-tqdm-4.67.1' from 'https://cache.nixos.org'...
copying path '/nix/store/vdcdlaskq5lgynsz10fmvsz29nacqpvh-python3.12-types-dataclasses-0.6.6' from 'https://cache.nixos.org'...
copying path '/nix/store/d52qvak789g813n4nb8ghlsvi2r2yifh-python3.12-typing-extensions-4.13.2' from 'https://cache.nixos.org'...
copying path '/nix/store/ci633fnarbi8m6zm6swbl3bx2wx0b8w1-python3.12-joblib-1.4.2' from 'https://cache.nixos.org'...
copying path '/nix/store/lf8ilk72n59c1yg7zbwvqd5mimlqzpqk-python3.12-urllib3-2.3.0' from 'https://cache.nixos.org'...
copying path '/nix/store/q97njnvfh1mh4n6avya43cdd69145q2r-python3.12-hypothesis-6.130.12' from 'https://cache.nixos.org'...
copying path '/nix/store/fsqcyijhpyfzswh86vykm0mb2yv4dmyl-python3.12-werkzeug-3.1.3' from 'https://cache.nixos.org'...
copying path '/nix/store/l1iijhnkywlsjp5jcdycxh5jzai4pi5y-python3.12-triton-3.1.0' from 'https://cache.nixos.org'...
copying path '/nix/store/8f9zfpbmybfl09aq4a9nzp8a9gwgqjbf-python3.12-scipy-1.15.3' from 'https://cache.nixos.org'...
copying path '/nix/store/454j9j88k1yagjvh28s98iiq71igzxjb-python3.12-wheel-0.45.1' from 'https://cache.nixos.org'...
copying path '/nix/store/76kdqwy5nfky46k9zc8qndihszsi926y-vibenix-0.1.0' from 'https://vibenix.cachix.org'...
copying path '/nix/store/2bw0hfak6xmal7zczw76yinb886pbz5i-sympy-1.14.0' from 'https://vibenix.cachix.org'...
copying path '/nix/store/fn6kbdxjj15bkcjxnracj06w054jr0mp-tqdm-4.67.1' from 'https://vibenix.cachix.org'...
copying path '/nix/store/zb967sb47ly1macfpwskwgb8z8x1s8jv-wheel-0.45.1' from 'https://vibenix.cachix.org'...
copying path '/nix/store/0lln9m37mw7cjdf02krfpiwd4clwdlwl-python3.12-requests-2.32.3' from 'https://cache.nixos.org'...
copying path '/nix/store/wxbrpwjzj3di314ckjnsnkvp1q3z784b-python3.12-tensorboard-2.19.0' from 'https://cache.nixos.org'...
copying path '/nix/store/59s412svc1vs75sgi3s52xcsddjb6v1a-python3.12-astunparse-1.6.3' from 'https://cache.nixos.org'...
copying path '/nix/store/gfwiwpwbgc10i3lbkbr5gw71lpxcqsm6-python3.12-huggingface-hub-0.31.4' from 'https://cache.nixos.org'...
copying path '/nix/store/1vzf84rgnimwnhgxl4gnvb9slsj0rrl6-python3.12-tokenizers-0.21.1' from 'https://cache.nixos.org'...
copying path '/nix/store/y7wh9xrxi9g38kvxnaasf95w4zky6pvj-python3.12-transformers-4.52.4' from 'https://cache.nixos.org'...
copying path '/nix/store/xlfds10if9hn0d81jisdayvaxbxsp8gx-vibenix-dev-deps' from 'https://vibenix.cachix.org'...
copying path '/nix/store/cyb0znfs57mi65wdw49zhai1lf5xpdma-python3.12-scikit-learn-1.6.1' from 'https://cache.nixos.org'...
copying path '/nix/store/g6raadfrw1ggpn6adab5yb16rvv0cnhw-python3.12-torch-2.7.0-dev' from 'https://cache.nixos.org'...
copying path '/nix/store/i66la8j37ngb0hppcr5mpxhc9f3cm379-python3.12-sentence-transformers-4.1.0' from 'https://cache.nixos.org'...
copying path '/nix/store/911rqqfh963pk375pkyr039w5v60cgb6-nix-shell-env' from 'https://vibenix.cachix.org'...
this path will be fetched (0.10 MiB download, 0.10 MiB unpacked):
  /nix/store/s3zz5nasd7qr894a8jrp6fy52pdrz2f1-bash-interactive-5.2p37-man
copying path '/nix/store/s3zz5nasd7qr894a8jrp6fy52pdrz2f1-bash-interactive-5.2p37-man' from 'https://cache.nixos.org'...
[0;93m2025-07-14 16:08:47.728693127 [W:onnxruntime:Default, onnxruntime_pybind_state.cc:2418 CreateInferencePybindStateModule] Init provider bridge failed.[m
16:08:47 | INFO | Keyring backend: PlaintextKeyring
16:08:47 | INFO | Using secure keyring backend: PlaintextKeyring
16:08:47 | INFO | Loaded saved configuration: claude-3-5-haiku-20241022 from anthropic
16:08:47 | INFO | Using saved model configuration
16:08:47 | INFO | 
üéØ coordinator: Welcome to vibenix!
16:08:47 | INFO | ‚è≥ Obtaining project fetcher from the provided URL
16:08:49 | INFO | ‚è≥ Fetching project information from https://github.com/david-swift/Memorize
16:08:49 | INFO | 
üéØ coordinator: I found the project information. Let me analyze it.
16:08:49 | INFO | 
üéØ coordinator: @model You are software packaging expert who can build any project using the Nix programming language.
16:08:50 | INFO | ü§ñ model: 
Based on the GitHub page, here's a summary for building the Memorize project:

1. Build Tool:
   - Primary build tool: GNOME Builder
   - Alternative build method: Flatpak

2. Project Dependencies:
   - Programming Language: Swift
   - UI Frameworks:
     - Libadwaita
     - GTK
   - Additional Libraries:
     - FuzzyFind
     - Adwaita
     - Localized

3. Build Information:
   - Build Steps:
     a. Download repository source code
     b. Open folder in GNOME Builder
     c. Use "run" button to build and run
     d. Alternatively, use export option to create .flatpak file

4. Additional Build Notes:
   - Project uses Package.swift (Swift Package Manager)
   - Uses Makefile for potential build/development tasks
   - Includes .swiftlint.yml for code style checking
   - Requires Swift development environment
   - Targets GNOME Linux desktop environment

5. Packaging:
   - Primary distribution method: Flathub
   - Packaging format: Flatpak

Recommended Nix build approach would involve creating a `default.nix` or `shell.nix` that sets up the Swift environment, pulls dependencies, and configures the Flatpak build process.16:08:56 | INFO | ‚è≥ Setting up a temporary Nix flake for packaging
16:08:56 | INFO | Creating flake at /home/runner/work/_temp/nix-shell.hUFyiP/tmpbhchgykq from reference directory /home/runner/work/vibenix/vibenix/src/vibenix/template
16:08:56 | INFO | 
üéØ coordinator: Working on temporary flake at /home/runner/work/_temp/nix-shell.hUFyiP/tmpbhchgykq
16:08:56 | INFO | 
üéØ coordinator: @model You are software packaging expert who can build any project using the Nix programming language.
16:08:57 | INFO | 
ü§ñ model: TemplateType.GENERIC
16:08:57 | INFO | 
üéØ coordinator: Selected template: package
16:08:57 | INFO | 
üéØ coordinator: Setting up the src attribute in the template...
16:08:57 | INFO | Filled template: 
{ lib
, stdenv
, fetchFromGitHub
}:

stdenv.mkDerivation rec {
  pname = "Memorize";
  version = "0.2.4";

  src = fetchFromGitHub {
  owner = "david-swift";
  repo = "Memorize";
  rev = "${version}";
  hash = "sha256-ZvyHWxvWryrYPcWkJ3tk997fPKX6kUWYIw/uMumYr/I=";
};
}
16:09:04 | INFO | ‚è≥ Testing the initial build...
16:09:05 | INFO | Building derivation outputs: /nix/store/y4f7j2mc47b4jiawl0b1kp9mmi07zf9f-source.drv^*
16:09:05 | INFO | Building derivation outputs: /nix/store/5mc99a0hhx2w9hc43yczkiz7k6ynx5wy-Memorize-0.2.4.drv^*
16:09:06 | INFO | 
üéØ coordinator: Iteration 1:
16:09:06 | INFO | 
üéØ coordinator: ```
Running phase: unpackPhase
@nix { "action": "setPhase", "phase": "unpackPhase" }
unpacking source archive /nix/store/mipgsm15y1hils1mx366lbcbfk0svpsp-source
source root is source
Running phase: patchPhase
@nix { "action": "setPhase", "phase": "patchPhase" }
Running phase: updateAutotoolsGnuConfigScriptsPhase
@nix { "action": "setPhase", "phase": "updateAutotoolsGnuConfigScriptsPhase" }
Running phase: configurePhase
@nix { "action": "setPhase", "phase": "configurePhase" }
no configure script, doing nothing
Running phase: buildPhase
@nix { "action": "setPhase", "phase": "buildPhase" }
build flags: SHELL=/nix/store/xy4jjgw87sbgwylm5kn047d9gkbhsr9x-bash-5.2p37/bin/bash
/nix/store/xy4jjgw87sbgwylm5kn047d9gkbhsr9x-bash-5.2p37/bin/bash: line 1: swiftlint: command not found
make: *** [Makefile:2: swiftlint] Error 127

```
16:09:06 | INFO | 
üéØ coordinator: Other error detected, fixing...
16:09:06 | INFO | 
üéØ coordinator: code:
{ lib
, stdenv
, fetchFromGitHub
}:

stdenv.mkDerivation rec {
  pname = "Memorize";
  version = "0.2.4";

  src = fetchFromGitHub {
  owner = "david-swift";
  repo = "Memorize";
  rev = "${version}";
  hash = "sha256-ZvyHWxvWryrYPcWkJ3tk997fPKX6kUWYIw/uMumYr/I=";
};
}

16:09:06 | INFO | 
üéØ coordinator: error:
Running phase: unpackPhase
@nix { "action": "setPhase", "phase": "unpackPhase" }
unpacking source archive /nix/store/mipgsm15y1hils1mx366lbcbfk0svpsp-source
source root is source
Running phase: patchPhase
@nix { "action": "setPhase", "phase": "patchPhase" }
Running phase: updateAutotoolsGnuConfigScriptsPhase
@nix { "action": "setPhase", "phase": "updateAutotoolsGnuConfigScriptsPhase" }
Running phase: configurePhase
@nix { "action": "setPhase", "phase": "configurePhase" }
no configure script, doing nothing
Running phase: buildPhase
@nix { "action": "setPhase", "phase": "buildPhase" }
build flags: SHELL=/nix/store/xy4jjgw87sbgwylm5kn047d9gkbhsr9x-bash-5.2p37/bin/bash
/nix/store/xy4jjgw87sbgwylm5kn047d9gkbhsr9x-bash-5.2p37/bin/bash: line 1: swiftlint: command not found
make: *** [Makefile:2: swiftlint] Error 127


16:09:06 | INFO | 
üéØ coordinator: @model You are software packaging expert who can build any project using the Nix programming language.
16:09:07 | INFO | ü§ñ model: 


--- STREAM COMPLETE (Callback Triggered) ---
Final Prompt Tokens: 1148
Final Completion Tokens: 311
Final Total Tokens: 1459
Total Stream Cost: $0.002162
------------------------------------------


--- STREAM COMPLETE (Callback Triggered) ---
Final Prompt Tokens: 852
Final Completion Tokens: 33
Final Total Tokens: 885
Total Stream Cost: $0.000814
------------------------------------------

Let me investigate the build requirements for this Swift project. I'll first look for Swift-related dependencies that might be missing.16:09:11 | INFO | 
ü§ñ model: {
  vscode-extensions = {
    swift-lang = {
      pname = "swift-lang";
      version = "1.12.0";
      description = "Swift Language Support for Visual Studio Code";
    };
    dependi = {
      pname = "dependi";
      version = "0.7.15";
      description = "VSCode extension for managing dependencies and address vulnerabilities in Rust, Go, JavaScript, and Python projects";
    };
    rust-yew = {
      pname = "rust-yew";
      version = "0.2.3";
      description = "VSCode extension that provides some language features for Yew's html macro syntax";
    };
    vscode-clangd = {
      pname = "vscode-clangd";
      version = "0.1.33";
      description = "C/C++ completion, navigation, and insights";
    };
    bats = {
      pname = "bats";
      version = "0.1.10";
      description = "VSCode extension for full language support for the Bats (Bash Automated Testing System) testing framework";
    };
    intellicode-api-usage-examples = {
      pname = "intellicode-api-usage-examples";
      version = "0.2.9";
      description = "See relevant code examples from GitHub for over 100K different APIs right in your editor";
    };
    phptools-vscode = {
      pname = "phptools-vscode";
      version = "1.41.14332";
      description = "Visual studio code extension for full development integration for the PHP language";
    };
    blueprint-gtk = {
      pname = "blueprint-gtk";
      version = "0.2.0";
      description = "Gtk Blueprint language support.";
    };
    vscode-lldb = {
      pname = "vscode-lldb";
      version = "1.11.4";
      description = "Native debugger extension for VSCode based on LLDB";
    };
    godot-tools = {
      pname = "godot-tools";
      version = "2.5.1";
      description = "VS Code extension for game development with Godot Engine and GDScript";
    };
    vscode-command-runner = {
      pname = "vscode-command-runner";
      version = "0.0.124";
      description = "";
    };
    vscode-yaml = {
      pname = "vscode-yaml";
      version = "1.18.0";
      description = "YAML Language Support by Red Hat, with built-in Kubernetes syntax support";
    };
    cwtools-vscode = {
      pname = "cwtools-vscode";
      version = "0.10.25";
      description = "Paradox Language Features for Visual Studio Code";
    };
    codespaces = {
      pname = "codespaces";
      version = "1.17.3";
      description = "VSCode extensions that provides cloud-hosted development environments for any activity";
    };
    rust-analyzer = {
      pname = "rust-analyzer";
      version = "0.3.2308";
      description = "Alternative rust language server to the RLS";
    };
    gpt-pilot-vs-code = {
      pname = "gpt-pilot-vs-code";
      version = "0.2.32";
      description = "VSCode extension for assisting the developer to code, debug, build applications using LLMs/AI";
    };
  };
}
16:09:13 | INFO | ü§ñ model: 


--- STREAM COMPLETE (Callback Triggered) ---
Final Prompt Tokens: 3365
Final Completion Tokens: 92
Final Total Tokens: 3457
Total Stream Cost: $0.003060
------------------------------------------

üìû Function called: search_nixpkgs_for_package_semantic with query: Swift development environment compiler tools, package_set: None
I'll try a more direct search for Swift packages:16:10:04 | INFO | 
ü§ñ model: {
  sbclPackages = {
    wild-package-inferred-system = {
      pname = "wild-package-inferred-system";
      version = "20210531-git";
      description = "";
    };
    hu_dot_dwim_dot_asdf_dot_documentation = {
      pname = "hu_dot_dwim_dot_asdf_dot_documentation";
      version = "";
      description = "";
    };
    cl-glfw-opengl-ati__fragment__shader = {
      pname = "cl-glfw-opengl-ati__fragment__shader";
      version = "20150302-git";
      description = "";
    };
    hu_dot_dwim_dot_defclass-star = {
      pname = "hu_dot_dwim_dot_defclass-star";
      version = "";
      description = "";
    };
    cl-glfw-opengl-sgix__fragment__lighting = {
      pname = "cl-glfw-opengl-sgix__fragment__lighting";
      version = "20150302-git";
      description = "";
    };
    hu_dot_dwim_dot_defclass-star_plus_swank = {
      pname = "hu_dot_dwim_dot_defclass-star_plus_swank";
      version = "";
      description = "";
    };
    hu_dot_dwim_dot_defclass-star_plus_contextl = {
      pname = "hu_dot_dwim_dot_defclass-star_plus_contextl";
      version = "";
      description = "";
    };
    hu_dot_dwim_dot_defclass-star_plus_hu_dot_dwim_dot_def = {
      pname = "hu_dot_dwim_dot_defclass-star_plus_hu_dot_dwim_dot_def";
      version = "";
      description = "";
    };
    hu_dot_dwim_dot_defclass-star_plus_hu_dot_dwim_dot_def_plus_contextl = {
      pname = "hu_dot_dwim_dot_defclass-star_plus_hu_dot_dwim_dot_def_plus_contextl";
      version = "";
      description = "";
    };
    hu_dot_dwim_dot_def_plus_contextl = {
      pname = "hu_dot_dwim_dot_def_plus_contextl";
      version = "";
      description = "";
    };
    cl-glfw-opengl-sgis__fog__function = {
      pname = "cl-glfw-opengl-sgis__fog__function";
      version = "20150302-git";
      description = "";
    };
    cl-glfw-opengl-sgix__flush__raster = {
      pname = "cl-glfw-opengl-sgix__flush__raster";
      version = "20150302-git";
      description = "";
    };
    cl-glfw-opengl-ext__index__array__formats = {
      pname = "cl-glfw-opengl-ext__index__array__formats";
      version = "20150302-git";
      description = "";
    };
    cl-glfw-opengl-ati__pixel__format__float = {
      pname = "cl-glfw-opengl-ati__pixel__format__float";
      version = "20150302-git";
      description = "";
    };
    cl-glfw-opengl-ingr__blend__func__separate = {
      pname = "cl-glfw-opengl-ingr__blend__func__separate";
      version = "20150302-git";
      description = "";
    };
    hu_dot_dwim_dot_def_plus_hu_dot_dwim_dot_common = {
      pname = "hu_dot_dwim_dot_def_plus_hu_dot_dwim_dot_common";
      version = "";
      description = "";
    };
    hu_dot_dwim_dot_def_plus_hu_dot_dwim_dot_delico = {
      pname = "hu_dot_dwim_dot_def_plus_hu_dot_dwim_dot_delico";
      version = "";
      description = "";
    };
    cl-glfw-opengl-ati__texture__float = {
      pname = "cl-glfw-opengl-ati__texture__float";
      version = "20150302-git";
      description = "";
    };
    cl-glfw-opengl-sgis__texture__filter4 = {
      pname = "cl-glfw-opengl-sgis__texture__filter4";
      version = "20150302-git";
      description = "";
    };
    cl-glfw-opengl-ati__text__fragment__shader = {
      pname = "cl-glfw-opengl-ati__text__fragment__shader";
      version = "20150302-git";
      description = "";
    };
    # ... and 8 more packages
  };

}
16:10:05 | INFO | ü§ñ model: 


--- STREAM COMPLETE (Callback Triggered) ---
Final Prompt Tokens: 4326
Final Completion Tokens: 75
Final Total Tokens: 4401
Total Stream Cost: $0.003761
------------------------------------------

üìû Function called: search_nixpkgs_for_package_literal with query: swift, package_set: None
I'll try another search with SwiftLint, which was mentioned in the error:16:10:09 | INFO | 
ü§ñ model: {
  pantheon = {
    elementary-code = {
      pname = "elementary-code";
      version = "7.4.0";
      description = "Code editor designed for elementary OS";
    };
  };
}
16:10:10 | INFO | ü§ñ model: 


--- STREAM COMPLETE (Callback Triggered) ---
Final Prompt Tokens: 5661
Final Completion Tokens: 89
Final Total Tokens: 5750
Total Stream Cost: $0.004885
------------------------------------------

üìû Function called: search_nixpkgs_for_package_semantic with query: SwiftLint code style linter, package_set: None
The error indicates missing Swift compiler and SwiftLint. I'll modify the derivation to add these dependencies:

```nix
{ lib
, stdenv
, fetchFromGitHub
, swift
, swiftlint
, libadwaita
, gtk4
}:

stdenv.mkDerivation rec {
  pname = "Memorize";
  version = "0.2.4";

  src = fetchFromGitHub {
    owner = "david-swift";
    repo = "Memorize";
    rev = "${version}";
    hash = "sha256-ZvyHWxvWryrYPcWkJ3tk997fPKX6kUWYIw/uMumYr/I=";
  };

  buildInputs = [ libadwaita gtk4 ];
  nativeBuildInputs = [ swift swiftlint ];

  buildPhase = ''
    swiftlint
    swift build -c release
  '';

  installPhase = ''
    mkdir -p $out/bin
    cp .build/release/Memorize $out/bin/
  '';
}
```

Key changes:
1. Added `swift` and `swiftlint` to the package arguments
2. Added `libadwaita` and `gtk4` which were mentioned in the project dependencies
3. Added `buildInputs` and `nativeBuildInputs` to provide the necessary build tools
4. Customized `buildPhase` to run SwiftLint and build the Swift project
5. Added a simple `installPhase` to copy the built binary to the output directory

The modifications address the specific error about missing SwiftLint and provide a basic build process for a Swift project. The hash is kept as-is, and the actual build steps are inferred from the project description and common Swift build practices.16:10:18 | INFO | ‚è≥ Iteration 1: Testing fix attempt 1 of 40...
16:10:19 | INFO | Building derivation outputs: /nix/store/y4f7j2mc47b4jiawl0b1kp9mmi07zf9f-source.drv^*
16:10:23 | INFO | 
üéØ coordinator: Non-build error: NixErrorKind.EVAL_ERROR
16:10:23 | INFO | 
üéØ coordinator: Iteration 2:
16:10:23 | INFO | 
üéØ coordinator: ```

[K
[Kerror:
       ‚Ä¶ while calling the 'derivationStrict' builtin

         at /derivation-internal.nix:9:12:

            8|
            9|   strict = derivationStrict drvAttrs;
             |            ^
           10|

       ‚Ä¶ while evaluating derivation 'Memorize-0.2.4'
         whose name attribute is located at /nix/store/q312398fgfyrm0pfzv45klxvfhj75cpm-source/pkgs/stdenv/generic/make-derivation.nix:461:13

       ‚Ä¶ while evaluating attribute 'nativeBuildInputs' of derivation 'Memorize-0.2.4'

         at /nix/store/q312398fgfyrm0pfzv45klxvfhj75cpm-source/pkgs/stdenv/generic/make-derivation.nix:513:13:

          512|             depsBuildBuild = elemAt (elemAt dependencies 0) 0;
          513|             nativeBuildInputs = elemAt (elemAt dependencies 0) 1;
             |             ^
          514|             depsBuildTarget = elemAt (elemAt dependencies 0) 2;

       ‚Ä¶ from call site

         at /nix/store/q312398fgfyrm0pfzv45klxvfhj75cpm-source/pkgs/stdenv/generic/check-meta.nix:647:14:

          646|           else if valid == "no" then
          647|             (handleEvalIssue { inherit meta attrs; } { inherit (validity) reason errormsg; })
             |              ^
          648|           else if valid == "warn" then

       ‚Ä¶ while calling 'handleEvalIssue'

         at /nix/store/q312398fgfyrm0pfzv45klxvfhj75cpm-source/pkgs/stdenv/generic/check-meta.nix:291:5:

          290|     { meta, attrs }:
          291|     {
             |     ^
          292|       reason,

       error: Package ‚Äòswiftlint-0.59.0‚Äô in /nix/store/q312398fgfyrm0pfzv45klxvfhj75cpm-source/pkgs/by-name/sw/swiftlint/package.nix:38 is not available on the requested hostPlatform:
         hostPlatform.config = "x86_64-unknown-linux-gnu"
         package.meta.platforms = [
           "x86_64-darwin"
           "aarch64-darwin"
         ]
         package.meta.badPlatforms = [ ]
       , refusing to evaluate.

       a) To temporarily allow packages that are unsupported for this system, you can use an environment variable
          for a single invocation of the nix tools.

            $ export NIXPKGS_ALLOW_UNSUPPORTED_SYSTEM=1

          Note: When using `nix shell`, `nix build`, `nix develop`, etc with a flake,
                then pass `--impure` in order to allow use of environment variables.

       b) For `nixos-rebuild` you can set
         { nixpkgs.config.allowUnsupportedSystem = true; }
       in configuration.nix to override this.

       c) For `nix-env`, `nix-build`, `nix-shell` or any other Nix command you can add
         { allowUnsupportedSystem = true; }
       to ~/.config/nixpkgs/config.nix.

```
16:10:23 | INFO | 
üéØ coordinator: Other error detected, fixing...
16:10:23 | INFO | 
üéØ coordinator: code:
{ lib
, stdenv
, fetchFromGitHub
, swift
, swiftlint
, libadwaita
, gtk4
}:

stdenv.mkDerivation rec {
  pname = "Memorize";
  version = "0.2.4";

  src = fetchFromGitHub {
    owner = "david-swift";
    repo = "Memorize";
    rev = "${version}";
    hash = "sha256-ZvyHWxvWryrYPcWkJ3tk997fPKX6kUWYIw/uMumYr/I=";
  };

  buildInputs = [ libadwaita gtk4 ];
  nativeBuildInputs = [ swift swiftlint ];

  buildPhase = ''
    swiftlint
    swift build -c release
  '';

  installPhase = ''
    mkdir -p $out/bin
    cp .build/release/Memorize $out/bin/
  '';
}

16:10:23 | INFO | 
üéØ coordinator: error:

[K
[Kerror:
       ‚Ä¶ while calling the 'derivationStrict' builtin

         at /derivation-internal.nix:9:12:

            8|
            9|   strict = derivationStrict drvAttrs;
             |            ^
           10|

       ‚Ä¶ while evaluating derivation 'Memorize-0.2.4'
         whose name attribute is located at /nix/store/q312398fgfyrm0pfzv45klxvfhj75cpm-source/pkgs/stdenv/generic/make-derivation.nix:461:13

       ‚Ä¶ while evaluating attribute 'nativeBuildInputs' of derivation 'Memorize-0.2.4'

         at /nix/store/q312398fgfyrm0pfzv45klxvfhj75cpm-source/pkgs/stdenv/generic/make-derivation.nix:513:13:

          512|             depsBuildBuild = elemAt (elemAt dependencies 0) 0;
          513|             nativeBuildInputs = elemAt (elemAt dependencies 0) 1;
             |             ^
          514|             depsBuildTarget = elemAt (elemAt dependencies 0) 2;

       ‚Ä¶ from call site

         at /nix/store/q312398fgfyrm0pfzv45klxvfhj75cpm-source/pkgs/stdenv/generic/check-meta.nix:647:14:

          646|           else if valid == "no" then
          647|             (handleEvalIssue { inherit meta attrs; } { inherit (validity) reason errormsg; })
             |              ^
          648|           else if valid == "warn" then

       ‚Ä¶ while calling 'handleEvalIssue'

         at /nix/store/q312398fgfyrm0pfzv45klxvfhj75cpm-source/pkgs/stdenv/generic/check-meta.nix:291:5:

          290|     { meta, attrs }:
          291|     {
             |     ^
          292|       reason,

       error: Package ‚Äòswiftlint-0.59.0‚Äô in /nix/store/q312398fgfyrm0pfzv45klxvfhj75cpm-source/pkgs/by-name/sw/swiftlint/package.nix:38 is not available on the requested hostPlatform:
         hostPlatform.config = "x86_64-unknown-linux-gnu"
         package.meta.platforms = [
           "x86_64-darwin"
           "aarch64-darwin"
         ]
         package.meta.badPlatforms = [ ]
       , refusing to evaluate.

       a) To temporarily allow packages that are unsupported for this system, you can use an environment variable
          for a single invocation of the nix tools.

            $ export NIXPKGS_ALLOW_UNSUPPORTED_SYSTEM=1

          Note: When using `nix shell`, `nix build`, `nix develop`, etc with a flake,
                then pass `--impure` in order to allow use of environment variables.

       b) For `nixos-rebuild` you can set
         { nixpkgs.config.allowUnsupportedSystem = true; }
       in configuration.nix to override this.

       c) For `nix-env`, `nix-build`, `nix-shell` or any other Nix command you can add
         { allowUnsupportedSystem = true; }
       to ~/.config/nixpkgs/config.nix.


16:10:23 | INFO | 
üéØ coordinator: @model You are software packaging expert who can build any project using the Nix programming language.
16:10:25 | INFO | ü§ñ model: 


--- STREAM COMPLETE (Callback Triggered) ---
Final Prompt Tokens: 5814
Final Completion Tokens: 438
Final Total Tokens: 6252
Total Stream Cost: $0.006403
------------------------------------------

I'll help you package this Swift project. The key issue here is that `swiftlint` is not available for your Linux system (x86_64-linux), as it's only supported on macOS (x86_64-darwin and aarch64-darwin).

Let me search for Swift-related packages and build tools:16:10:29 | INFO | 
ü§ñ model: {
  cudaPackages_11 = {
    cuda-samples = {
      pname = "cuda-samples";
      version = "11.8";
      description = "Samples for CUDA Developers which demonstrates features in CUDA Toolkit";
    };
  };
}
16:10:30 | INFO | ü§ñ model: 


--- STREAM COMPLETE (Callback Triggered) ---
Final Prompt Tokens: 4013
Final Completion Tokens: 137
Final Total Tokens: 4150
Total Stream Cost: $0.003758
------------------------------------------

üìû Function called: search_nixpkgs_for_package_semantic with query: swift development tools linux, package_set: None
Let me try a more specific search:16:10:35 | INFO | 
ü§ñ model: {
  sbclPackages = {
    hu_dot_dwim_dot_defclass-star_plus_hu_dot_dwim_dot_def_plus_contextl = {
      pname = "hu_dot_dwim_dot_defclass-star_plus_hu_dot_dwim_dot_def_plus_contextl";
      version = "";
      description = "";
    };
  };

}
16:10:36 | INFO | ü§ñ model: 


--- STREAM COMPLETE (Callback Triggered) ---
Final Prompt Tokens: 4226
Final Completion Tokens: 75
Final Total Tokens: 4301
Total Stream Cost: $0.003681
------------------------------------------

üìû Function called: search_nixpkgs_for_package_literal with query: swiftlint, package_set: None
The search results suggest that `swiftlint` is not readily available for Linux. In this case, we'll need to remove the `swiftlint` check from the build process.

Here's the updated Nix package definition:

```nix
{ lib
, stdenv
, fetchFromGitHub
, swift
, libadwaita
, gtk4
}:

stdenv.mkDerivation rec {
  pname = "Memorize";
  version = "0.2.4";

  src = fetchFromGitHub {
    owner = "david-swift";
    repo = "Memorize";
    rev = "${version}";
    hash = "sha256-ZvyHWxvWryrYPcWkJ3tk997fPKX6kUWYIw/uMumYr/I=";
  };

  buildInputs = [ libadwaita gtk4 ];
  nativeBuildInputs = [ swift ];

  buildPhase = ''
    swift build -c release
  '';

  installPhase = ''
    mkdir -p $out/bin
    cp .build/release/Memorize $out/bin/
  '';
}
```

Key changes:
1. Removed `swiftlint` from `nativeBuildInputs`
2. Removed `swiftlint` check from `buildPhase`

The main modification is skipping the `swiftlint` step, which was causing the platform compatibility issue. This should allow the package to build on Linux systems with Swift available.

If there are any additional platform-specific requirements or build steps needed for this Swift project, they might need further investigation. But this modification removes the immediate blocking error.16:10:44 | INFO | ‚è≥ Iteration 2: Testing fix attempt 2 of 40...
16:10:44 | INFO | Building derivation outputs: /nix/store/y4f7j2mc47b4jiawl0b1kp9mmi07zf9f-source.drv^*
16:10:47 | INFO | Building derivation outputs: /nix/store/yfbdgzr4xii98zkpgw73f34rzi7lay0v-Memorize-0.2.4.drv^*
16:11:21 | INFO | 
üéØ coordinator: Nix build result: NixErrorKind.BUILD_ERROR
16:11:21 | INFO | 
üéØ coordinator: Iteration 2 made progress...
16:11:21 | INFO | 
üéØ coordinator: Iteration 3:
16:11:21 | INFO | 
üéØ coordinator: ```
Running phase: unpackPhase
@nix { "action": "setPhase", "phase": "unpackPhase" }
unpacking source archive /nix/store/mipgsm15y1hils1mx366lbcbfk0svpsp-source
source root is source
Running phase: patchPhase
@nix { "action": "setPhase", "phase": "patchPhase" }
Running phase: updateAutotoolsGnuConfigScriptsPhase
@nix { "action": "setPhase", "phase": "updateAutotoolsGnuConfigScriptsPhase" }
Running phase: configurePhase
@nix { "action": "setPhase", "phase": "configurePhase" }
no configure script, doing nothing
Running phase: buildPhase
@nix { "action": "setPhase", "phase": "buildPhase" }
/nix/store/1z5sisz7vr7fhyyk8zzx5mpqvfm8xz92-swift-wrapper-5.8/bin/swift: line 35: exec: swift-build: not found

```
16:11:21 | INFO | 
üéØ coordinator: Other error detected, fixing...
16:11:21 | INFO | 
üéØ coordinator: code:
{ lib
, stdenv
, fetchFromGitHub
, swift
, libadwaita
, gtk4
}:

stdenv.mkDerivation rec {
  pname = "Memorize";
  version = "0.2.4";

  src = fetchFromGitHub {
    owner = "david-swift";
    repo = "Memorize";
    rev = "${version}";
    hash = "sha256-ZvyHWxvWryrYPcWkJ3tk997fPKX6kUWYIw/uMumYr/I=";
  };

  buildInputs = [ libadwaita gtk4 ];
  nativeBuildInputs = [ swift ];

  buildPhase = ''
    swift build -c release
  '';

  installPhase = ''
    mkdir -p $out/bin
    cp .build/release/Memorize $out/bin/
  '';
}

16:11:21 | INFO | 
üéØ coordinator: error:
Running phase: unpackPhase
@nix { "action": "setPhase", "phase": "unpackPhase" }
unpacking source archive /nix/store/mipgsm15y1hils1mx366lbcbfk0svpsp-source
source root is source
Running phase: patchPhase
@nix { "action": "setPhase", "phase": "patchPhase" }
Running phase: updateAutotoolsGnuConfigScriptsPhase
@nix { "action": "setPhase", "phase": "updateAutotoolsGnuConfigScriptsPhase" }
Running phase: configurePhase
@nix { "action": "setPhase", "phase": "configurePhase" }
no configure script, doing nothing
Running phase: buildPhase
@nix { "action": "setPhase", "phase": "buildPhase" }
/nix/store/1z5sisz7vr7fhyyk8zzx5mpqvfm8xz92-swift-wrapper-5.8/bin/swift: line 35: exec: swift-build: not found


16:11:21 | INFO | 
üéØ coordinator: @model You are software packaging expert who can build any project using the Nix programming language.
16:11:23 | INFO | ü§ñ model: 


--- STREAM COMPLETE (Callback Triggered) ---
Final Prompt Tokens: 4410
Final Completion Tokens: 404
Final Total Tokens: 4814
Total Stream Cost: $0.005144
------------------------------------------

Let me investigate the build error and the project structure. The key issue appears to be with the Swift build process. I'll first search for Swift build-related packages and tools in nixpkgs.16:11:25 | INFO | 
ü§ñ model: {
  darwin = {
    xcode = {
      pname = "xcode";
      version = "";
      description = "Apple's XCode SDK";
    };
    xcode_10_2 = {
      pname = "xcode_10_2";
      version = "";
      description = "Apple's XCode SDK";
    };
    xcode_10_1 = {
      pname = "xcode_10_1";
      version = "";
      description = "Apple's XCode SDK";
    };
    xcode_11 = {
      pname = "xcode_11";
      version = "";
      description = "Apple's XCode SDK";
    };
    xcode_10_2_1 = {
      pname = "xcode_10_2_1";
      version = "";
      description = "Apple's XCode SDK";
    };
    xcode_10_3 = {
      pname = "xcode_10_3";
      version = "";
      description = "Apple's XCode SDK";
    };
    xcode_14 = {
      pname = "xcode_14";
      version = "";
      description = "Apple's XCode SDK";
    };
    xcode_11_2 = {
      pname = "xcode_11_2";
      version = "";
      description = "Apple's XCode SDK";
    };
    xcode_16 = {
      pname = "xcode_16";
      version = "";
      description = "Apple's XCode SDK";
    };
    xcode_16_2 = {
      pname = "xcode_16_2";
      version = "";
      description = "Apple's XCode SDK";
    };
    xcode_11_1 = {
      pname = "xcode_11_1";
      version = "";
      description = "Apple's XCode SDK";
    };
    xcode_9_2 = {
      pname = "xcode_9_2";
      version = "";
      description = "Apple's XCode SDK";
    };
    xcode_13 = {
      pname = "xcode_13";
      version = "";
      description = "Apple's XCode SDK";
    };
    xcode_13_2 = {
      pname = "xcode_13_2";
      version = "";
      description = "Apple's XCode SDK";
    };
    xcode_12 = {
      pname = "xcode_12";
      version = "";
      description = "Apple's XCode SDK";
    };
    xcode_8_2 = {
      pname = "xcode_8_2";
      version = "";
      description = "Apple's XCode SDK";
    };
    xcode_11_3_1 = {
      pname = "xcode_11_3_1";
      version = "";
      description = "Apple's XCode SDK";
    };
    xcode_9_1 = {
      pname = "xcode_9_1";
      version = "";
      description = "Apple's XCode SDK";
    };
    xcode_16_1 = {
      pname = "xcode_16_1";
      version = "";
      description = "Apple's XCode SDK";
    };
    xcode_11_7 = {
      pname = "xcode_11_7";
      version = "";
      description = "Apple's XCode SDK";
    };
    # ... and 9 more packages
  };
}
16:11:26 | INFO | ü§ñ model: 


--- STREAM COMPLETE (Callback Triggered) ---
Final Prompt Tokens: 3391
Final Completion Tokens: 107
Final Total Tokens: 3498
Total Stream Cost: $0.003141
------------------------------------------

üìû Function called: search_nixpkgs_for_package_semantic with query: swift build package manager, package_set: None
The error message suggests that `swift-build` is not found, which means I need to modify the build phase. Let me check the project to see how it builds.16:11:28 | INFO | 
ü§ñ model: total 940K
dr-xr-xr-x   5 root root   4.0K Jan  1  1970 .
drwxrwxr-t 701 root nixbld 848K Jul 14 16:11 ..
dr-xr-xr-x   4 root root   4.0K Jan  1  1970 .github
-r--r--r--   1 root root    217 Jan  1  1970 .gitignore
-r--r--r--   1 root root   4.5K Jan  1  1970 .swiftlint.yml
-r--r--r--   1 root root   1.6K Jan  1  1970 CONTRIBUTING.md
-r--r--r--   1 root root    307 Jan  1  1970 Contributors.md
-r--r--r--   1 root root    35K Jan  1  1970 LICENSE.md
-r--r--r--   1 root root     37 Jan  1  1970 Makefile
-r--r--r--   1 root root    905 Jan  1  1970 Package.swift
-r--r--r--   1 root root   3.7K Jan  1  1970 README.md
dr-xr-xr-x   4 root root   4.0K Jan  1  1970 Sources
dr-xr-xr-x   4 root root   4.0K Jan  1  1970 data
-r--r--r--   1 root root   2.6K Jan  1  1970 io.github.david_swift.Flashcards.json

16:11:29 | INFO | ü§ñ model: 

üìû Function called: project_list_directory_contents with path:  .

--- STREAM COMPLETE (Callback Triggered) ---
Final Prompt Tokens: 4367
Final Completion Tokens: 95
Final Total Tokens: 4462
Total Stream Cost: $0.003874
------------------------------------------

I see a `Package.swift` file, which indicates this is a Swift Package Manager project. The build phase needs to use `swift package build` instead of `swift build`.

I'll verify the Swift package details:16:11:31 | INFO | 
ü§ñ model: // swift-tools-version: 5.8
//
//  Package.swift
//  Memorize
//

import PackageDescription

let package = Package(
    name: "Flashcards",
    dependencies: [
        .package(url: "https://github.com/AparokshaUI/Adwaita", from: "0.2.6"),
        .package(url: "https://github.com/AparokshaUI/Localized", from: "0.2.2"),
        .package(url: "https://github.com/truizlop/FuzzyFind", from: "0.1.0")
    ],
    targets: [
        .executableTarget(
            name: "Flashcards",
            dependencies: [
                .product(name: "Adwaita", package: "Adwaita"),
                .product(name: "Localized", package: "Localized"),
                .product(name: "FuzzyFind", package: "FuzzyFind")
            ],
            path: "Sources",
            resources: [.process("Model/Localized.yml")],
            plugins: [.plugin(name: "GenerateLocalized", package: "Localized")]
        )
    ]
)

16:11:32 | INFO | ü§ñ model: 


--- STREAM COMPLETE (Callback Triggered) ---
Final Prompt Tokens: 4879
Final Completion Tokens: 109
Final Total Tokens: 4988
Total Stream Cost: $0.004339
------------------------------------------

üìû Function called: project_read_file_content with path:  Package.swift
The project uses Swift Package Manager with Swift tools version 5.8. I'll modify the build and install phases to use `swift package build` and handle the output correctly.

Here's the updated Nix code:

```nix
{ lib
, stdenv
, fetchFromGitHub
, swift
, libadwaita
, gtk4
}:

stdenv.mkDerivation rec {
  pname = "Memorize";
  version = "0.2.4";

  src = fetchFromGitHub {
    owner = "david-swift";
    repo = "Memorize";
    rev = "${version}";
    hash = "sha256-ZvyHWxvWryrYPcWkJ3tk997fPKX6kUWYIw/uMumYr/I=";
  };

  buildInputs = [ libadwaita gtk4 ];
  nativeBuildInputs = [ swift ];

  buildPhase = ''
    swift package resolve
    swift package build -c release
  '';

  installPhase = ''
    mkdir -p $out/bin
    cp .build/release/Flashcards $out/bin/Memorize
  '';
}
```

Key changes:
1. Added `swift package resolve` to download dependencies
2. Changed `swift build` to `swift package build`
3. Updated installPhase to copy `.build/release/Flashcards` (matching the executable name from `Package.swift`)

The modifications address the build command issue and ensure the correct executable is copied to the output directory.16:11:38 | INFO | ‚è≥ Iteration 3: Testing fix attempt 3 of 40...
16:11:39 | INFO | Building derivation outputs: /nix/store/y4f7j2mc47b4jiawl0b1kp9mmi07zf9f-source.drv^*
16:11:42 | INFO | Building derivation outputs: /nix/store/0wyw9x42c3b109c006r7zkrb82pjzvpk-Memorize-0.2.4.drv^*
16:11:43 | INFO | 
üéØ coordinator: Nix build result: NixErrorKind.BUILD_ERROR
16:11:43 | INFO | previous error (last 50 lines): 
```
Running phase: unpackPhase
@nix { "action": "setPhase", "phase": "unpackPhase" }
unpacking source archive /nix/store/mipgsm15y1hils1mx366lbcbfk0svpsp-source
source root is source
Running phase: patchPhase
@nix { "action": "setPhase", "phase": "patchPhase" }
Running phase: updateAutotoolsGnuConfigScriptsPhase
@nix { "action": "setPhase", "phase": "updateAutotoolsGnuConfigScriptsPhase" }
Running phase: configurePhase
@nix { "action": "setPhase", "phase": "configurePhase" }
no configure script, doing nothing
Running phase: buildPhase
@nix { "action": "setPhase", "phase": "buildPhase" }
/nix/store/1z5sisz7vr7fhyyk8zzx5mpqvfm8xz92-swift-wrapper-5.8/bin/swift: line 35: exec: swift-build: not found

```

16:11:43 | INFO | new error (last 50 lines): 
```
Running phase: unpackPhase
@nix { "action": "setPhase", "phase": "unpackPhase" }
unpacking source archive /nix/store/mipgsm15y1hils1mx366lbcbfk0svpsp-source
source root is source
Running phase: patchPhase
@nix { "action": "setPhase", "phase": "patchPhase" }
Running phase: updateAutotoolsGnuConfigScriptsPhase
@nix { "action": "setPhase", "phase": "updateAutotoolsGnuConfigScriptsPhase" }
Running phase: configurePhase
@nix { "action": "setPhase", "phase": "configurePhase" }
no configure script, doing nothing
Running phase: buildPhase
@nix { "action": "setPhase", "phase": "buildPhase" }
/nix/store/1z5sisz7vr7fhyyk8zzx5mpqvfm8xz92-swift-wrapper-5.8/bin/swift: line 35: exec: swift-package: not found

```

16:11:43 | INFO | []
16:11:43 | INFO | Log comparison details:
16:11:43 | INFO |   Initial build: 14 total lines
16:11:43 | INFO |   Attempted improvement: 14 total lines
16:11:43 | INFO |   Showing full logs (both under 100 lines)
16:11:43 | INFO | 
üéØ coordinator: @model You are software packaging expert who can build any project using the Nix programming language.
16:11:45 | INFO | 
ü§ñ model: NixBuildErrorDiff.STAGNATION
16:11:45 | INFO | 
üéØ coordinator: Iteration 3 stagnated...
16:11:45 | INFO | 
üéØ coordinator: Iteration 4:
16:11:45 | INFO | 
üéØ coordinator: ```
Running phase: unpackPhase
@nix { "action": "setPhase", "phase": "unpackPhase" }
unpacking source archive /nix/store/mipgsm15y1hils1mx366lbcbfk0svpsp-source
source root is source
Running phase: patchPhase
@nix { "action": "setPhase", "phase": "patchPhase" }
Running phase: updateAutotoolsGnuConfigScriptsPhase
@nix { "action": "setPhase", "phase": "updateAutotoolsGnuConfigScriptsPhase" }
Running phase: configurePhase
@nix { "action": "setPhase", "phase": "configurePhase" }
no configure script, doing nothing
Running phase: buildPhase
@nix { "action": "setPhase", "phase": "buildPhase" }
/nix/store/1z5sisz7vr7fhyyk8zzx5mpqvfm8xz92-swift-wrapper-5.8/bin/swift: line 35: exec: swift-build: not found

```
16:11:45 | INFO | 
üéØ coordinator: Other error detected, fixing...
16:11:45 | INFO | 
üéØ coordinator: code:
{ lib
, stdenv
, fetchFromGitHub
, swift
, libadwaita
, gtk4
}:

stdenv.mkDerivation rec {
  pname = "Memorize";
  version = "0.2.4";

  src = fetchFromGitHub {
    owner = "david-swift";
    repo = "Memorize";
    rev = "${version}";
    hash = "sha256-ZvyHWxvWryrYPcWkJ3tk997fPKX6kUWYIw/uMumYr/I=";
  };

  buildInputs = [ libadwaita gtk4 ];
  nativeBuildInputs = [ swift ];

  buildPhase = ''
    swift build -c release
  '';

  installPhase = ''
    mkdir -p $out/bin
    cp .build/release/Memorize $out/bin/
  '';
}

16:11:45 | INFO | 
üéØ coordinator: error:
Running phase: unpackPhase
@nix { "action": "setPhase", "phase": "unpackPhase" }
unpacking source archive /nix/store/mipgsm15y1hils1mx366lbcbfk0svpsp-source
source root is source
Running phase: patchPhase
@nix { "action": "setPhase", "phase": "patchPhase" }
Running phase: updateAutotoolsGnuConfigScriptsPhase
@nix { "action": "setPhase", "phase": "updateAutotoolsGnuConfigScriptsPhase" }
Running phase: configurePhase
@nix { "action": "setPhase", "phase": "configurePhase" }
no configure script, doing nothing
Running phase: buildPhase
@nix { "action": "setPhase", "phase": "buildPhase" }
/nix/store/1z5sisz7vr7fhyyk8zzx5mpqvfm8xz92-swift-wrapper-5.8/bin/swift: line 35: exec: swift-build: not found


16:11:45 | INFO | 
üéØ coordinator: @model You are software packaging expert who can build any project using the Nix programming language.
16:11:46 | INFO | ü§ñ model: 


--- STREAM COMPLETE (Callback Triggered) ---
Final Prompt Tokens: 5302
Final Completion Tokens: 375
Final Total Tokens: 5677
Total Stream Cost: $0.005742
------------------------------------------


--- STREAM COMPLETE (Callback Triggered) ---
Final Prompt Tokens: 1417
Final Completion Tokens: 36
Final Total Tokens: 1453
Total Stream Cost: $0.001278
------------------------------------------

I'll help you package this Swift project. The error suggests that the Swift build process is not correctly configured. Let's investigate and fix the build.

First, I'll search for how Swift packages are typically built in nixpkgs:16:11:49 | INFO | 
ü§ñ model: {
  python313Packages = {
    swift = {
      pname = "swift";
      version = "2.35.0";
      description = "OpenStack Object Storage";
    };
    python-swiftclient = {
      pname = "python-swiftclient";
      version = "4.8.0";
      description = "Python bindings to the OpenStack Object Storage API";
    };
    gyp = {
      pname = "gyp";
      version = "2022-04-01";
      description = "Tool to generate native build files";
    };
    e3-core = {
      pname = "e3-core";
      version = "22.6.0";
      description = "Core framework for developing portable automated build systems";
    };
    aws-lambda-builders = {
      pname = "aws-lambda-builders";
      version = "1.53.0";
      description = "Tool to compile, build and package AWS Lambda functions";
    };
    crytic-compile = {
      pname = "crytic-compile";
      version = "0.3.9";
      description = "Abstraction layer for smart contract build systems";
    };
    ibis = {
      pname = "ibis";
      version = "3.2.0";
      description = "Lightweight template engine";
    };
    ninja = {
      pname = "ninja";
      version = "1.12.1";
      description = "Small build system with a focus on speed";
    };
  };
}
16:11:50 | INFO | ü§ñ model: 

üìû Function called: search_nixpkgs_for_package_semantic with query: Swift package build, package_set: None

--- STREAM COMPLETE (Callback Triggered) ---
Final Prompt Tokens: 3391
Final Completion Tokens: 114
Final Total Tokens: 3505
Total Stream Cost: $0.003169
------------------------------------------

I'll look for Swift-specific build tools:16:11:55 | INFO | 
ü§ñ model: {
  sbclPackages = {
    hu_dot_dwim_dot_stefil_plus_hu_dot_dwim_dot_def = {
      pname = "hu_dot_dwim_dot_stefil_plus_hu_dot_dwim_dot_def";
      version = "";
      description = "";
    };
    hu_dot_dwim_dot_stefil_plus_hu_dot_dwim_dot_def_plus_swank = {
      pname = "hu_dot_dwim_dot_stefil_plus_hu_dot_dwim_dot_def_plus_swank";
      version = "";
      description = "";
    };
    hu_dot_dwim_dot_def_plus_hu_dot_dwim_dot_common = {
      pname = "hu_dot_dwim_dot_def_plus_hu_dot_dwim_dot_common";
      version = "";
      description = "";
    };
    hu_dot_dwim_dot_def_plus_hu_dot_dwim_dot_delico = {
      pname = "hu_dot_dwim_dot_def_plus_hu_dot_dwim_dot_delico";
      version = "";
      description = "";
    };
    hu_dot_dwim_dot_defclass-star_plus_hu_dot_dwim_dot_def = {
      pname = "hu_dot_dwim_dot_defclass-star_plus_hu_dot_dwim_dot_def";
      version = "";
      description = "";
    };
    hu_dot_dwim_dot_defclass-star_plus_hu_dot_dwim_dot_def_plus_contextl = {
      pname = "hu_dot_dwim_dot_defclass-star_plus_hu_dot_dwim_dot_def_plus_contextl";
      version = "";
      description = "";
    };
  };
}
16:11:57 | INFO | ü§ñ model: 


--- STREAM COMPLETE (Callback Triggered) ---
Final Prompt Tokens: 3886
Final Completion Tokens: 75
Final Total Tokens: 3961
Total Stream Cost: $0.003409
------------------------------------------

üìû Function called: search_nixpkgs_for_package_literal with query: swift build, package_set: None
Let's check the project files to understand the build process:16:11:57 | INFO | 
ü§ñ model: total 940K
dr-xr-xr-x   5 root root   4.0K Jan  1  1970 .
drwxrwxr-t 702 root nixbld 848K Jul 14 16:11 ..
dr-xr-xr-x   4 root root   4.0K Jan  1  1970 .github
-r--r--r--   1 root root    217 Jan  1  1970 .gitignore
-r--r--r--   1 root root   4.5K Jan  1  1970 .swiftlint.yml
-r--r--r--   1 root root   1.6K Jan  1  1970 CONTRIBUTING.md
-r--r--r--   1 root root    307 Jan  1  1970 Contributors.md
-r--r--r--   1 root root    35K Jan  1  1970 LICENSE.md
-r--r--r--   1 root root     37 Jan  1  1970 Makefile
-r--r--r--   1 root root    905 Jan  1  1970 Package.swift
-r--r--r--   1 root root   3.7K Jan  1  1970 README.md
dr-xr-xr-x   4 root root   4.0K Jan  1  1970 Sources
dr-xr-xr-x   4 root root   4.0K Jan  1  1970 data
-r--r--r--   1 root root   2.6K Jan  1  1970 io.github.david_swift.Flashcards.json

16:12:01 | INFO | ü§ñ model: 


--- STREAM COMPLETE (Callback Triggered) ---
Final Prompt Tokens: 4442
Final Completion Tokens: 72
Final Total Tokens: 4514
Total Stream Cost: $0.003842
------------------------------------------

üìû Function called: project_list_directory_contents with path:  .
I notice a `Package.swift` file, which indicates this is a Swift Package Manager project. The original error mentions `swift-build` is not found, which suggests we need to use the full path to the Swift build command.

Let's modify the build and install phases to use the Swift Package Manager:

```nix
{ lib
, stdenv
, fetchFromGitHub
, swift
, libadwaita
, gtk4
}:

stdenv.mkDerivation rec {
  pname = "Memorize";
  version = "0.2.4";

  src = fetchFromGitHub {
    owner = "david-swift";
    repo = "Memorize";
    rev = "${version}";
    hash = "sha256-ZvyHWxvWryrYPcWkJ3tk997fPKX6kUWYIw/uMumYr/I=";
  };

  buildInputs = [ libadwaita gtk4 ];
  nativeBuildInputs = [ swift ];

  buildPhase = ''
    ${swift}/bin/swift build -c release
  '';

  installPhase = ''
    mkdir -p $out/bin
    cp .build/release/Memorize $out/bin/
  '';
}
```

Key changes:
1. Added the full path to `swift` in the `buildPhase` using `${swift}/bin/swift build`
2. Kept all other aspects of the derivation the same

The main issue was that the build command was not using the full path to the `swift` executable. By using `${swift}/bin/swift`, we ensure that the correct Swift binary is used during the build process.

If this still fails, we might need to investigate further, but this modification should resolve the immediate error of `swift-build: not found`.16:12:15 | INFO | ‚è≥ Iteration 4: Testing fix attempt 4 of 40...
16:12:16 | INFO | Building derivation outputs: /nix/store/y4f7j2mc47b4jiawl0b1kp9mmi07zf9f-source.drv^*
16:12:19 | INFO | Building derivation outputs: /nix/store/01gaibvma9ffwq1g1rz4rkwqs1yxwdv8-Memorize-0.2.4.drv^*
16:12:20 | INFO | 
üéØ coordinator: Nix build result: NixErrorKind.BUILD_ERROR
16:12:20 | INFO | 
üéØ coordinator: Iteration 4 regressed...
16:12:20 | INFO | 
üéØ coordinator: Iteration 5:
16:12:20 | INFO | 
üéØ coordinator: ```
Running phase: unpackPhase
@nix { "action": "setPhase", "phase": "unpackPhase" }
unpacking source archive /nix/store/mipgsm15y1hils1mx366lbcbfk0svpsp-source
source root is source
Running phase: patchPhase
@nix { "action": "setPhase", "phase": "patchPhase" }
Running phase: updateAutotoolsGnuConfigScriptsPhase
@nix { "action": "setPhase", "phase": "updateAutotoolsGnuConfigScriptsPhase" }
Running phase: configurePhase
@nix { "action": "setPhase", "phase": "configurePhase" }
no configure script, doing nothing
Running phase: buildPhase
@nix { "action": "setPhase", "phase": "buildPhase" }
/nix/store/1z5sisz7vr7fhyyk8zzx5mpqvfm8xz92-swift-wrapper-5.8/bin/swift: line 35: exec: swift-build: not found

```
16:12:20 | INFO | 
üéØ coordinator: Other error detected, fixing...
16:12:20 | INFO | 
üéØ coordinator: code:
{ lib
, stdenv
, fetchFromGitHub
, swift
, libadwaita
, gtk4
}:

stdenv.mkDerivation rec {
  pname = "Memorize";
  version = "0.2.4";

  src = fetchFromGitHub {
    owner = "david-swift";
    repo = "Memorize";
    rev = "${version}";
    hash = "sha256-ZvyHWxvWryrYPcWkJ3tk997fPKX6kUWYIw/uMumYr/I=";
  };

  buildInputs = [ libadwaita gtk4 ];
  nativeBuildInputs = [ swift ];

  buildPhase = ''
    swift build -c release
  '';

  installPhase = ''
    mkdir -p $out/bin
    cp .build/release/Memorize $out/bin/
  '';
}

16:12:20 | INFO | 
üéØ coordinator: error:
Running phase: unpackPhase
@nix { "action": "setPhase", "phase": "unpackPhase" }
unpacking source archive /nix/store/mipgsm15y1hils1mx366lbcbfk0svpsp-source
source root is source
Running phase: patchPhase
@nix { "action": "setPhase", "phase": "patchPhase" }
Running phase: updateAutotoolsGnuConfigScriptsPhase
@nix { "action": "setPhase", "phase": "updateAutotoolsGnuConfigScriptsPhase" }
Running phase: configurePhase
@nix { "action": "setPhase", "phase": "configurePhase" }
no configure script, doing nothing
Running phase: buildPhase
@nix { "action": "setPhase", "phase": "buildPhase" }
/nix/store/1z5sisz7vr7fhyyk8zzx5mpqvfm8xz92-swift-wrapper-5.8/bin/swift: line 35: exec: swift-build: not found


16:12:20 | INFO | 
üéØ coordinator: @model You are software packaging expert who can build any project using the Nix programming language.
16:12:22 | INFO | ü§ñ model: 


--- STREAM COMPLETE (Callback Triggered) ---
Final Prompt Tokens: 4931
Final Completion Tokens: 430
Final Total Tokens: 5361
Total Stream Cost: $0.005665
------------------------------------------

I'll investigate the build error and find a solution. The key issue appears to be with the Swift build process. Let me search for Swift build-related tools in nixpkgs.16:12:24 | INFO | 
ü§ñ model: {
  rubyPackages_3_1 = {
    cocoapods-clean_build_phases_scripts = {
      pname = "cocoapods-clean_build_phases_scripts";
      version = "0.0.3";
      description = "";
    };
    cocoapods-generate = {
      pname = "cocoapods-generate";
      version = "2.2.5";
      description = "";
    };
  };
}
16:12:26 | INFO | ü§ñ model: 

üìû Function called: search_nixpkgs_for_package_semantic with query: swift build tool, package_set: None

--- STREAM COMPLETE (Callback Triggered) ---
Final Prompt Tokens: 3391
Final Completion Tokens: 103
Final Total Tokens: 3494
Total Stream Cost: $0.003125
------------------------------------------

Let me try a more specific search:16:12:31 | INFO | 
ü§ñ model: No packages found matching 'swift-build'
16:12:32 | INFO | ü§ñ model: 

üìû Function called: search_nixpkgs_for_package_literal with query: swift-build, package_set: None

--- STREAM COMPLETE (Callback Triggered) ---
Final Prompt Tokens: 3614
Final Completion Tokens: 74
Final Total Tokens: 3688
Total Stream Cost: $0.003187
------------------------------------------

From the error message and project information, it seems the project uses Swift Package Manager. I'll modify the build phase to use `swift package build` instead of `swift build`:

```nix
{ lib
, stdenv
, fetchFromGitHub
, swift
, libadwaita
, gtk4
}:

stdenv.mkDerivation rec {
  pname = "Memorize";
  version = "0.2.4";

  src = fetchFromGitHub {
    owner = "david-swift";
    repo = "Memorize";
    rev = "${version}";
    hash = "sha256-ZvyHWxvWryrYPcWkJ3tk997fPKX6kUWYIw/uMumYr/I=";
  };

  buildInputs = [ libadwaita gtk4 ];
  nativeBuildInputs = [ swift ];

  buildPhase = ''
    swift package build -c release
  '';

  installPhase = ''
    mkdir -p $out/bin
    cp .build/release/Memorize $out/bin/
  '';
}
```

The key change is using `swift package build` instead of `swift build`. This explicitly invokes the Swift Package Manager's build command, which should resolve the "swift-build not found" error. 

I've kept all other aspects of the derivation the same, including the source fetching, build inputs, and installation phase. The build will now use the Swift Package Manager to compile the project in release configuration, which matches the project's build process described in its documentation.16:12:40 | INFO | ‚è≥ Iteration 5: Testing fix attempt 5 of 40...
16:12:40 | INFO | Building derivation outputs: /nix/store/y4f7j2mc47b4jiawl0b1kp9mmi07zf9f-source.drv^*
16:12:43 | INFO | Building derivation outputs: /nix/store/5n3gr9m1257v4d55ggs3r1q7z58xigx7-Memorize-0.2.4.drv^*
16:12:45 | INFO | 
üéØ coordinator: Nix build result: NixErrorKind.BUILD_ERROR
16:12:45 | INFO | previous error (last 50 lines): 
```
Running phase: unpackPhase
@nix { "action": "setPhase", "phase": "unpackPhase" }
unpacking source archive /nix/store/mipgsm15y1hils1mx366lbcbfk0svpsp-source
source root is source
Running phase: patchPhase
@nix { "action": "setPhase", "phase": "patchPhase" }
Running phase: updateAutotoolsGnuConfigScriptsPhase
@nix { "action": "setPhase", "phase": "updateAutotoolsGnuConfigScriptsPhase" }
Running phase: configurePhase
@nix { "action": "setPhase", "phase": "configurePhase" }
no configure script, doing nothing
Running phase: buildPhase
@nix { "action": "setPhase", "phase": "buildPhase" }
/nix/store/1z5sisz7vr7fhyyk8zzx5mpqvfm8xz92-swift-wrapper-5.8/bin/swift: line 35: exec: swift-build: not found

```

16:12:45 | INFO | new error (last 50 lines): 
```
Running phase: unpackPhase
@nix { "action": "setPhase", "phase": "unpackPhase" }
unpacking source archive /nix/store/mipgsm15y1hils1mx366lbcbfk0svpsp-source
source root is source
Running phase: patchPhase
@nix { "action": "setPhase", "phase": "patchPhase" }
Running phase: updateAutotoolsGnuConfigScriptsPhase
@nix { "action": "setPhase", "phase": "updateAutotoolsGnuConfigScriptsPhase" }
Running phase: configurePhase
@nix { "action": "setPhase", "phase": "configurePhase" }
no configure script, doing nothing
Running phase: buildPhase
@nix { "action": "setPhase", "phase": "buildPhase" }
/nix/store/1z5sisz7vr7fhyyk8zzx5mpqvfm8xz92-swift-wrapper-5.8/bin/swift: line 35: exec: swift-package: not found

```

16:12:45 | INFO | []
16:12:45 | INFO | Log comparison details:
16:12:45 | INFO |   Initial build: 14 total lines
16:12:45 | INFO |   Attempted improvement: 14 total lines
16:12:45 | INFO |   Showing full logs (both under 100 lines)
16:12:45 | INFO | 
üéØ coordinator: @model You are software packaging expert who can build any project using the Nix programming language.
16:12:46 | INFO | 
ü§ñ model: NixBuildErrorDiff.STAGNATION
16:12:46 | INFO | 
üéØ coordinator: Iteration 5 stagnated...
16:12:46 | INFO | 
üéØ coordinator: Iteration 6:
16:12:46 | INFO | 
üéØ coordinator: ```
Running phase: unpackPhase
@nix { "action": "setPhase", "phase": "unpackPhase" }
unpacking source archive /nix/store/mipgsm15y1hils1mx366lbcbfk0svpsp-source
source root is source
Running phase: patchPhase
@nix { "action": "setPhase", "phase": "patchPhase" }
Running phase: updateAutotoolsGnuConfigScriptsPhase
@nix { "action": "setPhase", "phase": "updateAutotoolsGnuConfigScriptsPhase" }
Running phase: configurePhase
@nix { "action": "setPhase", "phase": "configurePhase" }
no configure script, doing nothing
Running phase: buildPhase
@nix { "action": "setPhase", "phase": "buildPhase" }
/nix/store/1z5sisz7vr7fhyyk8zzx5mpqvfm8xz92-swift-wrapper-5.8/bin/swift: line 35: exec: swift-build: not found

```
16:12:46 | INFO | 
üéØ coordinator: Other error detected, fixing...
16:12:46 | INFO | 
üéØ coordinator: code:
{ lib
, stdenv
, fetchFromGitHub
, swift
, libadwaita
, gtk4
}:

stdenv.mkDerivation rec {
  pname = "Memorize";
  version = "0.2.4";

  src = fetchFromGitHub {
    owner = "david-swift";
    repo = "Memorize";
    rev = "${version}";
    hash = "sha256-ZvyHWxvWryrYPcWkJ3tk997fPKX6kUWYIw/uMumYr/I=";
  };

  buildInputs = [ libadwaita gtk4 ];
  nativeBuildInputs = [ swift ];

  buildPhase = ''
    swift build -c release
  '';

  installPhase = ''
    mkdir -p $out/bin
    cp .build/release/Memorize $out/bin/
  '';
}

16:12:46 | INFO | 
üéØ coordinator: error:
Running phase: unpackPhase
@nix { "action": "setPhase", "phase": "unpackPhase" }
unpacking source archive /nix/store/mipgsm15y1hils1mx366lbcbfk0svpsp-source
source root is source
Running phase: patchPhase
@nix { "action": "setPhase", "phase": "patchPhase" }
Running phase: updateAutotoolsGnuConfigScriptsPhase
@nix { "action": "setPhase", "phase": "updateAutotoolsGnuConfigScriptsPhase" }
Running phase: configurePhase
@nix { "action": "setPhase", "phase": "configurePhase" }
no configure script, doing nothing
Running phase: buildPhase
@nix { "action": "setPhase", "phase": "buildPhase" }
/nix/store/1z5sisz7vr7fhyyk8zzx5mpqvfm8xz92-swift-wrapper-5.8/bin/swift: line 35: exec: swift-build: not found


16:12:46 | INFO | 
üéØ coordinator: @model You are software packaging expert who can build any project using the Nix programming language.
16:12:47 | INFO | ü§ñ model: 


--- STREAM COMPLETE (Callback Triggered) ---
Final Prompt Tokens: 3709
Final Completion Tokens: 375
Final Total Tokens: 4084
Total Stream Cost: $0.004467
------------------------------------------


--- STREAM COMPLETE (Callback Triggered) ---
Final Prompt Tokens: 1417
Final Completion Tokens: 36
Final Total Tokens: 1453
Total Stream Cost: $0.001278
------------------------------------------

I'll investigate the build error and the project structure. The key issue appears to be with the Swift build process. Let's first check the project structure and build requirements.16:12:49 | INFO | 
ü§ñ model: total 940K
dr-xr-xr-x   5 root root   4.0K Jan  1  1970 .
drwxrwxr-t 704 root nixbld 848K Jul 14 16:12 ..
dr-xr-xr-x   4 root root   4.0K Jan  1  1970 .github
-r--r--r--   1 root root    217 Jan  1  1970 .gitignore
-r--r--r--   1 root root   4.5K Jan  1  1970 .swiftlint.yml
-r--r--r--   1 root root   1.6K Jan  1  1970 CONTRIBUTING.md
-r--r--r--   1 root root    307 Jan  1  1970 Contributors.md
-r--r--r--   1 root root    35K Jan  1  1970 LICENSE.md
-r--r--r--   1 root root     37 Jan  1  1970 Makefile
-r--r--r--   1 root root    905 Jan  1  1970 Package.swift
-r--r--r--   1 root root   3.7K Jan  1  1970 README.md
dr-xr-xr-x   4 root root   4.0K Jan  1  1970 Sources
dr-xr-xr-x   4 root root   4.0K Jan  1  1970 data
-r--r--r--   1 root root   2.6K Jan  1  1970 io.github.david_swift.Flashcards.json

16:12:50 | INFO | ü§ñ model: 


--- STREAM COMPLETE (Callback Triggered) ---
Final Prompt Tokens: 3391
Final Completion Tokens: 93
Final Total Tokens: 3484
Total Stream Cost: $0.003085
------------------------------------------

üìû Function called: project_list_directory_contents with path:  .
I see a `Package.swift` file, which confirms this is a Swift Package Manager project. The error suggests that `swift build` is not working correctly. Let's modify the build phase to use the full Swift Package Manager workflow:

```nix
{ lib
, stdenv
, fetchFromGitHub
, swift
, libadwaita
, gtk4
}:

stdenv.mkDerivation rec {
  pname = "Memorize";
  version = "0.2.4";

  src = fetchFromGitHub {
    owner = "david-swift";
    repo = "Memorize";
    rev = "${version}";
    hash = "sha256-ZvyHWxvWryrYPcWkJ3tk997fPKX6kUWYIw/uMumYr/I=";
  };

  buildInputs = [ libadwaita gtk4 ];
  nativeBuildInputs = [ swift ];

  buildPhase = ''
    swift package resolve
    swift build -c release
  '';

  installPhase = ''
    mkdir -p $out/bin
    cp .build/release/Memorize $out/bin/
  '';
}
```

The key changes are:
1. Added `swift package resolve` before `swift build` to ensure dependencies are properly downloaded and resolved
2. Kept the original build and install phases mostly the same

The error message indicated that `swift-build` was not found, which can happen if the Swift Package Manager is not fully set up. By adding `swift package resolve`, we ensure that the project's dependencies are properly prepared before building.

The modifications are minimal and directly address the build failure while maintaining the original intent of the package derivation. The `swift package resolve` command should help initialize the Swift project and prepare it for building.16:12:58 | INFO | ‚è≥ Iteration 6: Testing fix attempt 6 of 40...
16:12:58 | INFO | Building derivation outputs: /nix/store/y4f7j2mc47b4jiawl0b1kp9mmi07zf9f-source.drv^*
16:13:02 | INFO | Building derivation outputs: /nix/store/mk1dvp23kapavl91abkha4vpz32pxm4a-Memorize-0.2.4.drv^*
16:13:03 | INFO | 
üéØ coordinator: Nix build result: NixErrorKind.BUILD_ERROR
16:13:03 | INFO | previous error (last 50 lines): 
```
Running phase: unpackPhase
@nix { "action": "setPhase", "phase": "unpackPhase" }
unpacking source archive /nix/store/mipgsm15y1hils1mx366lbcbfk0svpsp-source
source root is source
Running phase: patchPhase
@nix { "action": "setPhase", "phase": "patchPhase" }
Running phase: updateAutotoolsGnuConfigScriptsPhase
@nix { "action": "setPhase", "phase": "updateAutotoolsGnuConfigScriptsPhase" }
Running phase: configurePhase
@nix { "action": "setPhase", "phase": "configurePhase" }
no configure script, doing nothing
Running phase: buildPhase
@nix { "action": "setPhase", "phase": "buildPhase" }
/nix/store/1z5sisz7vr7fhyyk8zzx5mpqvfm8xz92-swift-wrapper-5.8/bin/swift: line 35: exec: swift-build: not found

```

16:13:03 | INFO | new error (last 50 lines): 
```
Running phase: unpackPhase
@nix { "action": "setPhase", "phase": "unpackPhase" }
unpacking source archive /nix/store/mipgsm15y1hils1mx366lbcbfk0svpsp-source
source root is source
Running phase: patchPhase
@nix { "action": "setPhase", "phase": "patchPhase" }
Running phase: updateAutotoolsGnuConfigScriptsPhase
@nix { "action": "setPhase", "phase": "updateAutotoolsGnuConfigScriptsPhase" }
Running phase: configurePhase
@nix { "action": "setPhase", "phase": "configurePhase" }
no configure script, doing nothing
Running phase: buildPhase
@nix { "action": "setPhase", "phase": "buildPhase" }
/nix/store/1z5sisz7vr7fhyyk8zzx5mpqvfm8xz92-swift-wrapper-5.8/bin/swift: line 35: exec: swift-package: not found

```

16:13:03 | INFO | []
16:13:03 | INFO | Log comparison details:
16:13:03 | INFO |   Initial build: 14 total lines
16:13:03 | INFO |   Attempted improvement: 14 total lines
16:13:03 | INFO |   Showing full logs (both under 100 lines)
16:13:03 | INFO | 
üéØ coordinator: @model You are software packaging expert who can build any project using the Nix programming language.
16:13:04 | INFO | 
ü§ñ model: NixBuildErrorDiff.STAGNATION
16:13:04 | INFO | 
üéØ coordinator: Iteration 6 stagnated...
16:13:04 | INFO | 
üéØ coordinator: Iteration 7:
16:13:04 | INFO | 
üéØ coordinator: ```
Running phase: unpackPhase
@nix { "action": "setPhase", "phase": "unpackPhase" }
unpacking source archive /nix/store/mipgsm15y1hils1mx366lbcbfk0svpsp-source
source root is source
Running phase: patchPhase
@nix { "action": "setPhase", "phase": "patchPhase" }
Running phase: updateAutotoolsGnuConfigScriptsPhase
@nix { "action": "setPhase", "phase": "updateAutotoolsGnuConfigScriptsPhase" }
Running phase: configurePhase
@nix { "action": "setPhase", "phase": "configurePhase" }
no configure script, doing nothing
Running phase: buildPhase
@nix { "action": "setPhase", "phase": "buildPhase" }
/nix/store/1z5sisz7vr7fhyyk8zzx5mpqvfm8xz92-swift-wrapper-5.8/bin/swift: line 35: exec: swift-build: not found

```
16:13:04 | INFO | 
üéØ coordinator: Other error detected, fixing...
16:13:04 | INFO | 
üéØ coordinator: code:
{ lib
, stdenv
, fetchFromGitHub
, swift
, libadwaita
, gtk4
}:

stdenv.mkDerivation rec {
  pname = "Memorize";
  version = "0.2.4";

  src = fetchFromGitHub {
    owner = "david-swift";
    repo = "Memorize";
    rev = "${version}";
    hash = "sha256-ZvyHWxvWryrYPcWkJ3tk997fPKX6kUWYIw/uMumYr/I=";
  };

  buildInputs = [ libadwaita gtk4 ];
  nativeBuildInputs = [ swift ];

  buildPhase = ''
    swift build -c release
  '';

  installPhase = ''
    mkdir -p $out/bin
    cp .build/release/Memorize $out/bin/
  '';
}

16:13:04 | INFO | 
üéØ coordinator: error:
Running phase: unpackPhase
@nix { "action": "setPhase", "phase": "unpackPhase" }
unpacking source archive /nix/store/mipgsm15y1hils1mx366lbcbfk0svpsp-source
source root is source
Running phase: patchPhase
@nix { "action": "setPhase", "phase": "patchPhase" }
Running phase: updateAutotoolsGnuConfigScriptsPhase
@nix { "action": "setPhase", "phase": "updateAutotoolsGnuConfigScriptsPhase" }
Running phase: configurePhase
@nix { "action": "setPhase", "phase": "configurePhase" }
no configure script, doing nothing
Running phase: buildPhase
@nix { "action": "setPhase", "phase": "buildPhase" }
/nix/store/1z5sisz7vr7fhyyk8zzx5mpqvfm8xz92-swift-wrapper-5.8/bin/swift: line 35: exec: swift-build: not found


16:13:04 | INFO | 
üéØ coordinator: @model You are software packaging expert who can build any project using the Nix programming language.
16:13:05 | INFO | ü§ñ model: 


--- STREAM COMPLETE (Callback Triggered) ---
Final Prompt Tokens: 3901
Final Completion Tokens: 424
Final Total Tokens: 4325
Total Stream Cost: $0.004817
------------------------------------------


--- STREAM COMPLETE (Callback Triggered) ---
Final Prompt Tokens: 1417
Final Completion Tokens: 36
Final Total Tokens: 1453
Total Stream Cost: $0.001278
------------------------------------------

I'll investigate the build error and help fix the Nix package. The error suggests there's an issue with the Swift build process. Let's examine this carefully.

First, I'll search for Swift-related build tools in nixpkgs:16:13:08 | INFO | 
ü§ñ model: {
  rubyPackages_3_1 = {
    cocoapods-clean_build_phases_scripts = {
      pname = "cocoapods-clean_build_phases_scripts";
      version = "0.0.3";
      description = "";
    };
    cocoapods-generate = {
      pname = "cocoapods-generate";
      version = "2.2.5";
      description = "";
    };
  };
}
16:13:09 | INFO | ü§ñ model: 


--- STREAM COMPLETE (Callback Triggered) ---
Final Prompt Tokens: 3391
Final Completion Tokens: 117
Final Total Tokens: 3508
Total Stream Cost: $0.003181
------------------------------------------

üìû Function called: search_nixpkgs_for_package_semantic with query: swift build tool, package_set: None
Let's try a more specific search:16:13:15 | INFO | 
ü§ñ model: No packages found matching 'swift-build'
16:13:16 | INFO | ü§ñ model: 


--- STREAM COMPLETE (Callback Triggered) ---
Final Prompt Tokens: 3628
Final Completion Tokens: 74
Final Total Tokens: 3702
Total Stream Cost: $0.003198
------------------------------------------

üìû Function called: search_nixpkgs_for_package_literal with query: swift-build, package_set: None
The error message suggests that `swift-build` is not found, which implies we need to specify the full path or modify the build command.

Let's check the project files:16:13:17 | INFO | 
ü§ñ model: total 940K
dr-xr-xr-x   5 root root   4.0K Jan  1  1970 .
drwxrwxr-t 705 root nixbld 848K Jul 14 16:13 ..
dr-xr-xr-x   4 root root   4.0K Jan  1  1970 .github
-r--r--r--   1 root root    217 Jan  1  1970 .gitignore
-r--r--r--   1 root root   4.5K Jan  1  1970 .swiftlint.yml
-r--r--r--   1 root root   1.6K Jan  1  1970 CONTRIBUTING.md
-r--r--r--   1 root root    307 Jan  1  1970 Contributors.md
-r--r--r--   1 root root    35K Jan  1  1970 LICENSE.md
-r--r--r--   1 root root     37 Jan  1  1970 Makefile
-r--r--r--   1 root root    905 Jan  1  1970 Package.swift
-r--r--r--   1 root root   3.7K Jan  1  1970 README.md
dr-xr-xr-x   4 root root   4.0K Jan  1  1970 Sources
dr-xr-xr-x   4 root root   4.0K Jan  1  1970 data
-r--r--r--   1 root root   2.6K Jan  1  1970 io.github.david_swift.Flashcards.json

16:13:20 | INFO | ü§ñ model: 


--- STREAM COMPLETE (Callback Triggered) ---
Final Prompt Tokens: 3723
Final Completion Tokens: 97
Final Total Tokens: 3820
Total Stream Cost: $0.003366
------------------------------------------

üìû Function called: project_list_directory_contents with path:  .
I see a `Package.swift`, which indicates this is a Swift Package Manager project. The build command should be modified to use `swift package build` instead of `swift build`.

Here's the updated Nix derivation:

```nix
{ lib
, stdenv
, fetchFromGitHub
, swift
, libadwaita
, gtk4
}:

stdenv.mkDerivation rec {
  pname = "Memorize";
  version = "0.2.4";

  src = fetchFromGitHub {
    owner = "david-swift";
    repo = "Memorize";
    rev = "${version}";
    hash = "sha256-ZvyHWxvWryrYPcWkJ3tk997fPKX6kUWYIw/uMumYr/I=";
  };

  buildInputs = [ libadwaita gtk4 ];
  nativeBuildInputs = [ swift ];

  buildPhase = ''
    swift package build -c release
  '';

  installPhase = ''
    mkdir -p $out/bin
    cp .build/release/Memorize $out/bin/
  '';
}
```

Key changes:
1. Changed `swift build` to `swift package build` to use Swift Package Manager's build command
2. Kept all other aspects of the derivation the same

The changes address the `swift-build: not found` error by using the correct Swift Package Manager build command. This should resolve the build issue while maintaining the original package structure.16:13:26 | INFO | ‚è≥ Iteration 7: Testing fix attempt 7 of 40...
16:13:26 | INFO | Building derivation outputs: /nix/store/y4f7j2mc47b4jiawl0b1kp9mmi07zf9f-source.drv^*
16:13:29 | INFO | Building derivation outputs: /nix/store/5n3gr9m1257v4d55ggs3r1q7z58xigx7-Memorize-0.2.4.drv^*
16:13:30 | INFO | 
üéØ coordinator: Nix build result: NixErrorKind.BUILD_ERROR
16:13:30 | INFO | previous error (last 50 lines): 
```
Running phase: unpackPhase
@nix { "action": "setPhase", "phase": "unpackPhase" }
unpacking source archive /nix/store/mipgsm15y1hils1mx366lbcbfk0svpsp-source
source root is source
Running phase: patchPhase
@nix { "action": "setPhase", "phase": "patchPhase" }
Running phase: updateAutotoolsGnuConfigScriptsPhase
@nix { "action": "setPhase", "phase": "updateAutotoolsGnuConfigScriptsPhase" }
Running phase: configurePhase
@nix { "action": "setPhase", "phase": "configurePhase" }
no configure script, doing nothing
Running phase: buildPhase
@nix { "action": "setPhase", "phase": "buildPhase" }
/nix/store/1z5sisz7vr7fhyyk8zzx5mpqvfm8xz92-swift-wrapper-5.8/bin/swift: line 35: exec: swift-build: not found

```

16:13:30 | INFO | new error (last 50 lines): 
```
Running phase: unpackPhase
@nix { "action": "setPhase", "phase": "unpackPhase" }
unpacking source archive /nix/store/mipgsm15y1hils1mx366lbcbfk0svpsp-source
source root is source
Running phase: patchPhase
@nix { "action": "setPhase", "phase": "patchPhase" }
Running phase: updateAutotoolsGnuConfigScriptsPhase
@nix { "action": "setPhase", "phase": "updateAutotoolsGnuConfigScriptsPhase" }
Running phase: configurePhase
@nix { "action": "setPhase", "phase": "configurePhase" }
no configure script, doing nothing
Running phase: buildPhase
@nix { "action": "setPhase", "phase": "buildPhase" }
/nix/store/1z5sisz7vr7fhyyk8zzx5mpqvfm8xz92-swift-wrapper-5.8/bin/swift: line 35: exec: swift-package: not found

```

16:13:30 | INFO | []
16:13:30 | INFO | Log comparison details:
16:13:30 | INFO |   Initial build: 14 total lines
16:13:30 | INFO |   Attempted improvement: 14 total lines
16:13:30 | INFO |   Showing full logs (both under 100 lines)
16:13:30 | INFO | 
üéØ coordinator: @model You are software packaging expert who can build any project using the Nix programming language.
16:13:31 | INFO | 
ü§ñ model: NixBuildErrorDiff.STAGNATION
16:13:31 | INFO | 
üéØ coordinator: Iteration 7 stagnated...
16:13:31 | INFO | 
üéØ coordinator: Iteration 8:
16:13:31 | INFO | 
üéØ coordinator: ```
Running phase: unpackPhase
@nix { "action": "setPhase", "phase": "unpackPhase" }
unpacking source archive /nix/store/mipgsm15y1hils1mx366lbcbfk0svpsp-source
source root is source
Running phase: patchPhase
@nix { "action": "setPhase", "phase": "patchPhase" }
Running phase: updateAutotoolsGnuConfigScriptsPhase
@nix { "action": "setPhase", "phase": "updateAutotoolsGnuConfigScriptsPhase" }
Running phase: configurePhase
@nix { "action": "setPhase", "phase": "configurePhase" }
no configure script, doing nothing
Running phase: buildPhase
@nix { "action": "setPhase", "phase": "buildPhase" }
/nix/store/1z5sisz7vr7fhyyk8zzx5mpqvfm8xz92-swift-wrapper-5.8/bin/swift: line 35: exec: swift-build: not found

```
16:13:31 | INFO | 
üéØ coordinator: Other error detected, fixing...
16:13:31 | INFO | 
üéØ coordinator: code:
{ lib
, stdenv
, fetchFromGitHub
, swift
, libadwaita
, gtk4
}:

stdenv.mkDerivation rec {
  pname = "Memorize";
  version = "0.2.4";

  src = fetchFromGitHub {
    owner = "david-swift";
    repo = "Memorize";
    rev = "${version}";
    hash = "sha256-ZvyHWxvWryrYPcWkJ3tk997fPKX6kUWYIw/uMumYr/I=";
  };

  buildInputs = [ libadwaita gtk4 ];
  nativeBuildInputs = [ swift ];

  buildPhase = ''
    swift build -c release
  '';

  installPhase = ''
    mkdir -p $out/bin
    cp .build/release/Memorize $out/bin/
  '';
}

16:13:31 | INFO | 
üéØ coordinator: error:
Running phase: unpackPhase
@nix { "action": "setPhase", "phase": "unpackPhase" }
unpacking source archive /nix/store/mipgsm15y1hils1mx366lbcbfk0svpsp-source
source root is source
Running phase: patchPhase
@nix { "action": "setPhase", "phase": "patchPhase" }
Running phase: updateAutotoolsGnuConfigScriptsPhase
@nix { "action": "setPhase", "phase": "updateAutotoolsGnuConfigScriptsPhase" }
Running phase: configurePhase
@nix { "action": "setPhase", "phase": "configurePhase" }
no configure script, doing nothing
Running phase: buildPhase
@nix { "action": "setPhase", "phase": "buildPhase" }
/nix/store/1z5sisz7vr7fhyyk8zzx5mpqvfm8xz92-swift-wrapper-5.8/bin/swift: line 35: exec: swift-build: not found


16:13:31 | INFO | 
üéØ coordinator: @model You are software packaging expert who can build any project using the Nix programming language.
