[K[Kcopying path '/nix/store/dax78flrvcdir20swzlcm64va09nh5x8-source' from 'https://cache.nixos.org'...
copying path '/nix/store/brjzz8wv5k09bq0yrvhc1j4hd8677k21-source' from 'https://cache.nixos.org'...
copying path '/nix/store/x9wnkly3k1gkq580m90jjn32q9f05q2v-source' from 'https://cache.nixos.org'...
copying path '/nix/store/yq3hi63knlj4sgzl9hi6hnzrjmz9swkb-source' from 'https://cache.nixos.org'...
copying path '/nix/store/rzdjxxf4jkv3qdsjxkg54fxbma5zr05k-gnu-config-2024-01-01' from 'https://cache.nixos.org'...
copying path '/nix/store/f39n04f53gaq597r5vbl36j2470jdc37-nixpkgs-package-embeddings-unstable-2024-01-05' from 'https://vibenix.cachix.org'...
copying path '/nix/store/lxkyjky1aprqsd4g62bps6k1lzp6ls6d-noogle-function-names' from 'https://vibenix.cachix.org'...
copying path '/nix/store/wrna5hk5vyb3gvzfanbva7x4iazhlzjx-aiohappyeyeballs-2.6.1' from 'https://vibenix.cachix.org'...
copying path '/nix/store/77srrzrgwvkjif2p3brpzjc1ih85a0il-aiohttp-3.12.13' from 'https://vibenix.cachix.org'...
copying path '/nix/store/93zy1ihqi6xvxajdvx6kks1g78vbnkmn-aiosignal-1.4.0' from 'https://vibenix.cachix.org'...
copying path '/nix/store/1pzivymc3760p75s4mkf3krj36ga46y4-annotated-types-0.7.0' from 'https://vibenix.cachix.org'...
copying path '/nix/store/icl0rbsym6fws9v6lrbnbjh4df70g6qw-anyio-4.9.0' from 'https://vibenix.cachix.org'...
copying path '/nix/store/dbs44h4n71285l5a411aq5q145hiklq6-attrs-25.3.0' from 'https://vibenix.cachix.org'...
copying path '/nix/store/a0ksff5nh822mgff92ag1378vnncdyyy-beautifulsoup4-4.13.4' from 'https://vibenix.cachix.org'...
copying path '/nix/store/q9aa899myqq983cs3h0hm3mrmjbzz9rx-certifi-2025.6.15' from 'https://vibenix.cachix.org'...
copying path '/nix/store/2j9967a0w69g2zyb0f4gxkv9a4nidix2-cffi-1.17.1' from 'https://vibenix.cachix.org'...
copying path '/nix/store/b4yns4w7x5hcqxl0snvcs2aaqdy5wcy7-click-8.2.1' from 'https://vibenix.cachix.org'...
copying path '/nix/store/pn6fb0zaxjml7y5bqdvm8c80allwdqg6-diskcache-5.6.3' from 'https://vibenix.cachix.org'...
copying path '/nix/store/7y35xx2z1avbyzaawjpayvp92k126y50-filelock-3.18.0' from 'https://vibenix.cachix.org'...
copying path '/nix/store/jpl4s53112dzl04rsx02plkc42kag541-flatbuffers-25.2.10' from 'https://vibenix.cachix.org'...
copying path '/nix/store/afacgi173j35xdc3rih1i2iadx8k68vr-abseil-cpp-20250127.1' from 'https://cache.nixos.org'...
copying path '/nix/store/974a51073v6cb7cr5j0dazanxzmk9bxg-binutils-2.44-lib' from 'https://cache.nixos.org'...
copying path '/nix/store/1abbyfv3bpxalfjfgpmwg8jcy931bf76-bzip2-1.0.8-bin' from 'https://cache.nixos.org'...
copying path '/nix/store/ajb370ch8fqr4m2zlgf5k6k9bj66qk3m-c-ares-1.34.5' from 'https://cache.nixos.org'...
copying path '/nix/store/3hkppj1kz6wa72ydac0w3qazbsndgk9j-cryptography-45.0.5' from 'https://vibenix.cachix.org'...
copying path '/nix/store/w762xfdg6qkyamncs8s33m182n45nmma-dav1d-1.5.1' from 'https://cache.nixos.org'...
copying path '/nix/store/2x51wvk10m9l014lyrfdskc3b360ifjp-ed-1.21.1' from 'https://cache.nixos.org'...
copying path '/nix/store/p9k7bd23v5yvmap9594f9x7hpvacdh32-expand-response-params' from 'https://cache.nixos.org'...
copying path '/nix/store/j0bzxly2rvcym1zkhn393adiqcwn8np6-expat-2.7.1' from 'https://cache.nixos.org'...
copying path '/nix/store/imhzyxqr7swq08ip81az5kfa07r07kg0-file-5.46' from 'https://cache.nixos.org'...
copying path '/nix/store/719j8zd8g3pa5605b7a6w5csln323b1x-fribidi-1.0.16' from 'https://cache.nixos.org'...
copying path '/nix/store/ljlh1fbr3ym68dxjp3ck86if57wh8lqw-frozenlist-1.7.0' from 'https://vibenix.cachix.org'...
copying path '/nix/store/w448kjr7ng37ppka5gimnabg6avwpzys-fsspec-2025.5.1' from 'https://vibenix.cachix.org'...
copying path '/nix/store/fcyn0dqszgfysiasdmkv1jh3syncajay-gawk-5.3.2' from 'https://cache.nixos.org'...
copying path '/nix/store/qkzkz12l4q06lzbji0ifgynzrd44bpjs-gdbm-1.25-lib' from 'https://cache.nixos.org'...
copying path '/nix/store/sdqvwr8gc74ms9cgf56yvy409xvl8hsf-gettext-0.22.5' from 'https://cache.nixos.org'...
copying path '/nix/store/rzq0z5r673131pgvnghyyk5ccpgivpy3-gfortran-14.2.1.20250322-libgcc' from 'https://cache.nixos.org'...
copying path '/nix/store/d9x4blp2xwsbamz8az3c54x7la08j6ln-giflib-5.2.2' from 'https://cache.nixos.org'...
copying path '/nix/store/5cw0l0z6wr19ra9shv9hwkq4chvi526g-gitdb-4.0.12' from 'https://vibenix.cachix.org'...
copying path '/nix/store/9vd0bjq0y30d80f4yfrg4wj9xpqbyzhk-gitpython-3.1.44' from 'https://vibenix.cachix.org'...
copying path '/nix/store/303islqk386z1w2g1ngvxnkl4glfpgrs-glibc-2.40-66-bin' from 'https://cache.nixos.org'...
copying path '/nix/store/dwwc14ppzkl0yphcgsz25xvi24c9d1zm-gmp-6.3.0' from 'https://cache.nixos.org'...
copying path '/nix/store/v63bxfiacw082c7ijshf60alvvrpfxsq-binutils-2.44' from 'https://cache.nixos.org'...
copying path '/nix/store/y7g9g1gfg1f6y3gm2h02i7hmjzv10f9q-dav1d-1.5.1-dev' from 'https://cache.nixos.org'...
copying path '/nix/store/nzg6zqsijbv7yc95wlfcdswx6bg69srq-gmp-with-cxx-6.3.0' from 'https://cache.nixos.org'...
copying path '/nix/store/gqmr3gixlddz3667ba1iyqck3c0dkpvd-gnugrep-3.11' from 'https://cache.nixos.org'...
copying path '/nix/store/n04sxidn013wvhqp0d2sx6w052w8b9w5-gfortran-14.2.1.20250322-lib' from 'https://cache.nixos.org'...
copying path '/nix/store/kv10h4pidkmx8cjs2sw2pi9rlcnighbc-gnumake-4.4.1' from 'https://cache.nixos.org'...
copying path '/nix/store/clbb2cvigynr235ab5zgi18dyavznlk2-gnused-4.9' from 'https://cache.nixos.org'...
copying path '/nix/store/wrxvqj822kz8746608lgns7h8mkpn79f-gnutar-1.35' from 'https://cache.nixos.org'...
copying path '/nix/store/088li1j480s9yv1736wiz7a26bxi405w-graphite2-1.3.14' from 'https://cache.nixos.org'...
copying path '/nix/store/afhkqb5a94zlwjxigsnwsfwkf38h21dk-gzip-1.14' from 'https://cache.nixos.org'...
copying path '/nix/store/1rvcmxd71scqgmhgnh7337l5hhvaa44c-h11-0.16.0' from 'https://vibenix.cachix.org'...
copying path '/nix/store/dd13p1v3bvdwq9nhi2bm5g0v0k6l61g1-hf-xet-1.1.5' from 'https://vibenix.cachix.org'...
copying path '/nix/store/q7lfcy39jch8nyjsg6kx2nczyv8rnb0b-httpcore-1.0.9' from 'https://vibenix.cachix.org'...
copying path '/nix/store/j4gc8fk7wazgn2hqnh0m8b12xx6m1n75-iana-etc-20250108' from 'https://cache.nixos.org'...
copying path '/nix/store/i4lj3w4yd9x9jbi7a1xhjqsr7bg8jq7p-icu4c-76.1' from 'https://cache.nixos.org'...
copying path '/nix/store/zbm5siak8g8283v5khxdb6m45dcwfnar-idna-3.10' from 'https://vibenix.cachix.org'...
copying path '/nix/store/87fck6hm17chxjq7badb11mq036zbyv9-coreutils-9.7' from 'https://cache.nixos.org'...
copying path '/nix/store/kyk1y2j235h7i4a4xgx9a9nbj08z8ays-importlib-metadata-8.7.0' from 'https://vibenix.cachix.org'...
copying path '/nix/store/5r792iwci69gfmjgy2xdq9n5a2a9y3gb-index-x86_64-linux' from 'https://vibenix.cachix.org'...
copying path '/nix/store/r60202mjd9fp7k89fnqxxn00rvf9m2hy-iniconfig-2.1.0' from 'https://vibenix.cachix.org'...
copying path '/nix/store/aq5b44b37zp5dfwz5330pxqm699gs4g3-isl-0.20' from 'https://cache.nixos.org'...
copying path '/nix/store/045saa4khs89hwn607qzm90flvb6snis-jaraco-classes-3.4.0' from 'https://vibenix.cachix.org'...
copying path '/nix/store/yg1rza690hqxqhp89v601838lg270vix-jaraco-context-6.0.1' from 'https://vibenix.cachix.org'...
copying path '/nix/store/154hkcw6lzj0i2wnz0q01h8898jii5mw-jaraco-functools-4.2.1' from 'https://vibenix.cachix.org'...
copying path '/nix/store/jqc80d13ikbicwyxnz4lbmh30ah4a0vz-jeepney-0.9.0' from 'https://vibenix.cachix.org'...
copying path '/nix/store/96mqmcl32fjzb0zv9qdy9vpd2vcdqlaq-jinja2-3.1.6' from 'https://vibenix.cachix.org'...
copying path '/nix/store/pn5mw7yrgkhsnbhxjv9mxgka0xgh8ljg-jiter-0.10.0' from 'https://vibenix.cachix.org'...
copying path '/nix/store/0gvxd6zy4krr24qpz6pj922wkklhm5ia-joblib-1.5.1' from 'https://vibenix.cachix.org'...
copying path '/nix/store/9r8xfhfxbabvqh0c63fqg9ryd8xcf4d3-jsonschema-specifications-2025.4.1' from 'https://vibenix.cachix.org'...
copying path '/nix/store/jgxvk139zdfxi1wgdi9pjj1yhhgwvrff-lerc-4.0.0' from 'https://cache.nixos.org'...
copying path '/nix/store/lxwz7p71fayz9j2if91w7v83jk4zwnyp-keyrings-alt-5.0.2' from 'https://vibenix.cachix.org'...
copying path '/nix/store/bqpjpzxr0x2pdgxydxp3zh7npkx77nlf-lcms2-2.17' from 'https://cache.nixos.org'...
copying path '/nix/store/psjc7gv2314bxncywpvsg76gvbk2dn00-libXau-1.0.12' from 'https://cache.nixos.org'...
copying path '/nix/store/hx0kbryivbs7qccnvpmr17y6x818dhxc-libXdmcp-1.1.5' from 'https://cache.nixos.org'...
copying path '/nix/store/amy9kqbm05wv18z5z66a3kprc2ccp390-libdeflate-1.23' from 'https://cache.nixos.org'...
copying path '/nix/store/5hnl9a0hzm249a5cfvfif4ynbdmlx94l-libimagequant-4.3.4' from 'https://cache.nixos.org'...
copying path '/nix/store/9f6bvnw1hxy79shw6lva854ck3cmi43j-libjpeg-turbo-3.0.4' from 'https://cache.nixos.org'...
copying path '/nix/store/y3x4m9wy3a731ibvgvs194j10znc392m-libpng-apng-1.6.46' from 'https://cache.nixos.org'...
copying path '/nix/store/7h0sard22wnbz0jyz07w8y9y0fcs795r-diffutils-3.12' from 'https://cache.nixos.org'...
copying path '/nix/store/7y59hzi3svdj1xjddjn2k7km96pifcyl-findutils-4.10.0' from 'https://cache.nixos.org'...
copying path '/nix/store/ybd0aamz6dwc51x1ab62b7qycccqb0z0-libselinux-3.8.1' from 'https://cache.nixos.org'...
copying path '/nix/store/sh1rrkag3x04p0gs80723iwfdwlysxf8-libvmaf-3.0.0' from 'https://cache.nixos.org'...
copying path '/nix/store/qizipyz9y17nr4w4gmxvwd3x4k0bp2rh-libxcrypt-4.4.38' from 'https://cache.nixos.org'...
copying path '/nix/store/cyayc07z8d9h6i5ndadbljwlc9wcrf0k-libyaml-0.2.5' from 'https://cache.nixos.org'...
copying path '/nix/store/qn01pv62sbpzbsy0a6m0q23syrmkk3bv-libxcb-1.17.0' from 'https://cache.nixos.org'...
copying path '/nix/store/0g8h2g6wa8pwxg7bxh0mv8bhp4shpxam-linkify-it-py-2.0.3' from 'https://vibenix.cachix.org'...
copying path '/nix/store/hxrjrzngydk24ah8b5n8cl777n39y08b-linux-headers-6.12.7' from 'https://cache.nixos.org'...
copying path '/nix/store/42nhh7d9j9p1wmlzihqml4rpiryqgd08-logfire-api-3.22.0' from 'https://vibenix.cachix.org'...
copying path '/nix/store/d9clanc984j3lx1rip0lyhi7c0p1k19q-loguru-0.7.3' from 'https://vibenix.cachix.org'...
copying path '/nix/store/5i64l61if26whc3r9lzq6ycxpd2xnlgm-freetype-2.13.3' from 'https://cache.nixos.org'...
copying path '/nix/store/zr0hlr1hybxs08j44l38b8na1m8xpkms-libwebp-1.5.0' from 'https://cache.nixos.org'...
copying path '/nix/store/39zbg3zrp77ima6ih51ihzlzmm1yj5vh-libyuv-1908' from 'https://cache.nixos.org'...
copying path '/nix/store/w9i4n036vi7dyc7n8y4yc988h2ynpmfd-magentic-0.40.0' from 'https://vibenix.cachix.org'...
copying path '/nix/store/1jj2lq1kzys105rqq5n1a2r4v59arz43-mailcap-2.1.54' from 'https://cache.nixos.org'...
copying path '/nix/store/mbp6x1r4wws70jh84czs9fv2jss87jiv-markupsafe-3.0.2' from 'https://vibenix.cachix.org'...
copying path '/nix/store/8gbhq49935jx632fl02vhz1d42v6qa1s-mdit-py-plugins-0.4.2' from 'https://vibenix.cachix.org'...
copying path '/nix/store/3y1f22xcs2nqllz002h4amyx8n4x84qf-mdurl-0.1.2' from 'https://vibenix.cachix.org'...
copying path '/nix/store/9nn8vbf2n55zkb7dh6ldxckbis3pkh30-libaom-3.11.0' from 'https://cache.nixos.org'...
copying path '/nix/store/029cprg174i7c4gvn1lwmnm4vdl6k8df-libvmaf-3.0.0-dev' from 'https://cache.nixos.org'...
copying path '/nix/store/ramdzynrf7qb7yhvlmalj6rwikh8ibq9-more-itertools-10.7.0' from 'https://vibenix.cachix.org'...
copying path '/nix/store/wyf93cvh25b2xg82mkjcpmwgcspk0ggr-mpdecimal-4.0.0' from 'https://cache.nixos.org'...
copying path '/nix/store/n52k1dccv0mipz1s4gkk45x64cmmcvrf-mpfr-4.2.2' from 'https://cache.nixos.org'...
copying path '/nix/store/l26cy7r5prl2614bnn8l7wrnxg7allz8-mpmath-1.3.0' from 'https://vibenix.cachix.org'...
copying path '/nix/store/hafn02z8ac6sb6bhyh96w30vxqpmfpzv-multidict-6.6.3' from 'https://vibenix.cachix.org'...
copying path '/nix/store/qzk9gj8jdl37xqiccxa98g442byp3rrq-libtiff-4.7.0' from 'https://cache.nixos.org'...
copying path '/nix/store/93p8lzm2pajznwjanciiq3zggqndykyy-ninja-1.12.1' from 'https://cache.nixos.org'...
copying path '/nix/store/sxwsvx77nzml6brk0ad7j35ja72482az-nix-2.28.3-man' from 'https://cache.nixos.org'...
copying path '/nix/store/i48zw14qnz1z9ky9yyw803pr9bxiwhc4-nix-index-0.1.8' from 'https://cache.nixos.org'...
copying path '/nix/store/6fv8ayzjvgyl3rdhxp924zdhwvhz2iq6-nss-cacert-3.111' from 'https://cache.nixos.org'...
copying path '/nix/store/82n465240j5a8ap7c60gqy3a6kwqv1rs-numactl-2.0.18' from 'https://cache.nixos.org'...
copying path '/nix/store/z8rlklqfzxq7azbzyp30938x7wh5zf3c-oniguruma-6.9.10-lib' from 'https://cache.nixos.org'...
copying path '/nix/store/zcmiz1a7wic7qyimhj9bb1k9iryafb0s-openblas-0.3.29' from 'https://cache.nixos.org'...
copying path '/nix/store/jj5bpbmlv2kmvmgp9ncz48z1n60cnwq6-packaging-25.0' from 'https://vibenix.cachix.org'...
copying path '/nix/store/x0kaspzb5jqvgp357bj27z6iq24ximfg-patch-2.7.6' from 'https://cache.nixos.org'...
copying path '/nix/store/2jc1jmzis19adawjwhl8qhdvh7vlbk0q-patchelf-0.15.0' from 'https://cache.nixos.org'...
copying path '/nix/store/r25srliigrrv5q3n7y8ms6z10spvjcd9-glibc-2.40-66-dev' from 'https://cache.nixos.org'...
copying path '/nix/store/mb407pssv7zc7pfb4d910k6fshfagm6j-libmpc-1.3.1' from 'https://cache.nixos.org'...
copying path '/nix/store/1079gwyr9mrzrr5sk4fgdzv872pcp1lv-platformdirs-4.3.8' from 'https://vibenix.cachix.org'...
copying path '/nix/store/5gk4cmjyygwdgx1my78lrz9w7hvzwwnf-openjpeg-2.5.2' from 'https://cache.nixos.org'...
copying path '/nix/store/cpagn52jr616azfh6g50xiymwsma6pia-pluggy-1.6.0' from 'https://vibenix.cachix.org'...
copying path '/nix/store/xnaqq0zhh7nfsnd9c6k9s2x9yqx0ii0k-propcache-0.3.2' from 'https://vibenix.cachix.org'...
copying path '/nix/store/gwxwbrzzlvw1pr2d72ia9hnjpjh4amip-nix-2.28.3' from 'https://cache.nixos.org'...
copying path '/nix/store/pi7vpdqikh160rj4vyfh58x0z2hksgj7-libaom-3.11.0-bin' from 'https://cache.nixos.org'...
copying path '/nix/store/88ma4lbybcpdg0z8745nw9mvj5anb7mq-protobuf-30.2' from 'https://cache.nixos.org'...
copying path '/nix/store/sdqzcyfy52y0vf10nfsxy3mhv9b2vmkv-jq-1.7.1' from 'https://cache.nixos.org'...
copying path '/nix/store/fy2v599vrnar1r68vna537h0hhqsjlwf-protobuf-6.31.1' from 'https://vibenix.cachix.org'...
copying path '/nix/store/lwkwn26kkgzvhkh7bcm1ijpxiy6x9rpi-pycparser-2.22' from 'https://vibenix.cachix.org'...
copying path '/nix/store/s1z54qfxvbwjvkzh7d1jfkcjcniq30n3-pydantic-2.11.7' from 'https://vibenix.cachix.org'...
copying path '/nix/store/knncjnfx5lniwxvf6d8gwny1qdfmfk8r-pydantic-settings-2.10.1' from 'https://vibenix.cachix.org'...
copying path '/nix/store/0vyyjdmi03my0z67h7s77sssybfvqx18-pydantic-core-2.33.2' from 'https://vibenix.cachix.org'...
copying path '/nix/store/dlryxzgbpd52r2ql3i0zb946dbxl1cdq-python3.12-grpcio-1.71.0' from 'https://cache.nixos.org'...
copying path '/nix/store/2k33j90d2arc2cywzk7ax530m28miqh4-pyyaml-6.0.2' from 'https://vibenix.cachix.org'...
copying path '/nix/store/qz7hvb0ljkq06gsz2cpiy8v32fa2k110-re2-2024-07-02' from 'https://cache.nixos.org'...
copying path '/nix/store/971mpk4nqhqcxggx0yi60w9y1ya570bj-readline-8.2p13' from 'https://cache.nixos.org'...
copying path '/nix/store/hhfm5fkvb1alg1np5a69m2qlcjqhr062-binutils-wrapper-2.44' from 'https://cache.nixos.org'...
copying path '/nix/store/pz4w39j977dgfvdh6r7q5wka9wknn3i5-blas-3' from 'https://cache.nixos.org'...
copying path '/nix/store/9ds850ifd4jwcccpp3v14818kk74ldf2-gcc-14.2.1.20250322' from 'https://cache.nixos.org'...
copying path '/nix/store/n9ch6ggimi6ri5vx62mqmzgrrkb3qfwg-jq-1.7.1-bin' from 'https://cache.nixos.org'...
copying path '/nix/store/87wzgzb3yrn4kbw2b1hslhmk11drzjgi-lapack-3' from 'https://cache.nixos.org'...
copying path '/nix/store/z88zb5wamza6irc3lkz6aj52ga3q5sl3-libaom-3.11.0-dev' from 'https://cache.nixos.org'...
copying path '/nix/store/jwpab2zvxii91x0vlly7ydzwfls3k5mn-regex-2024.11.6' from 'https://vibenix.cachix.org'...
copying path '/nix/store/y4jd65pvgmbnfl81xp9slh8r82yn5vhn-python3.12-torch-2.7.0-lib' from 'https://cache.nixos.org'...
copying path '/nix/store/b6hvzz9inq1v51029xvdqbc9aldnr0dr-requests-2.32.4' from 'https://vibenix.cachix.org'...
copying path '/nix/store/7zyldkwr9w9ajh62n38kys55fi0v5jxc-rich-14.0.0' from 'https://vibenix.cachix.org'...
copying path '/nix/store/jq5l1bf0jf1d8kajz2ha6a26f4mvmh7c-referencing-0.36.2' from 'https://vibenix.cachix.org'...
copying path '/nix/store/1q9lw4r2mbap8rsr8cja46nap6wvrw2p-bash-interactive-5.2p37' from 'https://cache.nixos.org'...
copying path '/nix/store/lf3qlmx56gb8zmzz6jy3cixinikvs15f-bc-1.08.1' from 'https://cache.nixos.org'...
copying path '/nix/store/b9a4bfrb23fv03ysmqwybqcsc7iw97jf-ripgrep-14.1.1' from 'https://cache.nixos.org'...
copying path '/nix/store/kgqarpnisknp1s2vmi8c9bbgi4ylr0vq-rpds-py-0.26.0' from 'https://vibenix.cachix.org'...
copying path '/nix/store/j36kxcvkp6k7mna5qxx5k9nv3w2hi5ba-scipy-1.16.0' from 'https://vibenix.cachix.org'...
copying path '/nix/store/1sbbvam2ph64bl7jywgvndg3a5zs4k03-secretstorage-3.3.3' from 'https://vibenix.cachix.org'...
copying path '/nix/store/w006sa7ak2s8gl2g5y8pi8baksx3i5hw-scikit-learn-1.7.0' from 'https://vibenix.cachix.org'...
copying path '/nix/store/rsybdn3hqhggpdwm17xn72pbv40y3b1w-setuptools-80.9.0' from 'https://vibenix.cachix.org'...
copying path '/nix/store/4mdwgy9a400f9lwm0waz0xbnw4pgas1w-smmap-5.0.2' from 'https://vibenix.cachix.org'...
copying path '/nix/store/0bi2jvyklizz9jxnjpcrp8nq5vi7fzpb-sniffio-1.3.1' from 'https://vibenix.cachix.org'...
copying path '/nix/store/r5gwyr8bfw19xg9qa58g6l8rikmgrfb7-soupsieve-2.7' from 'https://vibenix.cachix.org'...
copying path '/nix/store/nh3rw4hvwwgxdk3xpyvmvsp5axr3szf1-textual-3.5.0' from 'https://vibenix.cachix.org'...
copying path '/nix/store/zdy0a0kgc2fjfvdp8021q2simvs85pah-threadpoolctl-3.6.0' from 'https://vibenix.cachix.org'...
copying path '/nix/store/wxwi52s9i2lg2xhwzswhv41pih8hpha3-tiktoken-0.9.0' from 'https://vibenix.cachix.org'...
copying path '/nix/store/j34r3f6fd9w3x7ya764xbnd096gr7nhx-tokenizers-0.21.2' from 'https://vibenix.cachix.org'...
copying path '/nix/store/0vksb7zq0j6m5w5zgqbzxs5ppa11jjh2-blas-3-dev' from 'https://cache.nixos.org'...
copying path '/nix/store/alrjbv8p42dc0gy3fd89mzfyc0blf35z-typing-extensions-4.14.1' from 'https://vibenix.cachix.org'...
copying path '/nix/store/y6qv0jryh86dd9qcdr9mkzk5m5dqddzc-typing-inspection-0.4.1' from 'https://vibenix.cachix.org'...
copying path '/nix/store/qyihkwbhd70ynz380whj3bsxk1d2lyc4-tzdata-2025b' from 'https://cache.nixos.org'...
copying path '/nix/store/8g2iaf60wc1cjifz8g67r42sq5a98x5p-uc-micro-py-1.0.3' from 'https://vibenix.cachix.org'...
copying path '/nix/store/lmc7x75jvrca79fc2r2j1frmklzvh04h-update-autotools-gnu-config-scripts-hook' from 'https://cache.nixos.org'...
copying path '/nix/store/8g5phs9nlrlrnmfk9npapi2pfyirq236-urllib3-2.5.0' from 'https://vibenix.cachix.org'...
copying path '/nix/store/r03ly1w54924k8fag1dhjl3yrllj6czd-util-linux-minimal-2.41-lib' from 'https://cache.nixos.org'...
copying path '/nix/store/98zamhd8d0jq3skqwz28dlgph94mrqir-xz-5.8.1-bin' from 'https://cache.nixos.org'...
copying path '/nix/store/2jvh1rys6qn4nkafrhyzzjvz5r9na5ri-lapack-3-dev' from 'https://cache.nixos.org'...
copying path '/nix/store/q2qjmy5skajgs01fgc6kzkn8klfpp3p7-yarl-1.20.1' from 'https://vibenix.cachix.org'...
copying path '/nix/store/81pn8jsbn26hwvm0hasjr8sdg17xy3fh-zipp-3.23.0' from 'https://vibenix.cachix.org'...
copying path '/nix/store/k8asbblj2xn748rslklcll68b4ygh2am-zlib-ng-2.2.4' from 'https://cache.nixos.org'...
copying path '/nix/store/z3ayhjslz72ldiwrv3mn5n7rs96p2g8a-fzf-0.62.0' from 'https://cache.nixos.org'...
copying path '/nix/store/bkpj51fz88rbyjd60i6lrp0xdax1b24g-glib-2.84.1' from 'https://cache.nixos.org'...
copying path '/nix/store/8w718rm43x7z73xhw9d6vh8s4snrq67h-python3-3.12.10' from 'https://cache.nixos.org'...
copying path '/nix/store/fwdymc6gxjiwxz54jac0nk97jn8hmavj-git-minimal-2.49.0' from 'https://cache.nixos.org'...
copying path '/nix/store/cdr8agx3ffy086z30wiysnclrc5m8x69-gdk-pixbuf-2.42.12' from 'https://cache.nixos.org'...
copying path '/nix/store/8bsl1vrab2pwj8ilpzfn2iwzbrps8jgq-harfbuzz-10.2.0' from 'https://cache.nixos.org'...
copying path '/nix/store/808xr68djvk0x3r754mi81yvm2yr9ppq-libavif-1.2.1' from 'https://cache.nixos.org'...
copying path '/nix/store/sqlg8w7j330fvjxn956i5jkq91nk748r-libraqm-0.10.2' from 'https://cache.nixos.org'...
copying path '/nix/store/x3vwgqsbidc45d3363z2yvzk1h55anjj-nix-index-database' from 'https://vibenix.cachix.org'...
copying path '/nix/store/k01pnvls1v00i7w5rmzcap79db1yhwwk-nix-index-with-full-db-0.1.8' from 'https://vibenix.cachix.org'...
copying path '/nix/store/0fsnicvfpf55nkza12cjnad0w84d6ba7-gcc-wrapper-14.2.1.20250322' from 'https://cache.nixos.org'...
copying path '/nix/store/nivcx63drxqzm6pic6vm2wbkxl368w83-stdenv-linux' from 'https://cache.nixos.org'...
copying path '/nix/store/9j2875z04vxc34q8pz01ldqjhqin3css-charset-normalizer-3.4.2' from 'https://vibenix.cachix.org'...
copying path '/nix/store/ry4kqysxhdnp2kfwq8n0wkvcikndwg7v-coloredlogs-15.0.1' from 'https://vibenix.cachix.org'...
copying path '/nix/store/m41pgmnpbfqbq560pln9c85pjxzgh6cq-ddgr-2.2' from 'https://vibenix.cachix.org'...
copying path '/nix/store/9zrai6nk7g73zx6i9cfwdzdaripbbg8s-distro-1.9.0' from 'https://vibenix.cachix.org'...
copying path '/nix/store/wkl534vq4c68nixkghb40nj2lj6cnsyq-filetype-1.2.0' from 'https://vibenix.cachix.org'...
copying path '/nix/store/84ly44vs2jm8127flmr0avynzajjpz3c-httpx-0.28.1' from 'https://vibenix.cachix.org'...
copying path '/nix/store/wg4dzy4lg2j8c768cb57vcypl23wjg89-huggingface-hub-0.33.2' from 'https://vibenix.cachix.org'...
copying path '/nix/store/2r57wks3zhlll9v99a9qa9sazq1idd54-jsonschema-4.24.0' from 'https://vibenix.cachix.org'...
copying path '/nix/store/2wwx9i6py4kbibq3wi54ffxfil2g6qzf-humanfriendly-10.0' from 'https://vibenix.cachix.org'...
copying path '/nix/store/qky9wwswfplx5ymvlvg0vpdlzd21j47g-keyring-25.6.0' from 'https://vibenix.cachix.org'...
copying path '/nix/store/45yqflc8raykvykq4d3b0qsgnmvlrl3s-litellm-1.74.0' from 'https://vibenix.cachix.org'...
copying path '/nix/store/60jk7d4pddjjx4k0gc3gk5qq03x865qs-magika-0.6.2' from 'https://vibenix.cachix.org'...
copying path '/nix/store/w1hss92azmgh16ga26xni8sgcmx7f7y3-markdown-it-py-3.0.0' from 'https://vibenix.cachix.org'...
copying path '/nix/store/cg72vq36pzc2rikxp4kbgrv5042vi1rm-numpy-2.3.1' from 'https://vibenix.cachix.org'...
copying path '/nix/store/fikws91k32ymb2ksdvaazm68j0aaz7md-onnxruntime-1.22.0' from 'https://vibenix.cachix.org'...
copying path '/nix/store/9x13r5v5x6ahv1ykfnx4yhwr2ccxhd8h-openai-1.93.0' from 'https://vibenix.cachix.org'...
copying path '/nix/store/0q5p8ljp776g4jzz4y6df75f5ckf8q2l-pybind11-setup-hook' from 'https://cache.nixos.org'...
copying path '/nix/store/jy7c45g6ycbidyqjzqk9z6wm13qpnzgn-pygments-2.19.2' from 'https://vibenix.cachix.org'...
copying path '/nix/store/q77wzbxvv0dw72599xa1nbgi9yybcw79-pytest-8.4.1' from 'https://vibenix.cachix.org'...
copying path '/nix/store/lvdgcm3adxf8715h3la0s0y55fnaw4jd-python-dotenv-1.1.1' from 'https://vibenix.cachix.org'...
copying path '/nix/store/sh5ppi942j3skshdbg5mpdji2n0x91nf-python3.12-absl-py-2.2.1' from 'https://cache.nixos.org'...
copying path '/nix/store/blsxhz45in0asxiq6frv665aq8vzvnx7-python3.12-attrs-25.3.0' from 'https://cache.nixos.org'...
copying path '/nix/store/y85rrr4sx62x27fka04sncbbd7g8g59j-python3.12-certifi-2025.01.31' from 'https://cache.nixos.org'...
copying path '/nix/store/azbbrwb8glahagaqqsaa4akv20903lm3-python3.12-charset-normalizer-3.4.1' from 'https://cache.nixos.org'...
copying path '/nix/store/rivxng6n93azs8pdzw43vz8alk5vxyj0-python3.12-expecttest-0.2.1' from 'https://cache.nixos.org'...
copying path '/nix/store/j3al9fa175ksfwnl9bmmzc0f2vwc62v8-python3.12-fb-re2-1.0.7' from 'https://cache.nixos.org'...
copying path '/nix/store/s6x7g6258l9adjfb3cps7l4lcc1xwx60-python3.12-filelock-3.18.0' from 'https://cache.nixos.org'...
copying path '/nix/store/2xb3wp0g97b8ss29z30vx77hazj71yvw-python3.12-fsspec-2025.3.1' from 'https://cache.nixos.org'...
copying path '/nix/store/n0v27hx3n5sc51z833jbmkgi4sm086qg-python3.12-idna-3.10' from 'https://cache.nixos.org'...
copying path '/nix/store/6nsicakxgz51c7r2qpaccl0ghlg5g27c-python3.12-lz4-4.4.3' from 'https://cache.nixos.org'...
copying path '/nix/store/s2aybac1kppf97sqv9x0zk4v7b8v1j2j-python3.12-markdown-3.7' from 'https://cache.nixos.org'...
copying path '/nix/store/x7nyn4jv80amafdya2xgm1a07m0hinap-python3.12-markupsafe-3.0.2' from 'https://cache.nixos.org'...
copying path '/nix/store/417i818f9mgfn7dwvp1041xqrb0plxds-python3.12-networkx-3.4.2' from 'https://cache.nixos.org'...
copying path '/nix/store/x03l9qdgi46jsbk8h7d0cc2zrabiqa11-python3.12-mpmath-1.3.0' from 'https://cache.nixos.org'...
copying path '/nix/store/6bbj89a47jis86iawfaqpi3w4av9w3bf-python3.12-ninja-1.12.1' from 'https://cache.nixos.org'...
copying path '/nix/store/gcjg4a0nlrwfd0s4gs35cndspw3l94sc-python3.12-numpy-2.2.5' from 'https://cache.nixos.org'...
copying path '/nix/store/2c08h1gknkfgi3nizd4f9az3b0j4prvx-python3.12-packaging-24.2' from 'https://cache.nixos.org'...
copying path '/nix/store/wmjdijhvbxz83rrgwrqfgpxsv0k2bmqr-python3.12-pillow-11.2.1' from 'https://cache.nixos.org'...
copying path '/nix/store/crf6plx9zazgp46qgix129sc6dhy48sk-mercurial-6.9.4' from 'https://cache.nixos.org'...
copying path '/nix/store/5zw4h7r99cbnybl3vljcr7w8qg7q3brn-python3.12-protobuf-6.30.2' from 'https://cache.nixos.org'...
copying path '/nix/store/kn0svpfjpbx8zl1rp0f0rzh2ray0c2xs-python3.12-jinja2-3.1.6' from 'https://cache.nixos.org'...
copying path '/nix/store/ny3v2j2cxx3flyd2gfbvgkcb0v84wf67-python3.12-psutil-7.0.0' from 'https://cache.nixos.org'...
copying path '/nix/store/csxa2mxxalv24kqn4x60ih3hbwv0fj5k-python3.12-pybind11-2.13.6' from 'https://cache.nixos.org'...
copying path '/nix/store/31639aa7g91847pds9bs1mb3gadw8wgy-python3.12-pyyaml-6.0.2' from 'https://cache.nixos.org'...
copying path '/nix/store/vc4iibpkijp2xdj6ykysjqi51jvrxjlv-python3.12-regex-2024.11.6' from 'https://cache.nixos.org'...
copying path '/nix/store/3ipcrk3apw4s10snc1c7wxsg5kb4rwgg-python3.12-safetensors-0.5.2' from 'https://cache.nixos.org'...
copying path '/nix/store/mzkzsbrp7vy4sx09ggqsa8i5v4gp50nc-python3.12-setuptools-78.1.0' from 'https://cache.nixos.org'...
copying path '/nix/store/d4l0fhhf2l62lqylrszcd1iqxc2cfa7a-python3.12-six-1.17.0' from 'https://cache.nixos.org'...
copying path '/nix/store/gz9b9b9a5cmcckrv23rw5y7fr6s9pahs-python3.12-grpcio-1.71.0-dev' from 'https://cache.nixos.org'...
copying path '/nix/store/r9isfgb0dgval5gfwdcfz7r9993jhrvs-python3.12-sortedcontainers-2.4.0' from 'https://cache.nixos.org'...
copying path '/nix/store/1d68zi3fxx54xzkdxwhqm8w82d483gd2-python3.12-sympy-1.13.3' from 'https://cache.nixos.org'...
copying path '/nix/store/v7yaxv2yvrpnlsak367pg37bxgfgnmlx-python3.12-tensorboard-data-server-0.7.2' from 'https://cache.nixos.org'...
copying path '/nix/store/ci633fnarbi8m6zm6swbl3bx2wx0b8w1-python3.12-joblib-1.4.2' from 'https://cache.nixos.org'...
copying path '/nix/store/1rlv1g1ppd6j53i2ybfhvphn5dqpsq42-python3.12-threadpoolctl-3.6.0' from 'https://cache.nixos.org'...
copying path '/nix/store/y5fslgbwfjvkczl1g3ynkd0pp95j3rwg-python3.12-tqdm-4.67.1' from 'https://cache.nixos.org'...
copying path '/nix/store/k0l12lai016cl758145rzg8gghhmsxls-python3.12-torch-2.7.0' from 'https://cache.nixos.org'...
copying path '/nix/store/vdcdlaskq5lgynsz10fmvsz29nacqpvh-python3.12-types-dataclasses-0.6.6' from 'https://cache.nixos.org'...
copying path '/nix/store/d52qvak789g813n4nb8ghlsvi2r2yifh-python3.12-typing-extensions-4.13.2' from 'https://cache.nixos.org'...
copying path '/nix/store/lf8ilk72n59c1yg7zbwvqd5mimlqzpqk-python3.12-urllib3-2.3.0' from 'https://cache.nixos.org'...
copying path '/nix/store/fsqcyijhpyfzswh86vykm0mb2yv4dmyl-python3.12-werkzeug-3.1.3' from 'https://cache.nixos.org'...
copying path '/nix/store/q97njnvfh1mh4n6avya43cdd69145q2r-python3.12-hypothesis-6.130.12' from 'https://cache.nixos.org'...
copying path '/nix/store/454j9j88k1yagjvh28s98iiq71igzxjb-python3.12-wheel-0.45.1' from 'https://cache.nixos.org'...
copying path '/nix/store/l1iijhnkywlsjp5jcdycxh5jzai4pi5y-python3.12-triton-3.1.0' from 'https://cache.nixos.org'...
copying path '/nix/store/2bw0hfak6xmal7zczw76yinb886pbz5i-sympy-1.14.0' from 'https://vibenix.cachix.org'...
copying path '/nix/store/8f9zfpbmybfl09aq4a9nzp8a9gwgqjbf-python3.12-scipy-1.15.3' from 'https://cache.nixos.org'...
copying path '/nix/store/fn6kbdxjj15bkcjxnracj06w054jr0mp-tqdm-4.67.1' from 'https://vibenix.cachix.org'...
copying path '/nix/store/zb967sb47ly1macfpwskwgb8z8x1s8jv-wheel-0.45.1' from 'https://vibenix.cachix.org'...
copying path '/nix/store/76kdqwy5nfky46k9zc8qndihszsi926y-vibenix-0.1.0' from 'https://vibenix.cachix.org'...
copying path '/nix/store/s7f2zkrp6c3wy7d4w63637lwc8yhrcjq-nurl-0.3.13' from 'https://cache.nixos.org'...
copying path '/nix/store/0lln9m37mw7cjdf02krfpiwd4clwdlwl-python3.12-requests-2.32.3' from 'https://cache.nixos.org'...
copying path '/nix/store/wxbrpwjzj3di314ckjnsnkvp1q3z784b-python3.12-tensorboard-2.19.0' from 'https://cache.nixos.org'...
copying path '/nix/store/59s412svc1vs75sgi3s52xcsddjb6v1a-python3.12-astunparse-1.6.3' from 'https://cache.nixos.org'...
copying path '/nix/store/gfwiwpwbgc10i3lbkbr5gw71lpxcqsm6-python3.12-huggingface-hub-0.31.4' from 'https://cache.nixos.org'...
copying path '/nix/store/1vzf84rgnimwnhgxl4gnvb9slsj0rrl6-python3.12-tokenizers-0.21.1' from 'https://cache.nixos.org'...
copying path '/nix/store/y7wh9xrxi9g38kvxnaasf95w4zky6pvj-python3.12-transformers-4.52.4' from 'https://cache.nixos.org'...
copying path '/nix/store/xlfds10if9hn0d81jisdayvaxbxsp8gx-vibenix-dev-deps' from 'https://vibenix.cachix.org'...
copying path '/nix/store/cyb0znfs57mi65wdw49zhai1lf5xpdma-python3.12-scikit-learn-1.6.1' from 'https://cache.nixos.org'...
copying path '/nix/store/g6raadfrw1ggpn6adab5yb16rvv0cnhw-python3.12-torch-2.7.0-dev' from 'https://cache.nixos.org'...
copying path '/nix/store/i66la8j37ngb0hppcr5mpxhc9f3cm379-python3.12-sentence-transformers-4.1.0' from 'https://cache.nixos.org'...
copying path '/nix/store/911rqqfh963pk375pkyr039w5v60cgb6-nix-shell-env' from 'https://vibenix.cachix.org'...
this path will be fetched (0.10 MiB download, 0.10 MiB unpacked):
  /nix/store/s3zz5nasd7qr894a8jrp6fy52pdrz2f1-bash-interactive-5.2p37-man
copying path '/nix/store/s3zz5nasd7qr894a8jrp6fy52pdrz2f1-bash-interactive-5.2p37-man' from 'https://cache.nixos.org'...
[0;93m2025-07-14 19:45:48.311926106 [W:onnxruntime:Default, onnxruntime_pybind_state.cc:2418 CreateInferencePybindStateModule] Init provider bridge failed.[m
19:45:48 | INFO | Keyring backend: PlaintextKeyring
19:45:48 | INFO | Using secure keyring backend: PlaintextKeyring
19:45:48 | INFO | Loaded saved configuration: claude-3-5-haiku-20241022 from anthropic
19:45:48 | INFO | Using saved model configuration
19:45:48 | INFO | 
üéØ coordinator: Welcome to vibenix!
19:45:48 | INFO | ‚è≥ Obtaining project fetcher from the provided URL
19:45:50 | INFO | ‚è≥ Fetching project information from https://github.com/distribyted/distribyted
19:45:50 | INFO | 
üéØ coordinator: I found the project information. Let me analyze it.
19:45:50 | INFO | 
üéØ coordinator: @model You are software packaging expert who can build any project using the Nix programming language.
19:45:51 | INFO | ü§ñ model: 
Based on the GitHub page, here's a summary for building the project:

1. Build Tool:
   - The project uses a Makefile for building
   - Primary programming language is Go

2. Build Dependencies:
   - Go (primary build tool)
   - Makefile
   - go.mod and go.sum for dependency management

3. Key Build Information:
   - Project: Distribyted - A torrent client with HTTP, FUSE, and WebDAV interfaces
   - Language: Go
   - Version: 0.14.0 (as of Feb 21, 2024)
   - Supports: Windows, macOS, Linux
   - Special dependencies:
     * Anacrolix BitTorrent client package
     * Nwaples rardecode library
     * Bodgit 7zip library

4. Recommended Build Steps:
   - Likely commands:
     * `go mod download` (download dependencies)
     * `make build` (compile the project)
     * `make install` (install the binary)

5. Nix-specific Packaging Considerations:
   - Will need to use `buildGoModule` or similar Nix Go build function
   - Specify dependencies from go.mod
   - Handle FUSE, WebDAV, and archive-related dependencies

The project appears to be a flexible torrent client with on-demand file downloading capabilities.19:45:57 | INFO | ‚è≥ Setting up a temporary Nix flake for packaging
19:45:57 | INFO | Creating flake at /home/runner/work/_temp/nix-shell.camGBm/tmptljnd_da from reference directory /home/runner/work/vibenix/vibenix/src/vibenix/template
19:45:57 | INFO | 
üéØ coordinator: Working on temporary flake at /home/runner/work/_temp/nix-shell.camGBm/tmptljnd_da
19:45:57 | INFO | 
üéØ coordinator: @model You are software packaging expert who can build any project using the Nix programming language.
19:45:58 | INFO | 
ü§ñ model: TemplateType.GO
19:45:58 | INFO | 
üéØ coordinator: Selected template: go
19:45:58 | INFO | 
üéØ coordinator: Setting up the src attribute in the template...
19:45:58 | INFO | Filled template: 
{ lib
, buildGoModule
, fetchFromGitHub
}:

buildGoModule rec {
  pname = "distribyted";
  version = "0.14.0";

  src = fetchFromGitHub {
  owner = "distribyted";
  repo = "distribyted";
  rev = "v$0.14.0";
  hash = "sha256-XOvznIAKYVO0rVzkEj85CVALNiYJY5W0Z4ZC1ALF/qI=";
};

  vendorHash = lib.fakeHash;  # Use null if no vendor dependencies

  # Build specific package if not building all:
  # subPackages = [ "cmd/your-app" ];
}
19:46:06 | INFO | ‚è≥ Testing the initial build...
19:46:06 | INFO | Building derivation outputs: /nix/store/kxzak43fh9q6l1lf7rj5c5s1vm6y7gvj-source.drv^*
19:46:07 | INFO | Building derivation outputs: /nix/store/pkz115h0zyqnwln1ika2ybcv2j9sjkm3-distribyted-0.14.0.drv^*
19:46:25 | INFO | 
üéØ coordinator: Iteration 1:
19:46:25 | INFO | 
üéØ coordinator: ```
these 2 derivations will be built:
  /nix/store/kjwr4b2zjv722l97239mqjzzncqqabjp-distribyted-0.14.0-go-modules.drv
  /nix/store/pkz115h0zyqnwln1ika2ybcv2j9sjkm3-distribyted-0.14.0.drv
this path will be fetched (45.91 MiB download, 241.68 MiB unpacked):
  /nix/store/5xvi25nqmbrg58aixp4zgczilfnp7pwg-go-1.24.3
copying path '/nix/store/5xvi25nqmbrg58aixp4zgczilfnp7pwg-go-1.24.3' from 'https://cache.nixos.org'...
warning: Ignoring setting 'auto-allocate-uids' because experimental feature 'auto-allocate-uids' is not enabled
warning: Ignoring setting 'impure-env' because experimental feature 'configurable-impure-env' is not enabled
building '/nix/store/kjwr4b2zjv722l97239mqjzzncqqabjp-distribyted-0.14.0-go-modules.drv'...
error: hash mismatch in fixed-output derivation '/nix/store/kjwr4b2zjv722l97239mqjzzncqqabjp-distribyted-0.14.0-go-modules.drv':
         specified: sha256-AAAAAAAAAAAAAAAAAAAAAAAAAAAAAAAAAAAAAAAAAAA=
            got:    sha256-CXCRchksH6PhO9LPGCQwtNBaxs39uTW639G362Bw75s=
error: 1 dependencies of derivation '/nix/store/pkz115h0zyqnwln1ika2ybcv2j9sjkm3-distribyted-0.14.0.drv' failed to build

```
19:46:25 | INFO | 
üéØ coordinator: Hash mismatch detected, fixing...
19:46:25 | INFO | 
üéØ coordinator: code:
{ lib
, buildGoModule
, fetchFromGitHub
}:

buildGoModule rec {
  pname = "distribyted";
  version = "0.14.0";

  src = fetchFromGitHub {
  owner = "distribyted";
  repo = "distribyted";
  rev = "v$0.14.0";
  hash = "sha256-XOvznIAKYVO0rVzkEj85CVALNiYJY5W0Z4ZC1ALF/qI=";
};

  vendorHash = lib.fakeHash;  # Use null if no vendor dependencies

  # Build specific package if not building all:
  # subPackages = [ "cmd/your-app" ];
}

19:46:25 | INFO | 
üéØ coordinator: error:
these 2 derivations will be built:
  /nix/store/kjwr4b2zjv722l97239mqjzzncqqabjp-distribyted-0.14.0-go-modules.drv
  /nix/store/pkz115h0zyqnwln1ika2ybcv2j9sjkm3-distribyted-0.14.0.drv
this path will be fetched (45.91 MiB download, 241.68 MiB unpacked):
  /nix/store/5xvi25nqmbrg58aixp4zgczilfnp7pwg-go-1.24.3
copying path '/nix/store/5xvi25nqmbrg58aixp4zgczilfnp7pwg-go-1.24.3' from 'https://cache.nixos.org'...
warning: Ignoring setting 'auto-allocate-uids' because experimental feature 'auto-allocate-uids' is not enabled
warning: Ignoring setting 'impure-env' because experimental feature 'configurable-impure-env' is not enabled
building '/nix/store/kjwr4b2zjv722l97239mqjzzncqqabjp-distribyted-0.14.0-go-modules.drv'...
error: hash mismatch in fixed-output derivation '/nix/store/kjwr4b2zjv722l97239mqjzzncqqabjp-distribyted-0.14.0-go-modules.drv':
         specified: sha256-AAAAAAAAAAAAAAAAAAAAAAAAAAAAAAAAAAAAAAAAAAA=
            got:    sha256-CXCRchksH6PhO9LPGCQwtNBaxs39uTW639G362Bw75s=
error: 1 dependencies of derivation '/nix/store/pkz115h0zyqnwln1ika2ybcv2j9sjkm3-distribyted-0.14.0.drv' failed to build


19:46:25 | INFO | 
üéØ coordinator: @model You are software packaging expert who can build any project using the Nix programming language.
19:46:26 | INFO | ü§ñ model: 


--- STREAM COMPLETE (Callback Triggered) ---
Final Prompt Tokens: 1189
Final Completion Tokens: 323
Final Total Tokens: 1512
Total Stream Cost: $0.002243
------------------------------------------


--- STREAM COMPLETE (Callback Triggered) ---
Final Prompt Tokens: 864
Final Completion Tokens: 33
Final Total Tokens: 897
Total Stream Cost: $0.000823
------------------------------------------

Based on the error message, I'll replace `lib.fakeHash` with the actual vendor hash:

```nix
{ lib
, buildGoModule
, fetchFromGitHub
}:

buildGoModule rec {
  pname = "distribyted";
  version = "0.14.0";

  src = fetchFromGitHub {
    owner = "distribyted";
    repo = "distribyted";
    rev = "v$0.14.0";
    hash = "sha256-XOvznIAKYVO0rVzkEj85CVALNiYJY5W0Z4ZC1ALF/qI=";
  };

  vendorHash = "sha256-CXCRchksH6PhO9LPGCQwtNBaxs39uTW639G362Bw75s=";

  # Build specific package if not building all:
  # subPackages = [ "cmd/your-app" ];
}
```

The key changes are:
1. Replaced `lib.fakeHash` with the actual hash from the error message
2. Kept the source hash the same as in the original code19:46:29 | INFO | ‚è≥ Iteration 1: Testing fix attempt 1 of 40...
19:46:29 | INFO | Building derivation outputs: /nix/store/kxzak43fh9q6l1lf7rj5c5s1vm6y7gvj-source.drv^*
19:46:30 | INFO | Building derivation outputs: /nix/store/5xxxxz4906pq9spx93mbcnfj3h0llpvm-distribyted-0.14.0.drv^*
19:47:51 | INFO | 
üéØ coordinator: Nix build result: NixErrorKind.BUILD_ERROR
19:47:51 | INFO | 
üéØ coordinator: Iteration 1 made progress...
19:47:51 | INFO | 
üéØ coordinator: Iteration 2:
19:47:51 | INFO | 
üéØ coordinator: ```
Running phase: unpackPhase
@nix { "action": "setPhase", "phase": "unpackPhase" }
unpacking source archive /nix/store/cglv2lyz7n16jb43hk5ifzpjkyv24kg6-source
source root is source
Running phase: patchPhase
@nix { "action": "setPhase", "phase": "patchPhase" }
Running phase: updateAutotoolsGnuConfigScriptsPhase
@nix { "action": "setPhase", "phase": "updateAutotoolsGnuConfigScriptsPhase" }
Running phase: configurePhase
@nix { "action": "setPhase", "phase": "configurePhase" }
Running phase: buildPhase
@nix { "action": "setPhase", "phase": "buildPhase" }
Building subPackage .
Building subPackage ./cmd/distribyted
# github.com/billziss-gh/cgofuse/fuse
vendor/github.com/billziss-gh/cgofuse/fuse/host_cgo.go:116:10: fatal error: fuse.h: No such file or directory
  116 | #include <fuse.h>
      |          ^~~~~~~~
compilation terminated.

```
19:47:51 | INFO | 
üéØ coordinator: Other error detected, fixing...
19:47:51 | INFO | 
üéØ coordinator: code:
{ lib
, buildGoModule
, fetchFromGitHub
}:

buildGoModule rec {
  pname = "distribyted";
  version = "0.14.0";

  src = fetchFromGitHub {
    owner = "distribyted";
    repo = "distribyted";
    rev = "v$0.14.0";
    hash = "sha256-XOvznIAKYVO0rVzkEj85CVALNiYJY5W0Z4ZC1ALF/qI=";
  };

  vendorHash = "sha256-CXCRchksH6PhO9LPGCQwtNBaxs39uTW639G362Bw75s=";

  # Build specific package if not building all:
  # subPackages = [ "cmd/your-app" ];
}

19:47:51 | INFO | 
üéØ coordinator: error:
Running phase: unpackPhase
@nix { "action": "setPhase", "phase": "unpackPhase" }
unpacking source archive /nix/store/cglv2lyz7n16jb43hk5ifzpjkyv24kg6-source
source root is source
Running phase: patchPhase
@nix { "action": "setPhase", "phase": "patchPhase" }
Running phase: updateAutotoolsGnuConfigScriptsPhase
@nix { "action": "setPhase", "phase": "updateAutotoolsGnuConfigScriptsPhase" }
Running phase: configurePhase
@nix { "action": "setPhase", "phase": "configurePhase" }
Running phase: buildPhase
@nix { "action": "setPhase", "phase": "buildPhase" }
Building subPackage .
Building subPackage ./cmd/distribyted
# github.com/billziss-gh/cgofuse/fuse
vendor/github.com/billziss-gh/cgofuse/fuse/host_cgo.go:116:10: fatal error: fuse.h: No such file or directory
  116 | #include <fuse.h>
      |          ^~~~~~~~
compilation terminated.


19:47:51 | INFO | 
üéØ coordinator: @model You are software packaging expert who can build any project using the Nix programming language.
19:47:52 | INFO | ü§ñ model: 


--- STREAM COMPLETE (Callback Triggered) ---
Final Prompt Tokens: 955
Final Completion Tokens: 282
Final Total Tokens: 1237
Total Stream Cost: $0.001892
------------------------------------------

I'll help you package this Go project. The error indicates a missing FUSE development headers, which are required for CGO compilation. Let's modify the Nix package to include the necessary dependencies.

I'll search for the FUSE package to include:19:47:59 | INFO | 
ü§ñ model: {
  minimal-bootstrap = {
    linux-headers = {
      pname = "linux-headers";
      version = "4.14.67";
      description = "Header files and scripts for Linux kernel";
    };
  };
}
19:48:02 | INFO | 
ü§ñ model: {
  sbclPackages = {
    cl-fuse = {
      pname = "cl-fuse";
      version = "20200925-git";
      description = "";
    };
    cl-fuse-meta-fs = {
      pname = "cl-fuse-meta-fs";
      version = "20190710-git";
      description = "";
    };
    maidenhead = {
      pname = "maidenhead";
      version = "20241012-git";
      description = "";
    };
    libcmark = {
      pname = "libcmark";
      version = "20241012-git";
      description = "";
    };
    cl-libpuzzle = {
      pname = "cl-libpuzzle";
      version = "20150608-git";
      description = "";
    };
    hemlock_dot_base = {
      pname = "hemlock_dot_base";
      version = "20231021-git";
      description = "";
    };
    cl-bplustree = {
      pname = "cl-bplustree";
      version = "20180328-git";
      description = "";
    };
    cl-unification-lib = {
      pname = "cl-unification-lib";
      version = "20241012-git";
      description = "";
    };
    zlib = {
      pname = "zlib";
      version = "20170403-git";
      description = "";
    };
    cl-fixtures = {
      pname = "cl-fixtures";
      version = "20200325-git";
      description = "";
    };
    cl-voxelize-examples = {
      pname = "cl-voxelize-examples";
      version = "20150709-git";
      description = "";
    };
    com_dot_dvlsoft_dot_rcfiles = {
      pname = "com_dot_dvlsoft_dot_rcfiles";
      version = "20111203-http";
      description = "";
    };
    cl-inotify = {
      pname = "cl-inotify";
      version = "20220707-git";
      description = "";
    };
    cl-slugify = {
      pname = "cl-slugify";
      version = "20230618-git";
      description = "";
    };
    cluffer-base = {
      pname = "cluffer-base";
      version = "20241012-git";
      description = "";
    };
    cl-forms = {
      pname = "cl-forms";
      version = "20241012-git";
      description = "";
    };
    softdrink = {
      pname = "softdrink";
      version = "20231021-git";
      description = "";
    };
    cl-union-find = {
      pname = "cl-union-find";
      version = "20221106-git";
      description = "";
    };
    thorn-doc = {
      pname = "thorn-doc";
      version = "20150608-git";
      description = "";
    };
    oclcl-examples = {
      pname = "oclcl-examples";
      version = "20190521-git";
      description = "";
    };
    # ... and 5 more packages
  };
}
19:48:03 | INFO | ü§ñ model: 

üìû Function called: search_nixpkgs_for_package_semantic with query: fuse development headers, package_set: None

--- STREAM COMPLETE (Callback Triggered) ---
Final Prompt Tokens: 3802
Final Completion Tokens: 121
Final Total Tokens: 3923
Total Stream Cost: $0.003526
------------------------------------------


--- STREAM COMPLETE (Callback Triggered) ---
Final Prompt Tokens: 3989
Final Completion Tokens: 66
Final Total Tokens: 4055
Total Stream Cost: $0.003455
------------------------------------------

üìû Function called: search_nixpkgs_for_package_semantic with query: fuse library headers, package_set: None
I'll try another search:19:48:54 | INFO | 
ü§ñ model: {
  sbclPackages = {
    cl-glfw-opengl-nv__texture__shader3 = {
      pname = "cl-glfw-opengl-nv__texture__shader3";
      version = "20150302-git";
      description = "";
    };
  };

}
19:48:55 | INFO | ü§ñ model: 


--- STREAM COMPLETE (Callback Triggered) ---
Final Prompt Tokens: 4888
Final Completion Tokens: 72
Final Total Tokens: 4960
Total Stream Cost: $0.004198
------------------------------------------

üìû Function called: search_nixpkgs_for_package_literal with query: fuse3, package_set: None
I'll use the search_nix_functions to find the right package:19:48:56 | INFO | 
ü§ñ model: No Nix functions found matching 'fuse'
19:48:57 | INFO | ü§ñ model: 


--- STREAM COMPLETE (Callback Triggered) ---
Final Prompt Tokens: 5044
Final Completion Tokens: 75
Final Total Tokens: 5119
Total Stream Cost: $0.004335
------------------------------------------

üìû Function called: search_nix_functions with query:  fuse
From my knowledge, the correct package is `fuse3` in `nixpkgs`. Based on the error and project requirements, here's the updated Nix package:

```nix
{ lib
, buildGoModule
, fetchFromGitHub
, fuse3
}:

buildGoModule rec {
  pname = "distribyted";
  version = "0.14.0";

  src = fetchFromGitHub {
    owner = "distribyted";
    repo = "distribyted";
    rev = "v${version}";
    hash = "sha256-XOvznIAKYVO0rVzkEj85CVALNiYJY5W0Z4ZC1ALF/qI=";
  };

  vendorHash = "sha256-CXCRchksH6PhO9LPGCQwtNBaxs39uTW639G362Bw75s=";

  buildInputs = [ fuse3 ];

  # Build specific package if not building all:
  # subPackages = [ "cmd/your-app" ];
  subPackages = [ "cmd/distribyted" ];
}
```

Key changes:
1. Added `fuse3` to function arguments
2. Added `buildInputs = [ fuse3 ]` to provide FUSE headers
3. Fixed the `rev` interpolation (changed from `v$0.14.0` to `v${version}`)
4. Added `subPackages` to specify the correct package to build

The modifications address the missing FUSE headers by adding the `fuse3` package to the build inputs, which will provide the necessary headers for CGO compilation.19:49:06 | INFO | ‚è≥ Iteration 2: Testing fix attempt 2 of 40...
19:49:07 | INFO | Building derivation outputs: /nix/store/i9h8kxjm5cnalvnm9xhq5gm17skcnk4q-source.drv^*
19:49:08 | INFO | Building derivation outputs: /nix/store/mfvdy46za6mas58189i8c36sw2aajabh-distribyted-0.14.0.drv^*
19:50:24 | INFO | 
üéØ coordinator: Nix build result: NixErrorKind.BUILD_ERROR
19:50:24 | INFO | 
üéØ coordinator: Iteration 2 made progress...
19:50:24 | INFO | 
üéØ coordinator: Iteration 3:
19:50:24 | INFO | 
üéØ coordinator: ```
Running phase: unpackPhase
@nix { "action": "setPhase", "phase": "unpackPhase" }
unpacking source archive /nix/store/cglv2lyz7n16jb43hk5ifzpjkyv24kg6-source
source root is source
Running phase: patchPhase
@nix { "action": "setPhase", "phase": "patchPhase" }
Running phase: updateAutotoolsGnuConfigScriptsPhase
@nix { "action": "setPhase", "phase": "updateAutotoolsGnuConfigScriptsPhase" }
Running phase: configurePhase
@nix { "action": "setPhase", "phase": "configurePhase" }
Running phase: buildPhase
@nix { "action": "setPhase", "phase": "buildPhase" }
Building subPackage ./cmd/distribyted
# github.com/billziss-gh/cgofuse/fuse
vendor/github.com/billziss-gh/cgofuse/fuse/host_cgo.go:116:10: fatal error: fuse.h: No such file or directory
  116 | #include <fuse.h>
      |          ^~~~~~~~
compilation terminated.

```
19:50:24 | INFO | 
üéØ coordinator: Other error detected, fixing...
19:50:24 | INFO | 
üéØ coordinator: code:
{ lib
, buildGoModule
, fetchFromGitHub
, fuse3
}:

buildGoModule rec {
  pname = "distribyted";
  version = "0.14.0";

  src = fetchFromGitHub {
    owner = "distribyted";
    repo = "distribyted";
    rev = "v${version}";
    hash = "sha256-XOvznIAKYVO0rVzkEj85CVALNiYJY5W0Z4ZC1ALF/qI=";
  };

  vendorHash = "sha256-CXCRchksH6PhO9LPGCQwtNBaxs39uTW639G362Bw75s=";

  buildInputs = [ fuse3 ];

  # Build specific package if not building all:
  # subPackages = [ "cmd/your-app" ];
  subPackages = [ "cmd/distribyted" ];
}

19:50:24 | INFO | 
üéØ coordinator: error:
Running phase: unpackPhase
@nix { "action": "setPhase", "phase": "unpackPhase" }
unpacking source archive /nix/store/cglv2lyz7n16jb43hk5ifzpjkyv24kg6-source
source root is source
Running phase: patchPhase
@nix { "action": "setPhase", "phase": "patchPhase" }
Running phase: updateAutotoolsGnuConfigScriptsPhase
@nix { "action": "setPhase", "phase": "updateAutotoolsGnuConfigScriptsPhase" }
Running phase: configurePhase
@nix { "action": "setPhase", "phase": "configurePhase" }
Running phase: buildPhase
@nix { "action": "setPhase", "phase": "buildPhase" }
Building subPackage ./cmd/distribyted
# github.com/billziss-gh/cgofuse/fuse
vendor/github.com/billziss-gh/cgofuse/fuse/host_cgo.go:116:10: fatal error: fuse.h: No such file or directory
  116 | #include <fuse.h>
      |          ^~~~~~~~
compilation terminated.


19:50:24 | INFO | 
üéØ coordinator: @model You are software packaging expert who can build any project using the Nix programming language.
19:50:25 | INFO | ü§ñ model: 


--- STREAM COMPLETE (Callback Triggered) ---
Final Prompt Tokens: 5142
Final Completion Tokens: 404
Final Total Tokens: 5546
Total Stream Cost: $0.005730
------------------------------------------

I'll help you fix the Nix package for distribyted. The error suggests a FUSE header issue, which means we need to add the development files for FUSE to the build dependencies.

Let's modify the Nix expression to include the necessary FUSE development package:

```nix
{ lib
, buildGoModule
, fetchFromGitHub
, fuse3
, pkg-config
}:

buildGoModule rec {
  pname = "distribyted";
  version = "0.14.0";

  src = fetchFromGitHub {
    owner = "distribyted";
    repo = "distribyted";
    rev = "v${version}";
    hash = "sha256-XOvznIAKYVO0rVzkEj85CVALNiYJY5W0Z4ZC1ALF/qI=";
  };

  vendorHash = "sha256-CXCRchksH6PhO9LPGCQwtNBaxs39uTW639G362Bw75s=";

  nativeBuildInputs = [ pkg-config ];
  buildInputs = [ fuse3 ];

  # Build specific package if not building all:
  # subPackages = [ "cmd/your-app" ];
  subPackages = [ "cmd/distribyted" ];
}
```

Key changes:
1. Added `pkg-config` to `nativeBuildInputs` to help locate FUSE headers
2. Kept `fuse3` in `buildInputs`

The key modifications address the FUSE header compilation error by:
- Using `pkg-config` to help locate FUSE development files
- Ensuring FUSE development headers are available during compilation

The rest of the package remains the same, maintaining the original build structure and version details. This should resolve the missing `fuse.h` header issue while keeping the build process as close to the original as possible.19:50:35 | INFO | ‚è≥ Iteration 3: Testing fix attempt 3 of 40...
19:50:35 | INFO | Building derivation outputs: /nix/store/i9h8kxjm5cnalvnm9xhq5gm17skcnk4q-source.drv^*
19:50:36 | INFO | Building derivation outputs: /nix/store/ply55s80dl4j1hg7y6dwfpp1dv80wi12-distribyted-0.14.0.drv^*
19:51:52 | INFO | 
üéØ coordinator: Nix build result: NixErrorKind.BUILD_ERROR
19:51:52 | INFO | 
üéØ coordinator: Iteration 3 regressed...
19:51:52 | INFO | 
üéØ coordinator: Iteration 4:
19:51:52 | INFO | 
üéØ coordinator: ```
Running phase: unpackPhase
@nix { "action": "setPhase", "phase": "unpackPhase" }
unpacking source archive /nix/store/cglv2lyz7n16jb43hk5ifzpjkyv24kg6-source
source root is source
Running phase: patchPhase
@nix { "action": "setPhase", "phase": "patchPhase" }
Running phase: updateAutotoolsGnuConfigScriptsPhase
@nix { "action": "setPhase", "phase": "updateAutotoolsGnuConfigScriptsPhase" }
Running phase: configurePhase
@nix { "action": "setPhase", "phase": "configurePhase" }
Running phase: buildPhase
@nix { "action": "setPhase", "phase": "buildPhase" }
Building subPackage ./cmd/distribyted
# github.com/billziss-gh/cgofuse/fuse
vendor/github.com/billziss-gh/cgofuse/fuse/host_cgo.go:116:10: fatal error: fuse.h: No such file or directory
  116 | #include <fuse.h>
      |          ^~~~~~~~
compilation terminated.

```
19:51:52 | INFO | 
üéØ coordinator: Other error detected, fixing...
19:51:52 | INFO | 
üéØ coordinator: code:
{ lib
, buildGoModule
, fetchFromGitHub
, fuse3
}:

buildGoModule rec {
  pname = "distribyted";
  version = "0.14.0";

  src = fetchFromGitHub {
    owner = "distribyted";
    repo = "distribyted";
    rev = "v${version}";
    hash = "sha256-XOvznIAKYVO0rVzkEj85CVALNiYJY5W0Z4ZC1ALF/qI=";
  };

  vendorHash = "sha256-CXCRchksH6PhO9LPGCQwtNBaxs39uTW639G362Bw75s=";

  buildInputs = [ fuse3 ];

  # Build specific package if not building all:
  # subPackages = [ "cmd/your-app" ];
  subPackages = [ "cmd/distribyted" ];
}

19:51:52 | INFO | 
üéØ coordinator: error:
Running phase: unpackPhase
@nix { "action": "setPhase", "phase": "unpackPhase" }
unpacking source archive /nix/store/cglv2lyz7n16jb43hk5ifzpjkyv24kg6-source
source root is source
Running phase: patchPhase
@nix { "action": "setPhase", "phase": "patchPhase" }
Running phase: updateAutotoolsGnuConfigScriptsPhase
@nix { "action": "setPhase", "phase": "updateAutotoolsGnuConfigScriptsPhase" }
Running phase: configurePhase
@nix { "action": "setPhase", "phase": "configurePhase" }
Running phase: buildPhase
@nix { "action": "setPhase", "phase": "buildPhase" }
Building subPackage ./cmd/distribyted
# github.com/billziss-gh/cgofuse/fuse
vendor/github.com/billziss-gh/cgofuse/fuse/host_cgo.go:116:10: fatal error: fuse.h: No such file or directory
  116 | #include <fuse.h>
      |          ^~~~~~~~
compilation terminated.


19:51:52 | INFO | 
üéØ coordinator: @model You are software packaging expert who can build any project using the Nix programming language.
19:51:52 | INFO | ü§ñ model: 


--- STREAM COMPLETE (Callback Triggered) ---
Final Prompt Tokens: 3825
Final Completion Tokens: 462
Final Total Tokens: 4287
Total Stream Cost: $0.004908
------------------------------------------

I'll help you package this Go project. The error suggests that the FUSE headers are not being found during compilation. This typically means we need to add the development files for FUSE to the build inputs.

Let's modify the Nix expression to address the FUSE header issue:

```nix
{ lib
, buildGoModule
, fetchFromGitHub
, fuse3
, pkg-config
}:

buildGoModule rec {
  pname = "distribyted";
  version = "0.14.0";

  src = fetchFromGitHub {
    owner = "distribyted";
    repo = "distribyted";
    rev = "v${version}";
    hash = "sha256-XOvznIAKYVO0rVzkEj85CVALNiYJY5W0Z4ZC1ALF/qI=";
  };

  vendorHash = "sha256-CXCRchksH6PhO9LPGCQwtNBaxs39uTW639G362Bw75s=";

  nativeBuildInputs = [ pkg-config ];
  buildInputs = [ fuse3 ];

  subPackages = [ "cmd/distribyted" ];
}
```

Key changes:
1. Added `pkg-config` to `nativeBuildInputs`. This helps locate the FUSE headers during compilation.
2. Kept `fuse3` in `buildInputs` as before.

The `pkg-config` tool will help find the correct FUSE headers by providing the right compilation flags. This should resolve the "fuse.h: No such file or directory" error by ensuring the FUSE development files are available during the build process.

If you encounter any further issues, we may need to investigate the specific FUSE header requirements of this project.19:52:02 | INFO | ‚è≥ Iteration 4: Testing fix attempt 4 of 40...
19:52:02 | INFO | Building derivation outputs: /nix/store/i9h8kxjm5cnalvnm9xhq5gm17skcnk4q-source.drv^*
19:52:03 | INFO | Building derivation outputs: /nix/store/ply55s80dl4j1hg7y6dwfpp1dv80wi12-distribyted-0.14.0.drv^*
19:53:18 | INFO | 
üéØ coordinator: Nix build result: NixErrorKind.BUILD_ERROR
19:53:18 | INFO | 
üéØ coordinator: Iteration 4 regressed...
19:53:18 | INFO | 
üéØ coordinator: Iteration 5:
19:53:18 | INFO | 
üéØ coordinator: ```
Running phase: unpackPhase
@nix { "action": "setPhase", "phase": "unpackPhase" }
unpacking source archive /nix/store/cglv2lyz7n16jb43hk5ifzpjkyv24kg6-source
source root is source
Running phase: patchPhase
@nix { "action": "setPhase", "phase": "patchPhase" }
Running phase: updateAutotoolsGnuConfigScriptsPhase
@nix { "action": "setPhase", "phase": "updateAutotoolsGnuConfigScriptsPhase" }
Running phase: configurePhase
@nix { "action": "setPhase", "phase": "configurePhase" }
Running phase: buildPhase
@nix { "action": "setPhase", "phase": "buildPhase" }
Building subPackage ./cmd/distribyted
# github.com/billziss-gh/cgofuse/fuse
vendor/github.com/billziss-gh/cgofuse/fuse/host_cgo.go:116:10: fatal error: fuse.h: No such file or directory
  116 | #include <fuse.h>
      |          ^~~~~~~~
compilation terminated.

```
19:53:18 | INFO | 
üéØ coordinator: Other error detected, fixing...
19:53:18 | INFO | 
üéØ coordinator: code:
{ lib
, buildGoModule
, fetchFromGitHub
, fuse3
}:

buildGoModule rec {
  pname = "distribyted";
  version = "0.14.0";

  src = fetchFromGitHub {
    owner = "distribyted";
    repo = "distribyted";
    rev = "v${version}";
    hash = "sha256-XOvznIAKYVO0rVzkEj85CVALNiYJY5W0Z4ZC1ALF/qI=";
  };

  vendorHash = "sha256-CXCRchksH6PhO9LPGCQwtNBaxs39uTW639G362Bw75s=";

  buildInputs = [ fuse3 ];

  # Build specific package if not building all:
  # subPackages = [ "cmd/your-app" ];
  subPackages = [ "cmd/distribyted" ];
}

19:53:18 | INFO | 
üéØ coordinator: error:
Running phase: unpackPhase
@nix { "action": "setPhase", "phase": "unpackPhase" }
unpacking source archive /nix/store/cglv2lyz7n16jb43hk5ifzpjkyv24kg6-source
source root is source
Running phase: patchPhase
@nix { "action": "setPhase", "phase": "patchPhase" }
Running phase: updateAutotoolsGnuConfigScriptsPhase
@nix { "action": "setPhase", "phase": "updateAutotoolsGnuConfigScriptsPhase" }
Running phase: configurePhase
@nix { "action": "setPhase", "phase": "configurePhase" }
Running phase: buildPhase
@nix { "action": "setPhase", "phase": "buildPhase" }
Building subPackage ./cmd/distribyted
# github.com/billziss-gh/cgofuse/fuse
vendor/github.com/billziss-gh/cgofuse/fuse/host_cgo.go:116:10: fatal error: fuse.h: No such file or directory
  116 | #include <fuse.h>
      |          ^~~~~~~~
compilation terminated.


19:53:18 | INFO | 
üéØ coordinator: @model You are software packaging expert who can build any project using the Nix programming language.
19:53:20 | INFO | ü§ñ model: 


--- STREAM COMPLETE (Callback Triggered) ---
Final Prompt Tokens: 3825
Final Completion Tokens: 434
Final Total Tokens: 4259
Total Stream Cost: $0.004796
------------------------------------------

To solve this error, I'll modify the Nix derivation to include the necessary development libraries for FUSE and ensure proper CGO compilation. The error suggests that the FUSE header files are not being found during the build process.

I'll make these specific changes:
1. Add `pkg-config` to `nativeBuildInputs` to help locate FUSE libraries
2. Add `fuse3.dev` to `buildInputs` to provide header files
3. Set `CGO_ENABLED = 1` to ensure CGO compilation is enabled

Here's the updated Nix code:

```nix
{ lib
, buildGoModule
, fetchFromGitHub
, fuse3
, pkg-config
}:

buildGoModule rec {
  pname = "distribyted";
  version = "0.14.0";

  src = fetchFromGitHub {
    owner = "distribyted";
    repo = "distribyted";
    rev = "v${version}";
    hash = "sha256-XOvznIAKYVO0rVzkEj85CVALNiYJY5W0Z4ZC1ALF/qI=";
  };

  vendorHash = "sha256-CXCRchksH6PhO9LPGCQwtNBaxs39uTW639G362Bw75s=";

  nativeBuildInputs = [ pkg-config ];
  buildInputs = [ fuse3 fuse3.dev ];
  
  subPackages = [ "cmd/distribyted" ];

  env.CGO_ENABLED = 1;
}
```

Key changes:
- Added `pkg-config` to help locate FUSE libraries
- Added `fuse3.dev` to provide header files
- Set `env.CGO_ENABLED = 1` to ensure CGO compilation
- No other changes to preserve the original structure

These modifications should resolve the "fuse.h: No such file or directory" error by ensuring the FUSE headers are available during compilation and CGO is properly enabled.19:53:29 | INFO | ‚è≥ Iteration 5: Testing fix attempt 5 of 40...
19:53:29 | INFO | Building derivation outputs: /nix/store/i9h8kxjm5cnalvnm9xhq5gm17skcnk4q-source.drv^*
19:53:30 | INFO | Building derivation outputs: /nix/store/6zxn6spmdcg78y7672wamw7mr0wb439b-distribyted-0.14.0.drv^*
19:54:46 | INFO | 
üéØ coordinator: Nix build result: NixErrorKind.BUILD_ERROR
19:54:46 | INFO | 
üéØ coordinator: Iteration 5 regressed...
19:54:46 | INFO | 
üéØ coordinator: Iteration 6:
19:54:46 | INFO | 
üéØ coordinator: ```
Running phase: unpackPhase
@nix { "action": "setPhase", "phase": "unpackPhase" }
unpacking source archive /nix/store/cglv2lyz7n16jb43hk5ifzpjkyv24kg6-source
source root is source
Running phase: patchPhase
@nix { "action": "setPhase", "phase": "patchPhase" }
Running phase: updateAutotoolsGnuConfigScriptsPhase
@nix { "action": "setPhase", "phase": "updateAutotoolsGnuConfigScriptsPhase" }
Running phase: configurePhase
@nix { "action": "setPhase", "phase": "configurePhase" }
Running phase: buildPhase
@nix { "action": "setPhase", "phase": "buildPhase" }
Building subPackage ./cmd/distribyted
# github.com/billziss-gh/cgofuse/fuse
vendor/github.com/billziss-gh/cgofuse/fuse/host_cgo.go:116:10: fatal error: fuse.h: No such file or directory
  116 | #include <fuse.h>
      |          ^~~~~~~~
compilation terminated.

```
19:54:46 | INFO | 
üéØ coordinator: Other error detected, fixing...
19:54:46 | INFO | 
üéØ coordinator: code:
{ lib
, buildGoModule
, fetchFromGitHub
, fuse3
}:

buildGoModule rec {
  pname = "distribyted";
  version = "0.14.0";

  src = fetchFromGitHub {
    owner = "distribyted";
    repo = "distribyted";
    rev = "v${version}";
    hash = "sha256-XOvznIAKYVO0rVzkEj85CVALNiYJY5W0Z4ZC1ALF/qI=";
  };

  vendorHash = "sha256-CXCRchksH6PhO9LPGCQwtNBaxs39uTW639G362Bw75s=";

  buildInputs = [ fuse3 ];

  # Build specific package if not building all:
  # subPackages = [ "cmd/your-app" ];
  subPackages = [ "cmd/distribyted" ];
}

19:54:46 | INFO | 
üéØ coordinator: error:
Running phase: unpackPhase
@nix { "action": "setPhase", "phase": "unpackPhase" }
unpacking source archive /nix/store/cglv2lyz7n16jb43hk5ifzpjkyv24kg6-source
source root is source
Running phase: patchPhase
@nix { "action": "setPhase", "phase": "patchPhase" }
Running phase: updateAutotoolsGnuConfigScriptsPhase
@nix { "action": "setPhase", "phase": "updateAutotoolsGnuConfigScriptsPhase" }
Running phase: configurePhase
@nix { "action": "setPhase", "phase": "configurePhase" }
Running phase: buildPhase
@nix { "action": "setPhase", "phase": "buildPhase" }
Building subPackage ./cmd/distribyted
# github.com/billziss-gh/cgofuse/fuse
vendor/github.com/billziss-gh/cgofuse/fuse/host_cgo.go:116:10: fatal error: fuse.h: No such file or directory
  116 | #include <fuse.h>
      |          ^~~~~~~~
compilation terminated.


19:54:46 | INFO | 
üéØ coordinator: @model You are software packaging expert who can build any project using the Nix programming language.
19:54:47 | INFO | ü§ñ model: 


--- STREAM COMPLETE (Callback Triggered) ---
Final Prompt Tokens: 3825
Final Completion Tokens: 495
Final Total Tokens: 4320
Total Stream Cost: $0.005040
------------------------------------------

I'll help you fix the Nix packaging for the distribyted project. The error suggests that the FUSE header files are not being found during the build. Let's modify the Nix expression to properly include the FUSE development files.

I'll make the following changes:
1. Add `pkg-config` to `nativeBuildInputs` to help with finding library files
2. Move `fuse3` from `buildInputs` to `nativeBuildInputs`

Here's the updated Nix code:

```nix
{ lib
, buildGoModule
, fetchFromGitHub
, fuse3
, pkg-config
}:

buildGoModule rec {
  pname = "distribyted";
  version = "0.14.0";

  src = fetchFromGitHub {
    owner = "distribyted";
    repo = "distribyted";
    rev = "v${version}";
    hash = "sha256-XOvznIAKYVO0rVzkEj85CVALNiYJY5W0Z4ZC1ALF/qI=";
  };

  vendorHash = "sha256-CXCRchksH6PhO9LPGCQwtNBaxs39uTW639G362Bw75s=";

  nativeBuildInputs = [ fuse3 pkg-config ];

  subPackages = [ "cmd/distribyted" ];
}
```

Key changes:
- Added `pkg-config` to the function arguments
- Moved `fuse3` to `nativeBuildInputs`
- Added `pkg-config` to `nativeBuildInputs`

The addition of `pkg-config` will help locate the FUSE header files during compilation, and moving `fuse3` to `nativeBuildInputs` ensures that the development files are available during the build process.

This should resolve the "fuse.h: No such file or directory" error by properly setting up the build environment for the FUSE-related dependencies.19:54:56 | INFO | ‚è≥ Iteration 6: Testing fix attempt 6 of 40...
19:54:57 | INFO | Building derivation outputs: /nix/store/i9h8kxjm5cnalvnm9xhq5gm17skcnk4q-source.drv^*
19:54:58 | INFO | Building derivation outputs: /nix/store/fkvqmsr4xsqhsczzzj8jkf1qmb1p7i5x-distribyted-0.14.0.drv^*
19:56:13 | INFO | 
üéØ coordinator: Nix build result: NixErrorKind.BUILD_ERROR
19:56:13 | INFO | 
üéØ coordinator: Iteration 6 regressed...
19:56:13 | INFO | 
üéØ coordinator: Iteration 7:
19:56:13 | INFO | 
üéØ coordinator: ```
Running phase: unpackPhase
@nix { "action": "setPhase", "phase": "unpackPhase" }
unpacking source archive /nix/store/cglv2lyz7n16jb43hk5ifzpjkyv24kg6-source
source root is source
Running phase: patchPhase
@nix { "action": "setPhase", "phase": "patchPhase" }
Running phase: updateAutotoolsGnuConfigScriptsPhase
@nix { "action": "setPhase", "phase": "updateAutotoolsGnuConfigScriptsPhase" }
Running phase: configurePhase
@nix { "action": "setPhase", "phase": "configurePhase" }
Running phase: buildPhase
@nix { "action": "setPhase", "phase": "buildPhase" }
Building subPackage ./cmd/distribyted
# github.com/billziss-gh/cgofuse/fuse
vendor/github.com/billziss-gh/cgofuse/fuse/host_cgo.go:116:10: fatal error: fuse.h: No such file or directory
  116 | #include <fuse.h>
      |          ^~~~~~~~
compilation terminated.

```
19:56:13 | INFO | 
üéØ coordinator: Other error detected, fixing...
19:56:13 | INFO | 
üéØ coordinator: code:
{ lib
, buildGoModule
, fetchFromGitHub
, fuse3
}:

buildGoModule rec {
  pname = "distribyted";
  version = "0.14.0";

  src = fetchFromGitHub {
    owner = "distribyted";
    repo = "distribyted";
    rev = "v${version}";
    hash = "sha256-XOvznIAKYVO0rVzkEj85CVALNiYJY5W0Z4ZC1ALF/qI=";
  };

  vendorHash = "sha256-CXCRchksH6PhO9LPGCQwtNBaxs39uTW639G362Bw75s=";

  buildInputs = [ fuse3 ];

  # Build specific package if not building all:
  # subPackages = [ "cmd/your-app" ];
  subPackages = [ "cmd/distribyted" ];
}

19:56:13 | INFO | 
üéØ coordinator: error:
Running phase: unpackPhase
@nix { "action": "setPhase", "phase": "unpackPhase" }
unpacking source archive /nix/store/cglv2lyz7n16jb43hk5ifzpjkyv24kg6-source
source root is source
Running phase: patchPhase
@nix { "action": "setPhase", "phase": "patchPhase" }
Running phase: updateAutotoolsGnuConfigScriptsPhase
@nix { "action": "setPhase", "phase": "updateAutotoolsGnuConfigScriptsPhase" }
Running phase: configurePhase
@nix { "action": "setPhase", "phase": "configurePhase" }
Running phase: buildPhase
@nix { "action": "setPhase", "phase": "buildPhase" }
Building subPackage ./cmd/distribyted
# github.com/billziss-gh/cgofuse/fuse
vendor/github.com/billziss-gh/cgofuse/fuse/host_cgo.go:116:10: fatal error: fuse.h: No such file or directory
  116 | #include <fuse.h>
      |          ^~~~~~~~
compilation terminated.


19:56:13 | INFO | 
üéØ coordinator: @model You are software packaging expert who can build any project using the Nix programming language.
19:56:14 | INFO | ü§ñ model: 


--- STREAM COMPLETE (Callback Triggered) ---
Final Prompt Tokens: 3825
Final Completion Tokens: 485
Final Total Tokens: 4310
Total Stream Cost: $0.005000
------------------------------------------

To resolve the FUSE header issue, I'll modify the Nix package definition to ensure the FUSE development headers are available during compilation:

```nix
{ lib
, buildGoModule
, fetchFromGitHub
, fuse3
, pkg-config
}:

buildGoModule rec {
  pname = "distribyted";
  version = "0.14.0";

  src = fetchFromGitHub {
    owner = "distribyted";
    repo = "distribyted";
    rev = "v${version}";
    hash = "sha256-XOvznIAKYVO0rVzkEj85CVALNiYJY5W0Z4ZC1ALF/qI=";
  };

  vendorHash = "sha256-CXCRchksH6PhO9LPGCQwtNBaxs39uTW639G362Bw75s=";

  nativeBuildInputs = [ pkg-config ];
  buildInputs = [ fuse3 ];

  subPackages = [ "cmd/distribyted" ];
}
```

Key changes:
1. Added `pkg-config` to `nativeBuildInputs` to help locate FUSE headers
2. Kept `fuse3` in `buildInputs`

The addition of `pkg-config` will help the build process find the FUSE headers by automatically adding the correct include paths during compilation. This should resolve the `fuse.h: No such file or directory` error by ensuring the FUSE development files are correctly located and linked.19:56:23 | INFO | ‚è≥ Iteration 7: Testing fix attempt 7 of 40...
19:56:23 | INFO | Building derivation outputs: /nix/store/i9h8kxjm5cnalvnm9xhq5gm17skcnk4q-source.drv^*
19:56:24 | INFO | Building derivation outputs: /nix/store/ply55s80dl4j1hg7y6dwfpp1dv80wi12-distribyted-0.14.0.drv^*
19:57:39 | INFO | 
üéØ coordinator: Nix build result: NixErrorKind.BUILD_ERROR
19:57:39 | INFO | 
üéØ coordinator: Iteration 7 regressed...
19:57:39 | INFO | 
üéØ coordinator: Iteration 8:
19:57:39 | INFO | 
üéØ coordinator: ```
Running phase: unpackPhase
@nix { "action": "setPhase", "phase": "unpackPhase" }
unpacking source archive /nix/store/cglv2lyz7n16jb43hk5ifzpjkyv24kg6-source
source root is source
Running phase: patchPhase
@nix { "action": "setPhase", "phase": "patchPhase" }
Running phase: updateAutotoolsGnuConfigScriptsPhase
@nix { "action": "setPhase", "phase": "updateAutotoolsGnuConfigScriptsPhase" }
Running phase: configurePhase
@nix { "action": "setPhase", "phase": "configurePhase" }
Running phase: buildPhase
@nix { "action": "setPhase", "phase": "buildPhase" }
Building subPackage ./cmd/distribyted
# github.com/billziss-gh/cgofuse/fuse
vendor/github.com/billziss-gh/cgofuse/fuse/host_cgo.go:116:10: fatal error: fuse.h: No such file or directory
  116 | #include <fuse.h>
      |          ^~~~~~~~
compilation terminated.

```
19:57:39 | INFO | 
üéØ coordinator: Other error detected, fixing...
19:57:39 | INFO | 
üéØ coordinator: code:
{ lib
, buildGoModule
, fetchFromGitHub
, fuse3
}:

buildGoModule rec {
  pname = "distribyted";
  version = "0.14.0";

  src = fetchFromGitHub {
    owner = "distribyted";
    repo = "distribyted";
    rev = "v${version}";
    hash = "sha256-XOvznIAKYVO0rVzkEj85CVALNiYJY5W0Z4ZC1ALF/qI=";
  };

  vendorHash = "sha256-CXCRchksH6PhO9LPGCQwtNBaxs39uTW639G362Bw75s=";

  buildInputs = [ fuse3 ];

  # Build specific package if not building all:
  # subPackages = [ "cmd/your-app" ];
  subPackages = [ "cmd/distribyted" ];
}

19:57:39 | INFO | 
üéØ coordinator: error:
Running phase: unpackPhase
@nix { "action": "setPhase", "phase": "unpackPhase" }
unpacking source archive /nix/store/cglv2lyz7n16jb43hk5ifzpjkyv24kg6-source
source root is source
Running phase: patchPhase
@nix { "action": "setPhase", "phase": "patchPhase" }
Running phase: updateAutotoolsGnuConfigScriptsPhase
@nix { "action": "setPhase", "phase": "updateAutotoolsGnuConfigScriptsPhase" }
Running phase: configurePhase
@nix { "action": "setPhase", "phase": "configurePhase" }
Running phase: buildPhase
@nix { "action": "setPhase", "phase": "buildPhase" }
Building subPackage ./cmd/distribyted
# github.com/billziss-gh/cgofuse/fuse
vendor/github.com/billziss-gh/cgofuse/fuse/host_cgo.go:116:10: fatal error: fuse.h: No such file or directory
  116 | #include <fuse.h>
      |          ^~~~~~~~
compilation terminated.


19:57:39 | INFO | 
üéØ coordinator: @model You are software packaging expert who can build any project using the Nix programming language.
19:57:42 | INFO | ü§ñ model: 


--- STREAM COMPLETE (Callback Triggered) ---
Final Prompt Tokens: 3825
Final Completion Tokens: 377
Final Total Tokens: 4202
Total Stream Cost: $0.004568
------------------------------------------

I'll help you fix this Nix package for distribyted. The error suggests a problem with FUSE headers, which indicates we need to add the development files for FUSE.

Let's modify the code to properly handle the FUSE dependency:

```nix
{ lib
, buildGoModule
, fetchFromGitHub
, fuse3
, pkg-config
}:

buildGoModule rec {
  pname = "distribyted";
  version = "0.14.0";

  src = fetchFromGitHub {
    owner = "distribyted";
    repo = "distribyted";
    rev = "v${version}";
    hash = "sha256-XOvznIAKYVO0rVzkEj85CVALNiYJY5W0Z4ZC1ALF/qI=";
  };

  vendorHash = "sha256-CXCRchksH6PhO9LPGCQwtNBaxs39uTW639G362Bw75s=";

  nativeBuildInputs = [ pkg-config ];
  buildInputs = [ fuse3 ];

  subPackages = [ "cmd/distribyted" ];
}
```

Key changes:
1. Added `pkg-config` to `nativeBuildInputs` to help locate FUSE headers
2. Kept `fuse3` in `buildInputs`
3. Kept the existing build configuration

The addition of `pkg-config` should help resolve the missing `fuse.h` header by properly locating the FUSE development files during the build process.

This change addresses the specific compilation error by ensuring the FUSE headers are available during the build, while maintaining the original structure of the package definition.19:57:52 | INFO | ‚è≥ Iteration 8: Testing fix attempt 8 of 40...
19:57:52 | INFO | Building derivation outputs: /nix/store/i9h8kxjm5cnalvnm9xhq5gm17skcnk4q-source.drv^*
19:57:53 | INFO | Building derivation outputs: /nix/store/ply55s80dl4j1hg7y6dwfpp1dv80wi12-distribyted-0.14.0.drv^*
19:59:09 | INFO | 
üéØ coordinator: Nix build result: NixErrorKind.BUILD_ERROR
19:59:09 | INFO | 
üéØ coordinator: Iteration 8 regressed...
19:59:09 | INFO | 
üéØ coordinator: Iteration 9:
19:59:09 | INFO | 
üéØ coordinator: ```
Running phase: unpackPhase
@nix { "action": "setPhase", "phase": "unpackPhase" }
unpacking source archive /nix/store/cglv2lyz7n16jb43hk5ifzpjkyv24kg6-source
source root is source
Running phase: patchPhase
@nix { "action": "setPhase", "phase": "patchPhase" }
Running phase: updateAutotoolsGnuConfigScriptsPhase
@nix { "action": "setPhase", "phase": "updateAutotoolsGnuConfigScriptsPhase" }
Running phase: configurePhase
@nix { "action": "setPhase", "phase": "configurePhase" }
Running phase: buildPhase
@nix { "action": "setPhase", "phase": "buildPhase" }
Building subPackage ./cmd/distribyted
# github.com/billziss-gh/cgofuse/fuse
vendor/github.com/billziss-gh/cgofuse/fuse/host_cgo.go:116:10: fatal error: fuse.h: No such file or directory
  116 | #include <fuse.h>
      |          ^~~~~~~~
compilation terminated.

```
19:59:09 | INFO | 
üéØ coordinator: Other error detected, fixing...
19:59:09 | INFO | 
üéØ coordinator: code:
{ lib
, buildGoModule
, fetchFromGitHub
, fuse3
}:

buildGoModule rec {
  pname = "distribyted";
  version = "0.14.0";

  src = fetchFromGitHub {
    owner = "distribyted";
    repo = "distribyted";
    rev = "v${version}";
    hash = "sha256-XOvznIAKYVO0rVzkEj85CVALNiYJY5W0Z4ZC1ALF/qI=";
  };

  vendorHash = "sha256-CXCRchksH6PhO9LPGCQwtNBaxs39uTW639G362Bw75s=";

  buildInputs = [ fuse3 ];

  # Build specific package if not building all:
  # subPackages = [ "cmd/your-app" ];
  subPackages = [ "cmd/distribyted" ];
}

19:59:09 | INFO | 
üéØ coordinator: error:
Running phase: unpackPhase
@nix { "action": "setPhase", "phase": "unpackPhase" }
unpacking source archive /nix/store/cglv2lyz7n16jb43hk5ifzpjkyv24kg6-source
source root is source
Running phase: patchPhase
@nix { "action": "setPhase", "phase": "patchPhase" }
Running phase: updateAutotoolsGnuConfigScriptsPhase
@nix { "action": "setPhase", "phase": "updateAutotoolsGnuConfigScriptsPhase" }
Running phase: configurePhase
@nix { "action": "setPhase", "phase": "configurePhase" }
Running phase: buildPhase
@nix { "action": "setPhase", "phase": "buildPhase" }
Building subPackage ./cmd/distribyted
# github.com/billziss-gh/cgofuse/fuse
vendor/github.com/billziss-gh/cgofuse/fuse/host_cgo.go:116:10: fatal error: fuse.h: No such file or directory
  116 | #include <fuse.h>
      |          ^~~~~~~~
compilation terminated.


19:59:09 | INFO | 
üéØ coordinator: @model You are software packaging expert who can build any project using the Nix programming language.
19:59:11 | INFO | ü§ñ model: 


--- STREAM COMPLETE (Callback Triggered) ---
Final Prompt Tokens: 3825
Final Completion Tokens: 416
Final Total Tokens: 4241
Total Stream Cost: $0.004724
------------------------------------------

I'll analyze the error and modify the Nix expression to resolve the FUSE header issue.

The error suggests that the FUSE headers are not being found during compilation. This typically means we need to add the FUSE development files to the build inputs and potentially configure the build environment to find these headers.

Let's modify the Nix expression:

```nix
{ lib
, buildGoModule
, fetchFromGitHub
, fuse3
, pkg-config  # Add pkg-config to help find FUSE headers
}:

buildGoModule rec {
  pname = "distribyted";
  version = "0.14.0";

  src = fetchFromGitHub {
    owner = "distribyted";
    repo = "distribyted";
    rev = "v${version}";
    hash = "sha256-XOvznIAKYVO0rVzkEj85CVALNiYJY5W0Z4ZC1ALF/qI=";
  };

  vendorHash = "sha256-CXCRchksH6PhO9LPGCQwtNBaxs39uTW639G362Bw75s=";

  nativeBuildInputs = [ pkg-config ];  # Add pkg-config to nativeBuildInputs
  buildInputs = [ fuse3 ];

  # Build specific package if not building all:
  subPackages = [ "cmd/distribyted" ];
}
```

Key changes:
1. Added `pkg-config` to the function arguments
2. Created a `nativeBuildInputs` section with `pkg-config`
3. Kept `buildInputs` with `fuse3`

The addition of `pkg-config` helps locate the FUSE headers during the compilation process. This should resolve the `fuse.h: No such file or directory` error by ensuring the compiler can find the necessary FUSE development files.

The rest of the build configuration remains the same, maintaining the original structure of the Nix expression while addressing the specific compilation issue.19:59:21 | INFO | ‚è≥ Iteration 9: Testing fix attempt 9 of 40...
19:59:22 | INFO | Building derivation outputs: /nix/store/i9h8kxjm5cnalvnm9xhq5gm17skcnk4q-source.drv^*
19:59:23 | INFO | Building derivation outputs: /nix/store/ply55s80dl4j1hg7y6dwfpp1dv80wi12-distribyted-0.14.0.drv^*
20:00:36 | INFO | 
üéØ coordinator: Nix build result: NixErrorKind.BUILD_ERROR
20:00:36 | INFO | 
üéØ coordinator: Iteration 9 regressed...
20:00:36 | INFO | 
üéØ coordinator: Iteration 10:
20:00:36 | INFO | 
üéØ coordinator: ```
Running phase: unpackPhase
@nix { "action": "setPhase", "phase": "unpackPhase" }
unpacking source archive /nix/store/cglv2lyz7n16jb43hk5ifzpjkyv24kg6-source
source root is source
Running phase: patchPhase
@nix { "action": "setPhase", "phase": "patchPhase" }
Running phase: updateAutotoolsGnuConfigScriptsPhase
@nix { "action": "setPhase", "phase": "updateAutotoolsGnuConfigScriptsPhase" }
Running phase: configurePhase
@nix { "action": "setPhase", "phase": "configurePhase" }
Running phase: buildPhase
@nix { "action": "setPhase", "phase": "buildPhase" }
Building subPackage ./cmd/distribyted
# github.com/billziss-gh/cgofuse/fuse
vendor/github.com/billziss-gh/cgofuse/fuse/host_cgo.go:116:10: fatal error: fuse.h: No such file or directory
  116 | #include <fuse.h>
      |          ^~~~~~~~
compilation terminated.

```
20:00:36 | INFO | 
üéØ coordinator: Other error detected, fixing...
20:00:36 | INFO | 
üéØ coordinator: code:
{ lib
, buildGoModule
, fetchFromGitHub
, fuse3
}:

buildGoModule rec {
  pname = "distribyted";
  version = "0.14.0";

  src = fetchFromGitHub {
    owner = "distribyted";
    repo = "distribyted";
    rev = "v${version}";
    hash = "sha256-XOvznIAKYVO0rVzkEj85CVALNiYJY5W0Z4ZC1ALF/qI=";
  };

  vendorHash = "sha256-CXCRchksH6PhO9LPGCQwtNBaxs39uTW639G362Bw75s=";

  buildInputs = [ fuse3 ];

  # Build specific package if not building all:
  # subPackages = [ "cmd/your-app" ];
  subPackages = [ "cmd/distribyted" ];
}

20:00:36 | INFO | 
üéØ coordinator: error:
Running phase: unpackPhase
@nix { "action": "setPhase", "phase": "unpackPhase" }
unpacking source archive /nix/store/cglv2lyz7n16jb43hk5ifzpjkyv24kg6-source
source root is source
Running phase: patchPhase
@nix { "action": "setPhase", "phase": "patchPhase" }
Running phase: updateAutotoolsGnuConfigScriptsPhase
@nix { "action": "setPhase", "phase": "updateAutotoolsGnuConfigScriptsPhase" }
Running phase: configurePhase
@nix { "action": "setPhase", "phase": "configurePhase" }
Running phase: buildPhase
@nix { "action": "setPhase", "phase": "buildPhase" }
Building subPackage ./cmd/distribyted
# github.com/billziss-gh/cgofuse/fuse
vendor/github.com/billziss-gh/cgofuse/fuse/host_cgo.go:116:10: fatal error: fuse.h: No such file or directory
  116 | #include <fuse.h>
      |          ^~~~~~~~
compilation terminated.


20:00:36 | INFO | 
üéØ coordinator: @model You are software packaging expert who can build any project using the Nix programming language.
20:00:38 | INFO | ü§ñ model: 


--- STREAM COMPLETE (Callback Triggered) ---
Final Prompt Tokens: 3825
Final Completion Tokens: 486
Final Total Tokens: 4311
Total Stream Cost: $0.005004
------------------------------------------

I'll help you fix the Nix packaging for this project. The error suggests that the FUSE header files are not being found during the build. Let's modify the Nix expression to properly handle the FUSE dependency.

I'll make a few key changes:
1. Add `pkg-config` to `nativeBuildInputs` to help locate FUSE headers
2. Ensure `fuse3` is in both `buildInputs` and `nativeBuildInputs`
3. Add `doCheck = false;` to disable tests if they might cause issues

Here's the updated Nix code:

```nix
{ lib
, buildGoModule
, fetchFromGitHub
, fuse3
, pkg-config
}:

buildGoModule rec {
  pname = "distribyted";
  version = "0.14.0";

  src = fetchFromGitHub {
    owner = "distribyted";
    repo = "distribyted";
    rev = "v${version}";
    hash = "sha256-XOvznIAKYVO0rVzkEj85CVALNiYJY5W0Z4ZC1ALF/qI=";
  };

  vendorHash = "sha256-CXCRchksH6PhO9LPGCQwtNBaxs39uTW639G362Bw75s=";

  nativeBuildInputs = [ fuse3 pkg-config ];
  buildInputs = [ fuse3 ];

  subPackages = [ "cmd/distribyted" ];

  doCheck = false;
}
```

The key changes are:
- Added `pkg-config` to help locate FUSE headers
- Moved `fuse3` to both `nativeBuildInputs` and `buildInputs`
- Added `doCheck = false;` to prevent potential test failures
- Kept all other aspects of the original expression the same

These modifications should help resolve the FUSE header file inclusion issue while maintaining the original build strategy for the project.20:00:47 | INFO | ‚è≥ Iteration 10: Testing fix attempt 10 of 40...
20:00:48 | INFO | Building derivation outputs: /nix/store/i9h8kxjm5cnalvnm9xhq5gm17skcnk4q-source.drv^*
20:00:48 | INFO | Building derivation outputs: /nix/store/xf0d94mkz4if95kqdw3azv428xyykld4-distribyted-0.14.0.drv^*
20:02:01 | INFO | 
üéØ coordinator: Nix build result: NixErrorKind.BUILD_ERROR
20:02:01 | INFO | 
üéØ coordinator: Iteration 10 regressed...
20:02:01 | INFO | 
üéØ coordinator: Iteration 11:
20:02:01 | INFO | 
üéØ coordinator: ```
Running phase: unpackPhase
@nix { "action": "setPhase", "phase": "unpackPhase" }
unpacking source archive /nix/store/cglv2lyz7n16jb43hk5ifzpjkyv24kg6-source
source root is source
Running phase: patchPhase
@nix { "action": "setPhase", "phase": "patchPhase" }
Running phase: updateAutotoolsGnuConfigScriptsPhase
@nix { "action": "setPhase", "phase": "updateAutotoolsGnuConfigScriptsPhase" }
Running phase: configurePhase
@nix { "action": "setPhase", "phase": "configurePhase" }
Running phase: buildPhase
@nix { "action": "setPhase", "phase": "buildPhase" }
Building subPackage ./cmd/distribyted
# github.com/billziss-gh/cgofuse/fuse
vendor/github.com/billziss-gh/cgofuse/fuse/host_cgo.go:116:10: fatal error: fuse.h: No such file or directory
  116 | #include <fuse.h>
      |          ^~~~~~~~
compilation terminated.

```
20:02:01 | INFO | 
üéØ coordinator: Other error detected, fixing...
20:02:01 | INFO | 
üéØ coordinator: code:
{ lib
, buildGoModule
, fetchFromGitHub
, fuse3
}:

buildGoModule rec {
  pname = "distribyted";
  version = "0.14.0";

  src = fetchFromGitHub {
    owner = "distribyted";
    repo = "distribyted";
    rev = "v${version}";
    hash = "sha256-XOvznIAKYVO0rVzkEj85CVALNiYJY5W0Z4ZC1ALF/qI=";
  };

  vendorHash = "sha256-CXCRchksH6PhO9LPGCQwtNBaxs39uTW639G362Bw75s=";

  buildInputs = [ fuse3 ];

  # Build specific package if not building all:
  # subPackages = [ "cmd/your-app" ];
  subPackages = [ "cmd/distribyted" ];
}

20:02:01 | INFO | 
üéØ coordinator: error:
Running phase: unpackPhase
@nix { "action": "setPhase", "phase": "unpackPhase" }
unpacking source archive /nix/store/cglv2lyz7n16jb43hk5ifzpjkyv24kg6-source
source root is source
Running phase: patchPhase
@nix { "action": "setPhase", "phase": "patchPhase" }
Running phase: updateAutotoolsGnuConfigScriptsPhase
@nix { "action": "setPhase", "phase": "updateAutotoolsGnuConfigScriptsPhase" }
Running phase: configurePhase
@nix { "action": "setPhase", "phase": "configurePhase" }
Running phase: buildPhase
@nix { "action": "setPhase", "phase": "buildPhase" }
Building subPackage ./cmd/distribyted
# github.com/billziss-gh/cgofuse/fuse
vendor/github.com/billziss-gh/cgofuse/fuse/host_cgo.go:116:10: fatal error: fuse.h: No such file or directory
  116 | #include <fuse.h>
      |          ^~~~~~~~
compilation terminated.


20:02:01 | INFO | 
üéØ coordinator: @model You are software packaging expert who can build any project using the Nix programming language.
20:02:03 | INFO | ü§ñ model: 


--- STREAM COMPLETE (Callback Triggered) ---
Final Prompt Tokens: 3825
Final Completion Tokens: 488
Final Total Tokens: 4313
Total Stream Cost: $0.005012
------------------------------------------

I'll help you fix the Nix package for distribyted. The error indicates a problem with FUSE headers, which suggests we need to modify the build inputs and possibly add development libraries.

Let's update the Nix expression to include the necessary development libraries:

```nix
{ lib
, buildGoModule
, fetchFromGitHub
, fuse3
, pkg-config
, libfuse3
}:

buildGoModule rec {
  pname = "distribyted";
  version = "0.14.0";

  src = fetchFromGitHub {
    owner = "distribyted";
    repo = "distribyted";
    rev = "v${version}";
    hash = "sha256-XOvznIAKYVO0rVzkEj85CVALNiYJY5W0Z4ZC1ALF/qI=";
  };

  vendorHash = "sha256-CXCRchksH6PhO9LPGCQwtNBaxs39uTW639G362Bw75s=";

  nativeBuildInputs = [ pkg-config ];
  buildInputs = [ fuse3 libfuse3 ];

  subPackages = [ "cmd/distribyted" ];
}
```

Key changes:
1. Added `pkg-config` to `nativeBuildInputs` to help find FUSE libraries
2. Added `libfuse3` to `buildInputs` to provide the FUSE development headers
3. Kept the existing `fuse3` in `buildInputs`

The error you encountered was due to missing FUSE development headers. By adding `pkg-config` and `libfuse3`, we ensure that the compilation process can find the necessary `fuse.h` header file.

The `pkg-config` tool helps locate the correct library paths, and `libfuse3` provides the development headers needed for CGO compilation.

This modification should resolve the compilation error while maintaining the original structure and intent of the package.20:02:12 | INFO | ‚è≥ Iteration 11: Testing fix attempt 11 of 40...
20:02:12 | INFO | 
üéØ coordinator: Non-build error: NixErrorKind.EVAL_ERROR
20:02:12 | INFO | 
üéØ coordinator: Iteration 12:
20:02:12 | INFO | 
üéØ coordinator: ```

[K
[Kerror:
       ‚Ä¶ from call site

         at /nix/store/lzp35yjl4ih2rnc530942ilzb4xnvm5s-source/flake.nix:35:37:

           34|
           35|     packages.x86_64-linux.default = pkgs.lib.callPackageWith (
             |                                     ^
           36|       pkgs // { stdenv = ciStdenv; }) ./package.nix {};

       ‚Ä¶ while calling 'callPackageWith'

         at /nix/store/q312398fgfyrm0pfzv45klxvfhj75cpm-source/lib/customisation.nix:240:19:

          239|   callPackageWith =
          240|     autoArgs: fn: args:
             |                   ^
          241|     let

       error: evaluation aborted with the following error message: 'lib.customisation.callPackageWith: Function called without required argument "libfuse3" at /nix/store/lzp35yjl4ih2rnc530942ilzb4xnvm5s-source/package.nix:6'

```
20:02:12 | INFO | 
üéØ coordinator: Other error detected, fixing...
20:02:12 | INFO | 
üéØ coordinator: code:
{ lib
, buildGoModule
, fetchFromGitHub
, fuse3
, pkg-config
, libfuse3
}:

buildGoModule rec {
  pname = "distribyted";
  version = "0.14.0";

  src = fetchFromGitHub {
    owner = "distribyted";
    repo = "distribyted";
    rev = "v${version}";
    hash = "sha256-XOvznIAKYVO0rVzkEj85CVALNiYJY5W0Z4ZC1ALF/qI=";
  };

  vendorHash = "sha256-CXCRchksH6PhO9LPGCQwtNBaxs39uTW639G362Bw75s=";

  nativeBuildInputs = [ pkg-config ];
  buildInputs = [ fuse3 libfuse3 ];

  subPackages = [ "cmd/distribyted" ];
}

20:02:12 | INFO | 
üéØ coordinator: error:

[K
[Kerror:
       ‚Ä¶ from call site

         at /nix/store/lzp35yjl4ih2rnc530942ilzb4xnvm5s-source/flake.nix:35:37:

           34|
           35|     packages.x86_64-linux.default = pkgs.lib.callPackageWith (
             |                                     ^
           36|       pkgs // { stdenv = ciStdenv; }) ./package.nix {};

       ‚Ä¶ while calling 'callPackageWith'

         at /nix/store/q312398fgfyrm0pfzv45klxvfhj75cpm-source/lib/customisation.nix:240:19:

          239|   callPackageWith =
          240|     autoArgs: fn: args:
             |                   ^
          241|     let

       error: evaluation aborted with the following error message: 'lib.customisation.callPackageWith: Function called without required argument "libfuse3" at /nix/store/lzp35yjl4ih2rnc530942ilzb4xnvm5s-source/package.nix:6'


20:02:12 | INFO | 
üéØ coordinator: @model You are software packaging expert who can build any project using the Nix programming language.
20:02:15 | INFO | ü§ñ model: 


--- STREAM COMPLETE (Callback Triggered) ---
Final Prompt Tokens: 3825
Final Completion Tokens: 478
Final Total Tokens: 4303
Total Stream Cost: $0.004972
------------------------------------------

I'll help you fix this packaging issue. The error message suggests that the `libfuse3` argument is not correctly specified or recognized. Let's investigate and resolve this.

I'll first verify the package names for FUSE-related dependencies:20:02:22 | INFO | 
ü§ñ model: No packages found matching 'libfuse3'
20:02:26 | INFO | 
ü§ñ model: {
  # Packages that directly provide the file
  direct_matches = [
  "${pkgs.fuse}/lib/libfuse.so"
  "${pkgs.fuse}/lib/libfuse.so.2"
  "${pkgs.fuse}/lib/libfuse.so.2.9.9"
  "${pkgs.chickenPackages_5.chickenEggs.fuse}/lib/chicken/11/fuse.libfuse.so"
  ];

  # Packages where the file is not contained directly, but found through symlinks (indirect matches)
  symlink_matches = [
  "${pkgs.lutris-free}/usr/lib64/libfuse.so"
  "${pkgs.lutris-free}/usr/lib64/libfuse.so.2"
  "${pkgs.lutris-free}/usr/lib64/libfuse.so.2.9.9"
  ];
}
20:02:29 | INFO | ü§ñ model: 


--- STREAM COMPLETE (Callback Triggered) ---
Final Prompt Tokens: 3807
Final Completion Tokens: 118
Final Total Tokens: 3925
Total Stream Cost: $0.003518
------------------------------------------

üìû Function called: search_nixpkgs_for_package_literal with query: libfuse3, package_set: None

--- STREAM COMPLETE (Callback Triggered) ---
Final Prompt Tokens: 3947
Final Completion Tokens: 84
Final Total Tokens: 4031
Total Stream Cost: $0.003494
------------------------------------------

üìû Function called: search_nixpkgs_for_file with file_path: libfuse.so, regex: True, exact_match: False
üìû Function called: find_nix_packages with file_path: libfuse.so, regex: True, exact_match: False
The error occurs because `libfuse3` is not a correct package name. In nixpkgs, the package is typically just `fuse3`. I'll update the Nix expression to remove the redundant `libfuse3` and keep only `fuse3`:

```nix
{ lib
, buildGoModule
, fetchFromGitHub
, fuse3
, pkg-config
}:

buildGoModule rec {
  pname = "distribyted";
  version = "0.14.0";

  src = fetchFromGitHub {
    owner = "distribyted";
    repo = "distribyted";
    rev = "v${version}";
    hash = "sha256-XOvznIAKYVO0rVzkEj85CVALNiYJY5W0Z4ZC1ALF/qI=";
  };

  vendorHash = "sha256-CXCRchksH6PhO9LPGCQwtNBaxs39uTW639G362Bw75s=";

  nativeBuildInputs = [ pkg-config ];
  buildInputs = [ fuse3 ];

  subPackages = [ "cmd/distribyted" ];
}
```

Key changes:
1. Removed `libfuse3` from the function arguments and `buildInputs`
2. Kept `fuse3` in `buildInputs`
3. Removed the now-unnecessary import of `libfuse3`

This should resolve the packaging error by using the correct package name and removing the redundant library reference.20:02:37 | INFO | ‚è≥ Iteration 12: Testing fix attempt 12 of 40...
20:02:37 | INFO | Building derivation outputs: /nix/store/i9h8kxjm5cnalvnm9xhq5gm17skcnk4q-source.drv^*
20:02:38 | INFO | Building derivation outputs: /nix/store/ply55s80dl4j1hg7y6dwfpp1dv80wi12-distribyted-0.14.0.drv^*
20:03:50 | INFO | 
üéØ coordinator: Nix build result: NixErrorKind.BUILD_ERROR
20:03:50 | INFO | 
üéØ coordinator: Iteration 12 regressed...
20:03:50 | INFO | 
üéØ coordinator: Iteration 13:
20:03:50 | INFO | 
üéØ coordinator: ```
Running phase: unpackPhase
@nix { "action": "setPhase", "phase": "unpackPhase" }
unpacking source archive /nix/store/cglv2lyz7n16jb43hk5ifzpjkyv24kg6-source
source root is source
Running phase: patchPhase
@nix { "action": "setPhase", "phase": "patchPhase" }
Running phase: updateAutotoolsGnuConfigScriptsPhase
@nix { "action": "setPhase", "phase": "updateAutotoolsGnuConfigScriptsPhase" }
Running phase: configurePhase
@nix { "action": "setPhase", "phase": "configurePhase" }
Running phase: buildPhase
@nix { "action": "setPhase", "phase": "buildPhase" }
Building subPackage ./cmd/distribyted
# github.com/billziss-gh/cgofuse/fuse
vendor/github.com/billziss-gh/cgofuse/fuse/host_cgo.go:116:10: fatal error: fuse.h: No such file or directory
  116 | #include <fuse.h>
      |          ^~~~~~~~
compilation terminated.

```
20:03:50 | INFO | 
üéØ coordinator: Other error detected, fixing...
20:03:50 | INFO | 
üéØ coordinator: code:
{ lib
, buildGoModule
, fetchFromGitHub
, fuse3
}:

buildGoModule rec {
  pname = "distribyted";
  version = "0.14.0";

  src = fetchFromGitHub {
    owner = "distribyted";
    repo = "distribyted";
    rev = "v${version}";
    hash = "sha256-XOvznIAKYVO0rVzkEj85CVALNiYJY5W0Z4ZC1ALF/qI=";
  };

  vendorHash = "sha256-CXCRchksH6PhO9LPGCQwtNBaxs39uTW639G362Bw75s=";

  buildInputs = [ fuse3 ];

  # Build specific package if not building all:
  # subPackages = [ "cmd/your-app" ];
  subPackages = [ "cmd/distribyted" ];
}

20:03:50 | INFO | 
üéØ coordinator: error:
Running phase: unpackPhase
@nix { "action": "setPhase", "phase": "unpackPhase" }
unpacking source archive /nix/store/cglv2lyz7n16jb43hk5ifzpjkyv24kg6-source
source root is source
Running phase: patchPhase
@nix { "action": "setPhase", "phase": "patchPhase" }
Running phase: updateAutotoolsGnuConfigScriptsPhase
@nix { "action": "setPhase", "phase": "updateAutotoolsGnuConfigScriptsPhase" }
Running phase: configurePhase
@nix { "action": "setPhase", "phase": "configurePhase" }
Running phase: buildPhase
@nix { "action": "setPhase", "phase": "buildPhase" }
Building subPackage ./cmd/distribyted
# github.com/billziss-gh/cgofuse/fuse
vendor/github.com/billziss-gh/cgofuse/fuse/host_cgo.go:116:10: fatal error: fuse.h: No such file or directory
  116 | #include <fuse.h>
      |          ^~~~~~~~
compilation terminated.


20:03:50 | INFO | 
üéØ coordinator: @model You are software packaging expert who can build any project using the Nix programming language.
20:03:52 | INFO | ü§ñ model: 

--- STREAM COMPLETE (Callback Triggered) ---
Final Prompt Tokens: 4265
Final Completion Tokens: 380
Final Total Tokens: 4645
Total Stream Cost: $0.004932
------------------------------------------


To resolve the FUSE-related compilation error, I'll modify the Nix package to ensure the FUSE development headers are available. I'll add `fuse3-dev` to `nativeBuildInputs` to provide the necessary header files:

```nix
{ lib
, buildGoModule
, fetchFromGitHub
, fuse3
}:

buildGoModule rec {
  pname = "distribyted";
  version = "0.14.0";

  src = fetchFromGitHub {
    owner = "distribyted";
    repo = "distribyted";
    rev = "v${version}";
    hash = "sha256-XOvznIAKYVO0rVzkEj85CVALNiYJY5W0Z4ZC1ALF/qI=";
  };

  vendorHash = "sha256-CXCRchksH6PhO9LPGCQwtNBaxs39uTW639G362Bw75s=";

  nativeBuildInputs = [ fuse3 ];
  buildInputs = [ fuse3 ];

  # Build specific package if not building all:
  # subPackages = [ "cmd/your-app" ];
  subPackages = [ "cmd/distribyted" ];
}
```

The key changes are:
1. Moved `fuse3` from `buildInputs` to both `nativeBuildInputs` and `buildInputs`
   - `nativeBuildInputs` ensures the development headers are available during compilation
   - `buildInputs` keeps the runtime library dependency

This modification should provide the `fuse.h` header file that was missing during compilation, resolving the error while keeping the package configuration as close to the original as possible.20:04:01 | INFO | ‚è≥ Iteration 13: Testing fix attempt 13 of 40...
20:04:01 | INFO | Building derivation outputs: /nix/store/i9h8kxjm5cnalvnm9xhq5gm17skcnk4q-source.drv^*
20:04:02 | INFO | Building derivation outputs: /nix/store/8qaj1vv2jzb1wc1kd9wjgknadk95p6y9-distribyted-0.14.0.drv^*
20:05:15 | INFO | 
üéØ coordinator: Nix build result: NixErrorKind.BUILD_ERROR
20:05:15 | INFO | 
üéØ coordinator: Iteration 13 regressed...
20:05:15 | ERROR | ‚ùå Error: Reached MAX_ITERATIONS build iteration limit of 40.
20:05:15 | INFO | 
üéØ coordinator: @model You are software packaging expert who can build any project using the Nix programming language.
20:05:17 | INFO | ü§ñ model: 


--- STREAM COMPLETE (Callback Triggered) ---
Final Prompt Tokens: 3825
Final Completion Tokens: 426
Final Total Tokens: 4251
Total Stream Cost: $0.004764
------------------------------------------

Let me analyze the packaging problem systematically.

The core issue is a missing FUSE development header file (`fuse.h`), which is preventing CGO compilation for the Distribyted project. While the Nix derivation correctly includes `fuse3` in `buildInputs`, the package lacks the development files needed for compiling C-based FUSE bindings. To resolve this, the package needs to add `fuse3.dev` to `nativeBuildInputs` to provide the necessary header files for CGO compilation.

Let me demonstrate the fix by showing a corrected Nix derivation:

```nix
{ lib
, buildGoModule
, fetchFromGitHub
, fuse3
}:

buildGoModule rec {
  pname = "distribyted";
  version = "0.14.0";

  src = fetchFromGitHub {
    owner = "distribyted";
    repo = "distribyted";
    rev = "v${version}";
    hash = "sha256-XOvznIAKYVO0rVzkEj85CVALNiYJY5W0Z4ZC1ALF/qI=";
  };

  vendorHash = "sha256-CXCRchksH6PhO9LPGCQwtNBaxs39uTW639G362Bw75s=";

  nativeBuildInputs = [ fuse3.dev ];
  buildInputs = [ fuse3 ];

  subPackages = [ "cmd/distribyted" ];
}
```

The key change is adding `fuse3.dev` to `nativeBuildInputs`, which will provide the necessary FUSE header files for CGO compilation.20:05:25 | INFO | 
üéØ coordinator: @model You are software packaging expert who can build any project using the Nix programming language.
20:05:26 | INFO | 
ü§ñ model: PackagingFailure.DEPENDENCY_NOT_IN_NIXPKGS
20:05:26 | INFO | 
üéØ coordinator: Packaging failure type: PackagingFailure.DEPENDENCY_NOT_IN_NIXPKGS
Details:
Let me analyze the packaging problem systematically.

The core issue is a missing FUSE development header file (`fuse.h`), which is preventing CGO compilation for the Distribyted project. While the Nix derivation correctly includes `fuse3` in `buildInputs`, the package lacks the development files needed for compiling C-based FUSE bindings. To resolve this, the package needs to add `fuse3.dev` to `nativeBuildInputs` to provide the necessary header files for CGO compilation.

Let me demonstrate the fix by showing a corrected Nix derivation:

```nix
{ lib
, buildGoModule
, fetchFromGitHub
, fuse3
}:

buildGoModule rec {
  pname = "distribyted";
  version = "0.14.0";

  src = fetchFromGitHub {
    owner = "distribyted";
    repo = "distribyted";
    rev = "v${version}";
    hash = "sha256-XOvznIAKYVO0rVzkEj85CVALNiYJY5W0Z4ZC1ALF/qI=";
  };

  vendorHash = "sha256-CXCRchksH6PhO9LPGCQwtNBaxs39uTW639G362Bw75s=";

  nativeBuildInputs = [ fuse3.dev ];
  buildInputs = [ fuse3 ];

  subPackages = [ "cmd/distribyted" ];
}
```

The key change is adding `fuse3.dev` to `nativeBuildInputs`, which will provide the necessary FUSE header files for CGO compilation.

20:05:26 | INFO | 
üéØ coordinator: Packaging failed. Please check the errors above.
20:05:26 | INFO | 
üéØ coordinator: 
üí∞ Total API cost: $0.092542


--- STREAM COMPLETE (Callback Triggered) ---
Final Prompt Tokens: 3661
Final Completion Tokens: 409
Final Total Tokens: 4070
Total Stream Cost: $0.004565
------------------------------------------


--- STREAM COMPLETE (Callback Triggered) ---
Final Prompt Tokens: 1085
Final Completion Tokens: 44
Final Total Tokens: 1129
Total Stream Cost: $0.001044
------------------------------------------

