[K[Kcopying path '/nix/store/dax78flrvcdir20swzlcm64va09nh5x8-source' from 'https://cache.nixos.org'...
copying path '/nix/store/brjzz8wv5k09bq0yrvhc1j4hd8677k21-source' from 'https://cache.nixos.org'...
copying path '/nix/store/x9wnkly3k1gkq580m90jjn32q9f05q2v-source' from 'https://cache.nixos.org'...
copying path '/nix/store/yq3hi63knlj4sgzl9hi6hnzrjmz9swkb-source' from 'https://cache.nixos.org'...
copying path '/nix/store/rzdjxxf4jkv3qdsjxkg54fxbma5zr05k-gnu-config-2024-01-01' from 'https://cache.nixos.org'...
copying path '/nix/store/f39n04f53gaq597r5vbl36j2470jdc37-nixpkgs-package-embeddings-unstable-2024-01-05' from 'https://vibenix.cachix.org'...
copying path '/nix/store/lxkyjky1aprqsd4g62bps6k1lzp6ls6d-noogle-function-names' from 'https://vibenix.cachix.org'...
copying path '/nix/store/wrna5hk5vyb3gvzfanbva7x4iazhlzjx-aiohappyeyeballs-2.6.1' from 'https://vibenix.cachix.org'...
copying path '/nix/store/77srrzrgwvkjif2p3brpzjc1ih85a0il-aiohttp-3.12.13' from 'https://vibenix.cachix.org'...
copying path '/nix/store/93zy1ihqi6xvxajdvx6kks1g78vbnkmn-aiosignal-1.4.0' from 'https://vibenix.cachix.org'...
copying path '/nix/store/dbs44h4n71285l5a411aq5q145hiklq6-attrs-25.3.0' from 'https://vibenix.cachix.org'...
copying path '/nix/store/1pzivymc3760p75s4mkf3krj36ga46y4-annotated-types-0.7.0' from 'https://vibenix.cachix.org'...
copying path '/nix/store/icl0rbsym6fws9v6lrbnbjh4df70g6qw-anyio-4.9.0' from 'https://vibenix.cachix.org'...
copying path '/nix/store/a0ksff5nh822mgff92ag1378vnncdyyy-beautifulsoup4-4.13.4' from 'https://vibenix.cachix.org'...
copying path '/nix/store/q9aa899myqq983cs3h0hm3mrmjbzz9rx-certifi-2025.6.15' from 'https://vibenix.cachix.org'...
copying path '/nix/store/2j9967a0w69g2zyb0f4gxkv9a4nidix2-cffi-1.17.1' from 'https://vibenix.cachix.org'...
copying path '/nix/store/b4yns4w7x5hcqxl0snvcs2aaqdy5wcy7-click-8.2.1' from 'https://vibenix.cachix.org'...
copying path '/nix/store/pn6fb0zaxjml7y5bqdvm8c80allwdqg6-diskcache-5.6.3' from 'https://vibenix.cachix.org'...
copying path '/nix/store/jpl4s53112dzl04rsx02plkc42kag541-flatbuffers-25.2.10' from 'https://vibenix.cachix.org'...
copying path '/nix/store/7y35xx2z1avbyzaawjpayvp92k126y50-filelock-3.18.0' from 'https://vibenix.cachix.org'...
copying path '/nix/store/afacgi173j35xdc3rih1i2iadx8k68vr-abseil-cpp-20250127.1' from 'https://cache.nixos.org'...
copying path '/nix/store/974a51073v6cb7cr5j0dazanxzmk9bxg-binutils-2.44-lib' from 'https://cache.nixos.org'...
copying path '/nix/store/1abbyfv3bpxalfjfgpmwg8jcy931bf76-bzip2-1.0.8-bin' from 'https://cache.nixos.org'...
copying path '/nix/store/ajb370ch8fqr4m2zlgf5k6k9bj66qk3m-c-ares-1.34.5' from 'https://cache.nixos.org'...
copying path '/nix/store/3hkppj1kz6wa72ydac0w3qazbsndgk9j-cryptography-45.0.5' from 'https://vibenix.cachix.org'...
copying path '/nix/store/w762xfdg6qkyamncs8s33m182n45nmma-dav1d-1.5.1' from 'https://cache.nixos.org'...
copying path '/nix/store/2x51wvk10m9l014lyrfdskc3b360ifjp-ed-1.21.1' from 'https://cache.nixos.org'...
copying path '/nix/store/p9k7bd23v5yvmap9594f9x7hpvacdh32-expand-response-params' from 'https://cache.nixos.org'...
copying path '/nix/store/719j8zd8g3pa5605b7a6w5csln323b1x-fribidi-1.0.16' from 'https://cache.nixos.org'...
copying path '/nix/store/j0bzxly2rvcym1zkhn393adiqcwn8np6-expat-2.7.1' from 'https://cache.nixos.org'...
copying path '/nix/store/imhzyxqr7swq08ip81az5kfa07r07kg0-file-5.46' from 'https://cache.nixos.org'...
copying path '/nix/store/ljlh1fbr3ym68dxjp3ck86if57wh8lqw-frozenlist-1.7.0' from 'https://vibenix.cachix.org'...
copying path '/nix/store/qkzkz12l4q06lzbji0ifgynzrd44bpjs-gdbm-1.25-lib' from 'https://cache.nixos.org'...
copying path '/nix/store/w448kjr7ng37ppka5gimnabg6avwpzys-fsspec-2025.5.1' from 'https://vibenix.cachix.org'...
copying path '/nix/store/fcyn0dqszgfysiasdmkv1jh3syncajay-gawk-5.3.2' from 'https://cache.nixos.org'...
copying path '/nix/store/sdqvwr8gc74ms9cgf56yvy409xvl8hsf-gettext-0.22.5' from 'https://cache.nixos.org'...
copying path '/nix/store/rzq0z5r673131pgvnghyyk5ccpgivpy3-gfortran-14.2.1.20250322-libgcc' from 'https://cache.nixos.org'...
copying path '/nix/store/d9x4blp2xwsbamz8az3c54x7la08j6ln-giflib-5.2.2' from 'https://cache.nixos.org'...
copying path '/nix/store/5cw0l0z6wr19ra9shv9hwkq4chvi526g-gitdb-4.0.12' from 'https://vibenix.cachix.org'...
copying path '/nix/store/9vd0bjq0y30d80f4yfrg4wj9xpqbyzhk-gitpython-3.1.44' from 'https://vibenix.cachix.org'...
copying path '/nix/store/303islqk386z1w2g1ngvxnkl4glfpgrs-glibc-2.40-66-bin' from 'https://cache.nixos.org'...
copying path '/nix/store/dwwc14ppzkl0yphcgsz25xvi24c9d1zm-gmp-6.3.0' from 'https://cache.nixos.org'...
copying path '/nix/store/nzg6zqsijbv7yc95wlfcdswx6bg69srq-gmp-with-cxx-6.3.0' from 'https://cache.nixos.org'...
copying path '/nix/store/gqmr3gixlddz3667ba1iyqck3c0dkpvd-gnugrep-3.11' from 'https://cache.nixos.org'...
copying path '/nix/store/y7g9g1gfg1f6y3gm2h02i7hmjzv10f9q-dav1d-1.5.1-dev' from 'https://cache.nixos.org'...
copying path '/nix/store/v63bxfiacw082c7ijshf60alvvrpfxsq-binutils-2.44' from 'https://cache.nixos.org'...
copying path '/nix/store/kv10h4pidkmx8cjs2sw2pi9rlcnighbc-gnumake-4.4.1' from 'https://cache.nixos.org'...
copying path '/nix/store/n04sxidn013wvhqp0d2sx6w052w8b9w5-gfortran-14.2.1.20250322-lib' from 'https://cache.nixos.org'...
copying path '/nix/store/clbb2cvigynr235ab5zgi18dyavznlk2-gnused-4.9' from 'https://cache.nixos.org'...
copying path '/nix/store/wrxvqj822kz8746608lgns7h8mkpn79f-gnutar-1.35' from 'https://cache.nixos.org'...
copying path '/nix/store/088li1j480s9yv1736wiz7a26bxi405w-graphite2-1.3.14' from 'https://cache.nixos.org'...
copying path '/nix/store/afhkqb5a94zlwjxigsnwsfwkf38h21dk-gzip-1.14' from 'https://cache.nixos.org'...
copying path '/nix/store/1rvcmxd71scqgmhgnh7337l5hhvaa44c-h11-0.16.0' from 'https://vibenix.cachix.org'...
copying path '/nix/store/dd13p1v3bvdwq9nhi2bm5g0v0k6l61g1-hf-xet-1.1.5' from 'https://vibenix.cachix.org'...
copying path '/nix/store/q7lfcy39jch8nyjsg6kx2nczyv8rnb0b-httpcore-1.0.9' from 'https://vibenix.cachix.org'...
copying path '/nix/store/j4gc8fk7wazgn2hqnh0m8b12xx6m1n75-iana-etc-20250108' from 'https://cache.nixos.org'...
copying path '/nix/store/i4lj3w4yd9x9jbi7a1xhjqsr7bg8jq7p-icu4c-76.1' from 'https://cache.nixos.org'...
copying path '/nix/store/zbm5siak8g8283v5khxdb6m45dcwfnar-idna-3.10' from 'https://vibenix.cachix.org'...
copying path '/nix/store/87fck6hm17chxjq7badb11mq036zbyv9-coreutils-9.7' from 'https://cache.nixos.org'...
copying path '/nix/store/kyk1y2j235h7i4a4xgx9a9nbj08z8ays-importlib-metadata-8.7.0' from 'https://vibenix.cachix.org'...
copying path '/nix/store/5r792iwci69gfmjgy2xdq9n5a2a9y3gb-index-x86_64-linux' from 'https://vibenix.cachix.org'...
copying path '/nix/store/r60202mjd9fp7k89fnqxxn00rvf9m2hy-iniconfig-2.1.0' from 'https://vibenix.cachix.org'...
copying path '/nix/store/aq5b44b37zp5dfwz5330pxqm699gs4g3-isl-0.20' from 'https://cache.nixos.org'...
copying path '/nix/store/045saa4khs89hwn607qzm90flvb6snis-jaraco-classes-3.4.0' from 'https://vibenix.cachix.org'...
copying path '/nix/store/yg1rza690hqxqhp89v601838lg270vix-jaraco-context-6.0.1' from 'https://vibenix.cachix.org'...
copying path '/nix/store/154hkcw6lzj0i2wnz0q01h8898jii5mw-jaraco-functools-4.2.1' from 'https://vibenix.cachix.org'...
copying path '/nix/store/jqc80d13ikbicwyxnz4lbmh30ah4a0vz-jeepney-0.9.0' from 'https://vibenix.cachix.org'...
copying path '/nix/store/96mqmcl32fjzb0zv9qdy9vpd2vcdqlaq-jinja2-3.1.6' from 'https://vibenix.cachix.org'...
copying path '/nix/store/7h0sard22wnbz0jyz07w8y9y0fcs795r-diffutils-3.12' from 'https://cache.nixos.org'...
copying path '/nix/store/7y59hzi3svdj1xjddjn2k7km96pifcyl-findutils-4.10.0' from 'https://cache.nixos.org'...
copying path '/nix/store/pn5mw7yrgkhsnbhxjv9mxgka0xgh8ljg-jiter-0.10.0' from 'https://vibenix.cachix.org'...
copying path '/nix/store/0gvxd6zy4krr24qpz6pj922wkklhm5ia-joblib-1.5.1' from 'https://vibenix.cachix.org'...
copying path '/nix/store/9r8xfhfxbabvqh0c63fqg9ryd8xcf4d3-jsonschema-specifications-2025.4.1' from 'https://vibenix.cachix.org'...
copying path '/nix/store/bqpjpzxr0x2pdgxydxp3zh7npkx77nlf-lcms2-2.17' from 'https://cache.nixos.org'...
copying path '/nix/store/lxwz7p71fayz9j2if91w7v83jk4zwnyp-keyrings-alt-5.0.2' from 'https://vibenix.cachix.org'...
copying path '/nix/store/jgxvk139zdfxi1wgdi9pjj1yhhgwvrff-lerc-4.0.0' from 'https://cache.nixos.org'...
copying path '/nix/store/psjc7gv2314bxncywpvsg76gvbk2dn00-libXau-1.0.12' from 'https://cache.nixos.org'...
copying path '/nix/store/hx0kbryivbs7qccnvpmr17y6x818dhxc-libXdmcp-1.1.5' from 'https://cache.nixos.org'...
copying path '/nix/store/amy9kqbm05wv18z5z66a3kprc2ccp390-libdeflate-1.23' from 'https://cache.nixos.org'...
copying path '/nix/store/5hnl9a0hzm249a5cfvfif4ynbdmlx94l-libimagequant-4.3.4' from 'https://cache.nixos.org'...
copying path '/nix/store/9f6bvnw1hxy79shw6lva854ck3cmi43j-libjpeg-turbo-3.0.4' from 'https://cache.nixos.org'...
copying path '/nix/store/y3x4m9wy3a731ibvgvs194j10znc392m-libpng-apng-1.6.46' from 'https://cache.nixos.org'...
copying path '/nix/store/ybd0aamz6dwc51x1ab62b7qycccqb0z0-libselinux-3.8.1' from 'https://cache.nixos.org'...
copying path '/nix/store/qizipyz9y17nr4w4gmxvwd3x4k0bp2rh-libxcrypt-4.4.38' from 'https://cache.nixos.org'...
copying path '/nix/store/sh1rrkag3x04p0gs80723iwfdwlysxf8-libvmaf-3.0.0' from 'https://cache.nixos.org'...
copying path '/nix/store/0g8h2g6wa8pwxg7bxh0mv8bhp4shpxam-linkify-it-py-2.0.3' from 'https://vibenix.cachix.org'...
copying path '/nix/store/hxrjrzngydk24ah8b5n8cl777n39y08b-linux-headers-6.12.7' from 'https://cache.nixos.org'...
copying path '/nix/store/cyayc07z8d9h6i5ndadbljwlc9wcrf0k-libyaml-0.2.5' from 'https://cache.nixos.org'...
copying path '/nix/store/qn01pv62sbpzbsy0a6m0q23syrmkk3bv-libxcb-1.17.0' from 'https://cache.nixos.org'...
copying path '/nix/store/42nhh7d9j9p1wmlzihqml4rpiryqgd08-logfire-api-3.22.0' from 'https://vibenix.cachix.org'...
copying path '/nix/store/d9clanc984j3lx1rip0lyhi7c0p1k19q-loguru-0.7.3' from 'https://vibenix.cachix.org'...
copying path '/nix/store/w9i4n036vi7dyc7n8y4yc988h2ynpmfd-magentic-0.40.0' from 'https://vibenix.cachix.org'...
copying path '/nix/store/1jj2lq1kzys105rqq5n1a2r4v59arz43-mailcap-2.1.54' from 'https://cache.nixos.org'...
copying path '/nix/store/mbp6x1r4wws70jh84czs9fv2jss87jiv-markupsafe-3.0.2' from 'https://vibenix.cachix.org'...
copying path '/nix/store/5i64l61if26whc3r9lzq6ycxpd2xnlgm-freetype-2.13.3' from 'https://cache.nixos.org'...
copying path '/nix/store/zr0hlr1hybxs08j44l38b8na1m8xpkms-libwebp-1.5.0' from 'https://cache.nixos.org'...
copying path '/nix/store/39zbg3zrp77ima6ih51ihzlzmm1yj5vh-libyuv-1908' from 'https://cache.nixos.org'...
copying path '/nix/store/8gbhq49935jx632fl02vhz1d42v6qa1s-mdit-py-plugins-0.4.2' from 'https://vibenix.cachix.org'...
copying path '/nix/store/3y1f22xcs2nqllz002h4amyx8n4x84qf-mdurl-0.1.2' from 'https://vibenix.cachix.org'...
copying path '/nix/store/ramdzynrf7qb7yhvlmalj6rwikh8ibq9-more-itertools-10.7.0' from 'https://vibenix.cachix.org'...
copying path '/nix/store/9nn8vbf2n55zkb7dh6ldxckbis3pkh30-libaom-3.11.0' from 'https://cache.nixos.org'...
copying path '/nix/store/wyf93cvh25b2xg82mkjcpmwgcspk0ggr-mpdecimal-4.0.0' from 'https://cache.nixos.org'...
copying path '/nix/store/n52k1dccv0mipz1s4gkk45x64cmmcvrf-mpfr-4.2.2' from 'https://cache.nixos.org'...
copying path '/nix/store/029cprg174i7c4gvn1lwmnm4vdl6k8df-libvmaf-3.0.0-dev' from 'https://cache.nixos.org'...
copying path '/nix/store/l26cy7r5prl2614bnn8l7wrnxg7allz8-mpmath-1.3.0' from 'https://vibenix.cachix.org'...
copying path '/nix/store/hafn02z8ac6sb6bhyh96w30vxqpmfpzv-multidict-6.6.3' from 'https://vibenix.cachix.org'...
copying path '/nix/store/93p8lzm2pajznwjanciiq3zggqndykyy-ninja-1.12.1' from 'https://cache.nixos.org'...
copying path '/nix/store/sxwsvx77nzml6brk0ad7j35ja72482az-nix-2.28.3-man' from 'https://cache.nixos.org'...
copying path '/nix/store/qzk9gj8jdl37xqiccxa98g442byp3rrq-libtiff-4.7.0' from 'https://cache.nixos.org'...
copying path '/nix/store/i48zw14qnz1z9ky9yyw803pr9bxiwhc4-nix-index-0.1.8' from 'https://cache.nixos.org'...
copying path '/nix/store/6fv8ayzjvgyl3rdhxp924zdhwvhz2iq6-nss-cacert-3.111' from 'https://cache.nixos.org'...
copying path '/nix/store/82n465240j5a8ap7c60gqy3a6kwqv1rs-numactl-2.0.18' from 'https://cache.nixos.org'...
copying path '/nix/store/x0kaspzb5jqvgp357bj27z6iq24ximfg-patch-2.7.6' from 'https://cache.nixos.org'...
copying path '/nix/store/z8rlklqfzxq7azbzyp30938x7wh5zf3c-oniguruma-6.9.10-lib' from 'https://cache.nixos.org'...
copying path '/nix/store/zcmiz1a7wic7qyimhj9bb1k9iryafb0s-openblas-0.3.29' from 'https://cache.nixos.org'...
copying path '/nix/store/jj5bpbmlv2kmvmgp9ncz48z1n60cnwq6-packaging-25.0' from 'https://vibenix.cachix.org'...
copying path '/nix/store/mb407pssv7zc7pfb4d910k6fshfagm6j-libmpc-1.3.1' from 'https://cache.nixos.org'...
copying path '/nix/store/r25srliigrrv5q3n7y8ms6z10spvjcd9-glibc-2.40-66-dev' from 'https://cache.nixos.org'...
copying path '/nix/store/2jc1jmzis19adawjwhl8qhdvh7vlbk0q-patchelf-0.15.0' from 'https://cache.nixos.org'...
copying path '/nix/store/1079gwyr9mrzrr5sk4fgdzv872pcp1lv-platformdirs-4.3.8' from 'https://vibenix.cachix.org'...
copying path '/nix/store/5gk4cmjyygwdgx1my78lrz9w7hvzwwnf-openjpeg-2.5.2' from 'https://cache.nixos.org'...
copying path '/nix/store/gwxwbrzzlvw1pr2d72ia9hnjpjh4amip-nix-2.28.3' from 'https://cache.nixos.org'...
copying path '/nix/store/pi7vpdqikh160rj4vyfh58x0z2hksgj7-libaom-3.11.0-bin' from 'https://cache.nixos.org'...
copying path '/nix/store/cpagn52jr616azfh6g50xiymwsma6pia-pluggy-1.6.0' from 'https://vibenix.cachix.org'...
copying path '/nix/store/xnaqq0zhh7nfsnd9c6k9s2x9yqx0ii0k-propcache-0.3.2' from 'https://vibenix.cachix.org'...
copying path '/nix/store/88ma4lbybcpdg0z8745nw9mvj5anb7mq-protobuf-30.2' from 'https://cache.nixos.org'...
copying path '/nix/store/sdqzcyfy52y0vf10nfsxy3mhv9b2vmkv-jq-1.7.1' from 'https://cache.nixos.org'...
copying path '/nix/store/fy2v599vrnar1r68vna537h0hhqsjlwf-protobuf-6.31.1' from 'https://vibenix.cachix.org'...
copying path '/nix/store/lwkwn26kkgzvhkh7bcm1ijpxiy6x9rpi-pycparser-2.22' from 'https://vibenix.cachix.org'...
copying path '/nix/store/hhfm5fkvb1alg1np5a69m2qlcjqhr062-binutils-wrapper-2.44' from 'https://cache.nixos.org'...
copying path '/nix/store/9ds850ifd4jwcccpp3v14818kk74ldf2-gcc-14.2.1.20250322' from 'https://cache.nixos.org'...
copying path '/nix/store/s1z54qfxvbwjvkzh7d1jfkcjcniq30n3-pydantic-2.11.7' from 'https://vibenix.cachix.org'...
copying path '/nix/store/knncjnfx5lniwxvf6d8gwny1qdfmfk8r-pydantic-settings-2.10.1' from 'https://vibenix.cachix.org'...
copying path '/nix/store/0vyyjdmi03my0z67h7s77sssybfvqx18-pydantic-core-2.33.2' from 'https://vibenix.cachix.org'...
copying path '/nix/store/dlryxzgbpd52r2ql3i0zb946dbxl1cdq-python3.12-grpcio-1.71.0' from 'https://cache.nixos.org'...
copying path '/nix/store/2k33j90d2arc2cywzk7ax530m28miqh4-pyyaml-6.0.2' from 'https://vibenix.cachix.org'...
copying path '/nix/store/qz7hvb0ljkq06gsz2cpiy8v32fa2k110-re2-2024-07-02' from 'https://cache.nixos.org'...
copying path '/nix/store/z88zb5wamza6irc3lkz6aj52ga3q5sl3-libaom-3.11.0-dev' from 'https://cache.nixos.org'...
copying path '/nix/store/pz4w39j977dgfvdh6r7q5wka9wknn3i5-blas-3' from 'https://cache.nixos.org'...
copying path '/nix/store/87wzgzb3yrn4kbw2b1hslhmk11drzjgi-lapack-3' from 'https://cache.nixos.org'...
copying path '/nix/store/y4jd65pvgmbnfl81xp9slh8r82yn5vhn-python3.12-torch-2.7.0-lib' from 'https://cache.nixos.org'...
copying path '/nix/store/n9ch6ggimi6ri5vx62mqmzgrrkb3qfwg-jq-1.7.1-bin' from 'https://cache.nixos.org'...
copying path '/nix/store/971mpk4nqhqcxggx0yi60w9y1ya570bj-readline-8.2p13' from 'https://cache.nixos.org'...
copying path '/nix/store/jwpab2zvxii91x0vlly7ydzwfls3k5mn-regex-2024.11.6' from 'https://vibenix.cachix.org'...
copying path '/nix/store/jq5l1bf0jf1d8kajz2ha6a26f4mvmh7c-referencing-0.36.2' from 'https://vibenix.cachix.org'...
copying path '/nix/store/b6hvzz9inq1v51029xvdqbc9aldnr0dr-requests-2.32.4' from 'https://vibenix.cachix.org'...
copying path '/nix/store/7zyldkwr9w9ajh62n38kys55fi0v5jxc-rich-14.0.0' from 'https://vibenix.cachix.org'...
copying path '/nix/store/b9a4bfrb23fv03ysmqwybqcsc7iw97jf-ripgrep-14.1.1' from 'https://cache.nixos.org'...
copying path '/nix/store/kgqarpnisknp1s2vmi8c9bbgi4ylr0vq-rpds-py-0.26.0' from 'https://vibenix.cachix.org'...
copying path '/nix/store/w006sa7ak2s8gl2g5y8pi8baksx3i5hw-scikit-learn-1.7.0' from 'https://vibenix.cachix.org'...
copying path '/nix/store/j36kxcvkp6k7mna5qxx5k9nv3w2hi5ba-scipy-1.16.0' from 'https://vibenix.cachix.org'...
copying path '/nix/store/1sbbvam2ph64bl7jywgvndg3a5zs4k03-secretstorage-3.3.3' from 'https://vibenix.cachix.org'...
copying path '/nix/store/rsybdn3hqhggpdwm17xn72pbv40y3b1w-setuptools-80.9.0' from 'https://vibenix.cachix.org'...
copying path '/nix/store/lf3qlmx56gb8zmzz6jy3cixinikvs15f-bc-1.08.1' from 'https://cache.nixos.org'...
copying path '/nix/store/1q9lw4r2mbap8rsr8cja46nap6wvrw2p-bash-interactive-5.2p37' from 'https://cache.nixos.org'...
copying path '/nix/store/4mdwgy9a400f9lwm0waz0xbnw4pgas1w-smmap-5.0.2' from 'https://vibenix.cachix.org'...
copying path '/nix/store/0bi2jvyklizz9jxnjpcrp8nq5vi7fzpb-sniffio-1.3.1' from 'https://vibenix.cachix.org'...
copying path '/nix/store/r5gwyr8bfw19xg9qa58g6l8rikmgrfb7-soupsieve-2.7' from 'https://vibenix.cachix.org'...
copying path '/nix/store/zdy0a0kgc2fjfvdp8021q2simvs85pah-threadpoolctl-3.6.0' from 'https://vibenix.cachix.org'...
copying path '/nix/store/nh3rw4hvwwgxdk3xpyvmvsp5axr3szf1-textual-3.5.0' from 'https://vibenix.cachix.org'...
copying path '/nix/store/wxwi52s9i2lg2xhwzswhv41pih8hpha3-tiktoken-0.9.0' from 'https://vibenix.cachix.org'...
copying path '/nix/store/alrjbv8p42dc0gy3fd89mzfyc0blf35z-typing-extensions-4.14.1' from 'https://vibenix.cachix.org'...
copying path '/nix/store/j34r3f6fd9w3x7ya764xbnd096gr7nhx-tokenizers-0.21.2' from 'https://vibenix.cachix.org'...
copying path '/nix/store/y6qv0jryh86dd9qcdr9mkzk5m5dqddzc-typing-inspection-0.4.1' from 'https://vibenix.cachix.org'...
copying path '/nix/store/0vksb7zq0j6m5w5zgqbzxs5ppa11jjh2-blas-3-dev' from 'https://cache.nixos.org'...
copying path '/nix/store/qyihkwbhd70ynz380whj3bsxk1d2lyc4-tzdata-2025b' from 'https://cache.nixos.org'...
copying path '/nix/store/2jvh1rys6qn4nkafrhyzzjvz5r9na5ri-lapack-3-dev' from 'https://cache.nixos.org'...
copying path '/nix/store/8g2iaf60wc1cjifz8g67r42sq5a98x5p-uc-micro-py-1.0.3' from 'https://vibenix.cachix.org'...
copying path '/nix/store/lmc7x75jvrca79fc2r2j1frmklzvh04h-update-autotools-gnu-config-scripts-hook' from 'https://cache.nixos.org'...
copying path '/nix/store/r03ly1w54924k8fag1dhjl3yrllj6czd-util-linux-minimal-2.41-lib' from 'https://cache.nixos.org'...
copying path '/nix/store/8g5phs9nlrlrnmfk9npapi2pfyirq236-urllib3-2.5.0' from 'https://vibenix.cachix.org'...
copying path '/nix/store/98zamhd8d0jq3skqwz28dlgph94mrqir-xz-5.8.1-bin' from 'https://cache.nixos.org'...
copying path '/nix/store/q2qjmy5skajgs01fgc6kzkn8klfpp3p7-yarl-1.20.1' from 'https://vibenix.cachix.org'...
copying path '/nix/store/z3ayhjslz72ldiwrv3mn5n7rs96p2g8a-fzf-0.62.0' from 'https://cache.nixos.org'...
copying path '/nix/store/81pn8jsbn26hwvm0hasjr8sdg17xy3fh-zipp-3.23.0' from 'https://vibenix.cachix.org'...
copying path '/nix/store/k8asbblj2xn748rslklcll68b4ygh2am-zlib-ng-2.2.4' from 'https://cache.nixos.org'...
copying path '/nix/store/bkpj51fz88rbyjd60i6lrp0xdax1b24g-glib-2.84.1' from 'https://cache.nixos.org'...
copying path '/nix/store/8w718rm43x7z73xhw9d6vh8s4snrq67h-python3-3.12.10' from 'https://cache.nixos.org'...
copying path '/nix/store/fwdymc6gxjiwxz54jac0nk97jn8hmavj-git-minimal-2.49.0' from 'https://cache.nixos.org'...
copying path '/nix/store/cdr8agx3ffy086z30wiysnclrc5m8x69-gdk-pixbuf-2.42.12' from 'https://cache.nixos.org'...
copying path '/nix/store/8bsl1vrab2pwj8ilpzfn2iwzbrps8jgq-harfbuzz-10.2.0' from 'https://cache.nixos.org'...
copying path '/nix/store/808xr68djvk0x3r754mi81yvm2yr9ppq-libavif-1.2.1' from 'https://cache.nixos.org'...
copying path '/nix/store/sqlg8w7j330fvjxn956i5jkq91nk748r-libraqm-0.10.2' from 'https://cache.nixos.org'...
copying path '/nix/store/x3vwgqsbidc45d3363z2yvzk1h55anjj-nix-index-database' from 'https://vibenix.cachix.org'...
copying path '/nix/store/k01pnvls1v00i7w5rmzcap79db1yhwwk-nix-index-with-full-db-0.1.8' from 'https://vibenix.cachix.org'...
copying path '/nix/store/0fsnicvfpf55nkza12cjnad0w84d6ba7-gcc-wrapper-14.2.1.20250322' from 'https://cache.nixos.org'...
copying path '/nix/store/nivcx63drxqzm6pic6vm2wbkxl368w83-stdenv-linux' from 'https://cache.nixos.org'...
copying path '/nix/store/9j2875z04vxc34q8pz01ldqjhqin3css-charset-normalizer-3.4.2' from 'https://vibenix.cachix.org'...
copying path '/nix/store/ry4kqysxhdnp2kfwq8n0wkvcikndwg7v-coloredlogs-15.0.1' from 'https://vibenix.cachix.org'...
copying path '/nix/store/wg4dzy4lg2j8c768cb57vcypl23wjg89-huggingface-hub-0.33.2' from 'https://vibenix.cachix.org'...
copying path '/nix/store/9zrai6nk7g73zx6i9cfwdzdaripbbg8s-distro-1.9.0' from 'https://vibenix.cachix.org'...
copying path '/nix/store/wkl534vq4c68nixkghb40nj2lj6cnsyq-filetype-1.2.0' from 'https://vibenix.cachix.org'...
copying path '/nix/store/84ly44vs2jm8127flmr0avynzajjpz3c-httpx-0.28.1' from 'https://vibenix.cachix.org'...
copying path '/nix/store/m41pgmnpbfqbq560pln9c85pjxzgh6cq-ddgr-2.2' from 'https://vibenix.cachix.org'...
copying path '/nix/store/2r57wks3zhlll9v99a9qa9sazq1idd54-jsonschema-4.24.0' from 'https://vibenix.cachix.org'...
copying path '/nix/store/2wwx9i6py4kbibq3wi54ffxfil2g6qzf-humanfriendly-10.0' from 'https://vibenix.cachix.org'...
copying path '/nix/store/qky9wwswfplx5ymvlvg0vpdlzd21j47g-keyring-25.6.0' from 'https://vibenix.cachix.org'...
copying path '/nix/store/45yqflc8raykvykq4d3b0qsgnmvlrl3s-litellm-1.74.0' from 'https://vibenix.cachix.org'...
copying path '/nix/store/w1hss92azmgh16ga26xni8sgcmx7f7y3-markdown-it-py-3.0.0' from 'https://vibenix.cachix.org'...
copying path '/nix/store/60jk7d4pddjjx4k0gc3gk5qq03x865qs-magika-0.6.2' from 'https://vibenix.cachix.org'...
copying path '/nix/store/cg72vq36pzc2rikxp4kbgrv5042vi1rm-numpy-2.3.1' from 'https://vibenix.cachix.org'...
copying path '/nix/store/9x13r5v5x6ahv1ykfnx4yhwr2ccxhd8h-openai-1.93.0' from 'https://vibenix.cachix.org'...
copying path '/nix/store/fikws91k32ymb2ksdvaazm68j0aaz7md-onnxruntime-1.22.0' from 'https://vibenix.cachix.org'...
copying path '/nix/store/0q5p8ljp776g4jzz4y6df75f5ckf8q2l-pybind11-setup-hook' from 'https://cache.nixos.org'...
copying path '/nix/store/jy7c45g6ycbidyqjzqk9z6wm13qpnzgn-pygments-2.19.2' from 'https://vibenix.cachix.org'...
copying path '/nix/store/q77wzbxvv0dw72599xa1nbgi9yybcw79-pytest-8.4.1' from 'https://vibenix.cachix.org'...
copying path '/nix/store/lvdgcm3adxf8715h3la0s0y55fnaw4jd-python-dotenv-1.1.1' from 'https://vibenix.cachix.org'...
copying path '/nix/store/sh5ppi942j3skshdbg5mpdji2n0x91nf-python3.12-absl-py-2.2.1' from 'https://cache.nixos.org'...
copying path '/nix/store/blsxhz45in0asxiq6frv665aq8vzvnx7-python3.12-attrs-25.3.0' from 'https://cache.nixos.org'...
copying path '/nix/store/y85rrr4sx62x27fka04sncbbd7g8g59j-python3.12-certifi-2025.01.31' from 'https://cache.nixos.org'...
copying path '/nix/store/azbbrwb8glahagaqqsaa4akv20903lm3-python3.12-charset-normalizer-3.4.1' from 'https://cache.nixos.org'...
copying path '/nix/store/rivxng6n93azs8pdzw43vz8alk5vxyj0-python3.12-expecttest-0.2.1' from 'https://cache.nixos.org'...
copying path '/nix/store/j3al9fa175ksfwnl9bmmzc0f2vwc62v8-python3.12-fb-re2-1.0.7' from 'https://cache.nixos.org'...
copying path '/nix/store/s6x7g6258l9adjfb3cps7l4lcc1xwx60-python3.12-filelock-3.18.0' from 'https://cache.nixos.org'...
copying path '/nix/store/2xb3wp0g97b8ss29z30vx77hazj71yvw-python3.12-fsspec-2025.3.1' from 'https://cache.nixos.org'...
copying path '/nix/store/n0v27hx3n5sc51z833jbmkgi4sm086qg-python3.12-idna-3.10' from 'https://cache.nixos.org'...
copying path '/nix/store/6nsicakxgz51c7r2qpaccl0ghlg5g27c-python3.12-lz4-4.4.3' from 'https://cache.nixos.org'...
copying path '/nix/store/s2aybac1kppf97sqv9x0zk4v7b8v1j2j-python3.12-markdown-3.7' from 'https://cache.nixos.org'...
copying path '/nix/store/x7nyn4jv80amafdya2xgm1a07m0hinap-python3.12-markupsafe-3.0.2' from 'https://cache.nixos.org'...
copying path '/nix/store/x03l9qdgi46jsbk8h7d0cc2zrabiqa11-python3.12-mpmath-1.3.0' from 'https://cache.nixos.org'...
copying path '/nix/store/417i818f9mgfn7dwvp1041xqrb0plxds-python3.12-networkx-3.4.2' from 'https://cache.nixos.org'...
copying path '/nix/store/gcjg4a0nlrwfd0s4gs35cndspw3l94sc-python3.12-numpy-2.2.5' from 'https://cache.nixos.org'...
copying path '/nix/store/6bbj89a47jis86iawfaqpi3w4av9w3bf-python3.12-ninja-1.12.1' from 'https://cache.nixos.org'...
copying path '/nix/store/crf6plx9zazgp46qgix129sc6dhy48sk-mercurial-6.9.4' from 'https://cache.nixos.org'...
copying path '/nix/store/2c08h1gknkfgi3nizd4f9az3b0j4prvx-python3.12-packaging-24.2' from 'https://cache.nixos.org'...
copying path '/nix/store/wmjdijhvbxz83rrgwrqfgpxsv0k2bmqr-python3.12-pillow-11.2.1' from 'https://cache.nixos.org'...
copying path '/nix/store/5zw4h7r99cbnybl3vljcr7w8qg7q3brn-python3.12-protobuf-6.30.2' from 'https://cache.nixos.org'...
copying path '/nix/store/ny3v2j2cxx3flyd2gfbvgkcb0v84wf67-python3.12-psutil-7.0.0' from 'https://cache.nixos.org'...
copying path '/nix/store/csxa2mxxalv24kqn4x60ih3hbwv0fj5k-python3.12-pybind11-2.13.6' from 'https://cache.nixos.org'...
copying path '/nix/store/31639aa7g91847pds9bs1mb3gadw8wgy-python3.12-pyyaml-6.0.2' from 'https://cache.nixos.org'...
copying path '/nix/store/vc4iibpkijp2xdj6ykysjqi51jvrxjlv-python3.12-regex-2024.11.6' from 'https://cache.nixos.org'...
copying path '/nix/store/3ipcrk3apw4s10snc1c7wxsg5kb4rwgg-python3.12-safetensors-0.5.2' from 'https://cache.nixos.org'...
copying path '/nix/store/kn0svpfjpbx8zl1rp0f0rzh2ray0c2xs-python3.12-jinja2-3.1.6' from 'https://cache.nixos.org'...
copying path '/nix/store/mzkzsbrp7vy4sx09ggqsa8i5v4gp50nc-python3.12-setuptools-78.1.0' from 'https://cache.nixos.org'...
copying path '/nix/store/d4l0fhhf2l62lqylrszcd1iqxc2cfa7a-python3.12-six-1.17.0' from 'https://cache.nixos.org'...
copying path '/nix/store/r9isfgb0dgval5gfwdcfz7r9993jhrvs-python3.12-sortedcontainers-2.4.0' from 'https://cache.nixos.org'...
copying path '/nix/store/1d68zi3fxx54xzkdxwhqm8w82d483gd2-python3.12-sympy-1.13.3' from 'https://cache.nixos.org'...
copying path '/nix/store/gz9b9b9a5cmcckrv23rw5y7fr6s9pahs-python3.12-grpcio-1.71.0-dev' from 'https://cache.nixos.org'...
copying path '/nix/store/v7yaxv2yvrpnlsak367pg37bxgfgnmlx-python3.12-tensorboard-data-server-0.7.2' from 'https://cache.nixos.org'...
copying path '/nix/store/1rlv1g1ppd6j53i2ybfhvphn5dqpsq42-python3.12-threadpoolctl-3.6.0' from 'https://cache.nixos.org'...
copying path '/nix/store/ci633fnarbi8m6zm6swbl3bx2wx0b8w1-python3.12-joblib-1.4.2' from 'https://cache.nixos.org'...
copying path '/nix/store/k0l12lai016cl758145rzg8gghhmsxls-python3.12-torch-2.7.0' from 'https://cache.nixos.org'...
copying path '/nix/store/y5fslgbwfjvkczl1g3ynkd0pp95j3rwg-python3.12-tqdm-4.67.1' from 'https://cache.nixos.org'...
copying path '/nix/store/vdcdlaskq5lgynsz10fmvsz29nacqpvh-python3.12-types-dataclasses-0.6.6' from 'https://cache.nixos.org'...
copying path '/nix/store/d52qvak789g813n4nb8ghlsvi2r2yifh-python3.12-typing-extensions-4.13.2' from 'https://cache.nixos.org'...
copying path '/nix/store/fsqcyijhpyfzswh86vykm0mb2yv4dmyl-python3.12-werkzeug-3.1.3' from 'https://cache.nixos.org'...
copying path '/nix/store/lf8ilk72n59c1yg7zbwvqd5mimlqzpqk-python3.12-urllib3-2.3.0' from 'https://cache.nixos.org'...
copying path '/nix/store/q97njnvfh1mh4n6avya43cdd69145q2r-python3.12-hypothesis-6.130.12' from 'https://cache.nixos.org'...
copying path '/nix/store/454j9j88k1yagjvh28s98iiq71igzxjb-python3.12-wheel-0.45.1' from 'https://cache.nixos.org'...
copying path '/nix/store/2bw0hfak6xmal7zczw76yinb886pbz5i-sympy-1.14.0' from 'https://vibenix.cachix.org'...
copying path '/nix/store/fn6kbdxjj15bkcjxnracj06w054jr0mp-tqdm-4.67.1' from 'https://vibenix.cachix.org'...
copying path '/nix/store/s7f2zkrp6c3wy7d4w63637lwc8yhrcjq-nurl-0.3.13' from 'https://cache.nixos.org'...
copying path '/nix/store/l1iijhnkywlsjp5jcdycxh5jzai4pi5y-python3.12-triton-3.1.0' from 'https://cache.nixos.org'...
copying path '/nix/store/76kdqwy5nfky46k9zc8qndihszsi926y-vibenix-0.1.0' from 'https://vibenix.cachix.org'...
copying path '/nix/store/8f9zfpbmybfl09aq4a9nzp8a9gwgqjbf-python3.12-scipy-1.15.3' from 'https://cache.nixos.org'...
copying path '/nix/store/zb967sb47ly1macfpwskwgb8z8x1s8jv-wheel-0.45.1' from 'https://vibenix.cachix.org'...
copying path '/nix/store/0lln9m37mw7cjdf02krfpiwd4clwdlwl-python3.12-requests-2.32.3' from 'https://cache.nixos.org'...
copying path '/nix/store/wxbrpwjzj3di314ckjnsnkvp1q3z784b-python3.12-tensorboard-2.19.0' from 'https://cache.nixos.org'...
copying path '/nix/store/59s412svc1vs75sgi3s52xcsddjb6v1a-python3.12-astunparse-1.6.3' from 'https://cache.nixos.org'...
copying path '/nix/store/gfwiwpwbgc10i3lbkbr5gw71lpxcqsm6-python3.12-huggingface-hub-0.31.4' from 'https://cache.nixos.org'...
copying path '/nix/store/1vzf84rgnimwnhgxl4gnvb9slsj0rrl6-python3.12-tokenizers-0.21.1' from 'https://cache.nixos.org'...
copying path '/nix/store/y7wh9xrxi9g38kvxnaasf95w4zky6pvj-python3.12-transformers-4.52.4' from 'https://cache.nixos.org'...
copying path '/nix/store/xlfds10if9hn0d81jisdayvaxbxsp8gx-vibenix-dev-deps' from 'https://vibenix.cachix.org'...
copying path '/nix/store/cyb0znfs57mi65wdw49zhai1lf5xpdma-python3.12-scikit-learn-1.6.1' from 'https://cache.nixos.org'...
copying path '/nix/store/g6raadfrw1ggpn6adab5yb16rvv0cnhw-python3.12-torch-2.7.0-dev' from 'https://cache.nixos.org'...
copying path '/nix/store/i66la8j37ngb0hppcr5mpxhc9f3cm379-python3.12-sentence-transformers-4.1.0' from 'https://cache.nixos.org'...
copying path '/nix/store/911rqqfh963pk375pkyr039w5v60cgb6-nix-shell-env' from 'https://vibenix.cachix.org'...
this path will be fetched (0.10 MiB download, 0.10 MiB unpacked):
  /nix/store/s3zz5nasd7qr894a8jrp6fy52pdrz2f1-bash-interactive-5.2p37-man
copying path '/nix/store/s3zz5nasd7qr894a8jrp6fy52pdrz2f1-bash-interactive-5.2p37-man' from 'https://cache.nixos.org'...
[0;93m2025-07-14 18:31:18.940484125 [W:onnxruntime:Default, onnxruntime_pybind_state.cc:2418 CreateInferencePybindStateModule] Init provider bridge failed.[m
18:31:19 | INFO | Keyring backend: PlaintextKeyring
18:31:19 | INFO | Using secure keyring backend: PlaintextKeyring
18:31:19 | INFO | Loaded saved configuration: claude-3-5-haiku-20241022 from anthropic
18:31:19 | INFO | Using saved model configuration
18:31:19 | INFO | 
ðŸŽ¯ coordinator: Welcome to vibenix!
18:31:19 | INFO | â³ Obtaining project fetcher from the provided URL
18:31:20 | INFO | â³ Fetching project information from https://github.com/louislam/dockge
18:31:21 | INFO | 
ðŸŽ¯ coordinator: I found the project information. Let me analyze it.
18:31:21 | INFO | 
ðŸŽ¯ coordinator: @model You are software packaging expert who can build any project using the Nix programming language.
18:31:21 | INFO | ðŸ¤– model: 
Based on the GitHub page, here's a summary for building the Dockge project:

1. Build Tool:
   - Primary build method: Docker Compose
   - Command to build and start: `docker compose up -d`
   - Alternative for older versions: `docker-compose up -d`

2. Project Dependencies and Build Tools:
   - Docker 20+ or Podman
   - Node.js (implied by TypeScript and Vue)
   - Build tools:
     - npm (package.json present)
     - TypeScript
     - Vue
   
3. Important Build Information:
   - Supported Architectures: armv7, arm64, amd64 (x86_64)
   - Supported OS: 
     - Ubuntu
     - Debian (Bullseye or newer)
     - Raspbian (Bullseye or newer)
     - CentOS
     - Fedora
     - ArchLinux

4. Project Setup Notes:
   - Default stacks directory: `/opt/stacks`
   - Default port: 5001
   - Requires creating directories before installation:
     ```bash
     mkdir -p /opt/stacks /opt/dockge
     cd /opt/dockge
     ```

5. Installation Steps:
   ```bash
   # Download compose file
   curl https://raw.githubusercontent.com/louislam/dockge/master/compose.yaml --output compose.yaml
   
   # Start the server
   docker compose up -d
   ```18:31:28 | INFO | â³ Setting up a temporary Nix flake for packaging
18:31:28 | INFO | Creating flake at /home/runner/work/_temp/nix-shell.nqqoln/tmpm0p57ls1 from reference directory /home/runner/work/vibenix/vibenix/src/vibenix/template
18:31:28 | INFO | 
ðŸŽ¯ coordinator: Working on temporary flake at /home/runner/work/_temp/nix-shell.nqqoln/tmpm0p57ls1
18:31:28 | INFO | 
ðŸŽ¯ coordinator: @model You are software packaging expert who can build any project using the Nix programming language.
18:31:29 | INFO | 
ðŸ¤– model: TemplateType.PNPM
18:31:29 | INFO | 
ðŸŽ¯ coordinator: Selected template: node-with-pnmp
18:31:29 | INFO | 
ðŸŽ¯ coordinator: Setting up the src attribute in the template...
18:31:29 | INFO | Filled template: 
{ lib
, stdenv
, fetchFromGitHub
, nodejs
, pnpm  # You can use specific versions like pnpm_8, pnpm_9, or pnpm_10 instead
, npmHooks
}:
stdenv.mkDerivation rec {
  pname = "dockge";
  version = "1.5.0";

  src = fetchFromGitHub {
  owner = "louislam";
  repo = "dockge";
  rev = "${version}";
  hash = "sha256-hk0d+q/uaYi9WGA6o6Jsmlq+yfuVh14JmX5cYtCZixM=";
};

  pnpmDeps = pnpm.fetchDeps {
    inherit pname version src;
    hash = lib.fakeHash;
  };

  nativeBuildInputs = [
    nodejs
    pnpm.configHook
    npmHooks.npmInstallHook
  ];

  buildPhase = ''
    runHook preBuild

    pnpm run build -reporter=append-only
    find dist -type f \( -name '*.cjs' -or -name '*.cts' -or -name '*.ts' \) -delete

    runHook postBuild
  '';
}
18:31:36 | INFO | â³ Testing the initial build...
18:31:36 | INFO | Building derivation outputs: /nix/store/0djl6dcd6hxxvdmhr21v3scqs5885m73-source.drv^*
18:31:37 | INFO | Building derivation outputs: /nix/store/rfd5w8g2d17gm44222i13973jhwn1fqj-dockge-1.5.0.drv^*
18:31:41 | INFO | 
ðŸŽ¯ coordinator: Iteration 1:
18:31:41 | INFO | 
ðŸŽ¯ coordinator: ```
these 2 derivations will be built:
  /nix/store/ny02py74af66g3r8x3rs8l6b2rhkl80k-dockge-pnpm-deps.drv
  /nix/store/rfd5w8g2d17gm44222i13973jhwn1fqj-dockge-1.5.0.drv
these 32 paths will be fetched (47.05 MiB download, 238.74 MiB unpacked):
  /nix/store/ygy471kcwmr7fx89pzclj9m1xlzrqqpa-die-hook
  /nix/store/dvhx24q4icrig4q1v1lp7kzi3izd5jmb-icu4c-76.1-dev
  /nix/store/40310r1c9xgx23hi763spi9b0jchmpfg-install-shell-files
  /nix/store/yika3khvh871bvk5sgpcxfdbqznyi3w0-jq-1.7.1-dev
  /nix/store/9mcjnb75xq17mvr8ikm3sg5yhx6ga62r-libuv-1.50.0
  /nix/store/0jwivz9p3yz44q2ifz3ymjlx4hlgj9pr-libuv-1.50.0-dev
  /nix/store/fj6dvmqy4l4i4jx8hy4bav8ph9jxqjiv-make-shell-wrapper-hook
  /nix/store/ifsq48dw92bnfjpvs9yr94f8hzi694hw-moreutils-0.70
  /nix/store/c8jxsih8yy2rnncdmx2hyraizf689nvp-nodejs-22.14.0
  /nix/store/xw8c1c0inxq3xl1d7axz19vq8c05kjk5-nodejs-22.14.0-dev
  /nix/store/0yk74zcizffka3p6xz9mv3p3145dfhwy-nodejs-install-executables
  /nix/store/k6l8h5f4wznv4lq1qw7rk628w389w6gm-nodejs-install-manuals
  /nix/store/1w3pbj6s2ndarbprmza1dif4kahl19fr-npm-install-hook
  /nix/store/rjzx8v679rwd6dsb6s08iy3j2rrax72s-openssl-3.4.1-bin
  /nix/store/kcgqglb4iax0zh5jlrxmjdik93wlgsrq-openssl-3.4.1-dev
  /nix/store/al9x8cr5xifp3qd2f5cdzh6z603kb5ps-perl-5.40.0
  /nix/store/ipy4j6fjn206ngvx9w5ngvbsq5807aa4-perl-5.40.0-env
  /nix/store/d6kfv0rb15n92pi1jsjk65nd9264wja6-perl-5.40.0-man
  /nix/store/n4h41cq1giahb1vi3k1901n91kkn9xrq-perl5.40.0-IO-Tty-1.17
  /nix/store/rxkvk2fr6qz231pqvirdmzwkias66iax-perl5.40.0-IPC-Run-20231003.0
  /nix/store/b0jhlcqic6hd593a2pghips959ljing9-perl5.40.0-Time-Duration-1.21
  /nix/store/j5agsmr85pb3waxmzxn2m79yb1i7hhmh-perl5.40.0-TimeDate-2.33
  /nix/store/52cvbcrszd9fxs0rzjrnf0jc802968cm-pnpm-10.11.1
  /nix/store/m5wbx6mw1cnhppfqr0rxjmfhf33ycfh8-pnpm-config-hook
  /nix/store/mr96b8h62jvf4axvy6nli7mrgdbpfgpl-python3.12-argcomplete-3.5.3
  /nix/store/jrxw1ykp4iww66zxki5n5d16hs6fg498-python3.12-tomlkit-0.13.2
  /nix/store/51mxyynmyhyhb42a6fgwv5kchj382ksh-python3.12-xmltodict-0.14.2
  /nix/store/xlfkx6n87ny1394wdr8b4a9hxr4zmgy2-python3.12-yq-3.4.3
  /nix/store/b83kagl3d98zf8dbvh52lw4xg881bhkf-sqlite-3.48.0-bin
  /nix/store/92gwa4j45skp8d096csmnj2a8jcn0q9w-sqlite-3.48.0-dev
  /nix/store/aq801xbgs98nxx3lckrym06qfvl8mfsf-stdenv-linux
  /nix/store/cbdvjyn19y77m8l06n089x30v7irqz3j-zlib-1.3.1-dev
copying path '/nix/store/40310r1c9xgx23hi763spi9b0jchmpfg-install-shell-files' from 'https://cache.nixos.org'...
copying path '/nix/store/ygy471kcwmr7fx89pzclj9m1xlzrqqpa-die-hook' from 'https://cache.nixos.org'...
copying path '/nix/store/9mcjnb75xq17mvr8ikm3sg5yhx6ga62r-libuv-1.50.0' from 'https://cache.nixos.org'...
copying path '/nix/store/dvhx24q4icrig4q1v1lp7kzi3izd5jmb-icu4c-76.1-dev' from 'https://cache.nixos.org'...
copying path '/nix/store/cbdvjyn19y77m8l06n089x30v7irqz3j-zlib-1.3.1-dev' from 'https://cache.nixos.org'...
copying path '/nix/store/yika3khvh871bvk5sgpcxfdbqznyi3w0-jq-1.7.1-dev' from 'https://cache.nixos.org'...
copying path '/nix/store/aq801xbgs98nxx3lckrym06qfvl8mfsf-stdenv-linux' from 'https://cache.nixos.org'...
copying path '/nix/store/rjzx8v679rwd6dsb6s08iy3j2rrax72s-openssl-3.4.1-bin' from 'https://cache.nixos.org'...
copying path '/nix/store/d6kfv0rb15n92pi1jsjk65nd9264wja6-perl-5.40.0-man' from 'https://cache.nixos.org'...
copying path '/nix/store/j5agsmr85pb3waxmzxn2m79yb1i7hhmh-perl5.40.0-TimeDate-2.33' from 'https://cache.nixos.org'...
copying path '/nix/store/b0jhlcqic6hd593a2pghips959ljing9-perl5.40.0-Time-Duration-1.21' from 'https://cache.nixos.org'...
copying path '/nix/store/b83kagl3d98zf8dbvh52lw4xg881bhkf-sqlite-3.48.0-bin' from 'https://cache.nixos.org'...
copying path '/nix/store/al9x8cr5xifp3qd2f5cdzh6z603kb5ps-perl-5.40.0' from 'https://cache.nixos.org'...
copying path '/nix/store/mr96b8h62jvf4axvy6nli7mrgdbpfgpl-python3.12-argcomplete-3.5.3' from 'https://cache.nixos.org'...
copying path '/nix/store/fj6dvmqy4l4i4jx8hy4bav8ph9jxqjiv-make-shell-wrapper-hook' from 'https://cache.nixos.org'...
copying path '/nix/store/51mxyynmyhyhb42a6fgwv5kchj382ksh-python3.12-xmltodict-0.14.2' from 'https://cache.nixos.org'...
copying path '/nix/store/n4h41cq1giahb1vi3k1901n91kkn9xrq-perl5.40.0-IO-Tty-1.17' from 'https://cache.nixos.org'...
copying path '/nix/store/jrxw1ykp4iww66zxki5n5d16hs6fg498-python3.12-tomlkit-0.13.2' from 'https://cache.nixos.org'...
copying path '/nix/store/k6l8h5f4wznv4lq1qw7rk628w389w6gm-nodejs-install-manuals' from 'https://cache.nixos.org'...
copying path '/nix/store/0jwivz9p3yz44q2ifz3ymjlx4hlgj9pr-libuv-1.50.0-dev' from 'https://cache.nixos.org'...
copying path '/nix/store/kcgqglb4iax0zh5jlrxmjdik93wlgsrq-openssl-3.4.1-dev' from 'https://cache.nixos.org'...
copying path '/nix/store/92gwa4j45skp8d096csmnj2a8jcn0q9w-sqlite-3.48.0-dev' from 'https://cache.nixos.org'...
copying path '/nix/store/rxkvk2fr6qz231pqvirdmzwkias66iax-perl5.40.0-IPC-Run-20231003.0' from 'https://cache.nixos.org'...
copying path '/nix/store/xlfkx6n87ny1394wdr8b4a9hxr4zmgy2-python3.12-yq-3.4.3' from 'https://cache.nixos.org'...
copying path '/nix/store/c8jxsih8yy2rnncdmx2hyraizf689nvp-nodejs-22.14.0' from 'https://cache.nixos.org'...
copying path '/nix/store/ipy4j6fjn206ngvx9w5ngvbsq5807aa4-perl-5.40.0-env' from 'https://cache.nixos.org'...
copying path '/nix/store/ifsq48dw92bnfjpvs9yr94f8hzi694hw-moreutils-0.70' from 'https://cache.nixos.org'...
copying path '/nix/store/xw8c1c0inxq3xl1d7axz19vq8c05kjk5-nodejs-22.14.0-dev' from 'https://cache.nixos.org'...
copying path '/nix/store/0yk74zcizffka3p6xz9mv3p3145dfhwy-nodejs-install-executables' from 'https://cache.nixos.org'...
copying path '/nix/store/52cvbcrszd9fxs0rzjrnf0jc802968cm-pnpm-10.11.1' from 'https://cache.nixos.org'...
copying path '/nix/store/1w3pbj6s2ndarbprmza1dif4kahl19fr-npm-install-hook' from 'https://cache.nixos.org'...
copying path '/nix/store/m5wbx6mw1cnhppfqr0rxjmfhf33ycfh8-pnpm-config-hook' from 'https://cache.nixos.org'...
warning: Ignoring setting 'auto-allocate-uids' because experimental feature 'auto-allocate-uids' is not enabled
warning: Ignoring setting 'impure-env' because experimental feature 'configurable-impure-env' is not enabled
building '/nix/store/ny02py74af66g3r8x3rs8l6b2rhkl80k-dockge-pnpm-deps.drv'...
error: builder for '/nix/store/ny02py74af66g3r8x3rs8l6b2rhkl80k-dockge-pnpm-deps.drv' failed with exit code 2;
       last 10 log lines:
       > source root is source
       > Running phase: patchPhase
       > Running phase: updateAutotoolsGnuConfigScriptsPhase
       > Running phase: installPhase
       > usage: yq [-h] [--yaml-output] [--yaml-roundtrip]
       >           [--yaml-output-grammar-version {1.1,1.2}] [--width WIDTH]
       >           [--indentless-lists] [--explicit-start] [--explicit-end]
       >           [--in-place] [--version]
       >           [jq_filter] [files ...]
       > yq: error: argument files: can't open 'pnpm-lock.yaml': [Errno 2] No such file or directory: 'pnpm-lock.yaml'
       For full logs, run 'nix log /nix/store/ny02py74af66g3r8x3rs8l6b2rhkl80k-dockge-pnpm-deps.drv'.
error: 1 dependencies of derivation '/nix/store/rfd5w8g2d17gm44222i13973jhwn1fqj-dockge-1.5.0.drv' failed to build

```
18:31:41 | INFO | 
ðŸŽ¯ coordinator: Other error detected, fixing...
18:31:41 | INFO | 
ðŸŽ¯ coordinator: code:
{ lib
, stdenv
, fetchFromGitHub
, nodejs
, pnpm  # You can use specific versions like pnpm_8, pnpm_9, or pnpm_10 instead
, npmHooks
}:
stdenv.mkDerivation rec {
  pname = "dockge";
  version = "1.5.0";

  src = fetchFromGitHub {
  owner = "louislam";
  repo = "dockge";
  rev = "${version}";
  hash = "sha256-hk0d+q/uaYi9WGA6o6Jsmlq+yfuVh14JmX5cYtCZixM=";
};

  pnpmDeps = pnpm.fetchDeps {
    inherit pname version src;
    hash = lib.fakeHash;
  };

  nativeBuildInputs = [
    nodejs
    pnpm.configHook
    npmHooks.npmInstallHook
  ];

  buildPhase = ''
    runHook preBuild

    pnpm run build -reporter=append-only
    find dist -type f \( -name '*.cjs' -or -name '*.cts' -or -name '*.ts' \) -delete

    runHook postBuild
  '';
}

18:31:41 | INFO | 
ðŸŽ¯ coordinator: error:
these 2 derivations will be built:
  /nix/store/ny02py74af66g3r8x3rs8l6b2rhkl80k-dockge-pnpm-deps.drv
  /nix/store/rfd5w8g2d17gm44222i13973jhwn1fqj-dockge-1.5.0.drv
these 32 paths will be fetched (47.05 MiB download, 238.74 MiB unpacked):
  /nix/store/ygy471kcwmr7fx89pzclj9m1xlzrqqpa-die-hook
  /nix/store/dvhx24q4icrig4q1v1lp7kzi3izd5jmb-icu4c-76.1-dev
  /nix/store/40310r1c9xgx23hi763spi9b0jchmpfg-install-shell-files
  /nix/store/yika3khvh871bvk5sgpcxfdbqznyi3w0-jq-1.7.1-dev
  /nix/store/9mcjnb75xq17mvr8ikm3sg5yhx6ga62r-libuv-1.50.0
  /nix/store/0jwivz9p3yz44q2ifz3ymjlx4hlgj9pr-libuv-1.50.0-dev
  /nix/store/fj6dvmqy4l4i4jx8hy4bav8ph9jxqjiv-make-shell-wrapper-hook
  /nix/store/ifsq48dw92bnfjpvs9yr94f8hzi694hw-moreutils-0.70
  /nix/store/c8jxsih8yy2rnncdmx2hyraizf689nvp-nodejs-22.14.0
  /nix/store/xw8c1c0inxq3xl1d7axz19vq8c05kjk5-nodejs-22.14.0-dev
  /nix/store/0yk74zcizffka3p6xz9mv3p3145dfhwy-nodejs-install-executables
  /nix/store/k6l8h5f4wznv4lq1qw7rk628w389w6gm-nodejs-install-manuals
  /nix/store/1w3pbj6s2ndarbprmza1dif4kahl19fr-npm-install-hook
  /nix/store/rjzx8v679rwd6dsb6s08iy3j2rrax72s-openssl-3.4.1-bin
  /nix/store/kcgqglb4iax0zh5jlrxmjdik93wlgsrq-openssl-3.4.1-dev
  /nix/store/al9x8cr5xifp3qd2f5cdzh6z603kb5ps-perl-5.40.0
  /nix/store/ipy4j6fjn206ngvx9w5ngvbsq5807aa4-perl-5.40.0-env
  /nix/store/d6kfv0rb15n92pi1jsjk65nd9264wja6-perl-5.40.0-man
  /nix/store/n4h41cq1giahb1vi3k1901n91kkn9xrq-perl5.40.0-IO-Tty-1.17
  /nix/store/rxkvk2fr6qz231pqvirdmzwkias66iax-perl5.40.0-IPC-Run-20231003.0
  /nix/store/b0jhlcqic6hd593a2pghips959ljing9-perl5.40.0-Time-Duration-1.21
  /nix/store/j5agsmr85pb3waxmzxn2m79yb1i7hhmh-perl5.40.0-TimeDate-2.33
  /nix/store/52cvbcrszd9fxs0rzjrnf0jc802968cm-pnpm-10.11.1
  /nix/store/m5wbx6mw1cnhppfqr0rxjmfhf33ycfh8-pnpm-config-hook
  /nix/store/mr96b8h62jvf4axvy6nli7mrgdbpfgpl-python3.12-argcomplete-3.5.3
  /nix/store/jrxw1ykp4iww66zxki5n5d16hs6fg498-python3.12-tomlkit-0.13.2
  /nix/store/51mxyynmyhyhb42a6fgwv5kchj382ksh-python3.12-xmltodict-0.14.2
  /nix/store/xlfkx6n87ny1394wdr8b4a9hxr4zmgy2-python3.12-yq-3.4.3
  /nix/store/b83kagl3d98zf8dbvh52lw4xg881bhkf-sqlite-3.48.0-bin
  /nix/store/92gwa4j45skp8d096csmnj2a8jcn0q9w-sqlite-3.48.0-dev
  /nix/store/aq801xbgs98nxx3lckrym06qfvl8mfsf-stdenv-linux
  /nix/store/cbdvjyn19y77m8l06n089x30v7irqz3j-zlib-1.3.1-dev
copying path '/nix/store/40310r1c9xgx23hi763spi9b0jchmpfg-install-shell-files' from 'https://cache.nixos.org'...
copying path '/nix/store/ygy471kcwmr7fx89pzclj9m1xlzrqqpa-die-hook' from 'https://cache.nixos.org'...
copying path '/nix/store/9mcjnb75xq17mvr8ikm3sg5yhx6ga62r-libuv-1.50.0' from 'https://cache.nixos.org'...
copying path '/nix/store/dvhx24q4icrig4q1v1lp7kzi3izd5jmb-icu4c-76.1-dev' from 'https://cache.nixos.org'...
copying path '/nix/store/cbdvjyn19y77m8l06n089x30v7irqz3j-zlib-1.3.1-dev' from 'https://cache.nixos.org'...
copying path '/nix/store/yika3khvh871bvk5sgpcxfdbqznyi3w0-jq-1.7.1-dev' from 'https://cache.nixos.org'...
copying path '/nix/store/aq801xbgs98nxx3lckrym06qfvl8mfsf-stdenv-linux' from 'https://cache.nixos.org'...
copying path '/nix/store/rjzx8v679rwd6dsb6s08iy3j2rrax72s-openssl-3.4.1-bin' from 'https://cache.nixos.org'...
copying path '/nix/store/d6kfv0rb15n92pi1jsjk65nd9264wja6-perl-5.40.0-man' from 'https://cache.nixos.org'...
copying path '/nix/store/j5agsmr85pb3waxmzxn2m79yb1i7hhmh-perl5.40.0-TimeDate-2.33' from 'https://cache.nixos.org'...
copying path '/nix/store/b0jhlcqic6hd593a2pghips959ljing9-perl5.40.0-Time-Duration-1.21' from 'https://cache.nixos.org'...
copying path '/nix/store/b83kagl3d98zf8dbvh52lw4xg881bhkf-sqlite-3.48.0-bin' from 'https://cache.nixos.org'...
copying path '/nix/store/al9x8cr5xifp3qd2f5cdzh6z603kb5ps-perl-5.40.0' from 'https://cache.nixos.org'...
copying path '/nix/store/mr96b8h62jvf4axvy6nli7mrgdbpfgpl-python3.12-argcomplete-3.5.3' from 'https://cache.nixos.org'...
copying path '/nix/store/fj6dvmqy4l4i4jx8hy4bav8ph9jxqjiv-make-shell-wrapper-hook' from 'https://cache.nixos.org'...
copying path '/nix/store/51mxyynmyhyhb42a6fgwv5kchj382ksh-python3.12-xmltodict-0.14.2' from 'https://cache.nixos.org'...
copying path '/nix/store/n4h41cq1giahb1vi3k1901n91kkn9xrq-perl5.40.0-IO-Tty-1.17' from 'https://cache.nixos.org'...
copying path '/nix/store/jrxw1ykp4iww66zxki5n5d16hs6fg498-python3.12-tomlkit-0.13.2' from 'https://cache.nixos.org'...
copying path '/nix/store/k6l8h5f4wznv4lq1qw7rk628w389w6gm-nodejs-install-manuals' from 'https://cache.nixos.org'...
copying path '/nix/store/0jwivz9p3yz44q2ifz3ymjlx4hlgj9pr-libuv-1.50.0-dev' from 'https://cache.nixos.org'...
copying path '/nix/store/kcgqglb4iax0zh5jlrxmjdik93wlgsrq-openssl-3.4.1-dev' from 'https://cache.nixos.org'...
copying path '/nix/store/92gwa4j45skp8d096csmnj2a8jcn0q9w-sqlite-3.48.0-dev' from 'https://cache.nixos.org'...
copying path '/nix/store/rxkvk2fr6qz231pqvirdmzwkias66iax-perl5.40.0-IPC-Run-20231003.0' from 'https://cache.nixos.org'...
copying path '/nix/store/xlfkx6n87ny1394wdr8b4a9hxr4zmgy2-python3.12-yq-3.4.3' from 'https://cache.nixos.org'...
copying path '/nix/store/c8jxsih8yy2rnncdmx2hyraizf689nvp-nodejs-22.14.0' from 'https://cache.nixos.org'...
copying path '/nix/store/ipy4j6fjn206ngvx9w5ngvbsq5807aa4-perl-5.40.0-env' from 'https://cache.nixos.org'...
copying path '/nix/store/ifsq48dw92bnfjpvs9yr94f8hzi694hw-moreutils-0.70' from 'https://cache.nixos.org'...
copying path '/nix/store/xw8c1c0inxq3xl1d7axz19vq8c05kjk5-nodejs-22.14.0-dev' from 'https://cache.nixos.org'...
copying path '/nix/store/0yk74zcizffka3p6xz9mv3p3145dfhwy-nodejs-install-executables' from 'https://cache.nixos.org'...
copying path '/nix/store/52cvbcrszd9fxs0rzjrnf0jc802968cm-pnpm-10.11.1' from 'https://cache.nixos.org'...
copying path '/nix/store/1w3pbj6s2ndarbprmza1dif4kahl19fr-npm-install-hook' from 'https://cache.nixos.org'...
copying path '/nix/store/m5wbx6mw1cnhppfqr0rxjmfhf33ycfh8-pnpm-config-hook' from 'https://cache.nixos.org'...
warning: Ignoring setting 'auto-allocate-uids' because experimental feature 'auto-allocate-uids' is not enabled
warning: Ignoring setting 'impure-env' because experimental feature 'configurable-impure-env' is not enabled
building '/nix/store/ny02py74af66g3r8x3rs8l6b2rhkl80k-dockge-pnpm-deps.drv'...
error: builder for '/nix/store/ny02py74af66g3r8x3rs8l6b2rhkl80k-dockge-pnpm-deps.drv' failed with exit code 2;
       last 10 log lines:
       > source root is source
       > Running phase: patchPhase
       > Running phase: updateAutotoolsGnuConfigScriptsPhase
       > Running phase: installPhase
       > usage: yq [-h] [--yaml-output] [--yaml-roundtrip]
       >           [--yaml-output-grammar-version {1.1,1.2}] [--width WIDTH]
       >           [--indentless-lists] [--explicit-start] [--explicit-end]
       >           [--in-place] [--version]
       >           [jq_filter] [files ...]
       > yq: error: argument files: can't open 'pnpm-lock.yaml': [Errno 2] No such file or directory: 'pnpm-lock.yaml'
       For full logs, run 'nix log /nix/store/ny02py74af66g3r8x3rs8l6b2rhkl80k-dockge-pnpm-deps.drv'.
error: 1 dependencies of derivation '/nix/store/rfd5w8g2d17gm44222i13973jhwn1fqj-dockge-1.5.0.drv' failed to build


18:31:41 | INFO | 
ðŸŽ¯ coordinator: @model You are software packaging expert who can build any project using the Nix programming language.
18:31:43 | INFO | ðŸ¤– model: 


--- STREAM COMPLETE (Callback Triggered) ---
Final Prompt Tokens: 1953
Final Completion Tokens: 357
Final Total Tokens: 2310
Total Stream Cost: $0.002990
------------------------------------------


--- STREAM COMPLETE (Callback Triggered) ---
Final Prompt Tokens: 898
Final Completion Tokens: 39
Final Total Tokens: 937
Total Stream Cost: $0.000874
------------------------------------------

Based on the error message and project information, the key issue is that the `pnpm-lock.yaml` file is missing during the dependency fetching phase. This is likely because the file wasn't included in the source code.

Here's an updated version of the Nix derivation that should address this:

```nix
{ lib
, stdenv
, fetchFromGitHub
, nodejs
, pnpm_10  # Updated to a specific pnpm version
, npmHooks
}:
stdenv.mkDerivation rec {
  pname = "dockge";
  version = "1.5.0";

  src = fetchFromGitHub {
    owner = "louislam";
    repo = "dockge";
    rev = "${version}";
    hash = "sha256-hk0d+q/uaYi9WGA6o6Jsmlq+yfuVh14JmX5cYtCZixM=";
  };

  pnpmDeps = pnpm_10.fetchDeps {
    inherit pname version src;
    hash = lib.fakeHash;
  };

  nativeBuildInputs = [
    nodejs
    pnpm_10.configHook
    npmHooks.npmInstallHook
  ];

  buildPhase = ''
    runHook preBuild

    pnpm install --frozen-lockfile
    pnpm run build -reporter=append-only
    find dist -type f \( -name '*.cjs' -or -name '*.cts' -or -name '*.ts' \) -delete

    runHook postBuild
  '';
}
```

Key changes:
1. Replaced `pnpm` with `pnpm_10` to use a specific version
2. Added `pnpm install --frozen-lockfile` to ensure dependencies are installed before building
3. Kept the rest of the derivation the same

The main issue was likely that the `pnpm-lock.yaml` file was not being properly handled. By adding the explicit `pnpm install --frozen-lockfile` step, we ensure that the dependencies are installed before the build phase.

Note: You'll need to replace `lib.fakeHash` with the actual hash after the first build attempt.18:31:55 | INFO | â³ Iteration 1: Testing fix attempt 1 of 40...
18:31:55 | INFO | Building derivation outputs: /nix/store/0djl6dcd6hxxvdmhr21v3scqs5885m73-source.drv^*
18:31:56 | INFO | Building derivation outputs: /nix/store/j64q1ab7qsi0faddqdddjd1paavicw37-dockge-1.5.0.drv^*
18:31:57 | INFO | 
ðŸŽ¯ coordinator: Non-build error: NixErrorKind.DEPENDENCY_BUILD_ERROR
18:31:57 | INFO | 
ðŸŽ¯ coordinator: Iteration 2:
18:31:57 | INFO | 
ðŸŽ¯ coordinator: ```
these 2 derivations will be built:
  /nix/store/ny02py74af66g3r8x3rs8l6b2rhkl80k-dockge-pnpm-deps.drv
  /nix/store/j64q1ab7qsi0faddqdddjd1paavicw37-dockge-1.5.0.drv
warning: Ignoring setting 'auto-allocate-uids' because experimental feature 'auto-allocate-uids' is not enabled
warning: Ignoring setting 'impure-env' because experimental feature 'configurable-impure-env' is not enabled
building '/nix/store/ny02py74af66g3r8x3rs8l6b2rhkl80k-dockge-pnpm-deps.drv'...
error: builder for '/nix/store/ny02py74af66g3r8x3rs8l6b2rhkl80k-dockge-pnpm-deps.drv' failed with exit code 2;
       last 10 log lines:
       > source root is source
       > Running phase: patchPhase
       > Running phase: updateAutotoolsGnuConfigScriptsPhase
       > Running phase: installPhase
       > usage: yq [-h] [--yaml-output] [--yaml-roundtrip]
       >           [--yaml-output-grammar-version {1.1,1.2}] [--width WIDTH]
       >           [--indentless-lists] [--explicit-start] [--explicit-end]
       >           [--in-place] [--version]
       >           [jq_filter] [files ...]
       > yq: error: argument files: can't open 'pnpm-lock.yaml': [Errno 2] No such file or directory: 'pnpm-lock.yaml'
       For full logs, run 'nix log /nix/store/ny02py74af66g3r8x3rs8l6b2rhkl80k-dockge-pnpm-deps.drv'.
error: 1 dependencies of derivation '/nix/store/j64q1ab7qsi0faddqdddjd1paavicw37-dockge-1.5.0.drv' failed to build

```
18:31:57 | INFO | 
ðŸŽ¯ coordinator: Other error detected, fixing...
18:31:57 | INFO | 
ðŸŽ¯ coordinator: code:
{ lib
, stdenv
, fetchFromGitHub
, nodejs
, pnpm_10  # Updated to a specific pnpm version
, npmHooks
}:
stdenv.mkDerivation rec {
  pname = "dockge";
  version = "1.5.0";

  src = fetchFromGitHub {
    owner = "louislam";
    repo = "dockge";
    rev = "${version}";
    hash = "sha256-hk0d+q/uaYi9WGA6o6Jsmlq+yfuVh14JmX5cYtCZixM=";
  };

  pnpmDeps = pnpm_10.fetchDeps {
    inherit pname version src;
    hash = lib.fakeHash;
  };

  nativeBuildInputs = [
    nodejs
    pnpm_10.configHook
    npmHooks.npmInstallHook
  ];

  buildPhase = ''
    runHook preBuild

    pnpm install --frozen-lockfile
    pnpm run build -reporter=append-only
    find dist -type f \( -name '*.cjs' -or -name '*.cts' -or -name '*.ts' \) -delete

    runHook postBuild
  '';
}

18:31:57 | INFO | 
ðŸŽ¯ coordinator: error:
these 2 derivations will be built:
  /nix/store/ny02py74af66g3r8x3rs8l6b2rhkl80k-dockge-pnpm-deps.drv
  /nix/store/j64q1ab7qsi0faddqdddjd1paavicw37-dockge-1.5.0.drv
warning: Ignoring setting 'auto-allocate-uids' because experimental feature 'auto-allocate-uids' is not enabled
warning: Ignoring setting 'impure-env' because experimental feature 'configurable-impure-env' is not enabled
building '/nix/store/ny02py74af66g3r8x3rs8l6b2rhkl80k-dockge-pnpm-deps.drv'...
error: builder for '/nix/store/ny02py74af66g3r8x3rs8l6b2rhkl80k-dockge-pnpm-deps.drv' failed with exit code 2;
       last 10 log lines:
       > source root is source
       > Running phase: patchPhase
       > Running phase: updateAutotoolsGnuConfigScriptsPhase
       > Running phase: installPhase
       > usage: yq [-h] [--yaml-output] [--yaml-roundtrip]
       >           [--yaml-output-grammar-version {1.1,1.2}] [--width WIDTH]
       >           [--indentless-lists] [--explicit-start] [--explicit-end]
       >           [--in-place] [--version]
       >           [jq_filter] [files ...]
       > yq: error: argument files: can't open 'pnpm-lock.yaml': [Errno 2] No such file or directory: 'pnpm-lock.yaml'
       For full logs, run 'nix log /nix/store/ny02py74af66g3r8x3rs8l6b2rhkl80k-dockge-pnpm-deps.drv'.
error: 1 dependencies of derivation '/nix/store/j64q1ab7qsi0faddqdddjd1paavicw37-dockge-1.5.0.drv' failed to build


18:31:57 | INFO | 
ðŸŽ¯ coordinator: @model You are software packaging expert who can build any project using the Nix programming language.
18:31:58 | INFO | ðŸ¤– model: 


--- STREAM COMPLETE (Callback Triggered) ---
Final Prompt Tokens: 7477
Final Completion Tokens: 542
Final Total Tokens: 8019
Total Stream Cost: $0.008150
------------------------------------------

Based on the error message and project information, the key issue is the missing `pnpm-lock.yaml` file. For pnpm-based projects, the lock file is crucial for deterministic builds. Let's modify the derivation to ensure the lock file is present.

```nix
{ lib
, stdenv
, fetchFromGitHub
, nodejs
, pnpm_10
, npmHooks
}:
stdenv.mkDerivation rec {
  pname = "dockge";
  version = "1.5.0";

  src = fetchFromGitHub {
    owner = "louislam";
    repo = "dockge";
    rev = "${version}";
    hash = lib.fakeHash;  # Updated to fakeHash as per guidance
  };

  pnpmDeps = pnpm_10.fetchDeps {
    inherit pname version src;
    hash = lib.fakeHash;
  };

  nativeBuildInputs = [
    nodejs
    pnpm_10.configHook
    npmHooks.npmInstallHook
  ];

  buildPhase = ''
    runHook preBuild

    # Ensure pnpm-lock.yaml exists before installation
    [ -f pnpm-lock.yaml ] || { echo "pnpm-lock.yaml is missing"; exit 1; }

    pnpm install --frozen-lockfile
    pnpm run build -reporter=append-only
    find dist -type f \( -name '*.cjs' -or -name '*.cts' -or -name '*.ts' \) -delete

    runHook postBuild
  '';
}
```

Key changes:
1. Updated the `src` hash to `lib.fakeHash` to match the guidance
2. Added a check to ensure `pnpm-lock.yaml` exists before installation
3. Kept the basic structure of the original derivation

The added check will help diagnose if the lock file is missing from the source. In a real-world scenario, you would typically:
- Verify the lock file exists in the project's source code
- If not, you might need to generate it using `pnpm install` before packaging
- Consult the project's documentation about how they manage dependencies

Note: The actual fix may require obtaining the `pnpm-lock.yaml` file, which is not something I can do directly through this interface. The added check will help clarify if that's the specific issue.18:32:09 | INFO | â³ Iteration 2: Testing fix attempt 2 of 40...
18:32:10 | INFO | Building derivation outputs: /nix/store/cchnpn4hy4z216w260h8pkhlvi49smjf-source.drv^*
18:32:11 | INFO | 
ðŸŽ¯ coordinator: Non-build error: NixErrorKind.HASH_MISMATCH
18:32:11 | INFO | 
ðŸŽ¯ coordinator: Iteration 3:
18:32:11 | INFO | 
ðŸŽ¯ coordinator: ```
this derivation will be built:
  /nix/store/cchnpn4hy4z216w260h8pkhlvi49smjf-source.drv
these 16 paths will be fetched (4.70 MiB download, 18.01 MiB unpacked):
  /nix/store/3f5adc5ygjllrbgm913gabzf9afmkh7s-curl-8.13.0
  /nix/store/a1v66jvhbr6xia023m16c4pkhxrpkqqr-curl-8.13.0-bin
  /nix/store/0dw5b8ypwqy87xrb0jgn5ygpzsiv6di9-curl-8.13.0-dev
  /nix/store/c5k72696a984v5gcxd7grg6f4154yv8d-curl-8.13.0-man
  /nix/store/dd8qw391ljsri9mkx07mihb1ap0g52mp-krb5-1.21.3
  /nix/store/mgzqqyadpfwhqq68lpfp7c91ywzrzm10-krb5-1.21.3-dev
  /nix/store/jc4bqxwq93ki4b5wf638sgygd1ghjz7a-krb5-1.21.3-lib
  /nix/store/hbg912lq82jclwv8xnrwx5dgm8wq79sb-libssh2-1.11.1
  /nix/store/9pfg9c10kjqzbdfy37vhylkqhmwf1208-libssh2-1.11.1-dev
  /nix/store/nqlhzbplrrhkm2rynv3ild1236p0h1c3-mirrors-list
  /nix/store/yq3yqv9limsk8w5vimygq1h23vjv6i3m-nghttp2-1.65.0
  /nix/store/zh2hx7p0dgkpn08m4gx1csg970dp8b0g-nghttp2-1.65.0-dev
  /nix/store/w5jysn25rynd1d4f3z1nzdkm3rv7rmf0-nghttp2-1.65.0-lib
  /nix/store/qr2rzzddcyvmdlrq1fy68c3nwcz29jyb-openssl-3.4.1
  /nix/store/xr3wxsyn60shsns69sgkxfhv2d95536w-openssl-3.4.1-bin
  /nix/store/jrfl1fwkb3aqbh19ap1ipk8sjlbpcjy4-openssl-3.4.1-dev
copying path '/nix/store/nqlhzbplrrhkm2rynv3ild1236p0h1c3-mirrors-list' from 'https://cache.nixos.org'...
copying path '/nix/store/c5k72696a984v5gcxd7grg6f4154yv8d-curl-8.13.0-man' from 'https://cache.nixos.org'...
copying path '/nix/store/yq3yqv9limsk8w5vimygq1h23vjv6i3m-nghttp2-1.65.0' from 'https://cache.nixos.org'...
copying path '/nix/store/w5jysn25rynd1d4f3z1nzdkm3rv7rmf0-nghttp2-1.65.0-lib' from 'https://cache.nixos.org'...
copying path '/nix/store/qr2rzzddcyvmdlrq1fy68c3nwcz29jyb-openssl-3.4.1' from 'https://cache.nixos.org'...
copying path '/nix/store/zh2hx7p0dgkpn08m4gx1csg970dp8b0g-nghttp2-1.65.0-dev' from 'https://cache.nixos.org'...
copying path '/nix/store/jc4bqxwq93ki4b5wf638sgygd1ghjz7a-krb5-1.21.3-lib' from 'https://cache.nixos.org'...
copying path '/nix/store/hbg912lq82jclwv8xnrwx5dgm8wq79sb-libssh2-1.11.1' from 'https://cache.nixos.org'...
copying path '/nix/store/xr3wxsyn60shsns69sgkxfhv2d95536w-openssl-3.4.1-bin' from 'https://cache.nixos.org'...
copying path '/nix/store/jrfl1fwkb3aqbh19ap1ipk8sjlbpcjy4-openssl-3.4.1-dev' from 'https://cache.nixos.org'...
copying path '/nix/store/9pfg9c10kjqzbdfy37vhylkqhmwf1208-libssh2-1.11.1-dev' from 'https://cache.nixos.org'...
copying path '/nix/store/3f5adc5ygjllrbgm913gabzf9afmkh7s-curl-8.13.0' from 'https://cache.nixos.org'...
copying path '/nix/store/dd8qw391ljsri9mkx07mihb1ap0g52mp-krb5-1.21.3' from 'https://cache.nixos.org'...
copying path '/nix/store/a1v66jvhbr6xia023m16c4pkhxrpkqqr-curl-8.13.0-bin' from 'https://cache.nixos.org'...
copying path '/nix/store/mgzqqyadpfwhqq68lpfp7c91ywzrzm10-krb5-1.21.3-dev' from 'https://cache.nixos.org'...
copying path '/nix/store/0dw5b8ypwqy87xrb0jgn5ygpzsiv6di9-curl-8.13.0-dev' from 'https://cache.nixos.org'...
building '/nix/store/cchnpn4hy4z216w260h8pkhlvi49smjf-source.drv'...
error: hash mismatch in fixed-output derivation '/nix/store/cchnpn4hy4z216w260h8pkhlvi49smjf-source.drv':
         specified: sha256-AAAAAAAAAAAAAAAAAAAAAAAAAAAAAAAAAAAAAAAAAAA=
            got:    sha256-hk0d+q/uaYi9WGA6o6Jsmlq+yfuVh14JmX5cYtCZixM=

```
18:32:11 | INFO | 
ðŸŽ¯ coordinator: Hash mismatch detected, fixing...
18:32:11 | INFO | 
ðŸŽ¯ coordinator: code:
{ lib
, stdenv
, fetchFromGitHub
, nodejs
, pnpm_10
, npmHooks
}:
stdenv.mkDerivation rec {
  pname = "dockge";
  version = "1.5.0";

  src = fetchFromGitHub {
    owner = "louislam";
    repo = "dockge";
    rev = "${version}";
    hash = lib.fakeHash;  # Updated to fakeHash as per guidance
  };

  pnpmDeps = pnpm_10.fetchDeps {
    inherit pname version src;
    hash = lib.fakeHash;
  };

  nativeBuildInputs = [
    nodejs
    pnpm_10.configHook
    npmHooks.npmInstallHook
  ];

  buildPhase = ''
    runHook preBuild

    # Ensure pnpm-lock.yaml exists before installation
    [ -f pnpm-lock.yaml ] || { echo "pnpm-lock.yaml is missing"; exit 1; }

    pnpm install --frozen-lockfile
    pnpm run build -reporter=append-only
    find dist -type f \( -name '*.cjs' -or -name '*.cts' -or -name '*.ts' \) -delete

    runHook postBuild
  '';
}

18:32:11 | INFO | 
ðŸŽ¯ coordinator: error:
this derivation will be built:
  /nix/store/cchnpn4hy4z216w260h8pkhlvi49smjf-source.drv
these 16 paths will be fetched (4.70 MiB download, 18.01 MiB unpacked):
  /nix/store/3f5adc5ygjllrbgm913gabzf9afmkh7s-curl-8.13.0
  /nix/store/a1v66jvhbr6xia023m16c4pkhxrpkqqr-curl-8.13.0-bin
  /nix/store/0dw5b8ypwqy87xrb0jgn5ygpzsiv6di9-curl-8.13.0-dev
  /nix/store/c5k72696a984v5gcxd7grg6f4154yv8d-curl-8.13.0-man
  /nix/store/dd8qw391ljsri9mkx07mihb1ap0g52mp-krb5-1.21.3
  /nix/store/mgzqqyadpfwhqq68lpfp7c91ywzrzm10-krb5-1.21.3-dev
  /nix/store/jc4bqxwq93ki4b5wf638sgygd1ghjz7a-krb5-1.21.3-lib
  /nix/store/hbg912lq82jclwv8xnrwx5dgm8wq79sb-libssh2-1.11.1
  /nix/store/9pfg9c10kjqzbdfy37vhylkqhmwf1208-libssh2-1.11.1-dev
  /nix/store/nqlhzbplrrhkm2rynv3ild1236p0h1c3-mirrors-list
  /nix/store/yq3yqv9limsk8w5vimygq1h23vjv6i3m-nghttp2-1.65.0
  /nix/store/zh2hx7p0dgkpn08m4gx1csg970dp8b0g-nghttp2-1.65.0-dev
  /nix/store/w5jysn25rynd1d4f3z1nzdkm3rv7rmf0-nghttp2-1.65.0-lib
  /nix/store/qr2rzzddcyvmdlrq1fy68c3nwcz29jyb-openssl-3.4.1
  /nix/store/xr3wxsyn60shsns69sgkxfhv2d95536w-openssl-3.4.1-bin
  /nix/store/jrfl1fwkb3aqbh19ap1ipk8sjlbpcjy4-openssl-3.4.1-dev
copying path '/nix/store/nqlhzbplrrhkm2rynv3ild1236p0h1c3-mirrors-list' from 'https://cache.nixos.org'...
copying path '/nix/store/c5k72696a984v5gcxd7grg6f4154yv8d-curl-8.13.0-man' from 'https://cache.nixos.org'...
copying path '/nix/store/yq3yqv9limsk8w5vimygq1h23vjv6i3m-nghttp2-1.65.0' from 'https://cache.nixos.org'...
copying path '/nix/store/w5jysn25rynd1d4f3z1nzdkm3rv7rmf0-nghttp2-1.65.0-lib' from 'https://cache.nixos.org'...
copying path '/nix/store/qr2rzzddcyvmdlrq1fy68c3nwcz29jyb-openssl-3.4.1' from 'https://cache.nixos.org'...
copying path '/nix/store/zh2hx7p0dgkpn08m4gx1csg970dp8b0g-nghttp2-1.65.0-dev' from 'https://cache.nixos.org'...
copying path '/nix/store/jc4bqxwq93ki4b5wf638sgygd1ghjz7a-krb5-1.21.3-lib' from 'https://cache.nixos.org'...
copying path '/nix/store/hbg912lq82jclwv8xnrwx5dgm8wq79sb-libssh2-1.11.1' from 'https://cache.nixos.org'...
copying path '/nix/store/xr3wxsyn60shsns69sgkxfhv2d95536w-openssl-3.4.1-bin' from 'https://cache.nixos.org'...
copying path '/nix/store/jrfl1fwkb3aqbh19ap1ipk8sjlbpcjy4-openssl-3.4.1-dev' from 'https://cache.nixos.org'...
copying path '/nix/store/9pfg9c10kjqzbdfy37vhylkqhmwf1208-libssh2-1.11.1-dev' from 'https://cache.nixos.org'...
copying path '/nix/store/3f5adc5ygjllrbgm913gabzf9afmkh7s-curl-8.13.0' from 'https://cache.nixos.org'...
copying path '/nix/store/dd8qw391ljsri9mkx07mihb1ap0g52mp-krb5-1.21.3' from 'https://cache.nixos.org'...
copying path '/nix/store/a1v66jvhbr6xia023m16c4pkhxrpkqqr-curl-8.13.0-bin' from 'https://cache.nixos.org'...
copying path '/nix/store/mgzqqyadpfwhqq68lpfp7c91ywzrzm10-krb5-1.21.3-dev' from 'https://cache.nixos.org'...
copying path '/nix/store/0dw5b8ypwqy87xrb0jgn5ygpzsiv6di9-curl-8.13.0-dev' from 'https://cache.nixos.org'...
building '/nix/store/cchnpn4hy4z216w260h8pkhlvi49smjf-source.drv'...
error: hash mismatch in fixed-output derivation '/nix/store/cchnpn4hy4z216w260h8pkhlvi49smjf-source.drv':
         specified: sha256-AAAAAAAAAAAAAAAAAAAAAAAAAAAAAAAAAAAAAAAAAAA=
            got:    sha256-hk0d+q/uaYi9WGA6o6Jsmlq+yfuVh14JmX5cYtCZixM=


18:32:11 | INFO | 
ðŸŽ¯ coordinator: @model You are software packaging expert who can build any project using the Nix programming language.
18:32:11 | INFO | ðŸ¤– model: 


--- STREAM COMPLETE (Callback Triggered) ---
Final Prompt Tokens: 4266
Final Completion Tokens: 584
Final Total Tokens: 4850
Total Stream Cost: $0.005749
------------------------------------------

Based on the error message, I'll replace the `lib.fakeHash` with the actual hash value from the error message for the `src` attribute:

```nix
{ lib
, stdenv
, fetchFromGitHub
, nodejs
, pnpm_10
, npmHooks
}:
stdenv.mkDerivation rec {
  pname = "dockge";
  version = "1.5.0";

  src = fetchFromGitHub {
    owner = "louislam";
    repo = "dockge";
    rev = "${version}";
    hash = "sha256-hk0d+q/uaYi9WGA6o6Jsmlq+yfuVh14JmX5cYtCZixM=";
  };

  pnpmDeps = pnpm_10.fetchDeps {
    inherit pname version src;
    hash = lib.fakeHash;
  };

  nativeBuildInputs = [
    nodejs
    pnpm_10.configHook
    npmHooks.npmInstallHook
  ];

  buildPhase = ''
    runHook preBuild

    # Ensure pnpm-lock.yaml exists before installation
    [ -f pnpm-lock.yaml ] || { echo "pnpm-lock.yaml is missing"; exit 1; }

    pnpm install --frozen-lockfile
    pnpm run build -reporter=append-only
    find dist -type f \( -name '*.cjs' -or -name '*.cts' -or -name '*.ts' \) -delete

    runHook postBuild
  '';
}
```

The code replaces the `lib.fakeHash` for the `src` attribute with the specific hash from the error message, leaving the `pnpmDeps` hash as `lib.fakeHash`.18:32:19 | INFO | â³ Iteration 3: Testing fix attempt 3 of 40...
18:32:19 | INFO | Building derivation outputs: /nix/store/0djl6dcd6hxxvdmhr21v3scqs5885m73-source.drv^*
18:32:20 | INFO | Building derivation outputs: /nix/store/820bnapwqdnvpq0mbai6pbvv385k9v13-dockge-1.5.0.drv^*
18:32:21 | INFO | 
ðŸŽ¯ coordinator: Non-build error: NixErrorKind.DEPENDENCY_BUILD_ERROR
18:32:21 | INFO | 
ðŸŽ¯ coordinator: Iteration 4:
18:32:21 | INFO | 
ðŸŽ¯ coordinator: ```
these 2 derivations will be built:
  /nix/store/ny02py74af66g3r8x3rs8l6b2rhkl80k-dockge-pnpm-deps.drv
  /nix/store/820bnapwqdnvpq0mbai6pbvv385k9v13-dockge-1.5.0.drv
warning: Ignoring setting 'auto-allocate-uids' because experimental feature 'auto-allocate-uids' is not enabled
warning: Ignoring setting 'impure-env' because experimental feature 'configurable-impure-env' is not enabled
building '/nix/store/ny02py74af66g3r8x3rs8l6b2rhkl80k-dockge-pnpm-deps.drv'...
error: builder for '/nix/store/ny02py74af66g3r8x3rs8l6b2rhkl80k-dockge-pnpm-deps.drv' failed with exit code 2;
       last 10 log lines:
       > source root is source
       > Running phase: patchPhase
       > Running phase: updateAutotoolsGnuConfigScriptsPhase
       > Running phase: installPhase
       > usage: yq [-h] [--yaml-output] [--yaml-roundtrip]
       >           [--yaml-output-grammar-version {1.1,1.2}] [--width WIDTH]
       >           [--indentless-lists] [--explicit-start] [--explicit-end]
       >           [--in-place] [--version]
       >           [jq_filter] [files ...]
       > yq: error: argument files: can't open 'pnpm-lock.yaml': [Errno 2] No such file or directory: 'pnpm-lock.yaml'
       For full logs, run 'nix log /nix/store/ny02py74af66g3r8x3rs8l6b2rhkl80k-dockge-pnpm-deps.drv'.
error: 1 dependencies of derivation '/nix/store/820bnapwqdnvpq0mbai6pbvv385k9v13-dockge-1.5.0.drv' failed to build

```
18:32:21 | INFO | 
ðŸŽ¯ coordinator: Other error detected, fixing...
18:32:21 | INFO | 
ðŸŽ¯ coordinator: code:
{ lib
, stdenv
, fetchFromGitHub
, nodejs
, pnpm_10
, npmHooks
}:
stdenv.mkDerivation rec {
  pname = "dockge";
  version = "1.5.0";

  src = fetchFromGitHub {
    owner = "louislam";
    repo = "dockge";
    rev = "${version}";
    hash = "sha256-hk0d+q/uaYi9WGA6o6Jsmlq+yfuVh14JmX5cYtCZixM=";
  };

  pnpmDeps = pnpm_10.fetchDeps {
    inherit pname version src;
    hash = lib.fakeHash;
  };

  nativeBuildInputs = [
    nodejs
    pnpm_10.configHook
    npmHooks.npmInstallHook
  ];

  buildPhase = ''
    runHook preBuild

    # Ensure pnpm-lock.yaml exists before installation
    [ -f pnpm-lock.yaml ] || { echo "pnpm-lock.yaml is missing"; exit 1; }

    pnpm install --frozen-lockfile
    pnpm run build -reporter=append-only
    find dist -type f \( -name '*.cjs' -or -name '*.cts' -or -name '*.ts' \) -delete

    runHook postBuild
  '';
}

18:32:21 | INFO | 
ðŸŽ¯ coordinator: error:
these 2 derivations will be built:
  /nix/store/ny02py74af66g3r8x3rs8l6b2rhkl80k-dockge-pnpm-deps.drv
  /nix/store/820bnapwqdnvpq0mbai6pbvv385k9v13-dockge-1.5.0.drv
warning: Ignoring setting 'auto-allocate-uids' because experimental feature 'auto-allocate-uids' is not enabled
warning: Ignoring setting 'impure-env' because experimental feature 'configurable-impure-env' is not enabled
building '/nix/store/ny02py74af66g3r8x3rs8l6b2rhkl80k-dockge-pnpm-deps.drv'...
error: builder for '/nix/store/ny02py74af66g3r8x3rs8l6b2rhkl80k-dockge-pnpm-deps.drv' failed with exit code 2;
       last 10 log lines:
       > source root is source
       > Running phase: patchPhase
       > Running phase: updateAutotoolsGnuConfigScriptsPhase
       > Running phase: installPhase
       > usage: yq [-h] [--yaml-output] [--yaml-roundtrip]
       >           [--yaml-output-grammar-version {1.1,1.2}] [--width WIDTH]
       >           [--indentless-lists] [--explicit-start] [--explicit-end]
       >           [--in-place] [--version]
       >           [jq_filter] [files ...]
       > yq: error: argument files: can't open 'pnpm-lock.yaml': [Errno 2] No such file or directory: 'pnpm-lock.yaml'
       For full logs, run 'nix log /nix/store/ny02py74af66g3r8x3rs8l6b2rhkl80k-dockge-pnpm-deps.drv'.
error: 1 dependencies of derivation '/nix/store/820bnapwqdnvpq0mbai6pbvv385k9v13-dockge-1.5.0.drv' failed to build


18:32:21 | INFO | 
ðŸŽ¯ coordinator: @model You are software packaging expert who can build any project using the Nix programming language.
18:32:22 | INFO | ðŸ¤– model: 


--- STREAM COMPLETE (Callback Triggered) ---
Final Prompt Tokens: 2420
Final Completion Tokens: 452
Final Total Tokens: 2872
Total Stream Cost: $0.003744
------------------------------------------

I'll help you package this project. Based on the error message, the key issue is the missing `pnpm-lock.yaml` file during the dependency fetching phase. Let's verify the project's contents and adjust the derivation accordingly.

First, I'll search for the project's files to confirm the situation:18:32:25 | INFO | 
ðŸ¤– model: total 1.3M
dr-xr-xr-x   8 root root   4.0K Jan  1  1970 .
drwxrwxr-t 466 root nixbld 716K Jul 14 18:32 ..
-r--r--r--   1 root root    171 Jan  1  1970 .dockerignore
-r--r--r--   1 root root    308 Jan  1  1970 .editorconfig
-r--r--r--   1 root root   3.3K Jan  1  1970 .eslintrc.cjs
dr-xr-xr-x   6 root root   4.0K Jan  1  1970 .github
-r--r--r--   1 root root    114 Jan  1  1970 .gitignore
-r--r--r--   1 root root   4.9K Jan  1  1970 CONTRIBUTING.md
-r--r--r--   1 root root   1.1K Jan  1  1970 LICENSE
-r--r--r--   1 root root   6.2K Jan  1  1970 README.md
-r--r--r--   1 root root    839 Jan  1  1970 SECURITY.md
dr-xr-xr-x   8 root root   4.0K Jan  1  1970 backend
dr-xr-xr-x   2 root root   4.0K Jan  1  1970 common
-r--r--r--   1 root root    760 Jan  1  1970 compose.yaml
dr-xr-xr-x   2 root root   4.0K Jan  1  1970 docker
dr-xr-xr-x   3 root root   4.0K Jan  1  1970 extra
dr-xr-xr-x   4 root root   4.0K Jan  1  1970 frontend
-r--r--r--   1 root root   429K Jan  1  1970 package-lock.json
-r--r--r--   1 root root   4.9K Jan  1  1970 package.json
-r--r--r--   1 root root    253 Jan  1  1970 tsconfig.json

18:32:26 | INFO | ðŸ¤– model: 

ðŸ“ž Function called: project_list_directory_contents with path:  .

--- STREAM COMPLETE (Callback Triggered) ---
Final Prompt Tokens: 4303
Final Completion Tokens: 126
Final Total Tokens: 4429
Total Stream Cost: $0.003946
------------------------------------------

I notice that there's a `package-lock.json` but no `pnpm-lock.yaml`. This suggests the project might actually be using npm instead of pnpm, despite the derivation using pnpm.

Let's check the `package.json` to confirm:18:32:28 | INFO | 
ðŸ¤– model: {
    "name": "dockge",
    "version": "1.5.0",
    "type": "module",
    "engines": {
        "node": ">= 22.14.0"
    },
    "scripts": {
        "fmt": "eslint \"**/*.{ts,vue}\" --fix",
        "lint": "eslint \"**/*.{ts,vue}\"",
        "check-ts": "tsc --noEmit",
        "start": "tsx ./backend/index.ts",
        "dev": "concurrently -k -r \"wait-on tcp:5000 && npm run dev:backend \" \"npm run dev:frontend\"",
        "dev:backend": "cross-env NODE_ENV=development tsx watch --inspect ./backend/index.ts",
        "dev:frontend": "cross-env NODE_ENV=development vite --host --config ./frontend/vite.config.ts",
        "release-final": "tsx ./extra/test-docker.ts && tsx extra/update-version.ts && npm run build:frontend && npm run build:docker",
        "release-beta": "tsx ./extra/test-docker.ts && tsx extra/update-version.ts && npm run build:frontend && npm run build:docker-beta",
        "build:frontend": "vite build --config ./frontend/vite.config.ts",
        "build:docker-base": "docker buildx build --platform linux/amd64,linux/arm64,linux/arm/v7 -t louislam/dockge:base -f ./docker/Base.Dockerfile . --push",
        "build:docker": "node ./extra/env2arg.js docker buildx build --platform linux/amd64,linux/arm64,linux/arm/v7 -t louislam/dockge:latest -t louislam/dockge:1 -t louislam/dockge:$VERSION -t louislam/dockge:beta -t louislam/dockge:nightly --target release -f ./docker/Dockerfile . --push",
        "build:docker-beta": "node ./extra/env2arg.js docker buildx build --platform linux/amd64,linux/arm64,linux/arm/v7 -t louislam/dockge:beta -t louislam/dockge:$VERSION --target release -f ./docker/Dockerfile . --push",
        "build:docker-nightly": "npm run build:frontend && docker buildx build --platform linux/amd64,linux/arm64,linux/arm/v7 -t louislam/dockge:nightly --target nightly -f ./docker/Dockerfile . --push",
        "build:healthcheck": "docker buildx build -f docker/BuildHealthCheck.Dockerfile --platform linux/amd64,linux/arm64,linux/arm/v7 -t louislam/dockge:build-healthcheck . --push",
        "start-docker": "docker run --rm -p 5001:5001 --name dockge louislam/dockge:latest",
        "mark-as-nightly": "tsx ./extra/mark-as-nightly.ts",
        "reformat-changelog": "tsx ./extra/reformat-changelog.ts",
        "reset-password": "tsx ./extra/reset-password.ts"
    },
    "dependencies": {
        "@homebridge/node-pty-prebuilt-multiarch": "0.11.14",
        "@inventage/envsubst": "^0.16.0",
        "@louislam/sqlite3": "~15.1.6",
        "bcryptjs": "~2.4.3",
        "check-password-strength": "~2.0.10",
        "command-exists": "~1.2.9",
        "compare-versions": "~6.1.1",
        "composerize": "~1.7.1",
        "croner": "~8.1.2",
        "dayjs": "~1.11.13",
        "dotenv": "~16.3.2",
        "express": "~4.21.2",
        "express-static-gzip": "~2.1.8",
        "http-graceful-shutdown": "~3.1.14",
        "jsonwebtoken": "~9.0.2",
        "jwt-decode": "~3.1.2",
        "knex": "~2.5.1",
        "limiter-es6-compat": "~2.1.2",
        "mysql2": "~3.12.0",
        "promisify-child-process": "~4.1.2",
        "redbean-node": "~0.3.3",
        "semver": "^7.7.1",
        "socket.io": "~4.8.1",
        "socket.io-client": "~4.8.1",
        "timezones-list": "~3.0.3",
        "ts-command-line-args": "~2.5.1",
        "tsx": "~4.19.3",
        "type-fest": "~4.3.3",
        "yaml": "~2.3.4"
    },
    "devDependencies": {
        "@actions/github": "^6.0.0",
        "@fontsource/jetbrains-mono": "^5.2.5",
        "@fortawesome/fontawesome-svg-core": "6.4.2",
        "@fortawesome/free-regular-svg-icons": "6.4.2",
        "@fortawesome/free-solid-svg-icons": "6.4.2",
        "@fortawesome/vue-fontawesome": "3.0.3",
        "@types/bcryptjs": "^2.4.6",
        "@types/bootstrap": "~5.2.10",
        "@types/command-exists": "~1.2.3",
        "@types/express": "~4.17.21",
        "@types/jsonwebtoken": "~9.0.9",
        "@types/semver": "^7.7.0",
        "@typescript-eslint/eslint-plugin": "~6.8.0",
        "@typescript-eslint/parser": "~6.8.0",
        "@vitejs/plugin-vue": "~5.2.3",
        "@xterm/addon-fit": "beta",
        "@xterm/xterm": "beta",
        "bootstrap": "5.3.2",
        "bootstrap-vue-next": "~0.14.10",
        "concurrently": "^8.2.2",
        "cross-env": "~7.0.3",
        "eslint": "~8.50.0",
        "eslint-plugin-jsdoc": "~46.8.2",
        "eslint-plugin-vue": "~9.32.0",
        "prismjs": "~1.30.0",
        "sass": "~1.68.0",
        "typescript": "~5.2.2",
        "unplugin-vue-components": "~0.25.2",
        "vite": "~5.4.15",
        "vite-plugin-compression": "~0.5.1",
        "vue": "~3.5.13",
        "vue-eslint-parser": "~9.3.2",
        "vue-i18n": "~10.0.6",
        "vue-prism-editor": "2.0.0-alpha.2",
        "vue-qrcode": "~2.2.2",
        "vue-router": "~4.5.0",
        "vue-toastification": "2.0.0-rc.5",
        "wait-on": "^7.2.0",
        "xterm-addon-web-links": "~0.9.0"
    }
}

18:32:29 | INFO | ðŸ¤– model: 

ðŸ“ž Function called: project_read_file_content with path:  package.json

--- STREAM COMPLETE (Callback Triggered) ---
Final Prompt Tokens: 5005
Final Completion Tokens: 124
Final Total Tokens: 5129
Total Stream Cost: $0.004500
------------------------------------------

This confirms the project is using npm, not pnpm. The derivation needs to be updated to use npm instead of pnpm. Here's the corrected derivation:

```nix
{ lib
, stdenv
, fetchFromGitHub
, nodejs
, npmHooks
}:
stdenv.mkDerivation rec {
  pname = "dockge";
  version = "1.5.0";

  src = fetchFromGitHub {
    owner = "louislam";
    repo = "dockge";
    rev = "${version}";
    hash = "sha256-hk0d+q/uaYi9WGA6o6Jsmlq+yfuVh14JmX5cYtCZixM=";
  };

  npmDeps = stdenv.mkDerivation {
    name = "${pname}-npm-deps-${version}";
    inherit src;

    nativeBuildInputs = [
      nodejs
    ];

    buildPhase = ''
      cp ${./package-lock.json} package-lock.json
      npm ci
    '';

    installPhase = ''
      mkdir $out
      npm pack
      mv *.tgz $out/
    '';

    outputHashMode = "recursive";
    outputHashAlgo = "sha256";
    outputHash = lib.fakeHash;
  };

  nativeBuildInputs = [
    nodejs
    npmHooks.npmInstallHook
  ];

  buildPhase = ''
    runHook preBuild

    npm ci
    npm run build:frontend
    find dist -type f \( -name '*.cjs' -or -name '*.cts' -or -name '*.ts' \) -delete

    runHook postBuild
  '';
}
```

Key changes:
1. Replaced `pnpm_10` with `nodejs`
2. Replaced `pnpmDeps` with `npmDeps` using a different approach for dependency fetching
3. Replaced `pnpm install` with `npm ci`
4. Removed `pnpm_10.configHook`
5. Updated `buildPhase` to use npm commands

Notes:
- You'll need to modify the hash after the first build attempt
- I added a placeholder for `package-lock.json` - you'll need to copy the actual file from the project
- `npm ci` is used instead of `npm install` to ensure reproducible builds using the lock file

The changes focus on switching from pnpm to npm while maintaining the overall structure of the original derivation.18:32:41 | INFO | â³ Iteration 4: Testing fix attempt 4 of 40...
18:32:42 | INFO | Building derivation outputs: /nix/store/0djl6dcd6hxxvdmhr21v3scqs5885m73-source.drv^*
18:32:42 | INFO | 
ðŸŽ¯ coordinator: Non-build error: NixErrorKind.EVAL_ERROR
18:32:42 | INFO | 
ðŸŽ¯ coordinator: Iteration 5:
18:32:42 | INFO | 
ðŸŽ¯ coordinator: ```

[K
[Kerror (ignored): error: end of string reached
error:
       â€¦ while calling the 'derivationStrict' builtin

         at /derivation-internal.nix:9:12:

            8|
            9|   strict = derivationStrict drvAttrs;
             |            ^
           10|

       â€¦ while evaluating derivation 'dockge-1.5.0'
         whose name attribute is located at /nix/store/q312398fgfyrm0pfzv45klxvfhj75cpm-source/pkgs/stdenv/generic/make-derivation.nix:461:13

       â€¦ while evaluating attribute 'npmDeps' of derivation 'dockge-1.5.0'

         at /nix/store/065c9gd43078wwxzdw769i5f8kz6lgzg-source/package.nix:18:3:

           17|
           18|   npmDeps = stdenv.mkDerivation {
             |   ^
           19|     name = "${pname}-npm-deps-${version}";

       â€¦ while evaluating derivation 'dockge-npm-deps-1.5.0'
         whose name attribute is located at /nix/store/q312398fgfyrm0pfzv45klxvfhj75cpm-source/pkgs/stdenv/generic/make-derivation.nix:461:13

       â€¦ while evaluating attribute 'buildPhase' of derivation 'dockge-npm-deps-1.5.0'

         at /nix/store/065c9gd43078wwxzdw769i5f8kz6lgzg-source/package.nix:26:5:

           25|
           26|     buildPhase = ''
             |     ^
           27|       cp ${./package-lock.json} package-lock.json

       error: path '/nix/store/065c9gd43078wwxzdw769i5f8kz6lgzg-source/package-lock.json' does not exist

```
18:32:42 | INFO | 
ðŸŽ¯ coordinator: Other error detected, fixing...
18:32:42 | INFO | 
ðŸŽ¯ coordinator: code:
{ lib
, stdenv
, fetchFromGitHub
, nodejs
, npmHooks
}:
stdenv.mkDerivation rec {
  pname = "dockge";
  version = "1.5.0";

  src = fetchFromGitHub {
    owner = "louislam";
    repo = "dockge";
    rev = "${version}";
    hash = "sha256-hk0d+q/uaYi9WGA6o6Jsmlq+yfuVh14JmX5cYtCZixM=";
  };

  npmDeps = stdenv.mkDerivation {
    name = "${pname}-npm-deps-${version}";
    inherit src;

    nativeBuildInputs = [
      nodejs
    ];

    buildPhase = ''
      cp ${./package-lock.json} package-lock.json
      npm ci
    '';

    installPhase = ''
      mkdir $out
      npm pack
      mv *.tgz $out/
    '';

    outputHashMode = "recursive";
    outputHashAlgo = "sha256";
    outputHash = lib.fakeHash;
  };

  nativeBuildInputs = [
    nodejs
    npmHooks.npmInstallHook
  ];

  buildPhase = ''
    runHook preBuild

    npm ci
    npm run build:frontend
    find dist -type f \( -name '*.cjs' -or -name '*.cts' -or -name '*.ts' \) -delete

    runHook postBuild
  '';
}

18:32:42 | INFO | 
ðŸŽ¯ coordinator: error:

[K
[Kerror (ignored): error: end of string reached
error:
       â€¦ while calling the 'derivationStrict' builtin

         at /derivation-internal.nix:9:12:

            8|
            9|   strict = derivationStrict drvAttrs;
             |            ^
           10|

       â€¦ while evaluating derivation 'dockge-1.5.0'
         whose name attribute is located at /nix/store/q312398fgfyrm0pfzv45klxvfhj75cpm-source/pkgs/stdenv/generic/make-derivation.nix:461:13

       â€¦ while evaluating attribute 'npmDeps' of derivation 'dockge-1.5.0'

         at /nix/store/065c9gd43078wwxzdw769i5f8kz6lgzg-source/package.nix:18:3:

           17|
           18|   npmDeps = stdenv.mkDerivation {
             |   ^
           19|     name = "${pname}-npm-deps-${version}";

       â€¦ while evaluating derivation 'dockge-npm-deps-1.5.0'
         whose name attribute is located at /nix/store/q312398fgfyrm0pfzv45klxvfhj75cpm-source/pkgs/stdenv/generic/make-derivation.nix:461:13

       â€¦ while evaluating attribute 'buildPhase' of derivation 'dockge-npm-deps-1.5.0'

         at /nix/store/065c9gd43078wwxzdw769i5f8kz6lgzg-source/package.nix:26:5:

           25|
           26|     buildPhase = ''
             |     ^
           27|       cp ${./package-lock.json} package-lock.json

       error: path '/nix/store/065c9gd43078wwxzdw769i5f8kz6lgzg-source/package-lock.json' does not exist


18:32:42 | INFO | 
ðŸŽ¯ coordinator: @model You are software packaging expert who can build any project using the Nix programming language.
18:32:45 | INFO | ðŸ¤– model: 


--- STREAM COMPLETE (Callback Triggered) ---
Final Prompt Tokens: 7091
Final Completion Tokens: 619
Final Total Tokens: 7710
Total Stream Cost: $0.008149
------------------------------------------

I'll help you fix the Nix package for Dockge. The error indicates that the `package-lock.json` file is not found. Let's first check the project directory to confirm the file's location.18:32:46 | INFO | 
ðŸ¤– model: total 1.3M
dr-xr-xr-x   8 root root   4.0K Jan  1  1970 .
drwxrwxr-t 467 root nixbld 716K Jul 14 18:32 ..
-r--r--r--   1 root root    171 Jan  1  1970 .dockerignore
-r--r--r--   1 root root    308 Jan  1  1970 .editorconfig
-r--r--r--   1 root root   3.3K Jan  1  1970 .eslintrc.cjs
dr-xr-xr-x   6 root root   4.0K Jan  1  1970 .github
-r--r--r--   1 root root    114 Jan  1  1970 .gitignore
-r--r--r--   1 root root   4.9K Jan  1  1970 CONTRIBUTING.md
-r--r--r--   1 root root   1.1K Jan  1  1970 LICENSE
-r--r--r--   1 root root   6.2K Jan  1  1970 README.md
-r--r--r--   1 root root    839 Jan  1  1970 SECURITY.md
dr-xr-xr-x   8 root root   4.0K Jan  1  1970 backend
dr-xr-xr-x   2 root root   4.0K Jan  1  1970 common
-r--r--r--   1 root root    760 Jan  1  1970 compose.yaml
dr-xr-xr-x   2 root root   4.0K Jan  1  1970 docker
dr-xr-xr-x   3 root root   4.0K Jan  1  1970 extra
dr-xr-xr-x   4 root root   4.0K Jan  1  1970 frontend
-r--r--r--   1 root root   429K Jan  1  1970 package-lock.json
-r--r--r--   1 root root   4.9K Jan  1  1970 package.json
-r--r--r--   1 root root    253 Jan  1  1970 tsconfig.json

18:32:47 | INFO | ðŸ¤– model: 

ðŸ“ž Function called: project_list_directory_contents with path:  .

--- STREAM COMPLETE (Callback Triggered) ---
Final Prompt Tokens: 4072
Final Completion Tokens: 106
Final Total Tokens: 4178
Total Stream Cost: $0.003682
------------------------------------------

The `package-lock.json` file is indeed present. The issue is likely with how the file is being referenced. Instead of using a relative path with `${./package-lock.json}`, we should modify the `buildPhase` to copy the `package-lock.json` from the source.

Here's the updated Nix code:

```nix
{ lib
, stdenv
, fetchFromGitHub
, nodejs
, npmHooks
}:
stdenv.mkDerivation rec {
  pname = "dockge";
  version = "1.5.0";

  src = fetchFromGitHub {
    owner = "louislam";
    repo = "dockge";
    rev = "${version}";
    hash = "sha256-hk0d+q/uaYi9WGA6o6Jsmlq+yfuVh14JmX5cYtCZixM=";
  };

  npmDeps = stdenv.mkDerivation {
    name = "${pname}-npm-deps-${version}";
    inherit src;

    nativeBuildInputs = [
      nodejs
    ];

    buildPhase = ''
      cp package-lock.json package-lock.json
      npm ci
    '';

    installPhase = ''
      mkdir $out
      npm pack
      mv *.tgz $out/
    '';

    outputHashMode = "recursive";
    outputHashAlgo = "sha256";
    outputHash = lib.fakeHash;
  };

  nativeBuildInputs = [
    nodejs
    npmHooks.npmInstallHook
  ];

  buildPhase = ''
    runHook preBuild

    npm ci
    npm run build:frontend
    find dist -type f \( -name '*.cjs' -or -name '*.cts' -or -name '*.ts' \) -delete

    runHook postBuild
  '';
}
```

The key changes are:
1. Replaced `${./package-lock.json}` with `package-lock.json`
2. Removed the relative path reference, which was causing the file not found error
3. Kept all other aspects of the package the same

This modification should resolve the file path issue while maintaining the original build strategy for the Dockge project.18:32:57 | INFO | â³ Iteration 5: Testing fix attempt 5 of 40...
18:32:57 | INFO | Building derivation outputs: /nix/store/0djl6dcd6hxxvdmhr21v3scqs5885m73-source.drv^*
18:32:58 | INFO | Building derivation outputs: /nix/store/zzffg6y3pqfxx1likm7g6anxaxq3v0hc-dockge-1.5.0.drv^*
18:33:00 | INFO | 
ðŸŽ¯ coordinator: Non-build error: NixErrorKind.DEPENDENCY_BUILD_ERROR
18:33:00 | INFO | 
ðŸŽ¯ coordinator: Iteration 6:
18:33:00 | INFO | 
ðŸŽ¯ coordinator: ```
these 2 derivations will be built:
  /nix/store/b4771rn4b6v070c4rlf2ds683c3dk1wn-dockge-npm-deps-1.5.0.drv
  /nix/store/zzffg6y3pqfxx1likm7g6anxaxq3v0hc-dockge-1.5.0.drv
warning: Ignoring setting 'auto-allocate-uids' because experimental feature 'auto-allocate-uids' is not enabled
warning: Ignoring setting 'impure-env' because experimental feature 'configurable-impure-env' is not enabled
building '/nix/store/b4771rn4b6v070c4rlf2ds683c3dk1wn-dockge-npm-deps-1.5.0.drv'...
error: builder for '/nix/store/b4771rn4b6v070c4rlf2ds683c3dk1wn-dockge-npm-deps-1.5.0.drv' failed with exit code 1;
       last 9 log lines:
       > Running phase: unpackPhase
       > unpacking source archive /nix/store/mvdh945hka8kmbmnrf5agbwnf5vf6486-source
       > source root is source
       > Running phase: patchPhase
       > Running phase: updateAutotoolsGnuConfigScriptsPhase
       > Running phase: configurePhase
       > no configure script, doing nothing
       > Running phase: buildPhase
       > cp: 'package-lock.json' and 'package-lock.json' are the same file
       For full logs, run 'nix log /nix/store/b4771rn4b6v070c4rlf2ds683c3dk1wn-dockge-npm-deps-1.5.0.drv'.
error: 1 dependencies of derivation '/nix/store/zzffg6y3pqfxx1likm7g6anxaxq3v0hc-dockge-1.5.0.drv' failed to build

```
18:33:00 | INFO | 
ðŸŽ¯ coordinator: Other error detected, fixing...
18:33:00 | INFO | 
ðŸŽ¯ coordinator: code:
{ lib
, stdenv
, fetchFromGitHub
, nodejs
, npmHooks
}:
stdenv.mkDerivation rec {
  pname = "dockge";
  version = "1.5.0";

  src = fetchFromGitHub {
    owner = "louislam";
    repo = "dockge";
    rev = "${version}";
    hash = "sha256-hk0d+q/uaYi9WGA6o6Jsmlq+yfuVh14JmX5cYtCZixM=";
  };

  npmDeps = stdenv.mkDerivation {
    name = "${pname}-npm-deps-${version}";
    inherit src;

    nativeBuildInputs = [
      nodejs
    ];

    buildPhase = ''
      cp package-lock.json package-lock.json
      npm ci
    '';

    installPhase = ''
      mkdir $out
      npm pack
      mv *.tgz $out/
    '';

    outputHashMode = "recursive";
    outputHashAlgo = "sha256";
    outputHash = lib.fakeHash;
  };

  nativeBuildInputs = [
    nodejs
    npmHooks.npmInstallHook
  ];

  buildPhase = ''
    runHook preBuild

    npm ci
    npm run build:frontend
    find dist -type f \( -name '*.cjs' -or -name '*.cts' -or -name '*.ts' \) -delete

    runHook postBuild
  '';
}

18:33:00 | INFO | 
ðŸŽ¯ coordinator: error:
these 2 derivations will be built:
  /nix/store/b4771rn4b6v070c4rlf2ds683c3dk1wn-dockge-npm-deps-1.5.0.drv
  /nix/store/zzffg6y3pqfxx1likm7g6anxaxq3v0hc-dockge-1.5.0.drv
warning: Ignoring setting 'auto-allocate-uids' because experimental feature 'auto-allocate-uids' is not enabled
warning: Ignoring setting 'impure-env' because experimental feature 'configurable-impure-env' is not enabled
building '/nix/store/b4771rn4b6v070c4rlf2ds683c3dk1wn-dockge-npm-deps-1.5.0.drv'...
error: builder for '/nix/store/b4771rn4b6v070c4rlf2ds683c3dk1wn-dockge-npm-deps-1.5.0.drv' failed with exit code 1;
       last 9 log lines:
       > Running phase: unpackPhase
       > unpacking source archive /nix/store/mvdh945hka8kmbmnrf5agbwnf5vf6486-source
       > source root is source
       > Running phase: patchPhase
       > Running phase: updateAutotoolsGnuConfigScriptsPhase
       > Running phase: configurePhase
       > no configure script, doing nothing
       > Running phase: buildPhase
       > cp: 'package-lock.json' and 'package-lock.json' are the same file
       For full logs, run 'nix log /nix/store/b4771rn4b6v070c4rlf2ds683c3dk1wn-dockge-npm-deps-1.5.0.drv'.
error: 1 dependencies of derivation '/nix/store/zzffg6y3pqfxx1likm7g6anxaxq3v0hc-dockge-1.5.0.drv' failed to build


18:33:00 | INFO | 
ðŸŽ¯ coordinator: @model You are software packaging expert who can build any project using the Nix programming language.
18:33:02 | INFO | ðŸ¤– model: 


--- STREAM COMPLETE (Callback Triggered) ---
Final Prompt Tokens: 4754
Final Completion Tokens: 557
Final Total Tokens: 5311
Total Stream Cost: $0.006031
------------------------------------------

Let me analyze the error and the provided information.

The key error is in the npmDeps derivation:
```
> cp: 'package-lock.json' and 'package-lock.json' are the same file
```

This suggests a problem with the `buildPhase` of the npmDeps derivation. The code is attempting to copy `package-lock.json` to itself, which makes no sense.

Let's modify the `npmDeps` derivation to correctly prepare npm dependencies:

```nix
{ lib
, stdenv
, fetchFromGitHub
, nodejs
, npmHooks
}:
stdenv.mkDerivation rec {
  pname = "dockge";
  version = "1.5.0";

  src = fetchFromGitHub {
    owner = "louislam";
    repo = "dockge";
    rev = "${version}";
    hash = "sha256-hk0d+q/uaYi9WGA6o6Jsmlq+yfuVh14JmX5cYtCZixM=";
  };

  npmDeps = stdenv.mkDerivation {
    name = "${pname}-npm-deps-${version}";
    inherit src;

    nativeBuildInputs = [
      nodejs
    ];

    buildPhase = ''
      # Install dependencies without modifying package-lock.json
      npm ci
    '';

    installPhase = ''
      mkdir $out
      npm pack
      mv *.tgz $out/
    '';

    outputHashMode = "recursive";
    outputHashAlgo = "sha256";
    outputHash = lib.fakeHash;
  };

  nativeBuildInputs = [
    nodejs
    npmHooks.npmInstallHook
  ];

  buildPhase = ''
    runHook preBuild

    npm ci
    npm run build:frontend
    find dist -type f \( -name '*.cjs' -or -name '*.cts' -or -name '*.ts' \) -delete

    runHook postBuild
  '';
}
```

Key changes:
1. Removed the redundant `cp package-lock.json package-lock.json` line
2. Simplified the `buildPhase` to just run `npm ci`
3. Kept the rest of the code identical to the original

The main fix is removing the pointless file copy that was causing the error. The `npm ci` command will properly install dependencies based on the existing `package-lock.json`.

The `lib.fakeHash` is left in place as a placeholder, which will be replaced by the actual hash during the build process.

This modification should resolve the dependency build failure while maintaining the original intent of the derivation.18:33:13 | INFO | â³ Iteration 6: Testing fix attempt 6 of 40...
18:33:14 | INFO | Building derivation outputs: /nix/store/0djl6dcd6hxxvdmhr21v3scqs5885m73-source.drv^*
18:33:14 | INFO | Building derivation outputs: /nix/store/cnba0587zx82fb4fvrvwlkxs8jizwa52-dockge-1.5.0.drv^*
18:40:15 | INFO | 
ðŸŽ¯ coordinator: Non-build error: NixErrorKind.DEPENDENCY_BUILD_ERROR
18:40:15 | INFO | 
ðŸŽ¯ coordinator: Iteration 7:
18:40:15 | INFO | 
ðŸŽ¯ coordinator: ```
these 2 derivations will be built:
  /nix/store/670vmx1rbbxyyjdjc937508qvb38dh5x-dockge-npm-deps-1.5.0.drv
  /nix/store/cnba0587zx82fb4fvrvwlkxs8jizwa52-dockge-1.5.0.drv
warning: Ignoring setting 'auto-allocate-uids' because experimental feature 'auto-allocate-uids' is not enabled
warning: Ignoring setting 'impure-env' because experimental feature 'configurable-impure-env' is not enabled
building '/nix/store/670vmx1rbbxyyjdjc937508qvb38dh5x-dockge-npm-deps-1.5.0.drv'...
error: building of '/nix/store/670vmx1rbbxyyjdjc937508qvb38dh5x-dockge-npm-deps-1.5.0.drv^out' from .drv file timed out after 420 seconds
error: 1 dependencies of derivation '/nix/store/cnba0587zx82fb4fvrvwlkxs8jizwa52-dockge-1.5.0.drv' failed to build

```
18:40:15 | INFO | 
ðŸŽ¯ coordinator: Other error detected, fixing...
18:40:15 | INFO | 
ðŸŽ¯ coordinator: code:
{ lib
, stdenv
, fetchFromGitHub
, nodejs
, npmHooks
}:
stdenv.mkDerivation rec {
  pname = "dockge";
  version = "1.5.0";

  src = fetchFromGitHub {
    owner = "louislam";
    repo = "dockge";
    rev = "${version}";
    hash = "sha256-hk0d+q/uaYi9WGA6o6Jsmlq+yfuVh14JmX5cYtCZixM=";
  };

  npmDeps = stdenv.mkDerivation {
    name = "${pname}-npm-deps-${version}";
    inherit src;

    nativeBuildInputs = [
      nodejs
    ];

    buildPhase = ''
      # Install dependencies without modifying package-lock.json
      npm ci
    '';

    installPhase = ''
      mkdir $out
      npm pack
      mv *.tgz $out/
    '';

    outputHashMode = "recursive";
    outputHashAlgo = "sha256";
    outputHash = lib.fakeHash;
  };

  nativeBuildInputs = [
    nodejs
    npmHooks.npmInstallHook
  ];

  buildPhase = ''
    runHook preBuild

    npm ci
    npm run build:frontend
    find dist -type f \( -name '*.cjs' -or -name '*.cts' -or -name '*.ts' \) -delete

    runHook postBuild
  '';
}

18:40:15 | INFO | 
ðŸŽ¯ coordinator: error:
these 2 derivations will be built:
  /nix/store/670vmx1rbbxyyjdjc937508qvb38dh5x-dockge-npm-deps-1.5.0.drv
  /nix/store/cnba0587zx82fb4fvrvwlkxs8jizwa52-dockge-1.5.0.drv
warning: Ignoring setting 'auto-allocate-uids' because experimental feature 'auto-allocate-uids' is not enabled
warning: Ignoring setting 'impure-env' because experimental feature 'configurable-impure-env' is not enabled
building '/nix/store/670vmx1rbbxyyjdjc937508qvb38dh5x-dockge-npm-deps-1.5.0.drv'...
error: building of '/nix/store/670vmx1rbbxyyjdjc937508qvb38dh5x-dockge-npm-deps-1.5.0.drv^out' from .drv file timed out after 420 seconds
error: 1 dependencies of derivation '/nix/store/cnba0587zx82fb4fvrvwlkxs8jizwa52-dockge-1.5.0.drv' failed to build


18:40:15 | INFO | 
ðŸŽ¯ coordinator: @model You are software packaging expert who can build any project using the Nix programming language.
18:40:16 | INFO | ðŸ¤– model: 


--- STREAM COMPLETE (Callback Triggered) ---
Final Prompt Tokens: 4297
Final Completion Tokens: 654
Final Total Tokens: 4951
Total Stream Cost: $0.006054
------------------------------------------

After carefully analyzing the provided code and error message, I see this is a Node.js project build issue. The key problem appears to be with npm dependencies. I'll modify the derivation to improve the npm dependency handling:

```nix
{ lib
, stdenv
, fetchFromGitHub
, nodejs
, npmHooks
}:
stdenv.mkDerivation rec {
  pname = "dockge";
  version = "1.5.0";

  src = fetchFromGitHub {
    owner = "louislam";
    repo = "dockge";
    rev = "${version}";
    hash = "sha256-hk0d+q/uaYi9WGA6o6Jsmlq+yfuVh14JmX5cYtCZixM=";
  };

  npmDeps = stdenv.mkDerivation {
    name = "${pname}-npm-deps-${version}";
    inherit src;

    nativeBuildInputs = [
      nodejs
    ];

    buildPhase = ''
      # Install dependencies without modifying package-lock.json
      HOME=$TMPDIR npm ci --ignore-scripts
    '';

    installPhase = ''
      mkdir -p $out
      npm pack
      mv *.tgz $out/
    '';

    outputHashMode = "recursive";
    outputHashAlgo = "sha256";
    outputHash = lib.fakeHash;
  };

  nativeBuildInputs = [
    nodejs
    npmHooks.npmInstallHook
  ];

  buildPhase = ''
    runHook preBuild

    # Use a clean home directory and disable npm scripts during build
    HOME=$TMPDIR npm ci --ignore-scripts
    npm run build:frontend
    find dist -type f \( -name '*.cjs' -or -name '*.cts' -or -name '*.ts' \) -delete

    runHook postBuild
  '';
}
```

Key changes:
1. Added `HOME=$TMPDIR` to both npm ci commands to ensure a clean, isolated environment
2. Added `--ignore-scripts` to npm ci to prevent potential build-time script execution issues
3. Slightly modified the `npm pack` command in the `npmDeps` phase to create the directory before moving the tarball

The modifications aim to:
- Isolate npm dependency fetching and installation
- Prevent potential non-deterministic script execution
- Ensure a clean build environment

These changes address potential dependency build timeout issues by providing a more controlled npm dependency resolution process.18:40:28 | INFO | â³ Iteration 7: Testing fix attempt 7 of 40...
18:40:28 | INFO | Building derivation outputs: /nix/store/0djl6dcd6hxxvdmhr21v3scqs5885m73-source.drv^*
18:40:29 | INFO | Building derivation outputs: /nix/store/v1rpgh54n3iva2f1mcxnyai4m629rn30-dockge-1.5.0.drv^*
18:47:30 | INFO | 
ðŸŽ¯ coordinator: Non-build error: NixErrorKind.DEPENDENCY_BUILD_ERROR
18:47:30 | INFO | 
ðŸŽ¯ coordinator: Iteration 8:
18:47:30 | INFO | 
ðŸŽ¯ coordinator: ```
these 2 derivations will be built:
  /nix/store/nrq1fx7irw9yfynny5czbj0j46gbd5g7-dockge-npm-deps-1.5.0.drv
  /nix/store/v1rpgh54n3iva2f1mcxnyai4m629rn30-dockge-1.5.0.drv
warning: Ignoring setting 'auto-allocate-uids' because experimental feature 'auto-allocate-uids' is not enabled
warning: Ignoring setting 'impure-env' because experimental feature 'configurable-impure-env' is not enabled
building '/nix/store/nrq1fx7irw9yfynny5czbj0j46gbd5g7-dockge-npm-deps-1.5.0.drv'...
error: building of '/nix/store/nrq1fx7irw9yfynny5czbj0j46gbd5g7-dockge-npm-deps-1.5.0.drv^out' from .drv file timed out after 420 seconds
error: 1 dependencies of derivation '/nix/store/v1rpgh54n3iva2f1mcxnyai4m629rn30-dockge-1.5.0.drv' failed to build

```
18:47:30 | INFO | 
ðŸŽ¯ coordinator: Other error detected, fixing...
18:47:30 | INFO | 
ðŸŽ¯ coordinator: code:
{ lib
, stdenv
, fetchFromGitHub
, nodejs
, npmHooks
}:
stdenv.mkDerivation rec {
  pname = "dockge";
  version = "1.5.0";

  src = fetchFromGitHub {
    owner = "louislam";
    repo = "dockge";
    rev = "${version}";
    hash = "sha256-hk0d+q/uaYi9WGA6o6Jsmlq+yfuVh14JmX5cYtCZixM=";
  };

  npmDeps = stdenv.mkDerivation {
    name = "${pname}-npm-deps-${version}";
    inherit src;

    nativeBuildInputs = [
      nodejs
    ];

    buildPhase = ''
      # Install dependencies without modifying package-lock.json
      HOME=$TMPDIR npm ci --ignore-scripts
    '';

    installPhase = ''
      mkdir -p $out
      npm pack
      mv *.tgz $out/
    '';

    outputHashMode = "recursive";
    outputHashAlgo = "sha256";
    outputHash = lib.fakeHash;
  };

  nativeBuildInputs = [
    nodejs
    npmHooks.npmInstallHook
  ];

  buildPhase = ''
    runHook preBuild

    # Use a clean home directory and disable npm scripts during build
    HOME=$TMPDIR npm ci --ignore-scripts
    npm run build:frontend
    find dist -type f \( -name '*.cjs' -or -name '*.cts' -or -name '*.ts' \) -delete

    runHook postBuild
  '';
}

18:47:30 | INFO | 
ðŸŽ¯ coordinator: error:
these 2 derivations will be built:
  /nix/store/nrq1fx7irw9yfynny5czbj0j46gbd5g7-dockge-npm-deps-1.5.0.drv
  /nix/store/v1rpgh54n3iva2f1mcxnyai4m629rn30-dockge-1.5.0.drv
warning: Ignoring setting 'auto-allocate-uids' because experimental feature 'auto-allocate-uids' is not enabled
warning: Ignoring setting 'impure-env' because experimental feature 'configurable-impure-env' is not enabled
building '/nix/store/nrq1fx7irw9yfynny5czbj0j46gbd5g7-dockge-npm-deps-1.5.0.drv'...
error: building of '/nix/store/nrq1fx7irw9yfynny5czbj0j46gbd5g7-dockge-npm-deps-1.5.0.drv^out' from .drv file timed out after 420 seconds
error: 1 dependencies of derivation '/nix/store/v1rpgh54n3iva2f1mcxnyai4m629rn30-dockge-1.5.0.drv' failed to build


18:47:30 | INFO | 
ðŸŽ¯ coordinator: @model You are software packaging expert who can build any project using the Nix programming language.
18:47:31 | INFO | ðŸ¤– model: 


--- STREAM COMPLETE (Callback Triggered) ---
Final Prompt Tokens: 4081
Final Completion Tokens: 610
Final Total Tokens: 4691
Total Stream Cost: $0.005705
------------------------------------------

Let me investigate the code and the error message carefully.

The error message suggests a timeout during the npm dependency build, which often indicates that the package requires specific dependency handling or configuration.

I'll search for similar Node.js package patterns in nixpkgs to compare approaches:18:47:37 | INFO | 
ðŸ¤– model: {
  dotnetPackages = {
    Nuget = {
      pname = "Nuget";
      version = "6.6.1.2";
      description = "Package manager for the .NET platform";
    };
    OpenNAT = {
      pname = "OpenNAT";
      version = "2.1.0";
      description = "";
    };
  };
}
18:47:39 | INFO | ðŸ¤– model: 


--- STREAM COMPLETE (Callback Triggered) ---
Final Prompt Tokens: 4130
Final Completion Tokens: 126
Final Total Tokens: 4256
Total Stream Cost: $0.003808
------------------------------------------

ðŸ“ž Function called: search_nixpkgs_for_package_semantic with query: Node.js package with npm dependencies, package_set: None
I'll try a more specific search:18:48:30 | INFO | 
ðŸ¤– model: {
  androidenv = {
    mips = {
      pname = "mips";
      version = "16_r04.zip";
      description = "";
    };
    mips = {
      pname = "mips";
      version = "17_r01.zip";
      description = "";
    };
    UpsideDownCakePrivacySandbox = {
      pname = "UpsideDownCakePrivacySandbox";
      version = "";
      description = "";
    };
    x86_64 = {
      pname = "x86_64";
      version = "";
      description = "";
    };
    arm64-v8a = {
      pname = "arm64-v8a";
      version = "";
      description = "";
    };
    x86 = {
      pname = "x86";
      version = "28_r05.zip";
      description = "";
    };
    x86 = {
      pname = "x86";
      version = "29_r01.zip";
      description = "";
    };
    x86_64 = {
      pname = "x86_64";
      version = "30_r02.zip";
      description = "";
    };
    x86_64 = {
      pname = "x86_64";
      version = "32_r01.zip";
      description = "";
    };
    arm64-v8a = {
      pname = "arm64-v8a";
      version = "32_r01.zip";
      description = "";
    };
    x86_64 = {
      pname = "x86_64";
      version = "";
      description = "";
    };
    arm64-v8a = {
      pname = "arm64-v8a";
      version = "";
      description = "";
    };
    x86_64 = {
      pname = "x86_64";
      version = "";
      description = "";
    };
    arm64-v8a = {
      pname = "arm64-v8a";
      version = "";
      description = "";
    };
  };

}
18:48:31 | INFO | ðŸ¤– model: 

ðŸ“ž Function called: search_nixpkgs_for_package_literal with query: npmDeps, package_set: None

--- STREAM COMPLETE (Callback Triggered) ---
Final Prompt Tokens: 4363
Final Completion Tokens: 74
Final Total Tokens: 4437
Total Stream Cost: $0.003786
------------------------------------------

These searches didn't reveal much. Let me check the project files:18:48:32 | INFO | 
ðŸ¤– model: total 1.3M
dr-xr-xr-x   8 root root   4.0K Jan  1  1970 .
drwxrwxr-t 471 root nixbld 716K Jul 14 18:47 ..
-r--r--r--   1 root root    171 Jan  1  1970 .dockerignore
-r--r--r--   1 root root    308 Jan  1  1970 .editorconfig
-r--r--r--   1 root root   3.3K Jan  1  1970 .eslintrc.cjs
dr-xr-xr-x   6 root root   4.0K Jan  1  1970 .github
-r--r--r--   1 root root    114 Jan  1  1970 .gitignore
-r--r--r--   1 root root   4.9K Jan  1  1970 CONTRIBUTING.md
-r--r--r--   1 root root   1.1K Jan  1  1970 LICENSE
-r--r--r--   1 root root   6.2K Jan  1  1970 README.md
-r--r--r--   1 root root    839 Jan  1  1970 SECURITY.md
dr-xr-xr-x   8 root root   4.0K Jan  1  1970 backend
dr-xr-xr-x   2 root root   4.0K Jan  1  1970 common
-r--r--r--   1 root root    760 Jan  1  1970 compose.yaml
dr-xr-xr-x   2 root root   4.0K Jan  1  1970 docker
dr-xr-xr-x   3 root root   4.0K Jan  1  1970 extra
dr-xr-xr-x   4 root root   4.0K Jan  1  1970 frontend
-r--r--r--   1 root root   429K Jan  1  1970 package-lock.json
-r--r--r--   1 root root   4.9K Jan  1  1970 package.json
-r--r--r--   1 root root    253 Jan  1  1970 tsconfig.json

18:48:33 | INFO | ðŸ¤– model: 


--- STREAM COMPLETE (Callback Triggered) ---
Final Prompt Tokens: 4976
Final Completion Tokens: 74
Final Total Tokens: 5050
Total Stream Cost: $0.004277
------------------------------------------

ðŸ“ž Function called: project_list_directory_contents with path:  .
I notice two key files: `package-lock.json` and `package.json`. The presence of `package-lock.json` is crucial for reproducible builds.

The timeout suggests we might need to modify the npm dependency fetching. I'll update the derivation to:
1. Use the existing `package-lock.json`
2. Ensure a longer timeout
3. Clarify dependency fetching

```nix
{ lib
, stdenv
, fetchFromGitHub
, nodejs
, npmHooks
}:
stdenv.mkDerivation rec {
  pname = "dockge";
  version = "1.5.0";

  src = fetchFromGitHub {
    owner = "louislam";
    repo = "dockge";
    rev = "${version}";
    hash = "sha256-hk0d+q/uaYi9WGA6o6Jsmlq+yfuVh14JmX5cYtCZixM=";
  };

  npmDeps = stdenv.mkDerivation {
    name = "${pname}-npm-deps-${version}";
    inherit src;

    nativeBuildInputs = [
      nodejs
    ];

    buildPhase = ''
      # Use package-lock.json for exact dependency resolution
      HOME=$TMPDIR npm ci --prefer-offline --no-audit
    '';

    installPhase = ''
      mkdir -p $out
      npm pack
      mv *.tgz $out/
    '';

    outputHashMode = "recursive";
    outputHashAlgo = "sha256";
    outputHash = lib.fakeHash;
  };

  nativeBuildInputs = [
    nodejs
    npmHooks.npmInstallHook
  ];

  buildPhase = ''
    runHook preBuild

    # Use package-lock.json and increase max old space size
    HOME=$TMPDIR NODE_OPTIONS=--max_old_space_size=4096 npm ci --prefer-offline --no-audit
    npm run build:frontend
    find dist -type f \( -name '*.cjs' -or -name '*.cts' -or -name '*.ts' \) -delete

    runHook postBuild
  '';
}
```

Key changes:
1. Added `--prefer-offline` to use cached dependencies
2. Added `--no-audit` to skip npm audit (which can sometimes timeout)
3. Added `NODE_OPTIONS=--max_old_space_size=4096` to give Node more memory
4. Kept the rest of the derivation structure the same

The goal is to make dependency resolution more robust without changing the fundamental approach. The `lib.fakeHash` is a placeholder that will be replaced by the actual hash after the first build.

Would you like me to explain the rationale behind these specific modifications?18:48:46 | INFO | â³ Iteration 8: Testing fix attempt 8 of 40...
18:48:47 | INFO | Building derivation outputs: /nix/store/0djl6dcd6hxxvdmhr21v3scqs5885m73-source.drv^*
18:48:47 | INFO | Building derivation outputs: /nix/store/0sriq1hs36q6m42lcz6n5zpj6carc5in-dockge-1.5.0.drv^*
18:55:49 | INFO | 
ðŸŽ¯ coordinator: Non-build error: NixErrorKind.DEPENDENCY_BUILD_ERROR
18:55:49 | INFO | 
ðŸŽ¯ coordinator: Iteration 9:
18:55:49 | INFO | 
ðŸŽ¯ coordinator: ```
these 2 derivations will be built:
  /nix/store/9icyfa0zdn03wwa2cq2qlq29k27gcqjp-dockge-npm-deps-1.5.0.drv
  /nix/store/0sriq1hs36q6m42lcz6n5zpj6carc5in-dockge-1.5.0.drv
warning: Ignoring setting 'auto-allocate-uids' because experimental feature 'auto-allocate-uids' is not enabled
warning: Ignoring setting 'impure-env' because experimental feature 'configurable-impure-env' is not enabled
building '/nix/store/9icyfa0zdn03wwa2cq2qlq29k27gcqjp-dockge-npm-deps-1.5.0.drv'...
error: building of '/nix/store/9icyfa0zdn03wwa2cq2qlq29k27gcqjp-dockge-npm-deps-1.5.0.drv^out' from .drv file timed out after 420 seconds
error: 1 dependencies of derivation '/nix/store/0sriq1hs36q6m42lcz6n5zpj6carc5in-dockge-1.5.0.drv' failed to build

```
18:55:49 | INFO | 
ðŸŽ¯ coordinator: Other error detected, fixing...
18:55:49 | INFO | 
ðŸŽ¯ coordinator: code:
{ lib
, stdenv
, fetchFromGitHub
, nodejs
, npmHooks
}:
stdenv.mkDerivation rec {
  pname = "dockge";
  version = "1.5.0";

  src = fetchFromGitHub {
    owner = "louislam";
    repo = "dockge";
    rev = "${version}";
    hash = "sha256-hk0d+q/uaYi9WGA6o6Jsmlq+yfuVh14JmX5cYtCZixM=";
  };

  npmDeps = stdenv.mkDerivation {
    name = "${pname}-npm-deps-${version}";
    inherit src;

    nativeBuildInputs = [
      nodejs
    ];

    buildPhase = ''
      # Use package-lock.json for exact dependency resolution
      HOME=$TMPDIR npm ci --prefer-offline --no-audit
    '';

    installPhase = ''
      mkdir -p $out
      npm pack
      mv *.tgz $out/
    '';

    outputHashMode = "recursive";
    outputHashAlgo = "sha256";
    outputHash = lib.fakeHash;
  };

  nativeBuildInputs = [
    nodejs
    npmHooks.npmInstallHook
  ];

  buildPhase = ''
    runHook preBuild

    # Use package-lock.json and increase max old space size
    HOME=$TMPDIR NODE_OPTIONS=--max_old_space_size=4096 npm ci --prefer-offline --no-audit
    npm run build:frontend
    find dist -type f \( -name '*.cjs' -or -name '*.cts' -or -name '*.ts' \) -delete

    runHook postBuild
  '';
}

18:55:49 | INFO | 
ðŸŽ¯ coordinator: error:
these 2 derivations will be built:
  /nix/store/9icyfa0zdn03wwa2cq2qlq29k27gcqjp-dockge-npm-deps-1.5.0.drv
  /nix/store/0sriq1hs36q6m42lcz6n5zpj6carc5in-dockge-1.5.0.drv
warning: Ignoring setting 'auto-allocate-uids' because experimental feature 'auto-allocate-uids' is not enabled
warning: Ignoring setting 'impure-env' because experimental feature 'configurable-impure-env' is not enabled
building '/nix/store/9icyfa0zdn03wwa2cq2qlq29k27gcqjp-dockge-npm-deps-1.5.0.drv'...
error: building of '/nix/store/9icyfa0zdn03wwa2cq2qlq29k27gcqjp-dockge-npm-deps-1.5.0.drv^out' from .drv file timed out after 420 seconds
error: 1 dependencies of derivation '/nix/store/0sriq1hs36q6m42lcz6n5zpj6carc5in-dockge-1.5.0.drv' failed to build


18:55:49 | INFO | 
ðŸŽ¯ coordinator: @model You are software packaging expert who can build any project using the Nix programming language.
18:55:50 | INFO | ðŸ¤– model: 


--- STREAM COMPLETE (Callback Triggered) ---
Final Prompt Tokens: 5626
Final Completion Tokens: 680
Final Total Tokens: 6306
Total Stream Cost: $0.007221
------------------------------------------

Let me analyze the situation. The error suggests a timeout during dependency build, which often indicates an issue with npm dependency fetching. I'll focus on improving the `npmDeps` derivation to ensure it can fetch dependencies reliably.

First, I'll use some tools to verify the project's structure:18:55:52 | INFO | 
ðŸ¤– model: total 1.3M
dr-xr-xr-x   8 root root   4.0K Jan  1  1970 .
drwxrwxr-t 472 root nixbld 716K Jul 14 18:55 ..
-r--r--r--   1 root root    171 Jan  1  1970 .dockerignore
-r--r--r--   1 root root    308 Jan  1  1970 .editorconfig
-r--r--r--   1 root root   3.3K Jan  1  1970 .eslintrc.cjs
dr-xr-xr-x   6 root root   4.0K Jan  1  1970 .github
-r--r--r--   1 root root    114 Jan  1  1970 .gitignore
-r--r--r--   1 root root   4.9K Jan  1  1970 CONTRIBUTING.md
-r--r--r--   1 root root   1.1K Jan  1  1970 LICENSE
-r--r--r--   1 root root   6.2K Jan  1  1970 README.md
-r--r--r--   1 root root    839 Jan  1  1970 SECURITY.md
dr-xr-xr-x   8 root root   4.0K Jan  1  1970 backend
dr-xr-xr-x   2 root root   4.0K Jan  1  1970 common
-r--r--r--   1 root root    760 Jan  1  1970 compose.yaml
dr-xr-xr-x   2 root root   4.0K Jan  1  1970 docker
dr-xr-xr-x   3 root root   4.0K Jan  1  1970 extra
dr-xr-xr-x   4 root root   4.0K Jan  1  1970 frontend
-r--r--r--   1 root root   429K Jan  1  1970 package-lock.json
-r--r--r--   1 root root   4.9K Jan  1  1970 package.json
-r--r--r--   1 root root    253 Jan  1  1970 tsconfig.json

18:55:54 | INFO | ðŸ¤– model: 


--- STREAM COMPLETE (Callback Triggered) ---
Final Prompt Tokens: 4154
Final Completion Tokens: 122
Final Total Tokens: 4276
Total Stream Cost: $0.003811
------------------------------------------

ðŸ“ž Function called: project_list_directory_contents with path:  .
I notice a `package-lock.json` is present, which is good. Let's read the package.json to understand dependencies:18:55:55 | INFO | 
ðŸ¤– model: {
    "name": "dockge",
    "version": "1.5.0",
    "type": "module",
    "engines": {
        "node": ">= 22.14.0"
    },
    "scripts": {
        "fmt": "eslint \"**/*.{ts,vue}\" --fix",
        "lint": "eslint \"**/*.{ts,vue}\"",
        "check-ts": "tsc --noEmit",
        "start": "tsx ./backend/index.ts",
        "dev": "concurrently -k -r \"wait-on tcp:5000 && npm run dev:backend \" \"npm run dev:frontend\"",
        "dev:backend": "cross-env NODE_ENV=development tsx watch --inspect ./backend/index.ts",
        "dev:frontend": "cross-env NODE_ENV=development vite --host --config ./frontend/vite.config.ts",
        "release-final": "tsx ./extra/test-docker.ts && tsx extra/update-version.ts && npm run build:frontend && npm run build:docker",
        "release-beta": "tsx ./extra/test-docker.ts && tsx extra/update-version.ts && npm run build:frontend && npm run build:docker-beta",
        "build:frontend": "vite build --config ./frontend/vite.config.ts",
        "build:docker-base": "docker buildx build --platform linux/amd64,linux/arm64,linux/arm/v7 -t louislam/dockge:base -f ./docker/Base.Dockerfile . --push",
        "build:docker": "node ./extra/env2arg.js docker buildx build --platform linux/amd64,linux/arm64,linux/arm/v7 -t louislam/dockge:latest -t louislam/dockge:1 -t louislam/dockge:$VERSION -t louislam/dockge:beta -t louislam/dockge:nightly --target release -f ./docker/Dockerfile . --push",
        "build:docker-beta": "node ./extra/env2arg.js docker buildx build --platform linux/amd64,linux/arm64,linux/arm/v7 -t louislam/dockge:beta -t louislam/dockge:$VERSION --target release -f ./docker/Dockerfile . --push",
        "build:docker-nightly": "npm run build:frontend && docker buildx build --platform linux/amd64,linux/arm64,linux/arm/v7 -t louislam/dockge:nightly --target nightly -f ./docker/Dockerfile . --push",
        "build:healthcheck": "docker buildx build -f docker/BuildHealthCheck.Dockerfile --platform linux/amd64,linux/arm64,linux/arm/v7 -t louislam/dockge:build-healthcheck . --push",
        "start-docker": "docker run --rm -p 5001:5001 --name dockge louislam/dockge:latest",
        "mark-as-nightly": "tsx ./extra/mark-as-nightly.ts",
        "reformat-changelog": "tsx ./extra/reformat-changelog.ts",
        "reset-password": "tsx ./extra/reset-password.ts"
    },
    "dependencies": {
        "@homebridge/node-pty-prebuilt-multiarch": "0.11.14",
        "@inventage/envsubst": "^0.16.0",
        "@louislam/sqlite3": "~15.1.6",
        "bcryptjs": "~2.4.3",
        "check-password-strength": "~2.0.10",
        "command-exists": "~1.2.9",
        "compare-versions": "~6.1.1",
        "composerize": "~1.7.1",
        "croner": "~8.1.2",
        "dayjs": "~1.11.13",
        "dotenv": "~16.3.2",
        "express": "~4.21.2",
        "express-static-gzip": "~2.1.8",
        "http-graceful-shutdown": "~3.1.14",
        "jsonwebtoken": "~9.0.2",
        "jwt-decode": "~3.1.2",
        "knex": "~2.5.1",
        "limiter-es6-compat": "~2.1.2",
        "mysql2": "~3.12.0",
        "promisify-child-process": "~4.1.2",
        "redbean-node": "~0.3.3",
        "semver": "^7.7.1",
        "socket.io": "~4.8.1",
        "socket.io-client": "~4.8.1",
        "timezones-list": "~3.0.3",
        "ts-command-line-args": "~2.5.1",
        "tsx": "~4.19.3",
        "type-fest": "~4.3.3",
        "yaml": "~2.3.4"
    },
    "devDependencies": {
        "@actions/github": "^6.0.0",
        "@fontsource/jetbrains-mono": "^5.2.5",
        "@fortawesome/fontawesome-svg-core": "6.4.2",
        "@fortawesome/free-regular-svg-icons": "6.4.2",
        "@fortawesome/free-solid-svg-icons": "6.4.2",
        "@fortawesome/vue-fontawesome": "3.0.3",
        "@types/bcryptjs": "^2.4.6",
        "@types/bootstrap": "~5.2.10",
        "@types/command-exists": "~1.2.3",
        "@types/express": "~4.17.21",
        "@types/jsonwebtoken": "~9.0.9",
        "@types/semver": "^7.7.0",
        "@typescript-eslint/eslint-plugin": "~6.8.0",
        "@typescript-eslint/parser": "~6.8.0",
        "@vitejs/plugin-vue": "~5.2.3",
        "@xterm/addon-fit": "beta",
        "@xterm/xterm": "beta",
        "bootstrap": "5.3.2",
        "bootstrap-vue-next": "~0.14.10",
        "concurrently": "^8.2.2",
        "cross-env": "~7.0.3",
        "eslint": "~8.50.0",
        "eslint-plugin-jsdoc": "~46.8.2",
        "eslint-plugin-vue": "~9.32.0",
        "prismjs": "~1.30.0",
        "sass": "~1.68.0",
        "typescript": "~5.2.2",
        "unplugin-vue-components": "~0.25.2",
        "vite": "~5.4.15",
        "vite-plugin-compression": "~0.5.1",
        "vue": "~3.5.13",
        "vue-eslint-parser": "~9.3.2",
        "vue-i18n": "~10.0.6",
        "vue-prism-editor": "2.0.0-alpha.2",
        "vue-qrcode": "~2.2.2",
        "vue-router": "~4.5.0",
        "vue-toastification": "2.0.0-rc.5",
        "wait-on": "^7.2.0",
        "xterm-addon-web-links": "~0.9.0"
    }
}

18:55:56 | INFO | ðŸ¤– model: 


--- STREAM COMPLETE (Callback Triggered) ---
Final Prompt Tokens: 4852
Final Completion Tokens: 91
Final Total Tokens: 4943
Total Stream Cost: $0.004246
------------------------------------------

ðŸ“ž Function called: project_read_file_content with path:  package.json
The key observation is the project uses Node.js version 22.14.0+, which is quite recent. The build timeout might be related to npm dependency fetching.

Here's an updated derivation addressing potential dependency fetching issues:

```nix
{ lib
, stdenv
, fetchFromGitHub
, nodejs
, npmHooks
}:
stdenv.mkDerivation rec {
  pname = "dockge";
  version = "1.5.0";

  src = fetchFromGitHub {
    owner = "louislam";
    repo = "dockge";
    rev = "${version}";
    hash = "sha256-hk0d+q/uaYi9WGA6o6Jsmlq+yfuVh14JmX5cYtCZixM=";
  };

  npmDeps = stdenv.mkDerivation {
    name = "${pname}-npm-deps-${version}";
    inherit src;

    nativeBuildInputs = [
      nodejs
    ];

    buildPhase = ''
      # Use package-lock.json for exact dependency resolution
      # Increase timeout and network retry settings
      HOME=$TMPDIR npm ci --prefer-offline --no-audit \
        --maxsockets 8 \
        --fetch-timeout 600000 \
        --network-timeout 600000
    '';

    installPhase = ''
      mkdir -p $out
      npm pack
      mv *.tgz $out/
    '';

    outputHashMode = "recursive";
    outputHashAlgo = "sha256";
    outputHash = lib.fakeHash;
  };

  nativeBuildInputs = [
    nodejs
    npmHooks.npmInstallHook
  ];

  buildPhase = ''
    runHook preBuild

    # Use package-lock.json and increase max old space size and timeouts
    HOME=$TMPDIR NODE_OPTIONS=--max_old_space_size=4096 npm ci --prefer-offline --no-audit \
      --maxsockets 8 \
      --fetch-timeout 600000 \
      --network-timeout 600000
    npm run build:frontend
    find dist -type f \( -name '*.cjs' -or -name '*.cts' -or -name '*.ts' \) -delete

    runHook postBuild
  '';
}
```

Key changes:
1. Added `--maxsockets 8` to control concurrent npm downloads
2. Added `--fetch-timeout 600000` and `--network-timeout 600000` to increase network timeouts (600 seconds)
3. Kept the same approach for dependency resolution with `npm ci`
4. Maintained `lib.fakeHash` for the `npmDeps` derivation

These modifications should help address potential network or timeout issues during dependency fetching. The additional npm flags provide more control over the download and installation process.

If this doesn't resolve the issue, we might need to investigate further by examining the full build logs or checking specific network-related configuration.18:56:10 | INFO | â³ Iteration 9: Testing fix attempt 9 of 40...
18:56:10 | INFO | Building derivation outputs: /nix/store/0djl6dcd6hxxvdmhr21v3scqs5885m73-source.drv^*
18:56:11 | INFO | Building derivation outputs: /nix/store/p571nb75yd0zha3jmryj8a2sy7z0qwqq-dockge-1.5.0.drv^*
